[ 2017-05-27T08:29:17+08:00 ] 14.111.61.79 /index.php?m=Home&c=IndexPage&a=indexLoad
INFO: [ app_init ] --START--
INFO: Run Behavior\BuildLiteBehavior [ RunTime:0.000000s ]
INFO: [ app_init ] --END-- [ RunTime:0.007000s ]
INFO: [ app_begin ] --START--
INFO: Run Behavior\ReadHtmlCacheBehavior [ RunTime:0.013001s ]
INFO: [ app_begin ] --END-- [ RunTime:0.013001s ]
SQL: SHOW COLUMNS FROM `yb_indexnew` [ RunTime:0.0460s ]
SQL: SELECT * FROM `yb_indexnew` ORDER BY time desc LIMIT 5   [ RunTime:0.0000s ]
SQL: SHOW COLUMNS FROM `yb_articlist` [ RunTime:0.0180s ]
SQL: SELECT * FROM `yb_articlist`  [ RunTime:0.0000s ]
SQL: SHOW COLUMNS FROM `yb_mymessage` [ RunTime:0.0160s ]
SQL: SELECT * FROM `yb_mymessage`  [ RunTime:0.0010s ]
NOTIC: [8] Use of undefined constant index - assumed 'index' D:\freehost\ngxz92\web\Application\Home\Controller\IndexPageController.class.php 第 20 行.
INFO: [ view_parse ] --START--
INFO: [ template_filter ] --START--
INFO: Run Behavior\ContentReplaceBehavior [ RunTime:0.000000s ]
INFO: [ template_filter ] --END-- [ RunTime:0.000000s ]
INFO: Run Behavior\ParseTemplateBehavior [ RunTime:0.060003s ]
INFO: [ view_parse ] --END-- [ RunTime:0.060003s ]
INFO: [ view_filter ] --START--
INFO: Run Behavior\WriteHtmlCacheBehavior [ RunTime:0.011001s ]
INFO: [ view_filter ] --END-- [ RunTime:0.011001s ]
INFO: [ app_end ] --START--
INFO: Run Behavior\ShowPageTraceBehavior [ RunTime:0.022001s ]
INFO: [ app_end ] --END-- [ RunTime:0.022001s ]

[ 2017-05-27T08:29:30+08:00 ] 14.111.61.79 /index.php/Home/MessagePage/message
INFO: [ app_init ] --START--
INFO: Run Behavior\BuildLiteBehavior [ RunTime:0.000000s ]
INFO: [ app_init ] --END-- [ RunTime:0.001001s ]
INFO: [ app_begin ] --START--
INFO: Run Behavior\ReadHtmlCacheBehavior [ RunTime:0.001000s ]
INFO: [ app_begin ] --END-- [ RunTime:0.001000s ]
INFO: [ view_parse ] --START--
INFO: [ template_filter ] --START--
INFO: Run Behavior\ContentReplaceBehavior [ RunTime:0.000000s ]
INFO: [ template_filter ] --END-- [ RunTime:0.000000s ]
NOTIC: [8] Undefined variable: page D:\freehost\ngxz92\web\Application\Runtime\Cache\Home\547288f37bb8311e0073038b1f97e809.php 第 17 行.
NOTIC: [8] Undefined variable: page D:\freehost\ngxz92\web\Application\Runtime\Cache\Home\547288f37bb8311e0073038b1f97e809.php 第 19 行.
NOTIC: [8] Undefined variable: page D:\freehost\ngxz92\web\Application\Runtime\Cache\Home\547288f37bb8311e0073038b1f97e809.php 第 86 行.
NOTIC: [8] Undefined variable: page D:\freehost\ngxz92\web\Application\Runtime\Cache\Home\547288f37bb8311e0073038b1f97e809.php 第 90 行.
NOTIC: [8] Undefined variable: page D:\freehost\ngxz92\web\Application\Runtime\Cache\Home\547288f37bb8311e0073038b1f97e809.php 第 91 行.
NOTIC: [8] Undefined variable: page D:\freehost\ngxz92\web\Application\Runtime\Cache\Home\547288f37bb8311e0073038b1f97e809.php 第 92 行.
NOTIC: [8] Undefined variable: page D:\freehost\ngxz92\web\Application\Runtime\Cache\Home\547288f37bb8311e0073038b1f97e809.php 第 93 行.
NOTIC: [8] Undefined variable: page D:\freehost\ngxz92\web\Application\Runtime\Cache\Home\547288f37bb8311e0073038b1f97e809.php 第 94 行.
NOTIC: [8] Undefined variable: page D:\freehost\ngxz92\web\Application\Runtime\Cache\Home\547288f37bb8311e0073038b1f97e809.php 第 96 行.
INFO: Run Behavior\ParseTemplateBehavior [ RunTime:0.010000s ]
INFO: [ view_parse ] --END-- [ RunTime:0.010000s ]
INFO: [ view_filter ] --START--
INFO: Run Behavior\WriteHtmlCacheBehavior [ RunTime:0.000000s ]
INFO: [ view_filter ] --END-- [ RunTime:0.000000s ]
INFO: [ app_end ] --START--
INFO: Run Behavior\ShowPageTraceBehavior [ RunTime:0.001000s ]
INFO: [ app_end ] --END-- [ RunTime:0.001000s ]

[ 2017-05-27T08:29:32+08:00 ] 14.111.61.79 /index.php/Home/WebPage/webLoad
INFO: [ app_init ] --START--
INFO: Run Behavior\BuildLiteBehavior [ RunTime:0.000000s ]
INFO: [ app_init ] --END-- [ RunTime:0.000000s ]
INFO: [ app_begin ] --START--
INFO: Run Behavior\ReadHtmlCacheBehavior [ RunTime:0.000000s ]
INFO: [ app_begin ] --END-- [ RunTime:0.000000s ]
NOTIC: [8] Use of undefined constant web - assumed 'web' D:\freehost\ngxz92\web\Application\Home\Controller\WebPageController.class.php 第 15 行.
INFO: [ view_parse ] --START--
INFO: [ template_filter ] --START--
INFO: Run Behavior\ContentReplaceBehavior [ RunTime:0.000000s ]
INFO: [ template_filter ] --END-- [ RunTime:0.000000s ]
INFO: Run Behavior\ParseTemplateBehavior [ RunTime:0.014001s ]
INFO: [ view_parse ] --END-- [ RunTime:0.014001s ]
INFO: [ view_filter ] --START--
INFO: Run Behavior\WriteHtmlCacheBehavior [ RunTime:0.000000s ]
INFO: [ view_filter ] --END-- [ RunTime:0.000000s ]
INFO: [ app_end ] --START--
INFO: Run Behavior\ShowPageTraceBehavior [ RunTime:0.001000s ]
INFO: [ app_end ] --END-- [ RunTime:0.001000s ]

[ 2017-05-27T08:29:37+08:00 ] 14.111.61.79 /index.php/Home/PhpPage/phpLoad
INFO: [ app_init ] --START--
INFO: Run Behavior\BuildLiteBehavior [ RunTime:0.000000s ]
INFO: [ app_init ] --END-- [ RunTime:0.000000s ]
INFO: [ app_begin ] --START--
INFO: Run Behavior\ReadHtmlCacheBehavior [ RunTime:0.001000s ]
INFO: [ app_begin ] --END-- [ RunTime:0.001000s ]
NOTIC: [8] Use of undefined constant php - assumed 'php' D:\freehost\ngxz92\web\Application\Home\Controller\PhpPageController.class.php 第 15 行.
INFO: [ view_parse ] --START--
INFO: [ template_filter ] --START--
INFO: Run Behavior\ContentReplaceBehavior [ RunTime:0.000000s ]
INFO: [ template_filter ] --END-- [ RunTime:0.000000s ]
INFO: Run Behavior\ParseTemplateBehavior [ RunTime:0.015001s ]
INFO: [ view_parse ] --END-- [ RunTime:0.015001s ]
INFO: [ view_filter ] --START--
INFO: Run Behavior\WriteHtmlCacheBehavior [ RunTime:0.000000s ]
INFO: [ view_filter ] --END-- [ RunTime:0.000000s ]
INFO: [ app_end ] --START--
INFO: Run Behavior\ShowPageTraceBehavior [ RunTime:0.000000s ]
INFO: [ app_end ] --END-- [ RunTime:0.000000s ]

[ 2017-05-27T08:29:38+08:00 ] 14.111.61.79 /index.php/Home/BoardPage/boardLoad
INFO: [ app_init ] --START--
INFO: Run Behavior\BuildLiteBehavior [ RunTime:0.000000s ]
INFO: [ app_init ] --END-- [ RunTime:0.000000s ]
INFO: [ app_begin ] --START--
INFO: Run Behavior\ReadHtmlCacheBehavior [ RunTime:0.001000s ]
INFO: [ app_begin ] --END-- [ RunTime:0.001000s ]
SQL: SHOW COLUMNS FROM `yb_board` [ RunTime:0.0210s ]
SQL: SELECT * FROM `yb_board` LIMIT 0,10   [ RunTime:0.0000s ]
SQL: SHOW COLUMNS FROM `yb_board` [ RunTime:0.0020s ]
SQL: SELECT COUNT(*) AS tp_count FROM `yb_board` LIMIT 1   [ RunTime:0.0000s ]
NOTIC: [8] Use of undefined constant board - assumed 'board' D:\freehost\ngxz92\web\Application\Home\Controller\BoardPageController.class.php 第 19 行.
INFO: [ view_parse ] --START--
INFO: [ template_filter ] --START--
INFO: Run Behavior\ContentReplaceBehavior [ RunTime:0.000000s ]
INFO: [ template_filter ] --END-- [ RunTime:0.000000s ]
NOTIC: [8] Undefined variable: page D:\freehost\ngxz92\web\Application\Runtime\Cache\Home\be0008737bcc43469fe31b33d61fbd2d.php 第 23 行.
NOTIC: [8] Undefined variable: page D:\freehost\ngxz92\web\Application\Runtime\Cache\Home\be0008737bcc43469fe31b33d61fbd2d.php 第 25 行.
INFO: Run Behavior\ParseTemplateBehavior [ RunTime:0.011001s ]
INFO: [ view_parse ] --END-- [ RunTime:0.011001s ]
INFO: [ view_filter ] --START--
INFO: Run Behavior\WriteHtmlCacheBehavior [ RunTime:0.000000s ]
INFO: [ view_filter ] --END-- [ RunTime:0.000000s ]
INFO: [ app_end ] --START--
INFO: Run Behavior\ShowPageTraceBehavior [ RunTime:0.000000s ]
INFO: [ app_end ] --END-- [ RunTime:0.000000s ]

[ 2017-05-27T08:29:48+08:00 ] 14.111.61.79 /index.php/Home/IndexPage/indexLoad
INFO: [ app_init ] --START--
INFO: Run Behavior\BuildLiteBehavior [ RunTime:0.000000s ]
INFO: [ app_init ] --END-- [ RunTime:0.001000s ]
INFO: [ app_begin ] --START--
INFO: Run Behavior\ReadHtmlCacheBehavior [ RunTime:0.000000s ]
INFO: [ app_begin ] --END-- [ RunTime:0.000000s ]
SQL: SHOW COLUMNS FROM `yb_indexnew` [ RunTime:0.0020s ]
SQL: SELECT * FROM `yb_indexnew` ORDER BY time desc LIMIT 5   [ RunTime:0.0000s ]
SQL: SHOW COLUMNS FROM `yb_articlist` [ RunTime:0.0010s ]
SQL: SELECT * FROM `yb_articlist`  [ RunTime:0.0000s ]
SQL: SHOW COLUMNS FROM `yb_mymessage` [ RunTime:0.0010s ]
SQL: SELECT * FROM `yb_mymessage`  [ RunTime:0.0000s ]
NOTIC: [8] Use of undefined constant index - assumed 'index' D:\freehost\ngxz92\web\Application\Home\Controller\IndexPageController.class.php 第 20 行.
INFO: [ view_parse ] --START--
INFO: [ template_filter ] --START--
INFO: Run Behavior\ContentReplaceBehavior [ RunTime:0.000000s ]
INFO: [ template_filter ] --END-- [ RunTime:0.000000s ]
INFO: Run Behavior\ParseTemplateBehavior [ RunTime:0.007000s ]
INFO: [ view_parse ] --END-- [ RunTime:0.007000s ]
INFO: [ view_filter ] --START--
INFO: Run Behavior\WriteHtmlCacheBehavior [ RunTime:0.000000s ]
INFO: [ view_filter ] --END-- [ RunTime:0.000000s ]
INFO: [ app_end ] --START--
INFO: Run Behavior\ShowPageTraceBehavior [ RunTime:0.000000s ]
INFO: [ app_end ] --END-- [ RunTime:0.000000s ]

[ 2017-05-27T08:29:50+08:00 ] 14.111.61.79 /index.php/Home/IndexPage/indexLoad
INFO: [ app_init ] --START--
INFO: Run Behavior\BuildLiteBehavior [ RunTime:0.000000s ]
INFO: [ app_init ] --END-- [ RunTime:0.001000s ]
INFO: [ app_begin ] --START--
INFO: Run Behavior\ReadHtmlCacheBehavior [ RunTime:0.000000s ]
INFO: [ app_begin ] --END-- [ RunTime:0.000000s ]
SQL: SHOW COLUMNS FROM `yb_indexnew` [ RunTime:0.0010s ]
SQL: SELECT * FROM `yb_indexnew` ORDER BY time desc LIMIT 5   [ RunTime:0.0310s ]
SQL: SHOW COLUMNS FROM `yb_articlist` [ RunTime:0.0020s ]
SQL: SELECT * FROM `yb_articlist`  [ RunTime:0.0000s ]
SQL: SHOW COLUMNS FROM `yb_mymessage` [ RunTime:0.0010s ]
SQL: SELECT * FROM `yb_mymessage`  [ RunTime:0.0000s ]
NOTIC: [8] Use of undefined constant index - assumed 'index' D:\freehost\ngxz92\web\Application\Home\Controller\IndexPageController.class.php 第 20 行.
INFO: [ view_parse ] --START--
INFO: [ template_filter ] --START--
INFO: Run Behavior\ContentReplaceBehavior [ RunTime:0.001000s ]
INFO: [ template_filter ] --END-- [ RunTime:0.001000s ]
INFO: Run Behavior\ParseTemplateBehavior [ RunTime:0.006001s ]
INFO: [ view_parse ] --END-- [ RunTime:0.006001s ]
INFO: [ view_filter ] --START--
INFO: Run Behavior\WriteHtmlCacheBehavior [ RunTime:0.001000s ]
INFO: [ view_filter ] --END-- [ RunTime:0.001000s ]
INFO: [ app_end ] --START--
INFO: Run Behavior\ShowPageTraceBehavior [ RunTime:0.000000s ]
INFO: [ app_end ] --END-- [ RunTime:0.000000s ]

[ 2017-05-27T12:01:27+08:00 ] 109.169.29.30 /index.php?m=Home&c=IndexPage&a=indexLoad
INFO: [ app_init ] --START--
INFO: Run Behavior\BuildLiteBehavior [ RunTime:0.000000s ]
INFO: [ app_init ] --END-- [ RunTime:0.007000s ]
INFO: [ app_begin ] --START--
INFO: Run Behavior\ReadHtmlCacheBehavior [ RunTime:0.014001s ]
INFO: [ app_begin ] --END-- [ RunTime:0.015001s ]
SQL: SHOW COLUMNS FROM `yb_indexnew` [ RunTime:0.0300s ]
SQL: SELECT * FROM `yb_indexnew` ORDER BY time desc LIMIT 5   [ RunTime:0.0000s ]
SQL: SHOW COLUMNS FROM `yb_articlist` [ RunTime:0.0120s ]
SQL: SELECT * FROM `yb_articlist`  [ RunTime:0.0000s ]
SQL: SHOW COLUMNS FROM `yb_mymessage` [ RunTime:0.0170s ]
SQL: SELECT * FROM `yb_mymessage`  [ RunTime:0.0000s ]
NOTIC: [8] Use of undefined constant index - assumed 'index' D:\freehost\ngxz92\web\Application\Home\Controller\IndexPageController.class.php 第 20 行.
INFO: [ view_parse ] --START--
INFO: [ template_filter ] --START--
INFO: Run Behavior\ContentReplaceBehavior [ RunTime:0.000000s ]
INFO: [ template_filter ] --END-- [ RunTime:0.000000s ]
INFO: Run Behavior\ParseTemplateBehavior [ RunTime:0.050002s ]
INFO: [ view_parse ] --END-- [ RunTime:0.050002s ]
INFO: [ view_filter ] --START--
INFO: Run Behavior\WriteHtmlCacheBehavior [ RunTime:0.008001s ]
INFO: [ view_filter ] --END-- [ RunTime:0.008001s ]
INFO: [ app_end ] --START--
INFO: Run Behavior\ShowPageTraceBehavior [ RunTime:0.009000s ]
INFO: [ app_end ] --END-- [ RunTime:0.009000s ]

[ 2017-05-27T12:01:37+08:00 ] 109.169.29.30 /index.php/Home/IndexPage/indexLoad
INFO: [ app_init ] --START--
INFO: Run Behavior\BuildLiteBehavior [ RunTime:0.000000s ]
INFO: [ app_init ] --END-- [ RunTime:0.000000s ]
INFO: [ app_begin ] --START--
INFO: Run Behavior\ReadHtmlCacheBehavior [ RunTime:0.000000s ]
INFO: [ app_begin ] --END-- [ RunTime:0.000000s ]
SQL: SHOW COLUMNS FROM `yb_indexnew` [ RunTime:0.0020s ]
SQL: SELECT * FROM `yb_indexnew` ORDER BY time desc LIMIT 5   [ RunTime:0.0000s ]
SQL: SHOW COLUMNS FROM `yb_articlist` [ RunTime:0.0010s ]
SQL: SELECT * FROM `yb_articlist`  [ RunTime:0.0010s ]
SQL: SHOW COLUMNS FROM `yb_mymessage` [ RunTime:0.0010s ]
SQL: SELECT * FROM `yb_mymessage`  [ RunTime:0.0000s ]
NOTIC: [8] Use of undefined constant index - assumed 'index' D:\freehost\ngxz92\web\Application\Home\Controller\IndexPageController.class.php 第 20 行.
INFO: [ view_parse ] --START--
INFO: [ template_filter ] --START--
INFO: Run Behavior\ContentReplaceBehavior [ RunTime:0.000000s ]
INFO: [ template_filter ] --END-- [ RunTime:0.000000s ]
INFO: Run Behavior\ParseTemplateBehavior [ RunTime:0.007001s ]
INFO: [ view_parse ] --END-- [ RunTime:0.007001s ]
INFO: [ view_filter ] --START--
INFO: Run Behavior\WriteHtmlCacheBehavior [ RunTime:0.000000s ]
INFO: [ view_filter ] --END-- [ RunTime:0.000000s ]
INFO: [ app_end ] --START--
INFO: Run Behavior\ShowPageTraceBehavior [ RunTime:0.001000s ]
INFO: [ app_end ] --END-- [ RunTime:0.001000s ]

[ 2017-05-27T12:01:40+08:00 ] 109.169.29.30 /index.php/Home/BoardPage/boardLoad
INFO: [ app_init ] --START--
INFO: Run Behavior\BuildLiteBehavior [ RunTime:0.000000s ]
INFO: [ app_init ] --END-- [ RunTime:0.000000s ]
INFO: [ app_begin ] --START--
INFO: Run Behavior\ReadHtmlCacheBehavior [ RunTime:0.000000s ]
INFO: [ app_begin ] --END-- [ RunTime:0.001000s ]
SQL: SHOW COLUMNS FROM `yb_board` [ RunTime:0.0210s ]
SQL: SELECT * FROM `yb_board` LIMIT 0,10   [ RunTime:0.0000s ]
SQL: SHOW COLUMNS FROM `yb_board` [ RunTime:0.0010s ]
SQL: SELECT COUNT(*) AS tp_count FROM `yb_board` LIMIT 1   [ RunTime:0.0000s ]
NOTIC: [8] Use of undefined constant board - assumed 'board' D:\freehost\ngxz92\web\Application\Home\Controller\BoardPageController.class.php 第 19 行.
INFO: [ view_parse ] --START--
INFO: [ template_filter ] --START--
INFO: Run Behavior\ContentReplaceBehavior [ RunTime:0.000000s ]
INFO: [ template_filter ] --END-- [ RunTime:0.000000s ]
NOTIC: [8] Undefined variable: page D:\freehost\ngxz92\web\Application\Runtime\Cache\Home\be0008737bcc43469fe31b33d61fbd2d.php 第 23 行.
NOTIC: [8] Undefined variable: page D:\freehost\ngxz92\web\Application\Runtime\Cache\Home\be0008737bcc43469fe31b33d61fbd2d.php 第 25 行.
INFO: Run Behavior\ParseTemplateBehavior [ RunTime:0.017001s ]
INFO: [ view_parse ] --END-- [ RunTime:0.017001s ]
INFO: [ view_filter ] --START--
INFO: Run Behavior\WriteHtmlCacheBehavior [ RunTime:0.000000s ]
INFO: [ view_filter ] --END-- [ RunTime:0.000000s ]
INFO: [ app_end ] --START--
INFO: Run Behavior\ShowPageTraceBehavior [ RunTime:0.000000s ]
INFO: [ app_end ] --END-- [ RunTime:0.000000s ]

[ 2017-05-27T13:38:05+08:00 ] 42.236.10.114 /index.php?m=Home&c=IndexPage&a=indexLoad
INFO: [ app_init ] --START--
INFO: Run Behavior\BuildLiteBehavior [ RunTime:0.000000s ]
INFO: [ app_init ] --END-- [ RunTime:0.033002s ]
INFO: [ app_begin ] --START--
INFO: Run Behavior\ReadHtmlCacheBehavior [ RunTime:0.013001s ]
INFO: [ app_begin ] --END-- [ RunTime:0.013001s ]
SQL: SHOW COLUMNS FROM `yb_indexnew` [ RunTime:0.0160s ]
SQL: SELECT * FROM `yb_indexnew` ORDER BY time desc LIMIT 5   [ RunTime:0.0110s ]
SQL: SHOW COLUMNS FROM `yb_articlist` [ RunTime:0.0020s ]
SQL: SELECT * FROM `yb_articlist`  [ RunTime:0.0000s ]
SQL: SHOW COLUMNS FROM `yb_mymessage` [ RunTime:0.0190s ]
SQL: SELECT * FROM `yb_mymessage`  [ RunTime:0.0010s ]
NOTIC: [8] Use of undefined constant index - assumed 'index' D:\freehost\ngxz92\web\Application\Home\Controller\IndexPageController.class.php 第 20 行.
INFO: [ view_parse ] --START--
INFO: [ template_filter ] --START--
INFO: Run Behavior\ContentReplaceBehavior [ RunTime:0.000000s ]
INFO: [ template_filter ] --END-- [ RunTime:0.000000s ]
INFO: Run Behavior\ParseTemplateBehavior [ RunTime:0.050003s ]
INFO: [ view_parse ] --END-- [ RunTime:0.050003s ]
INFO: [ view_filter ] --START--
INFO: Run Behavior\WriteHtmlCacheBehavior [ RunTime:0.016001s ]
INFO: [ view_filter ] --END-- [ RunTime:0.016001s ]
INFO: [ app_end ] --START--
INFO: Run Behavior\ShowPageTraceBehavior [ RunTime:0.017001s ]
INFO: [ app_end ] --END-- [ RunTime:0.017001s ]

