[ 2017-07-08T00:24:13+08:00 ] 66.249.71.66 /index.php/Home/ArticleContent/article_content/id/11
INFO: [ app_init ] --START--
INFO: Run Behavior\BuildLiteBehavior [ RunTime:0.000000s ]
INFO: [ app_init ] --END-- [ RunTime:0.006000s ]
INFO: [ app_begin ] --START--
INFO: Run Behavior\ReadHtmlCacheBehavior [ RunTime:0.015001s ]
INFO: [ app_begin ] --END-- [ RunTime:0.015001s ]
SQL: SHOW COLUMNS FROM `yb_article` [ RunTime:0.0120s ]
SQL: SELECT * FROM `yb_article` WHERE ( id = '11' )  [ RunTime:0.0000s ]
NOTIC: [8] Use of undefined constant article_content - assumed 'article_content' D:\freehost\ngxz92\web\Application\Home\Controller\ArticleContentController.class.php 第 18 行.
INFO: [ view_parse ] --START--
INFO: [ template_filter ] --START--
INFO: Run Behavior\ContentReplaceBehavior [ RunTime:0.001000s ]
INFO: [ template_filter ] --END-- [ RunTime:0.001000s ]
INFO: Run Behavior\ParseTemplateBehavior [ RunTime:0.055003s ]
INFO: [ view_parse ] --END-- [ RunTime:0.055003s ]
INFO: [ view_filter ] --START--
INFO: Run Behavior\WriteHtmlCacheBehavior [ RunTime:0.008000s ]
INFO: [ view_filter ] --END-- [ RunTime:0.008000s ]
INFO: [ app_end ] --START--
INFO: Run Behavior\ShowPageTraceBehavior [ RunTime:0.009001s ]
INFO: [ app_end ] --END-- [ RunTime:0.009001s ]

[ 2017-07-08T05:49:00+08:00 ] 66.249.66.209 /index.php/Home/ArticleContent/article_content/id/2
INFO: [ app_init ] --START--
INFO: Run Behavior\BuildLiteBehavior [ RunTime:0.000000s ]
INFO: [ app_init ] --END-- [ RunTime:0.007001s ]
INFO: [ app_begin ] --START--
INFO: Run Behavior\ReadHtmlCacheBehavior [ RunTime:0.014000s ]
INFO: [ app_begin ] --END-- [ RunTime:0.014000s ]
SQL: SHOW COLUMNS FROM `yb_article` [ RunTime:0.0400s ]
SQL: SELECT * FROM `yb_article` WHERE ( id = '2' )  [ RunTime:0.0170s ]
NOTIC: [8] Use of undefined constant article_content - assumed 'article_content' D:\freehost\ngxz92\web\Application\Home\Controller\ArticleContentController.class.php 第 18 行.
INFO: [ view_parse ] --START--
INFO: [ template_filter ] --START--
INFO: Run Behavior\ContentReplaceBehavior [ RunTime:0.000000s ]
INFO: [ template_filter ] --END-- [ RunTime:0.000000s ]
INFO: Run Behavior\ParseTemplateBehavior [ RunTime:0.049003s ]
INFO: [ view_parse ] --END-- [ RunTime:0.050003s ]
INFO: [ view_filter ] --START--
INFO: Run Behavior\WriteHtmlCacheBehavior [ RunTime:0.007000s ]
INFO: [ view_filter ] --END-- [ RunTime:0.007000s ]
INFO: [ app_end ] --START--
INFO: Run Behavior\ShowPageTraceBehavior [ RunTime:0.010001s ]
INFO: [ app_end ] --END-- [ RunTime:0.010001s ]

[ 2017-07-08T05:52:46+08:00 ] 66.249.66.209 /index.php/Home/ArticleContent/article_content/id/3
INFO: [ app_init ] --START--
INFO: Run Behavior\BuildLiteBehavior [ RunTime:0.000000s ]
INFO: [ app_init ] --END-- [ RunTime:0.000000s ]
INFO: [ app_begin ] --START--
INFO: Run Behavior\ReadHtmlCacheBehavior [ RunTime:0.000000s ]
INFO: [ app_begin ] --END-- [ RunTime:0.000000s ]
SQL: SHOW COLUMNS FROM `yb_article` [ RunTime:0.0020s ]
SQL: SELECT * FROM `yb_article` WHERE ( id = '3' )  [ RunTime:0.0000s ]
NOTIC: [8] Use of undefined constant article_content - assumed 'article_content' D:\freehost\ngxz92\web\Application\Home\Controller\ArticleContentController.class.php 第 18 行.
INFO: [ view_parse ] --START--
INFO: [ template_filter ] --START--
INFO: Run Behavior\ContentReplaceBehavior [ RunTime:0.000000s ]
INFO: [ template_filter ] --END-- [ RunTime:0.001000s ]
INFO: Run Behavior\ParseTemplateBehavior [ RunTime:0.004001s ]
INFO: [ view_parse ] --END-- [ RunTime:0.004001s ]
INFO: [ view_filter ] --START--
INFO: Run Behavior\WriteHtmlCacheBehavior [ RunTime:0.000000s ]
INFO: [ view_filter ] --END-- [ RunTime:0.000000s ]
INFO: [ app_end ] --START--
INFO: Run Behavior\ShowPageTraceBehavior [ RunTime:0.000000s ]
INFO: [ app_end ] --END-- [ RunTime:0.000000s ]

[ 2017-07-08T05:56:33+08:00 ] 66.249.66.209 /index.php/Home/ArticleContent/article_content/id/10
INFO: [ app_init ] --START--
INFO: Run Behavior\BuildLiteBehavior [ RunTime:0.000000s ]
INFO: [ app_init ] --END-- [ RunTime:0.000000s ]
INFO: [ app_begin ] --START--
INFO: Run Behavior\ReadHtmlCacheBehavior [ RunTime:0.000000s ]
INFO: [ app_begin ] --END-- [ RunTime:0.000000s ]
SQL: SHOW COLUMNS FROM `yb_article` [ RunTime:0.0010s ]
SQL: SELECT * FROM `yb_article` WHERE ( id = '10' )  [ RunTime:0.0010s ]
NOTIC: [8] Use of undefined constant article_content - assumed 'article_content' D:\freehost\ngxz92\web\Application\Home\Controller\ArticleContentController.class.php 第 18 行.
INFO: [ view_parse ] --START--
INFO: [ template_filter ] --START--
INFO: Run Behavior\ContentReplaceBehavior [ RunTime:0.000000s ]
INFO: [ template_filter ] --END-- [ RunTime:0.000000s ]
INFO: Run Behavior\ParseTemplateBehavior [ RunTime:0.004000s ]
INFO: [ view_parse ] --END-- [ RunTime:0.004000s ]
INFO: [ view_filter ] --START--
INFO: Run Behavior\WriteHtmlCacheBehavior [ RunTime:0.000000s ]
INFO: [ view_filter ] --END-- [ RunTime:0.001000s ]
INFO: [ app_end ] --START--
INFO: Run Behavior\ShowPageTraceBehavior [ RunTime:0.000000s ]
INFO: [ app_end ] --END-- [ RunTime:0.000000s ]

[ 2017-07-08T06:04:08+08:00 ] 66.249.66.207 /index.php/Home/ArticleContent/article_content/id/9
INFO: [ app_init ] --START--
INFO: Run Behavior\BuildLiteBehavior [ RunTime:0.000000s ]
INFO: [ app_init ] --END-- [ RunTime:0.000000s ]
INFO: [ app_begin ] --START--
INFO: Run Behavior\ReadHtmlCacheBehavior [ RunTime:0.001001s ]
INFO: [ app_begin ] --END-- [ RunTime:0.001001s ]
SQL: SHOW COLUMNS FROM `yb_article` [ RunTime:0.0160s ]
SQL: SELECT * FROM `yb_article` WHERE ( id = '9' )  [ RunTime:0.0000s ]
NOTIC: [8] Use of undefined constant article_content - assumed 'article_content' D:\freehost\ngxz92\web\Application\Home\Controller\ArticleContentController.class.php 第 18 行.
INFO: [ view_parse ] --START--
INFO: [ template_filter ] --START--
INFO: Run Behavior\ContentReplaceBehavior [ RunTime:0.000000s ]
INFO: [ template_filter ] --END-- [ RunTime:0.000000s ]
INFO: Run Behavior\ParseTemplateBehavior [ RunTime:0.011001s ]
INFO: [ view_parse ] --END-- [ RunTime:0.011001s ]
INFO: [ view_filter ] --START--
INFO: Run Behavior\WriteHtmlCacheBehavior [ RunTime:0.001000s ]
INFO: [ view_filter ] --END-- [ RunTime:0.001000s ]
INFO: [ app_end ] --START--
INFO: Run Behavior\ShowPageTraceBehavior [ RunTime:0.000000s ]
INFO: [ app_end ] --END-- [ RunTime:0.000000s ]

[ 2017-07-08T06:07:54+08:00 ] 66.249.66.209 /index.php/Home/ArticleContent/article_content/id/8
INFO: [ app_init ] --START--
INFO: Run Behavior\BuildLiteBehavior [ RunTime:0.000000s ]
INFO: [ app_init ] --END-- [ RunTime:0.000000s ]
INFO: [ app_begin ] --START--
INFO: Run Behavior\ReadHtmlCacheBehavior [ RunTime:0.001000s ]
INFO: [ app_begin ] --END-- [ RunTime:0.001000s ]
SQL: SHOW COLUMNS FROM `yb_article` [ RunTime:0.0020s ]
SQL: SELECT * FROM `yb_article` WHERE ( id = '8' )  [ RunTime:0.0000s ]
NOTIC: [8] Use of undefined constant article_content - assumed 'article_content' D:\freehost\ngxz92\web\Application\Home\Controller\ArticleContentController.class.php 第 18 行.
INFO: [ view_parse ] --START--
INFO: [ template_filter ] --START--
INFO: Run Behavior\ContentReplaceBehavior [ RunTime:0.000000s ]
INFO: [ template_filter ] --END-- [ RunTime:0.000000s ]
INFO: Run Behavior\ParseTemplateBehavior [ RunTime:0.006000s ]
INFO: [ view_parse ] --END-- [ RunTime:0.006000s ]
INFO: [ view_filter ] --START--
INFO: Run Behavior\WriteHtmlCacheBehavior [ RunTime:0.000000s ]
INFO: [ view_filter ] --END-- [ RunTime:0.000000s ]
INFO: [ app_end ] --START--
INFO: Run Behavior\ShowPageTraceBehavior [ RunTime:0.001000s ]
INFO: [ app_end ] --END-- [ RunTime:0.001000s ]

[ 2017-07-08T07:36:33+08:00 ] 123.126.68.134 /index.php
INFO: [ app_init ] --START--
INFO: Run Behavior\BuildLiteBehavior [ RunTime:0.000000s ]
INFO: [ app_init ] --END-- [ RunTime:0.000000s ]
INFO: [ app_begin ] --START--
INFO: Run Behavior\ReadHtmlCacheBehavior [ RunTime:0.000000s ]
INFO: [ app_begin ] --END-- [ RunTime:0.000000s ]
SQL: SHOW COLUMNS FROM `yb_article` [ RunTime:0.0240s ]
SQL: SELECT * FROM `yb_article` WHERE ( channel_id = 1 ) ORDER BY time desc LIMIT 5   [ RunTime:0.0000s ]
SQL: SHOW COLUMNS FROM `yb_article` [ RunTime:0.0010s ]
SQL: SELECT * FROM `yb_article` ORDER BY time desc LIMIT 4   [ RunTime:0.0000s ]
NOTIC: [8] Use of undefined constant index - assumed 'index' D:\freehost\ngxz92\web\Application\Home\Controller\IndexPageController.class.php 第 19 行.
INFO: [ view_parse ] --START--
INFO: [ template_filter ] --START--
INFO: Run Behavior\ContentReplaceBehavior [ RunTime:0.000000s ]
INFO: [ template_filter ] --END-- [ RunTime:0.000000s ]
INFO: Run Behavior\ParseTemplateBehavior [ RunTime:0.018001s ]
INFO: [ view_parse ] --END-- [ RunTime:0.018001s ]
INFO: [ view_filter ] --START--
INFO: Run Behavior\WriteHtmlCacheBehavior [ RunTime:0.000000s ]
INFO: [ view_filter ] --END-- [ RunTime:0.000000s ]
INFO: [ app_end ] --START--
INFO: Run Behavior\ShowPageTraceBehavior [ RunTime:0.001000s ]
INFO: [ app_end ] --END-- [ RunTime:0.001000s ]

[ 2017-07-08T09:21:35+08:00 ] 66.249.66.211 /index.php/Home/ArticleContent/article_content/id/13
INFO: [ app_init ] --START--
INFO: Run Behavior\BuildLiteBehavior [ RunTime:0.000000s ]
INFO: [ app_init ] --END-- [ RunTime:0.000000s ]
INFO: [ app_begin ] --START--
INFO: Run Behavior\ReadHtmlCacheBehavior [ RunTime:0.001001s ]
INFO: [ app_begin ] --END-- [ RunTime:0.001001s ]
SQL: SHOW COLUMNS FROM `yb_article` [ RunTime:0.0020s ]
SQL: SELECT * FROM `yb_article` WHERE ( id = '13' )  [ RunTime:0.0010s ]
NOTIC: [8] Use of undefined constant article_content - assumed 'article_content' D:\freehost\ngxz92\web\Application\Home\Controller\ArticleContentController.class.php 第 18 行.
INFO: [ view_parse ] --START--
INFO: [ template_filter ] --START--
INFO: Run Behavior\ContentReplaceBehavior [ RunTime:0.001000s ]
INFO: [ template_filter ] --END-- [ RunTime:0.001000s ]
INFO: Run Behavior\ParseTemplateBehavior [ RunTime:0.021001s ]
INFO: [ view_parse ] --END-- [ RunTime:0.021001s ]
INFO: [ view_filter ] --START--
INFO: Run Behavior\WriteHtmlCacheBehavior [ RunTime:0.000000s ]
INFO: [ view_filter ] --END-- [ RunTime:0.001000s ]
INFO: [ app_end ] --START--
INFO: Run Behavior\ShowPageTraceBehavior [ RunTime:0.000000s ]
INFO: [ app_end ] --END-- [ RunTime:0.000000s ]

[ 2017-07-08T12:20:44+08:00 ] 14.111.57.165 /index.php
INFO: [ app_init ] --START--
INFO: Run Behavior\BuildLiteBehavior [ RunTime:0.000000s ]
INFO: [ app_init ] --END-- [ RunTime:0.006000s ]
INFO: [ app_begin ] --START--
INFO: Run Behavior\ReadHtmlCacheBehavior [ RunTime:0.015001s ]
INFO: [ app_begin ] --END-- [ RunTime:0.015001s ]
SQL: SHOW COLUMNS FROM `yb_article` [ RunTime:0.0170s ]
SQL: SELECT * FROM `yb_article` WHERE ( channel_id = 1 ) ORDER BY time desc LIMIT 5   [ RunTime:0.0000s ]
SQL: SHOW COLUMNS FROM `yb_article` [ RunTime:0.0030s ]
SQL: SELECT * FROM `yb_article` ORDER BY time desc LIMIT 4   [ RunTime:0.0000s ]
NOTIC: [8] Use of undefined constant index - assumed 'index' D:\freehost\ngxz92\web\Application\Home\Controller\IndexPageController.class.php 第 19 行.
INFO: [ view_parse ] --START--
INFO: [ template_filter ] --START--
INFO: Run Behavior\ContentReplaceBehavior [ RunTime:0.000000s ]
INFO: [ template_filter ] --END-- [ RunTime:0.000000s ]
INFO: Run Behavior\ParseTemplateBehavior [ RunTime:0.046002s ]
INFO: [ view_parse ] --END-- [ RunTime:0.046002s ]
INFO: [ view_filter ] --START--
INFO: Run Behavior\WriteHtmlCacheBehavior [ RunTime:0.007001s ]
INFO: [ view_filter ] --END-- [ RunTime:0.007001s ]
INFO: [ app_end ] --START--
INFO: Run Behavior\ShowPageTraceBehavior [ RunTime:0.009000s ]
INFO: [ app_end ] --END-- [ RunTime:0.009000s ]

[ 2017-07-08T12:21:01+08:00 ] 14.111.57.165 /index.php/Home/ArticleContent/article_content/id/29
INFO: [ app_init ] --START--
INFO: Run Behavior\BuildLiteBehavior [ RunTime:0.000000s ]
INFO: [ app_init ] --END-- [ RunTime:0.001000s ]
INFO: [ app_begin ] --START--
INFO: Run Behavior\ReadHtmlCacheBehavior [ RunTime:0.001000s ]
INFO: [ app_begin ] --END-- [ RunTime:0.001000s ]
SQL: SHOW COLUMNS FROM `yb_article` [ RunTime:0.0010s ]
SQL: SELECT * FROM `yb_article` WHERE ( id = '29' )  [ RunTime:0.0000s ]
NOTIC: [8] Use of undefined constant article_content - assumed 'article_content' D:\freehost\ngxz92\web\Application\Home\Controller\ArticleContentController.class.php 第 18 行.
INFO: [ view_parse ] --START--
INFO: [ template_filter ] --START--
INFO: Run Behavior\ContentReplaceBehavior [ RunTime:0.000000s ]
INFO: [ template_filter ] --END-- [ RunTime:0.000000s ]
INFO: Run Behavior\ParseTemplateBehavior [ RunTime:0.010001s ]
INFO: [ view_parse ] --END-- [ RunTime:0.010001s ]
INFO: [ view_filter ] --START--
INFO: Run Behavior\WriteHtmlCacheBehavior [ RunTime:0.001000s ]
INFO: [ view_filter ] --END-- [ RunTime:0.001000s ]
INFO: [ app_end ] --START--
INFO: Run Behavior\ShowPageTraceBehavior [ RunTime:0.000000s ]
INFO: [ app_end ] --END-- [ RunTime:0.000000s ]

[ 2017-07-08T12:21:24+08:00 ] 14.111.57.165 /index.php/Home/ArticleContent/article_content/id/28
INFO: [ app_init ] --START--
INFO: Run Behavior\BuildLiteBehavior [ RunTime:0.000000s ]
INFO: [ app_init ] --END-- [ RunTime:0.001000s ]
INFO: [ app_begin ] --START--
INFO: Run Behavior\ReadHtmlCacheBehavior [ RunTime:0.000000s ]
INFO: [ app_begin ] --END-- [ RunTime:0.000000s ]
SQL: SHOW COLUMNS FROM `yb_article` [ RunTime:0.0070s ]
SQL: SELECT * FROM `yb_article` WHERE ( id = '28' )  [ RunTime:0.0000s ]
NOTIC: [8] Use of undefined constant article_content - assumed 'article_content' D:\freehost\ngxz92\web\Application\Home\Controller\ArticleContentController.class.php 第 18 行.
INFO: [ view_parse ] --START--
INFO: [ template_filter ] --START--
INFO: Run Behavior\ContentReplaceBehavior [ RunTime:0.000000s ]
INFO: [ template_filter ] --END-- [ RunTime:0.000000s ]
INFO: Run Behavior\ParseTemplateBehavior [ RunTime:0.004000s ]
INFO: [ view_parse ] --END-- [ RunTime:0.004000s ]
INFO: [ view_filter ] --START--
INFO: Run Behavior\WriteHtmlCacheBehavior [ RunTime:0.000000s ]
INFO: [ view_filter ] --END-- [ RunTime:0.000000s ]
INFO: [ app_end ] --START--
INFO: Run Behavior\ShowPageTraceBehavior [ RunTime:0.001000s ]
INFO: [ app_end ] --END-- [ RunTime:0.001000s ]

[ 2017-07-08T12:21:34+08:00 ] 14.111.57.165 /index.php/Home/WebPage/webLoad
INFO: [ app_init ] --START--
INFO: Run Behavior\BuildLiteBehavior [ RunTime:0.000000s ]
INFO: [ app_init ] --END-- [ RunTime:0.000000s ]
INFO: [ app_begin ] --START--
INFO: Run Behavior\ReadHtmlCacheBehavior [ RunTime:0.001000s ]
INFO: [ app_begin ] --END-- [ RunTime:0.001000s ]
SQL: SHOW COLUMNS FROM `yb_article` [ RunTime:0.0010s ]
SQL: SELECT COUNT(*) AS tp_count FROM `yb_article` WHERE ( channel_id =2 ) LIMIT 1   [ RunTime:0.0000s ]
SQL: SHOW COLUMNS FROM `yb_article` [ RunTime:0.0010s ]
SQL: SELECT * FROM `yb_article` WHERE ( channel_id =2 ) LIMIT 0,10   [ RunTime:0.0010s ]
NOTIC: [8] Use of undefined constant web - assumed 'web' D:\freehost\ngxz92\web\Application\Home\Controller\WebPageController.class.php 第 19 行.
INFO: [ view_parse ] --START--
INFO: [ template_filter ] --START--
INFO: Run Behavior\ContentReplaceBehavior [ RunTime:0.000000s ]
INFO: [ template_filter ] --END-- [ RunTime:0.000000s ]
NOTIC: [8] Undefined variable: page D:\freehost\ngxz92\web\Application\Runtime\Cache\Home\74fe89c0481876bdb979ee8aa66ef5ab.php 第 27 行.
NOTIC: [8] Undefined variable: page D:\freehost\ngxz92\web\Application\Runtime\Cache\Home\74fe89c0481876bdb979ee8aa66ef5ab.php 第 29 行.
INFO: Run Behavior\ParseTemplateBehavior [ RunTime:0.011000s ]
INFO: [ view_parse ] --END-- [ RunTime:0.011000s ]
INFO: [ view_filter ] --START--
INFO: Run Behavior\WriteHtmlCacheBehavior [ RunTime:0.000000s ]
INFO: [ view_filter ] --END-- [ RunTime:0.000000s ]
INFO: [ app_end ] --START--
INFO: Run Behavior\ShowPageTraceBehavior [ RunTime:0.001000s ]
INFO: [ app_end ] --END-- [ RunTime:0.001000s ]

[ 2017-07-08T12:22:26+08:00 ] 14.111.57.165 /index.php/Home/ArticleContent/article_content/id/28
INFO: [ app_init ] --START--
INFO: Run Behavior\BuildLiteBehavior [ RunTime:0.000000s ]
INFO: [ app_init ] --END-- [ RunTime:0.000000s ]
INFO: [ app_begin ] --START--
INFO: Run Behavior\ReadHtmlCacheBehavior [ RunTime:0.000000s ]
INFO: [ app_begin ] --END-- [ RunTime:0.000000s ]
SQL: SHOW COLUMNS FROM `yb_article` [ RunTime:0.0020s ]
SQL: SELECT * FROM `yb_article` WHERE ( id = '28' )  [ RunTime:0.0000s ]
NOTIC: [8] Use of undefined constant article_content - assumed 'article_content' D:\freehost\ngxz92\web\Application\Home\Controller\ArticleContentController.class.php 第 18 行.
INFO: [ view_parse ] --START--
INFO: [ template_filter ] --START--
INFO: Run Behavior\ContentReplaceBehavior [ RunTime:0.000000s ]
INFO: [ template_filter ] --END-- [ RunTime:0.000000s ]
INFO: Run Behavior\ParseTemplateBehavior [ RunTime:0.004000s ]
INFO: [ view_parse ] --END-- [ RunTime:0.005000s ]
INFO: [ view_filter ] --START--
INFO: Run Behavior\WriteHtmlCacheBehavior [ RunTime:0.000000s ]
INFO: [ view_filter ] --END-- [ RunTime:0.000000s ]
INFO: [ app_end ] --START--
INFO: Run Behavior\ShowPageTraceBehavior [ RunTime:0.000000s ]
INFO: [ app_end ] --END-- [ RunTime:0.000000s ]

[ 2017-07-08T12:22:37+08:00 ] 14.111.57.165 /index.php/Home/ArticleContent/article_content/id/28
INFO: [ app_init ] --START--
INFO: Run Behavior\BuildLiteBehavior [ RunTime:0.000000s ]
INFO: [ app_init ] --END-- [ RunTime:0.000000s ]
INFO: [ app_begin ] --START--
INFO: Run Behavior\ReadHtmlCacheBehavior [ RunTime:0.001000s ]
INFO: [ app_begin ] --END-- [ RunTime:0.001000s ]
SQL: SHOW COLUMNS FROM `yb_article` [ RunTime:0.0020s ]
SQL: SELECT * FROM `yb_article` WHERE ( id = '28' )  [ RunTime:0.0000s ]
NOTIC: [8] Use of undefined constant article_content - assumed 'article_content' D:\freehost\ngxz92\web\Application\Home\Controller\ArticleContentController.class.php 第 18 行.
INFO: [ view_parse ] --START--
INFO: [ template_filter ] --START--
INFO: Run Behavior\ContentReplaceBehavior [ RunTime:0.000000s ]
INFO: [ template_filter ] --END-- [ RunTime:0.000000s ]
INFO: Run Behavior\ParseTemplateBehavior [ RunTime:0.004000s ]
INFO: [ view_parse ] --END-- [ RunTime:0.004000s ]
INFO: [ view_filter ] --START--
INFO: Run Behavior\WriteHtmlCacheBehavior [ RunTime:0.001001s ]
INFO: [ view_filter ] --END-- [ RunTime:0.001001s ]
INFO: [ app_end ] --START--
INFO: Run Behavior\ShowPageTraceBehavior [ RunTime:0.000000s ]
INFO: [ app_end ] --END-- [ RunTime:0.000000s ]

[ 2017-07-08T12:22:40+08:00 ] 14.111.57.165 /index.php/Home/IndexPage/indexLoad
INFO: [ app_init ] --START--
INFO: Run Behavior\BuildLiteBehavior [ RunTime:0.000000s ]
INFO: [ app_init ] --END-- [ RunTime:0.000000s ]
INFO: [ app_begin ] --START--
INFO: Run Behavior\ReadHtmlCacheBehavior [ RunTime:0.001001s ]
INFO: [ app_begin ] --END-- [ RunTime:0.001001s ]
SQL: SHOW COLUMNS FROM `yb_article` [ RunTime:0.0030s ]
SQL: SELECT * FROM `yb_article` WHERE ( channel_id = 1 ) ORDER BY time desc LIMIT 5   [ RunTime:0.0000s ]
SQL: SHOW COLUMNS FROM `yb_article` [ RunTime:0.0030s ]
SQL: SELECT * FROM `yb_article` ORDER BY time desc LIMIT 4   [ RunTime:0.0000s ]
NOTIC: [8] Use of undefined constant index - assumed 'index' D:\freehost\ngxz92\web\Application\Home\Controller\IndexPageController.class.php 第 19 行.
INFO: [ view_parse ] --START--
INFO: [ template_filter ] --START--
INFO: Run Behavior\ContentReplaceBehavior [ RunTime:0.000000s ]
INFO: [ template_filter ] --END-- [ RunTime:0.000000s ]
INFO: Run Behavior\ParseTemplateBehavior [ RunTime:0.007001s ]
INFO: [ view_parse ] --END-- [ RunTime:0.007001s ]
INFO: [ view_filter ] --START--
INFO: Run Behavior\WriteHtmlCacheBehavior [ RunTime:0.001000s ]
INFO: [ view_filter ] --END-- [ RunTime:0.001000s ]
INFO: [ app_end ] --START--
INFO: Run Behavior\ShowPageTraceBehavior [ RunTime:0.000000s ]
INFO: [ app_end ] --END-- [ RunTime:0.000000s ]

[ 2017-07-08T12:25:32+08:00 ] 14.111.57.165 /index.php/Home/BoardPage/boardLoad
INFO: [ app_init ] --START--
INFO: Run Behavior\BuildLiteBehavior [ RunTime:0.000000s ]
INFO: [ app_init ] --END-- [ RunTime:0.000000s ]
INFO: [ app_begin ] --START--
INFO: Run Behavior\ReadHtmlCacheBehavior [ RunTime:0.000000s ]
INFO: [ app_begin ] --END-- [ RunTime:0.000000s ]
SQL: SHOW COLUMNS FROM `yb_article` [ RunTime:0.0030s ]
SQL: SELECT * FROM `yb_article` WHERE ( channel_id = 4 ) LIMIT 0,10   [ RunTime:0.0000s ]
SQL: SHOW COLUMNS FROM `yb_article` [ RunTime:0.0030s ]
SQL: SELECT COUNT(*) AS tp_count FROM `yb_article` WHERE ( channel_id = 4 ) LIMIT 1   [ RunTime:0.0000s ]
NOTIC: [8] Use of undefined constant board - assumed 'board' D:\freehost\ngxz92\web\Application\Home\Controller\BoardPageController.class.php 第 19 行.
INFO: [ view_parse ] --START--
INFO: [ template_filter ] --START--
INFO: Run Behavior\ContentReplaceBehavior [ RunTime:0.000000s ]
INFO: [ template_filter ] --END-- [ RunTime:0.000000s ]
NOTIC: [8] Undefined variable: page D:\freehost\ngxz92\web\Application\Runtime\Cache\Home\be0008737bcc43469fe31b33d61fbd2d.php 第 38 行.
NOTIC: [8] Undefined variable: page D:\freehost\ngxz92\web\Application\Runtime\Cache\Home\be0008737bcc43469fe31b33d61fbd2d.php 第 40 行.
INFO: Run Behavior\ParseTemplateBehavior [ RunTime:0.023002s ]
INFO: [ view_parse ] --END-- [ RunTime:0.023002s ]
INFO: [ view_filter ] --START--
INFO: Run Behavior\WriteHtmlCacheBehavior [ RunTime:0.000000s ]
INFO: [ view_filter ] --END-- [ RunTime:0.000000s ]
INFO: [ app_end ] --START--
INFO: Run Behavior\ShowPageTraceBehavior [ RunTime:0.000000s ]
INFO: [ app_end ] --END-- [ RunTime:0.000000s ]

[ 2017-07-08T12:25:33+08:00 ] 14.111.57.165 /index.php/Home/BoardPage/boardLoad
INFO: [ app_init ] --START--
INFO: Run Behavior\BuildLiteBehavior [ RunTime:0.000000s ]
INFO: [ app_init ] --END-- [ RunTime:0.001000s ]
INFO: [ app_begin ] --START--
INFO: Run Behavior\ReadHtmlCacheBehavior [ RunTime:0.000000s ]
INFO: [ app_begin ] --END-- [ RunTime:0.000000s ]
SQL: SHOW COLUMNS FROM `yb_article` [ RunTime:0.0020s ]
SQL: SELECT * FROM `yb_article` WHERE ( channel_id = 4 ) LIMIT 0,10   [ RunTime:0.0000s ]
SQL: SHOW COLUMNS FROM `yb_article` [ RunTime:0.0020s ]
SQL: SELECT COUNT(*) AS tp_count FROM `yb_article` WHERE ( channel_id = 4 ) LIMIT 1   [ RunTime:0.0000s ]
NOTIC: [8] Use of undefined constant board - assumed 'board' D:\freehost\ngxz92\web\Application\Home\Controller\BoardPageController.class.php 第 19 行.
INFO: [ view_parse ] --START--
INFO: [ template_filter ] --START--
INFO: Run Behavior\ContentReplaceBehavior [ RunTime:0.000000s ]
INFO: [ template_filter ] --END-- [ RunTime:0.000000s ]
NOTIC: [8] Undefined variable: page D:\freehost\ngxz92\web\Application\Runtime\Cache\Home\be0008737bcc43469fe31b33d61fbd2d.php 第 38 行.
NOTIC: [8] Undefined variable: page D:\freehost\ngxz92\web\Application\Runtime\Cache\Home\be0008737bcc43469fe31b33d61fbd2d.php 第 40 行.
INFO: Run Behavior\ParseTemplateBehavior [ RunTime:0.007001s ]
INFO: [ view_parse ] --END-- [ RunTime:0.007001s ]
INFO: [ view_filter ] --START--
INFO: Run Behavior\WriteHtmlCacheBehavior [ RunTime:0.000000s ]
INFO: [ view_filter ] --END-- [ RunTime:0.000000s ]
INFO: [ app_end ] --START--
INFO: Run Behavior\ShowPageTraceBehavior [ RunTime:0.000000s ]
INFO: [ app_end ] --END-- [ RunTime:0.000000s ]

[ 2017-07-08T12:26:05+08:00 ] 113.250.225.35 /index.php
INFO: [ app_init ] --START--
INFO: Run Behavior\BuildLiteBehavior [ RunTime:0.000000s ]
INFO: [ app_init ] --END-- [ RunTime:0.000000s ]
INFO: [ app_begin ] --START--
INFO: Run Behavior\ReadHtmlCacheBehavior [ RunTime:0.000000s ]
INFO: [ app_begin ] --END-- [ RunTime:0.000000s ]
SQL: SHOW COLUMNS FROM `yb_article` [ RunTime:0.0010s ]
SQL: SELECT * FROM `yb_article` WHERE ( channel_id = 1 ) ORDER BY time desc LIMIT 5   [ RunTime:0.0000s ]
SQL: SHOW COLUMNS FROM `yb_article` [ RunTime:0.0010s ]
SQL: SELECT * FROM `yb_article` ORDER BY time desc LIMIT 4   [ RunTime:0.0000s ]
NOTIC: [8] Use of undefined constant index - assumed 'index' D:\freehost\ngxz92\web\Application\Home\Controller\IndexPageController.class.php 第 19 行.
INFO: [ view_parse ] --START--
INFO: [ template_filter ] --START--
INFO: Run Behavior\ContentReplaceBehavior [ RunTime:0.000000s ]
INFO: [ template_filter ] --END-- [ RunTime:0.000000s ]
INFO: Run Behavior\ParseTemplateBehavior [ RunTime:0.014001s ]
INFO: [ view_parse ] --END-- [ RunTime:0.014001s ]
INFO: [ view_filter ] --START--
INFO: Run Behavior\WriteHtmlCacheBehavior [ RunTime:0.000000s ]
INFO: [ view_filter ] --END-- [ RunTime:0.000000s ]
INFO: [ app_end ] --START--
INFO: Run Behavior\ShowPageTraceBehavior [ RunTime:0.001000s ]
INFO: [ app_end ] --END-- [ RunTime:0.001000s ]

[ 2017-07-08T12:26:12+08:00 ] 113.250.225.35 /index.php/Home/MessagePage/message
INFO: [ app_init ] --START--
INFO: Run Behavior\BuildLiteBehavior [ RunTime:0.001000s ]
INFO: [ app_init ] --END-- [ RunTime:0.001000s ]
INFO: [ app_begin ] --START--
INFO: Run Behavior\ReadHtmlCacheBehavior [ RunTime:0.001000s ]
INFO: [ app_begin ] --END-- [ RunTime:0.001000s ]
SQL: SHOW COLUMNS FROM `yb_article` [ RunTime:0.0010s ]
SQL: SELECT COUNT(*) AS tp_count FROM `yb_article` WHERE ( channel_id =1 ) LIMIT 1   [ RunTime:0.0000s ]
SQL: SHOW COLUMNS FROM `yb_article` [ RunTime:0.0010s ]
SQL: SELECT * FROM `yb_article` WHERE ( channel_id =1 ) ORDER BY time desc LIMIT 0,6   [ RunTime:0.0000s ]
NOTIC: [8] Use of undefined constant message - assumed 'message' D:\freehost\ngxz92\web\Application\Home\Controller\MessagePageController.class.php 第 19 行.
INFO: [ view_parse ] --START--
INFO: [ template_filter ] --START--
INFO: Run Behavior\ContentReplaceBehavior [ RunTime:0.000000s ]
INFO: [ template_filter ] --END-- [ RunTime:0.000000s ]
NOTIC: [8] Undefined variable: page D:\freehost\ngxz92\web\Application\Runtime\Cache\Home\547288f37bb8311e0073038b1f97e809.php 第 26 行.
NOTIC: [8] Undefined variable: page D:\freehost\ngxz92\web\Application\Runtime\Cache\Home\547288f37bb8311e0073038b1f97e809.php 第 28 行.
INFO: Run Behavior\ParseTemplateBehavior [ RunTime:0.010001s ]
INFO: [ view_parse ] --END-- [ RunTime:0.010001s ]
INFO: [ view_filter ] --START--
INFO: Run Behavior\WriteHtmlCacheBehavior [ RunTime:0.001000s ]
INFO: [ view_filter ] --END-- [ RunTime:0.001000s ]
INFO: [ app_end ] --START--
INFO: Run Behavior\ShowPageTraceBehavior [ RunTime:0.000000s ]
INFO: [ app_end ] --END-- [ RunTime:0.000000s ]

[ 2017-07-08T12:26:21+08:00 ] 113.250.225.35 /index.php/Home/MessagePage/message
INFO: [ app_init ] --START--
INFO: Run Behavior\BuildLiteBehavior [ RunTime:0.000000s ]
INFO: [ app_init ] --END-- [ RunTime:0.000000s ]
INFO: [ app_begin ] --START--
INFO: Run Behavior\ReadHtmlCacheBehavior [ RunTime:0.000000s ]
INFO: [ app_begin ] --END-- [ RunTime:0.000000s ]
SQL: SHOW COLUMNS FROM `yb_article` [ RunTime:0.0010s ]
SQL: SELECT COUNT(*) AS tp_count FROM `yb_article` WHERE ( channel_id =1 ) LIMIT 1   [ RunTime:0.0000s ]
SQL: SHOW COLUMNS FROM `yb_article` [ RunTime:0.0010s ]
SQL: SELECT * FROM `yb_article` WHERE ( channel_id =1 ) ORDER BY time desc LIMIT 0,6   [ RunTime:0.0010s ]
NOTIC: [8] Use of undefined constant message - assumed 'message' D:\freehost\ngxz92\web\Application\Home\Controller\MessagePageController.class.php 第 19 行.
INFO: [ view_parse ] --START--
INFO: [ template_filter ] --START--
INFO: Run Behavior\ContentReplaceBehavior [ RunTime:0.000000s ]
INFO: [ template_filter ] --END-- [ RunTime:0.000000s ]
NOTIC: [8] Undefined variable: page D:\freehost\ngxz92\web\Application\Runtime\Cache\Home\547288f37bb8311e0073038b1f97e809.php 第 26 行.
NOTIC: [8] Undefined variable: page D:\freehost\ngxz92\web\Application\Runtime\Cache\Home\547288f37bb8311e0073038b1f97e809.php 第 28 行.
INFO: Run Behavior\ParseTemplateBehavior [ RunTime:0.006000s ]
INFO: [ view_parse ] --END-- [ RunTime:0.006000s ]
INFO: [ view_filter ] --START--
INFO: Run Behavior\WriteHtmlCacheBehavior [ RunTime:0.000000s ]
INFO: [ view_filter ] --END-- [ RunTime:0.000000s ]
INFO: [ app_end ] --START--
INFO: Run Behavior\ShowPageTraceBehavior [ RunTime:0.001000s ]
INFO: [ app_end ] --END-- [ RunTime:0.001000s ]

[ 2017-07-08T12:26:26+08:00 ] 113.250.225.35 /index.php/Home/
INFO: [ app_init ] --START--
INFO: Run Behavior\BuildLiteBehavior [ RunTime:0.000000s ]
INFO: [ app_init ] --END-- [ RunTime:0.000000s ]
INFO: [ app_begin ] --START--
INFO: Run Behavior\ReadHtmlCacheBehavior [ RunTime:0.000000s ]
INFO: [ app_begin ] --END-- [ RunTime:0.000000s ]
SQL: SHOW COLUMNS FROM `yb_article` [ RunTime:0.0010s ]
SQL: SELECT * FROM `yb_article` WHERE ( channel_id = 1 ) ORDER BY time desc LIMIT 5   [ RunTime:0.0000s ]
SQL: SHOW COLUMNS FROM `yb_article` [ RunTime:0.0010s ]
SQL: SELECT * FROM `yb_article` ORDER BY time desc LIMIT 4   [ RunTime:0.0000s ]
NOTIC: [8] Use of undefined constant index - assumed 'index' D:\freehost\ngxz92\web\Application\Home\Controller\IndexPageController.class.php 第 19 行.
INFO: [ view_parse ] --START--
INFO: [ template_filter ] --START--
INFO: Run Behavior\ContentReplaceBehavior [ RunTime:0.001000s ]
INFO: [ template_filter ] --END-- [ RunTime:0.001000s ]
INFO: Run Behavior\ParseTemplateBehavior [ RunTime:0.006000s ]
INFO: [ view_parse ] --END-- [ RunTime:0.007000s ]
INFO: [ view_filter ] --START--
INFO: Run Behavior\WriteHtmlCacheBehavior [ RunTime:0.000000s ]
INFO: [ view_filter ] --END-- [ RunTime:0.000000s ]
INFO: [ app_end ] --START--
INFO: Run Behavior\ShowPageTraceBehavior [ RunTime:0.000000s ]
INFO: [ app_end ] --END-- [ RunTime:0.000000s ]

[ 2017-07-08T12:26:44+08:00 ] 220.181.132.214 /index.php
INFO: [ app_init ] --START--
INFO: Run Behavior\BuildLiteBehavior [ RunTime:0.000000s ]
INFO: [ app_init ] --END-- [ RunTime:0.000000s ]
INFO: [ app_begin ] --START--
INFO: Run Behavior\ReadHtmlCacheBehavior [ RunTime:0.000000s ]
INFO: [ app_begin ] --END-- [ RunTime:0.000000s ]
SQL: SHOW COLUMNS FROM `yb_article` [ RunTime:0.0020s ]
SQL: SELECT * FROM `yb_article` WHERE ( channel_id = 1 ) ORDER BY time desc LIMIT 5   [ RunTime:0.0000s ]
SQL: SHOW COLUMNS FROM `yb_article` [ RunTime:0.0020s ]
SQL: SELECT * FROM `yb_article` ORDER BY time desc LIMIT 4   [ RunTime:0.0000s ]
NOTIC: [8] Use of undefined constant index - assumed 'index' D:\freehost\ngxz92\web\Application\Home\Controller\IndexPageController.class.php 第 19 行.
INFO: [ view_parse ] --START--
INFO: [ template_filter ] --START--
INFO: Run Behavior\ContentReplaceBehavior [ RunTime:0.000000s ]
INFO: [ template_filter ] --END-- [ RunTime:0.000000s ]
INFO: Run Behavior\ParseTemplateBehavior [ RunTime:0.014001s ]
INFO: [ view_parse ] --END-- [ RunTime:0.014001s ]
INFO: [ view_filter ] --START--
INFO: Run Behavior\WriteHtmlCacheBehavior [ RunTime:0.001000s ]
INFO: [ view_filter ] --END-- [ RunTime:0.001000s ]
INFO: [ app_end ] --START--
INFO: Run Behavior\ShowPageTraceBehavior [ RunTime:0.000000s ]
INFO: [ app_end ] --END-- [ RunTime:0.000000s ]

[ 2017-07-08T12:26:55+08:00 ] 220.181.132.214 /index.php/Home/
INFO: [ app_init ] --START--
INFO: Run Behavior\BuildLiteBehavior [ RunTime:0.000000s ]
INFO: [ app_init ] --END-- [ RunTime:0.000000s ]
INFO: [ app_begin ] --START--
INFO: Run Behavior\ReadHtmlCacheBehavior [ RunTime:0.000000s ]
INFO: [ app_begin ] --END-- [ RunTime:0.000000s ]
SQL: SHOW COLUMNS FROM `yb_article` [ RunTime:0.0020s ]
SQL: SELECT * FROM `yb_article` WHERE ( channel_id = 1 ) ORDER BY time desc LIMIT 5   [ RunTime:0.0000s ]
SQL: SHOW COLUMNS FROM `yb_article` [ RunTime:0.0020s ]
SQL: SELECT * FROM `yb_article` ORDER BY time desc LIMIT 4   [ RunTime:0.0000s ]
NOTIC: [8] Use of undefined constant index - assumed 'index' D:\freehost\ngxz92\web\Application\Home\Controller\IndexPageController.class.php 第 19 行.
INFO: [ view_parse ] --START--
INFO: [ template_filter ] --START--
INFO: Run Behavior\ContentReplaceBehavior [ RunTime:0.000000s ]
INFO: [ template_filter ] --END-- [ RunTime:0.000000s ]
INFO: Run Behavior\ParseTemplateBehavior [ RunTime:0.007000s ]
INFO: [ view_parse ] --END-- [ RunTime:0.007000s ]
INFO: [ view_filter ] --START--
INFO: Run Behavior\WriteHtmlCacheBehavior [ RunTime:0.000000s ]
INFO: [ view_filter ] --END-- [ RunTime:0.000000s ]
INFO: [ app_end ] --START--
INFO: Run Behavior\ShowPageTraceBehavior [ RunTime:0.001000s ]
INFO: [ app_end ] --END-- [ RunTime:0.001000s ]

[ 2017-07-08T12:26:56+08:00 ] 101.199.112.55 /index.php
INFO: [ app_init ] --START--
INFO: Run Behavior\BuildLiteBehavior [ RunTime:0.000000s ]
INFO: [ app_init ] --END-- [ RunTime:0.000000s ]
INFO: [ app_begin ] --START--
INFO: Run Behavior\ReadHtmlCacheBehavior [ RunTime:0.000000s ]
INFO: [ app_begin ] --END-- [ RunTime:0.000000s ]
SQL: SHOW COLUMNS FROM `yb_article` [ RunTime:0.0020s ]
SQL: SELECT * FROM `yb_article` WHERE ( channel_id = 1 ) ORDER BY time desc LIMIT 5   [ RunTime:0.0000s ]
SQL: SHOW COLUMNS FROM `yb_article` [ RunTime:0.0010s ]
SQL: SELECT * FROM `yb_article` ORDER BY time desc LIMIT 4   [ RunTime:0.0000s ]
NOTIC: [8] Use of undefined constant index - assumed 'index' D:\freehost\ngxz92\web\Application\Home\Controller\IndexPageController.class.php 第 19 行.
INFO: [ view_parse ] --START--
INFO: [ template_filter ] --START--
INFO: Run Behavior\ContentReplaceBehavior [ RunTime:0.000000s ]
INFO: [ template_filter ] --END-- [ RunTime:0.000000s ]
INFO: Run Behavior\ParseTemplateBehavior [ RunTime:0.007000s ]
INFO: [ view_parse ] --END-- [ RunTime:0.007000s ]
INFO: [ view_filter ] --START--
INFO: Run Behavior\WriteHtmlCacheBehavior [ RunTime:0.001001s ]
INFO: [ view_filter ] --END-- [ RunTime:0.001001s ]
INFO: [ app_end ] --START--
INFO: Run Behavior\ShowPageTraceBehavior [ RunTime:0.000000s ]
INFO: [ app_end ] --END-- [ RunTime:0.000000s ]

[ 2017-07-08T12:26:57+08:00 ] 220.181.132.193 /index.php
INFO: [ app_init ] --START--
INFO: Run Behavior\BuildLiteBehavior [ RunTime:0.000000s ]
INFO: [ app_init ] --END-- [ RunTime:0.001000s ]
INFO: [ app_begin ] --START--
INFO: Run Behavior\ReadHtmlCacheBehavior [ RunTime:0.000000s ]
INFO: [ app_begin ] --END-- [ RunTime:0.000000s ]
SQL: SHOW COLUMNS FROM `yb_article` [ RunTime:0.0010s ]
SQL: SELECT * FROM `yb_article` WHERE ( channel_id = 1 ) ORDER BY time desc LIMIT 5   [ RunTime:0.0010s ]
SQL: SHOW COLUMNS FROM `yb_article` [ RunTime:0.0010s ]
SQL: SELECT * FROM `yb_article` ORDER BY time desc LIMIT 4   [ RunTime:0.0000s ]
NOTIC: [8] Use of undefined constant index - assumed 'index' D:\freehost\ngxz92\web\Application\Home\Controller\IndexPageController.class.php 第 19 行.
INFO: [ view_parse ] --START--
INFO: [ template_filter ] --START--
INFO: Run Behavior\ContentReplaceBehavior [ RunTime:0.000000s ]
INFO: [ template_filter ] --END-- [ RunTime:0.000000s ]
INFO: Run Behavior\ParseTemplateBehavior [ RunTime:0.007001s ]
INFO: [ view_parse ] --END-- [ RunTime:0.007001s ]
INFO: [ view_filter ] --START--
INFO: Run Behavior\WriteHtmlCacheBehavior [ RunTime:0.001000s ]
INFO: [ view_filter ] --END-- [ RunTime:0.001000s ]
INFO: [ app_end ] --START--
INFO: Run Behavior\ShowPageTraceBehavior [ RunTime:0.000000s ]
INFO: [ app_end ] --END-- [ RunTime:0.000000s ]

[ 2017-07-08T12:27:05+08:00 ] 220.181.132.214 /index.php/Home/MessagePage/message
INFO: [ app_init ] --START--
INFO: Run Behavior\BuildLiteBehavior [ RunTime:0.000000s ]
INFO: [ app_init ] --END-- [ RunTime:0.000000s ]
INFO: [ app_begin ] --START--
INFO: Run Behavior\ReadHtmlCacheBehavior [ RunTime:0.001000s ]
INFO: [ app_begin ] --END-- [ RunTime:0.001000s ]
SQL: SHOW COLUMNS FROM `yb_article` [ RunTime:0.0020s ]
SQL: SELECT COUNT(*) AS tp_count FROM `yb_article` WHERE ( channel_id =1 ) LIMIT 1   [ RunTime:0.0000s ]
SQL: SHOW COLUMNS FROM `yb_article` [ RunTime:0.0020s ]
SQL: SELECT * FROM `yb_article` WHERE ( channel_id =1 ) ORDER BY time desc LIMIT 0,6   [ RunTime:0.0000s ]
NOTIC: [8] Use of undefined constant message - assumed 'message' D:\freehost\ngxz92\web\Application\Home\Controller\MessagePageController.class.php 第 19 行.
INFO: [ view_parse ] --START--
INFO: [ template_filter ] --START--
INFO: Run Behavior\ContentReplaceBehavior [ RunTime:0.000000s ]
INFO: [ template_filter ] --END-- [ RunTime:0.000000s ]
NOTIC: [8] Undefined variable: page D:\freehost\ngxz92\web\Application\Runtime\Cache\Home\547288f37bb8311e0073038b1f97e809.php 第 26 行.
NOTIC: [8] Undefined variable: page D:\freehost\ngxz92\web\Application\Runtime\Cache\Home\547288f37bb8311e0073038b1f97e809.php 第 28 行.
INFO: Run Behavior\ParseTemplateBehavior [ RunTime:0.006001s ]
INFO: [ view_parse ] --END-- [ RunTime:0.006001s ]
INFO: [ view_filter ] --START--
INFO: Run Behavior\WriteHtmlCacheBehavior [ RunTime:0.001000s ]
INFO: [ view_filter ] --END-- [ RunTime:0.001000s ]
INFO: [ app_end ] --START--
INFO: Run Behavior\ShowPageTraceBehavior [ RunTime:0.000000s ]
INFO: [ app_end ] --END-- [ RunTime:0.000000s ]

[ 2017-07-08T12:27:10+08:00 ] 192.126.123.80 /index.php/Home/
INFO: [ app_init ] --START--
INFO: Run Behavior\BuildLiteBehavior [ RunTime:0.000000s ]
INFO: [ app_init ] --END-- [ RunTime:0.000000s ]
INFO: [ app_begin ] --START--
INFO: Run Behavior\ReadHtmlCacheBehavior [ RunTime:0.001000s ]
INFO: [ app_begin ] --END-- [ RunTime:0.001000s ]
SQL: SHOW COLUMNS FROM `yb_article` [ RunTime:0.0020s ]
SQL: SELECT * FROM `yb_article` WHERE ( channel_id = 1 ) ORDER BY time desc LIMIT 5   [ RunTime:0.0000s ]
SQL: SHOW COLUMNS FROM `yb_article` [ RunTime:0.0010s ]
SQL: SELECT * FROM `yb_article` ORDER BY time desc LIMIT 4   [ RunTime:0.0000s ]
NOTIC: [8] Use of undefined constant index - assumed 'index' D:\freehost\ngxz92\web\Application\Home\Controller\IndexPageController.class.php 第 19 行.
INFO: [ view_parse ] --START--
INFO: [ template_filter ] --START--
INFO: Run Behavior\ContentReplaceBehavior [ RunTime:0.000000s ]
INFO: [ template_filter ] --END-- [ RunTime:0.000000s ]
INFO: Run Behavior\ParseTemplateBehavior [ RunTime:0.007001s ]
INFO: [ view_parse ] --END-- [ RunTime:0.007001s ]
INFO: [ view_filter ] --START--
INFO: Run Behavior\WriteHtmlCacheBehavior [ RunTime:0.000000s ]
INFO: [ view_filter ] --END-- [ RunTime:0.000000s ]
INFO: [ app_end ] --START--
INFO: Run Behavior\ShowPageTraceBehavior [ RunTime:0.001000s ]
INFO: [ app_end ] --END-- [ RunTime:0.001000s ]

[ 2017-07-08T12:27:13+08:00 ] 101.199.108.58 /index.php/Home/MessagePage/message
INFO: [ app_init ] --START--
INFO: Run Behavior\BuildLiteBehavior [ RunTime:0.000000s ]
INFO: [ app_init ] --END-- [ RunTime:0.001000s ]
INFO: [ app_begin ] --START--
INFO: Run Behavior\ReadHtmlCacheBehavior [ RunTime:0.000000s ]
INFO: [ app_begin ] --END-- [ RunTime:0.000000s ]
SQL: SHOW COLUMNS FROM `yb_article` [ RunTime:0.0020s ]
SQL: SELECT COUNT(*) AS tp_count FROM `yb_article` WHERE ( channel_id =1 ) LIMIT 1   [ RunTime:0.0000s ]
SQL: SHOW COLUMNS FROM `yb_article` [ RunTime:0.0030s ]
SQL: SELECT * FROM `yb_article` WHERE ( channel_id =1 ) ORDER BY time desc LIMIT 0,6   [ RunTime:0.0000s ]
NOTIC: [8] Use of undefined constant message - assumed 'message' D:\freehost\ngxz92\web\Application\Home\Controller\MessagePageController.class.php 第 19 行.
INFO: [ view_parse ] --START--
INFO: [ template_filter ] --START--
INFO: Run Behavior\ContentReplaceBehavior [ RunTime:0.000000s ]
INFO: [ template_filter ] --END-- [ RunTime:0.000000s ]
NOTIC: [8] Undefined variable: page D:\freehost\ngxz92\web\Application\Runtime\Cache\Home\547288f37bb8311e0073038b1f97e809.php 第 26 行.
NOTIC: [8] Undefined variable: page D:\freehost\ngxz92\web\Application\Runtime\Cache\Home\547288f37bb8311e0073038b1f97e809.php 第 28 行.
INFO: Run Behavior\ParseTemplateBehavior [ RunTime:0.006000s ]
INFO: [ view_parse ] --END-- [ RunTime:0.006000s ]
INFO: [ view_filter ] --START--
INFO: Run Behavior\WriteHtmlCacheBehavior [ RunTime:0.000000s ]
INFO: [ view_filter ] --END-- [ RunTime:0.000000s ]
INFO: [ app_end ] --START--
INFO: Run Behavior\ShowPageTraceBehavior [ RunTime:0.000000s ]
INFO: [ app_end ] --END-- [ RunTime:0.000000s ]

[ 2017-07-08T12:45:39+08:00 ] 113.250.225.35 /index.php
INFO: [ app_init ] --START--
INFO: Run Behavior\BuildLiteBehavior [ RunTime:0.000000s ]
INFO: [ app_init ] --END-- [ RunTime:0.001000s ]
INFO: [ app_begin ] --START--
INFO: Run Behavior\ReadHtmlCacheBehavior [ RunTime:0.001000s ]
INFO: [ app_begin ] --END-- [ RunTime:0.001000s ]
SQL: SHOW COLUMNS FROM `yb_article` [ RunTime:0.0010s ]
SQL: SELECT * FROM `yb_article` WHERE ( channel_id = 1 ) ORDER BY time desc LIMIT 5   [ RunTime:0.0000s ]
SQL: SHOW COLUMNS FROM `yb_article` [ RunTime:0.0010s ]
SQL: SELECT * FROM `yb_article` ORDER BY time desc LIMIT 4   [ RunTime:0.0000s ]
NOTIC: [8] Use of undefined constant index - assumed 'index' D:\freehost\ngxz92\web\Application\Home\Controller\IndexPageController.class.php 第 19 行.
INFO: [ view_parse ] --START--
INFO: [ template_filter ] --START--
INFO: Run Behavior\ContentReplaceBehavior [ RunTime:0.000000s ]
INFO: [ template_filter ] --END-- [ RunTime:0.000000s ]
INFO: Run Behavior\ParseTemplateBehavior [ RunTime:0.014001s ]
INFO: [ view_parse ] --END-- [ RunTime:0.014001s ]
INFO: [ view_filter ] --START--
INFO: Run Behavior\WriteHtmlCacheBehavior [ RunTime:0.000000s ]
INFO: [ view_filter ] --END-- [ RunTime:0.000000s ]
INFO: [ app_end ] --START--
INFO: Run Behavior\ShowPageTraceBehavior [ RunTime:0.001000s ]
INFO: [ app_end ] --END-- [ RunTime:0.001000s ]

[ 2017-07-08T12:45:40+08:00 ] 113.250.225.35 /index.php/Home/MessagePage/message
INFO: [ app_init ] --START--
INFO: Run Behavior\BuildLiteBehavior [ RunTime:0.000000s ]
INFO: [ app_init ] --END-- [ RunTime:0.000000s ]
INFO: [ app_begin ] --START--
INFO: Run Behavior\ReadHtmlCacheBehavior [ RunTime:0.000000s ]
INFO: [ app_begin ] --END-- [ RunTime:0.000000s ]
SQL: SHOW COLUMNS FROM `yb_article` [ RunTime:0.0020s ]
SQL: SELECT COUNT(*) AS tp_count FROM `yb_article` WHERE ( channel_id =1 ) LIMIT 1   [ RunTime:0.0000s ]
SQL: SHOW COLUMNS FROM `yb_article` [ RunTime:0.0020s ]
SQL: SELECT * FROM `yb_article` WHERE ( channel_id =1 ) ORDER BY time desc LIMIT 0,6   [ RunTime:0.0000s ]
NOTIC: [8] Use of undefined constant message - assumed 'message' D:\freehost\ngxz92\web\Application\Home\Controller\MessagePageController.class.php 第 19 行.
INFO: [ view_parse ] --START--
INFO: [ template_filter ] --START--
INFO: Run Behavior\ContentReplaceBehavior [ RunTime:0.000000s ]
INFO: [ template_filter ] --END-- [ RunTime:0.000000s ]
NOTIC: [8] Undefined variable: page D:\freehost\ngxz92\web\Application\Runtime\Cache\Home\547288f37bb8311e0073038b1f97e809.php 第 26 行.
NOTIC: [8] Undefined variable: page D:\freehost\ngxz92\web\Application\Runtime\Cache\Home\547288f37bb8311e0073038b1f97e809.php 第 28 行.
INFO: Run Behavior\ParseTemplateBehavior [ RunTime:0.006000s ]
INFO: [ view_parse ] --END-- [ RunTime:0.006000s ]
INFO: [ view_filter ] --START--
INFO: Run Behavior\WriteHtmlCacheBehavior [ RunTime:0.000000s ]
INFO: [ view_filter ] --END-- [ RunTime:0.000000s ]
INFO: [ app_end ] --START--
INFO: Run Behavior\ShowPageTraceBehavior [ RunTime:0.001000s ]
INFO: [ app_end ] --END-- [ RunTime:0.001000s ]

[ 2017-07-08T12:46:19+08:00 ] 220.181.132.198 /index.php?m=Home&c=IndexPage&a=indexLoad
INFO: [ app_init ] --START--
INFO: Run Behavior\BuildLiteBehavior [ RunTime:0.000000s ]
INFO: [ app_init ] --END-- [ RunTime:0.000000s ]
INFO: [ app_begin ] --START--
INFO: Run Behavior\ReadHtmlCacheBehavior [ RunTime:0.000000s ]
INFO: [ app_begin ] --END-- [ RunTime:0.000000s ]
SQL: SHOW COLUMNS FROM `yb_article` [ RunTime:0.0010s ]
SQL: SELECT * FROM `yb_article` WHERE ( channel_id = 1 ) ORDER BY time desc LIMIT 5   [ RunTime:0.0010s ]
SQL: SHOW COLUMNS FROM `yb_article` [ RunTime:0.0010s ]
SQL: SELECT * FROM `yb_article` ORDER BY time desc LIMIT 4   [ RunTime:0.0000s ]
NOTIC: [8] Use of undefined constant index - assumed 'index' D:\freehost\ngxz92\web\Application\Home\Controller\IndexPageController.class.php 第 19 行.
INFO: [ view_parse ] --START--
INFO: [ template_filter ] --START--
INFO: Run Behavior\ContentReplaceBehavior [ RunTime:0.000000s ]
INFO: [ template_filter ] --END-- [ RunTime:0.000000s ]
INFO: Run Behavior\ParseTemplateBehavior [ RunTime:0.006001s ]
INFO: [ view_parse ] --END-- [ RunTime:0.006001s ]
INFO: [ view_filter ] --START--
INFO: Run Behavior\WriteHtmlCacheBehavior [ RunTime:0.000000s ]
INFO: [ view_filter ] --END-- [ RunTime:0.000000s ]
INFO: [ app_end ] --START--
INFO: Run Behavior\ShowPageTraceBehavior [ RunTime:0.000000s ]
INFO: [ app_end ] --END-- [ RunTime:0.001000s ]

[ 2017-07-08T12:47:41+08:00 ] 220.181.132.214 /index.php?m=Home&c=IndexPage&a=indexLoad
INFO: [ app_init ] --START--
INFO: Run Behavior\BuildLiteBehavior [ RunTime:0.000000s ]
INFO: [ app_init ] --END-- [ RunTime:0.000000s ]
INFO: [ app_begin ] --START--
INFO: Run Behavior\ReadHtmlCacheBehavior [ RunTime:0.000000s ]
INFO: [ app_begin ] --END-- [ RunTime:0.000000s ]
SQL: SHOW COLUMNS FROM `yb_article` [ RunTime:0.0010s ]
SQL: SELECT * FROM `yb_article` WHERE ( channel_id = 1 ) ORDER BY time desc LIMIT 5   [ RunTime:0.0000s ]
SQL: SHOW COLUMNS FROM `yb_article` [ RunTime:0.0010s ]
SQL: SELECT * FROM `yb_article` ORDER BY time desc LIMIT 4   [ RunTime:0.0000s ]
NOTIC: [8] Use of undefined constant index - assumed 'index' D:\freehost\ngxz92\web\Application\Home\Controller\IndexPageController.class.php 第 19 行.
INFO: [ view_parse ] --START--
INFO: [ template_filter ] --START--
INFO: Run Behavior\ContentReplaceBehavior [ RunTime:0.000000s ]
INFO: [ template_filter ] --END-- [ RunTime:0.000000s ]
INFO: Run Behavior\ParseTemplateBehavior [ RunTime:0.007000s ]
INFO: [ view_parse ] --END-- [ RunTime:0.007000s ]
INFO: [ view_filter ] --START--
INFO: Run Behavior\WriteHtmlCacheBehavior [ RunTime:0.001000s ]
INFO: [ view_filter ] --END-- [ RunTime:0.001000s ]
INFO: [ app_end ] --START--
INFO: Run Behavior\ShowPageTraceBehavior [ RunTime:0.000000s ]
INFO: [ app_end ] --END-- [ RunTime:0.000000s ]

[ 2017-07-08T12:47:57+08:00 ] 123.1.189.244 /index.php?m=Home&c=IndexPage&a=indexLoad
INFO: [ app_init ] --START--
INFO: Run Behavior\BuildLiteBehavior [ RunTime:0.000000s ]
INFO: [ app_init ] --END-- [ RunTime:0.000000s ]
INFO: [ app_begin ] --START--
INFO: Run Behavior\ReadHtmlCacheBehavior [ RunTime:0.000000s ]
INFO: [ app_begin ] --END-- [ RunTime:0.001000s ]
SQL: SHOW COLUMNS FROM `yb_article` [ RunTime:0.0020s ]
SQL: SELECT * FROM `yb_article` WHERE ( channel_id = 1 ) ORDER BY time desc LIMIT 5   [ RunTime:0.0000s ]
SQL: SHOW COLUMNS FROM `yb_article` [ RunTime:0.0020s ]
SQL: SELECT * FROM `yb_article` ORDER BY time desc LIMIT 4   [ RunTime:0.0000s ]
NOTIC: [8] Use of undefined constant index - assumed 'index' D:\freehost\ngxz92\web\Application\Home\Controller\IndexPageController.class.php 第 19 行.
INFO: [ view_parse ] --START--
INFO: [ template_filter ] --START--
INFO: Run Behavior\ContentReplaceBehavior [ RunTime:0.000000s ]
INFO: [ template_filter ] --END-- [ RunTime:0.000000s ]
INFO: Run Behavior\ParseTemplateBehavior [ RunTime:0.007000s ]
INFO: [ view_parse ] --END-- [ RunTime:0.007000s ]
INFO: [ view_filter ] --START--
INFO: Run Behavior\WriteHtmlCacheBehavior [ RunTime:0.000000s ]
INFO: [ view_filter ] --END-- [ RunTime:0.000000s ]
INFO: [ app_end ] --START--
INFO: Run Behavior\ShowPageTraceBehavior [ RunTime:0.000000s ]
INFO: [ app_end ] --END-- [ RunTime:0.000000s ]

[ 2017-07-08T16:44:37+08:00 ] 65.55.210.28 /index.php?m=Home&c=Callback&a=send&callback=jQuery18302105542889330536_1499503311855&_=1499503312566
INFO: [ app_init ] --START--
INFO: Run Behavior\BuildLiteBehavior [ RunTime:0.000000s ]
INFO: [ app_init ] --END-- [ RunTime:0.007000s ]
INFO: [ app_begin ] --START--
INFO: Run Behavior\ReadHtmlCacheBehavior [ RunTime:0.015001s ]
INFO: [ app_begin ] --END-- [ RunTime:0.015001s ]
INFO: [ app_end ] --START--
INFO: Run Behavior\ShowPageTraceBehavior [ RunTime:0.008000s ]
INFO: [ app_end ] --END-- [ RunTime:0.008000s ]

[ 2017-07-08T17:41:37+08:00 ] 157.55.12.77 /index.php
INFO: [ app_init ] --START--
INFO: Run Behavior\BuildLiteBehavior [ RunTime:0.000000s ]
INFO: [ app_init ] --END-- [ RunTime:0.000000s ]
INFO: [ app_begin ] --START--
INFO: Run Behavior\ReadHtmlCacheBehavior [ RunTime:0.000000s ]
INFO: [ app_begin ] --END-- [ RunTime:0.000000s ]
SQL: SHOW COLUMNS FROM `yb_article` [ RunTime:0.0230s ]
SQL: SELECT * FROM `yb_article` WHERE ( channel_id = 1 ) ORDER BY time desc LIMIT 5   [ RunTime:0.0000s ]
SQL: SHOW COLUMNS FROM `yb_article` [ RunTime:0.0020s ]
SQL: SELECT * FROM `yb_article` ORDER BY time desc LIMIT 4   [ RunTime:0.0000s ]
NOTIC: [8] Use of undefined constant index - assumed 'index' D:\freehost\ngxz92\web\Application\Home\Controller\IndexPageController.class.php 第 19 行.
INFO: [ view_parse ] --START--
INFO: [ template_filter ] --START--
INFO: Run Behavior\ContentReplaceBehavior [ RunTime:0.000000s ]
INFO: [ template_filter ] --END-- [ RunTime:0.000000s ]
INFO: Run Behavior\ParseTemplateBehavior [ RunTime:0.059004s ]
INFO: [ view_parse ] --END-- [ RunTime:0.059004s ]
INFO: [ view_filter ] --START--
INFO: Run Behavior\WriteHtmlCacheBehavior [ RunTime:0.007000s ]
INFO: [ view_filter ] --END-- [ RunTime:0.007000s ]
INFO: [ app_end ] --START--
INFO: Run Behavior\ShowPageTraceBehavior [ RunTime:0.000000s ]
INFO: [ app_end ] --END-- [ RunTime:0.000000s ]

