[ 2017-07-02T03:22:53+08:00 ] 66.249.79.15 /index.php/Home/Aboutme/aboutMe.html
INFO: [ app_init ] --START--
INFO: Run Behavior\BuildLiteBehavior [ RunTime:0.000000s ]
INFO: [ app_init ] --END-- [ RunTime:0.006000s ]
INFO: [ app_begin ] --START--
INFO: Run Behavior\ReadHtmlCacheBehavior [ RunTime:0.015001s ]
INFO: [ app_begin ] --END-- [ RunTime:0.015001s ]
INFO: [ view_parse ] --START--
INFO: [ template_filter ] --START--
INFO: Run Behavior\ContentReplaceBehavior [ RunTime:0.000000s ]
INFO: [ template_filter ] --END-- [ RunTime:0.000000s ]
INFO: Run Behavior\ParseTemplateBehavior [ RunTime:0.091005s ]
INFO: [ view_parse ] --END-- [ RunTime:0.091005s ]
INFO: [ view_filter ] --START--
INFO: Run Behavior\WriteHtmlCacheBehavior [ RunTime:0.009001s ]
INFO: [ view_filter ] --END-- [ RunTime:0.009001s ]
INFO: [ app_end ] --START--
INFO: Run Behavior\ShowPageTraceBehavior [ RunTime:0.009000s ]
INFO: [ app_end ] --END-- [ RunTime:0.009000s ]

[ 2017-07-02T05:12:47+08:00 ] 115.239.212.195 /index.php?m=Home&c=Callback&a=send&callback=jQuery18307206783073488623_1498943402438&_=1498943402504
INFO: [ app_init ] --START--
INFO: Run Behavior\BuildLiteBehavior [ RunTime:0.000000s ]
INFO: [ app_init ] --END-- [ RunTime:0.007001s ]
INFO: [ app_begin ] --START--
INFO: Run Behavior\ReadHtmlCacheBehavior [ RunTime:0.015001s ]
INFO: [ app_begin ] --END-- [ RunTime:0.015001s ]
INFO: [ app_end ] --START--
INFO: Run Behavior\ShowPageTraceBehavior [ RunTime:0.010001s ]
INFO: [ app_end ] --END-- [ RunTime:0.010001s ]

[ 2017-07-02T09:02:11+08:00 ] 123.150.183.17 /index.php?m=Home&c=Callback&a=send&callback=jQuery18308098362533748779_1498957165937&_=1498957166515
INFO: [ app_init ] --START--
INFO: Run Behavior\BuildLiteBehavior [ RunTime:0.000000s ]
INFO: [ app_init ] --END-- [ RunTime:0.006000s ]
INFO: [ app_begin ] --START--
INFO: Run Behavior\ReadHtmlCacheBehavior [ RunTime:0.015001s ]
INFO: [ app_begin ] --END-- [ RunTime:0.015001s ]
INFO: [ app_end ] --START--
INFO: Run Behavior\ShowPageTraceBehavior [ RunTime:0.009000s ]
INFO: [ app_end ] --END-- [ RunTime:0.009000s ]

[ 2017-07-02T13:12:13+08:00 ] 199.30.24.19 /index.php?m=Home&c=Callback&a=send&callback=jQuery18307121796573046595_1498972164468&_=1498972165345
INFO: [ app_init ] --START--
INFO: Run Behavior\BuildLiteBehavior [ RunTime:0.000000s ]
INFO: [ app_init ] --END-- [ RunTime:0.015001s ]
INFO: [ app_begin ] --START--
INFO: Run Behavior\ReadHtmlCacheBehavior [ RunTime:0.015001s ]
INFO: [ app_begin ] --END-- [ RunTime:0.015001s ]
INFO: [ app_end ] --START--
INFO: Run Behavior\ShowPageTraceBehavior [ RunTime:0.008000s ]
INFO: [ app_end ] --END-- [ RunTime:0.008000s ]

[ 2017-07-02T14:18:29+08:00 ] 65.55.210.25 /index.php?m=Home&c=IndexPage&a=indexLoad
INFO: [ app_init ] --START--
INFO: Run Behavior\BuildLiteBehavior [ RunTime:0.000000s ]
INFO: [ app_init ] --END-- [ RunTime:0.006001s ]
INFO: [ app_begin ] --START--
INFO: Run Behavior\ReadHtmlCacheBehavior [ RunTime:0.013001s ]
INFO: [ app_begin ] --END-- [ RunTime:0.013001s ]
SQL: SHOW COLUMNS FROM `yb_article` [ RunTime:0.0500s ]
SQL: SELECT * FROM `yb_article` WHERE ( channel_id = 1 ) ORDER BY time desc LIMIT 5   [ RunTime:0.0010s ]
SQL: SHOW COLUMNS FROM `yb_article` [ RunTime:0.0030s ]
SQL: SELECT * FROM `yb_article` WHERE ( channel_id = 1 )  [ RunTime:0.0000s ]
NOTIC: [8] Use of undefined constant index - assumed 'index' D:\freehost\ngxz92\web\Application\Home\Controller\IndexPageController.class.php 第 19 行.
INFO: [ view_parse ] --START--
INFO: [ template_filter ] --START--
INFO: Run Behavior\ContentReplaceBehavior [ RunTime:0.000000s ]
INFO: [ template_filter ] --END-- [ RunTime:0.000000s ]
INFO: Run Behavior\ParseTemplateBehavior [ RunTime:0.072004s ]
INFO: [ view_parse ] --END-- [ RunTime:0.072004s ]
INFO: [ view_filter ] --START--
INFO: Run Behavior\WriteHtmlCacheBehavior [ RunTime:0.019001s ]
INFO: [ view_filter ] --END-- [ RunTime:0.019001s ]
INFO: [ app_end ] --START--
INFO: Run Behavior\ShowPageTraceBehavior [ RunTime:0.009000s ]
INFO: [ app_end ] --END-- [ RunTime:0.009000s ]

[ 2017-07-02T14:19:41+08:00 ] 40.77.167.11 /index.php?m=Home&c=IndexPage&a=indexLoad
INFO: [ app_init ] --START--
INFO: Run Behavior\BuildLiteBehavior [ RunTime:0.000000s ]
INFO: [ app_init ] --END-- [ RunTime:0.000000s ]
INFO: [ app_begin ] --START--
INFO: Run Behavior\ReadHtmlCacheBehavior [ RunTime:0.000000s ]
INFO: [ app_begin ] --END-- [ RunTime:0.000000s ]
SQL: SHOW COLUMNS FROM `yb_article` [ RunTime:0.0030s ]
SQL: SELECT * FROM `yb_article` WHERE ( channel_id = 1 ) ORDER BY time desc LIMIT 5   [ RunTime:0.0000s ]
SQL: SHOW COLUMNS FROM `yb_article` [ RunTime:0.0020s ]
SQL: SELECT * FROM `yb_article` WHERE ( channel_id = 1 )  [ RunTime:0.0000s ]
NOTIC: [8] Use of undefined constant index - assumed 'index' D:\freehost\ngxz92\web\Application\Home\Controller\IndexPageController.class.php 第 19 行.
INFO: [ view_parse ] --START--
INFO: [ template_filter ] --START--
INFO: Run Behavior\ContentReplaceBehavior [ RunTime:0.000000s ]
INFO: [ template_filter ] --END-- [ RunTime:0.001000s ]
INFO: Run Behavior\ParseTemplateBehavior [ RunTime:0.008000s ]
INFO: [ view_parse ] --END-- [ RunTime:0.008000s ]
INFO: [ view_filter ] --START--
INFO: Run Behavior\WriteHtmlCacheBehavior [ RunTime:0.000000s ]
INFO: [ view_filter ] --END-- [ RunTime:0.000000s ]
INFO: [ app_end ] --START--
INFO: Run Behavior\ShowPageTraceBehavior [ RunTime:0.000000s ]
INFO: [ app_end ] --END-- [ RunTime:0.000000s ]

[ 2017-07-02T16:11:16+08:00 ] 115.178.195.109 /index.php?m=Home&c=IndexPage&a=indexLoad
INFO: [ app_init ] --START--
INFO: Run Behavior\BuildLiteBehavior [ RunTime:0.000000s ]
INFO: [ app_init ] --END-- [ RunTime:0.006000s ]
INFO: [ app_begin ] --START--
INFO: Run Behavior\ReadHtmlCacheBehavior [ RunTime:0.014001s ]
INFO: [ app_begin ] --END-- [ RunTime:0.015001s ]
SQL: SHOW COLUMNS FROM `yb_article` [ RunTime:0.0210s ]
SQL: SELECT * FROM `yb_article` WHERE ( channel_id = 1 ) ORDER BY time desc LIMIT 5   [ RunTime:0.0000s ]
SQL: SHOW COLUMNS FROM `yb_article` [ RunTime:0.0020s ]
SQL: SELECT * FROM `yb_article` WHERE ( channel_id = 1 )  [ RunTime:0.0000s ]
NOTIC: [8] Use of undefined constant index - assumed 'index' D:\freehost\ngxz92\web\Application\Home\Controller\IndexPageController.class.php 第 19 行.
INFO: [ view_parse ] --START--
INFO: [ template_filter ] --START--
INFO: Run Behavior\ContentReplaceBehavior [ RunTime:0.000000s ]
INFO: [ template_filter ] --END-- [ RunTime:0.000000s ]
INFO: Run Behavior\ParseTemplateBehavior [ RunTime:0.058003s ]
INFO: [ view_parse ] --END-- [ RunTime:0.058003s ]
INFO: [ view_filter ] --START--
INFO: Run Behavior\WriteHtmlCacheBehavior [ RunTime:0.008000s ]
INFO: [ view_filter ] --END-- [ RunTime:0.008000s ]
INFO: [ app_end ] --START--
INFO: Run Behavior\ShowPageTraceBehavior [ RunTime:0.009001s ]
INFO: [ app_end ] --END-- [ RunTime:0.009001s ]

[ 2017-07-02T18:12:44+08:00 ] 125.84.85.203 /index.php?m=Home&c=IndexPage&a=indexLoad
INFO: [ app_init ] --START--
INFO: Run Behavior\BuildLiteBehavior [ RunTime:0.000000s ]
INFO: [ app_init ] --END-- [ RunTime:0.006000s ]
INFO: [ app_begin ] --START--
INFO: Run Behavior\ReadHtmlCacheBehavior [ RunTime:0.015001s ]
INFO: [ app_begin ] --END-- [ RunTime:0.015001s ]
SQL: SHOW COLUMNS FROM `yb_article` [ RunTime:0.0070s ]
SQL: SELECT * FROM `yb_article` WHERE ( channel_id = 1 ) ORDER BY time desc LIMIT 5   [ RunTime:0.0000s ]
SQL: SHOW COLUMNS FROM `yb_article` [ RunTime:0.0010s ]
SQL: SELECT * FROM `yb_article` WHERE ( channel_id = 1 )  [ RunTime:0.0000s ]
NOTIC: [8] Use of undefined constant index - assumed 'index' D:\freehost\ngxz92\web\Application\Home\Controller\IndexPageController.class.php 第 19 行.
INFO: [ view_parse ] --START--
INFO: [ template_filter ] --START--
INFO: Run Behavior\ContentReplaceBehavior [ RunTime:0.000000s ]
INFO: [ template_filter ] --END-- [ RunTime:0.000000s ]
INFO: Run Behavior\ParseTemplateBehavior [ RunTime:0.071004s ]
INFO: [ view_parse ] --END-- [ RunTime:0.071004s ]
INFO: [ view_filter ] --START--
INFO: Run Behavior\WriteHtmlCacheBehavior [ RunTime:0.012001s ]
INFO: [ view_filter ] --END-- [ RunTime:0.012001s ]
INFO: [ app_end ] --START--
INFO: Run Behavior\ShowPageTraceBehavior [ RunTime:0.009000s ]
INFO: [ app_end ] --END-- [ RunTime:0.009000s ]

[ 2017-07-02T18:13:13+08:00 ] 220.181.132.214 /index.php?m=Home&c=IndexPage&a=indexLoad
INFO: [ app_init ] --START--
INFO: Run Behavior\BuildLiteBehavior [ RunTime:0.000000s ]
INFO: [ app_init ] --END-- [ RunTime:0.000000s ]
INFO: [ app_begin ] --START--
INFO: Run Behavior\ReadHtmlCacheBehavior [ RunTime:0.000000s ]
INFO: [ app_begin ] --END-- [ RunTime:0.000000s ]
SQL: SHOW COLUMNS FROM `yb_article` [ RunTime:0.0010s ]
SQL: SELECT * FROM `yb_article` WHERE ( channel_id = 1 ) ORDER BY time desc LIMIT 5   [ RunTime:0.0010s ]
SQL: SHOW COLUMNS FROM `yb_article` [ RunTime:0.0010s ]
SQL: SELECT * FROM `yb_article` WHERE ( channel_id = 1 )  [ RunTime:0.0000s ]
NOTIC: [8] Use of undefined constant index - assumed 'index' D:\freehost\ngxz92\web\Application\Home\Controller\IndexPageController.class.php 第 19 行.
INFO: [ view_parse ] --START--
INFO: [ template_filter ] --START--
INFO: Run Behavior\ContentReplaceBehavior [ RunTime:0.000000s ]
INFO: [ template_filter ] --END-- [ RunTime:0.000000s ]
INFO: Run Behavior\ParseTemplateBehavior [ RunTime:0.007001s ]
INFO: [ view_parse ] --END-- [ RunTime:0.007001s ]
INFO: [ view_filter ] --START--
INFO: Run Behavior\WriteHtmlCacheBehavior [ RunTime:0.000000s ]
INFO: [ view_filter ] --END-- [ RunTime:0.000000s ]
INFO: [ app_end ] --START--
INFO: Run Behavior\ShowPageTraceBehavior [ RunTime:0.000000s ]
INFO: [ app_end ] --END-- [ RunTime:0.001000s ]

[ 2017-07-02T18:13:19+08:00 ] 125.84.85.203 /index.php/Home/MessagePage/message
INFO: [ app_init ] --START--
INFO: Run Behavior\BuildLiteBehavior [ RunTime:0.000000s ]
INFO: [ app_init ] --END-- [ RunTime:0.000000s ]
INFO: [ app_begin ] --START--
INFO: Run Behavior\ReadHtmlCacheBehavior [ RunTime:0.000000s ]
INFO: [ app_begin ] --END-- [ RunTime:0.000000s ]
SQL: SHOW COLUMNS FROM `yb_article` [ RunTime:0.0010s ]
SQL: SELECT COUNT(*) AS tp_count FROM `yb_article` WHERE ( channel_id =1 ) LIMIT 1   [ RunTime:0.0010s ]
SQL: SHOW COLUMNS FROM `yb_article` [ RunTime:0.0010s ]
SQL: SELECT * FROM `yb_article` WHERE ( channel_id =1 ) LIMIT 0,10   [ RunTime:0.0100s ]
NOTIC: [8] Use of undefined constant message - assumed 'message' D:\freehost\ngxz92\web\Application\Home\Controller\MessagePageController.class.php 第 19 行.
INFO: [ view_parse ] --START--
INFO: [ template_filter ] --START--
INFO: Run Behavior\ContentReplaceBehavior [ RunTime:0.000000s ]
INFO: [ template_filter ] --END-- [ RunTime:0.000000s ]
NOTIC: [8] Undefined variable: page D:\freehost\ngxz92\web\Application\Runtime\Cache\Home\547288f37bb8311e0073038b1f97e809.php 第 26 行.
NOTIC: [8] Undefined variable: page D:\freehost\ngxz92\web\Application\Runtime\Cache\Home\547288f37bb8311e0073038b1f97e809.php 第 28 行.
INFO: Run Behavior\ParseTemplateBehavior [ RunTime:0.016001s ]
INFO: [ view_parse ] --END-- [ RunTime:0.016001s ]
INFO: [ view_filter ] --START--
INFO: Run Behavior\WriteHtmlCacheBehavior [ RunTime:0.000000s ]
INFO: [ view_filter ] --END-- [ RunTime:0.000000s ]
INFO: [ app_end ] --START--
INFO: Run Behavior\ShowPageTraceBehavior [ RunTime:0.001000s ]
INFO: [ app_end ] --END-- [ RunTime:0.001000s ]

[ 2017-07-02T18:13:26+08:00 ] 125.84.85.203 /index.php/Home/WebPage/webLoad
INFO: [ app_init ] --START--
INFO: Run Behavior\BuildLiteBehavior [ RunTime:0.000000s ]
INFO: [ app_init ] --END-- [ RunTime:0.001000s ]
INFO: [ app_begin ] --START--
INFO: Run Behavior\ReadHtmlCacheBehavior [ RunTime:0.000000s ]
INFO: [ app_begin ] --END-- [ RunTime:0.000000s ]
SQL: SHOW COLUMNS FROM `yb_article` [ RunTime:0.0010s ]
SQL: SELECT COUNT(*) AS tp_count FROM `yb_article` WHERE ( channel_id =2 ) LIMIT 1   [ RunTime:0.0010s ]
SQL: SHOW COLUMNS FROM `yb_article` [ RunTime:0.0010s ]
SQL: SELECT * FROM `yb_article` WHERE ( channel_id =2 ) LIMIT 0,10   [ RunTime:0.0010s ]
NOTIC: [8] Use of undefined constant web - assumed 'web' D:\freehost\ngxz92\web\Application\Home\Controller\WebPageController.class.php 第 19 行.
INFO: [ view_parse ] --START--
INFO: [ template_filter ] --START--
INFO: Run Behavior\ContentReplaceBehavior [ RunTime:0.000000s ]
INFO: [ template_filter ] --END-- [ RunTime:0.000000s ]
NOTIC: [8] Undefined variable: page D:\freehost\ngxz92\web\Application\Runtime\Cache\Home\74fe89c0481876bdb979ee8aa66ef5ab.php 第 24 行.
NOTIC: [8] Undefined variable: page D:\freehost\ngxz92\web\Application\Runtime\Cache\Home\74fe89c0481876bdb979ee8aa66ef5ab.php 第 26 行.
INFO: Run Behavior\ParseTemplateBehavior [ RunTime:0.032002s ]
INFO: [ view_parse ] --END-- [ RunTime:0.032002s ]
INFO: [ view_filter ] --START--
INFO: Run Behavior\WriteHtmlCacheBehavior [ RunTime:0.000000s ]
INFO: [ view_filter ] --END-- [ RunTime:0.000000s ]
INFO: [ app_end ] --START--
INFO: Run Behavior\ShowPageTraceBehavior [ RunTime:0.000000s ]
INFO: [ app_end ] --END-- [ RunTime:0.000000s ]

[ 2017-07-02T18:13:28+08:00 ] 125.84.85.203 /index.php/Home/MessagePage/message
INFO: [ app_init ] --START--
INFO: Run Behavior\BuildLiteBehavior [ RunTime:0.000000s ]
INFO: [ app_init ] --END-- [ RunTime:0.000000s ]
INFO: [ app_begin ] --START--
INFO: Run Behavior\ReadHtmlCacheBehavior [ RunTime:0.000000s ]
INFO: [ app_begin ] --END-- [ RunTime:0.000000s ]
SQL: SHOW COLUMNS FROM `yb_article` [ RunTime:0.0010s ]
SQL: SELECT COUNT(*) AS tp_count FROM `yb_article` WHERE ( channel_id =1 ) LIMIT 1   [ RunTime:0.0000s ]
SQL: SHOW COLUMNS FROM `yb_article` [ RunTime:0.0010s ]
SQL: SELECT * FROM `yb_article` WHERE ( channel_id =1 ) LIMIT 0,10   [ RunTime:0.0010s ]
NOTIC: [8] Use of undefined constant message - assumed 'message' D:\freehost\ngxz92\web\Application\Home\Controller\MessagePageController.class.php 第 19 行.
INFO: [ view_parse ] --START--
INFO: [ template_filter ] --START--
INFO: Run Behavior\ContentReplaceBehavior [ RunTime:0.000000s ]
INFO: [ template_filter ] --END-- [ RunTime:0.000000s ]
NOTIC: [8] Undefined variable: page D:\freehost\ngxz92\web\Application\Runtime\Cache\Home\547288f37bb8311e0073038b1f97e809.php 第 26 行.
NOTIC: [8] Undefined variable: page D:\freehost\ngxz92\web\Application\Runtime\Cache\Home\547288f37bb8311e0073038b1f97e809.php 第 28 行.
INFO: Run Behavior\ParseTemplateBehavior [ RunTime:0.005000s ]
INFO: [ view_parse ] --END-- [ RunTime:0.006000s ]
INFO: [ view_filter ] --START--
INFO: Run Behavior\WriteHtmlCacheBehavior [ RunTime:0.000000s ]
INFO: [ view_filter ] --END-- [ RunTime:0.000000s ]
INFO: [ app_end ] --START--
INFO: Run Behavior\ShowPageTraceBehavior [ RunTime:0.000000s ]
INFO: [ app_end ] --END-- [ RunTime:0.000000s ]

[ 2017-07-02T18:13:29+08:00 ] 101.199.108.52 /index.php?m=Home&c=IndexPage&a=indexLoad
INFO: [ app_init ] --START--
INFO: Run Behavior\BuildLiteBehavior [ RunTime:0.000000s ]
INFO: [ app_init ] --END-- [ RunTime:0.000000s ]
INFO: [ app_begin ] --START--
INFO: Run Behavior\ReadHtmlCacheBehavior [ RunTime:0.001000s ]
INFO: [ app_begin ] --END-- [ RunTime:0.001000s ]
SQL: SHOW COLUMNS FROM `yb_article` [ RunTime:0.0020s ]
SQL: SELECT * FROM `yb_article` WHERE ( channel_id = 1 ) ORDER BY time desc LIMIT 5   [ RunTime:0.0000s ]
SQL: SHOW COLUMNS FROM `yb_article` [ RunTime:0.0010s ]
SQL: SELECT * FROM `yb_article` WHERE ( channel_id = 1 )  [ RunTime:0.0000s ]
NOTIC: [8] Use of undefined constant index - assumed 'index' D:\freehost\ngxz92\web\Application\Home\Controller\IndexPageController.class.php 第 19 行.
INFO: [ view_parse ] --START--
INFO: [ template_filter ] --START--
INFO: Run Behavior\ContentReplaceBehavior [ RunTime:0.000000s ]
INFO: [ template_filter ] --END-- [ RunTime:0.000000s ]
INFO: Run Behavior\ParseTemplateBehavior [ RunTime:0.007001s ]
INFO: [ view_parse ] --END-- [ RunTime:0.007001s ]
INFO: [ view_filter ] --START--
INFO: Run Behavior\WriteHtmlCacheBehavior [ RunTime:0.000000s ]
INFO: [ view_filter ] --END-- [ RunTime:0.000000s ]
INFO: [ app_end ] --START--
INFO: Run Behavior\ShowPageTraceBehavior [ RunTime:0.000000s ]
INFO: [ app_end ] --END-- [ RunTime:0.000000s ]

[ 2017-07-02T18:13:43+08:00 ] 101.199.108.119 /index.php?m=Home&c=IndexPage&a=indexLoad
INFO: [ app_init ] --START--
INFO: Run Behavior\BuildLiteBehavior [ RunTime:0.000000s ]
INFO: [ app_init ] --END-- [ RunTime:0.000000s ]
INFO: [ app_begin ] --START--
INFO: Run Behavior\ReadHtmlCacheBehavior [ RunTime:0.000000s ]
INFO: [ app_begin ] --END-- [ RunTime:0.000000s ]
SQL: SHOW COLUMNS FROM `yb_article` [ RunTime:0.0020s ]
SQL: SELECT * FROM `yb_article` WHERE ( channel_id = 1 ) ORDER BY time desc LIMIT 5   [ RunTime:0.0010s ]
SQL: SHOW COLUMNS FROM `yb_article` [ RunTime:0.0010s ]
SQL: SELECT * FROM `yb_article` WHERE ( channel_id = 1 )  [ RunTime:0.0010s ]
NOTIC: [8] Use of undefined constant index - assumed 'index' D:\freehost\ngxz92\web\Application\Home\Controller\IndexPageController.class.php 第 19 行.
INFO: [ view_parse ] --START--
INFO: [ template_filter ] --START--
INFO: Run Behavior\ContentReplaceBehavior [ RunTime:0.000000s ]
INFO: [ template_filter ] --END-- [ RunTime:0.000000s ]
INFO: Run Behavior\ParseTemplateBehavior [ RunTime:0.007000s ]
INFO: [ view_parse ] --END-- [ RunTime:0.007000s ]
INFO: [ view_filter ] --START--
INFO: Run Behavior\WriteHtmlCacheBehavior [ RunTime:0.000000s ]
INFO: [ view_filter ] --END-- [ RunTime:0.000000s ]
INFO: [ app_end ] --START--
INFO: Run Behavior\ShowPageTraceBehavior [ RunTime:0.000000s ]
INFO: [ app_end ] --END-- [ RunTime:0.000000s ]

[ 2017-07-02T18:13:59+08:00 ] 220.181.132.214 /index.php/Home/MessagePage/message
INFO: [ app_init ] --START--
INFO: Run Behavior\BuildLiteBehavior [ RunTime:0.000000s ]
INFO: [ app_init ] --END-- [ RunTime:0.000000s ]
INFO: [ app_begin ] --START--
INFO: Run Behavior\ReadHtmlCacheBehavior [ RunTime:0.000000s ]
INFO: [ app_begin ] --END-- [ RunTime:0.000000s ]
SQL: SHOW COLUMNS FROM `yb_article` [ RunTime:0.0010s ]
SQL: SELECT COUNT(*) AS tp_count FROM `yb_article` WHERE ( channel_id =1 ) LIMIT 1   [ RunTime:0.0000s ]
SQL: SHOW COLUMNS FROM `yb_article` [ RunTime:0.0010s ]
SQL: SELECT * FROM `yb_article` WHERE ( channel_id =1 ) LIMIT 0,10   [ RunTime:0.0000s ]
NOTIC: [8] Use of undefined constant message - assumed 'message' D:\freehost\ngxz92\web\Application\Home\Controller\MessagePageController.class.php 第 19 行.
INFO: [ view_parse ] --START--
INFO: [ template_filter ] --START--
INFO: Run Behavior\ContentReplaceBehavior [ RunTime:0.001000s ]
INFO: [ template_filter ] --END-- [ RunTime:0.001000s ]
NOTIC: [8] Undefined variable: page D:\freehost\ngxz92\web\Application\Runtime\Cache\Home\547288f37bb8311e0073038b1f97e809.php 第 26 行.
NOTIC: [8] Undefined variable: page D:\freehost\ngxz92\web\Application\Runtime\Cache\Home\547288f37bb8311e0073038b1f97e809.php 第 28 行.
INFO: Run Behavior\ParseTemplateBehavior [ RunTime:0.005000s ]
INFO: [ view_parse ] --END-- [ RunTime:0.005000s ]
INFO: [ view_filter ] --START--
INFO: Run Behavior\WriteHtmlCacheBehavior [ RunTime:0.001000s ]
INFO: [ view_filter ] --END-- [ RunTime:0.001000s ]
INFO: [ app_end ] --START--
INFO: Run Behavior\ShowPageTraceBehavior [ RunTime:0.000000s ]
INFO: [ app_end ] --END-- [ RunTime:0.000000s ]

[ 2017-07-02T18:14:15+08:00 ] 220.181.132.214 /index.php/Home/WebPage/webLoad
INFO: [ app_init ] --START--
INFO: Run Behavior\BuildLiteBehavior [ RunTime:0.000000s ]
INFO: [ app_init ] --END-- [ RunTime:0.000000s ]
INFO: [ app_begin ] --START--
INFO: Run Behavior\ReadHtmlCacheBehavior [ RunTime:0.001000s ]
INFO: [ app_begin ] --END-- [ RunTime:0.001000s ]
SQL: SHOW COLUMNS FROM `yb_article` [ RunTime:0.0020s ]
SQL: SELECT COUNT(*) AS tp_count FROM `yb_article` WHERE ( channel_id =2 ) LIMIT 1   [ RunTime:0.0000s ]
SQL: SHOW COLUMNS FROM `yb_article` [ RunTime:0.0010s ]
SQL: SELECT * FROM `yb_article` WHERE ( channel_id =2 ) LIMIT 0,10   [ RunTime:0.0000s ]
NOTIC: [8] Use of undefined constant web - assumed 'web' D:\freehost\ngxz92\web\Application\Home\Controller\WebPageController.class.php 第 19 行.
INFO: [ view_parse ] --START--
INFO: [ template_filter ] --START--
INFO: Run Behavior\ContentReplaceBehavior [ RunTime:0.000000s ]
INFO: [ template_filter ] --END-- [ RunTime:0.000000s ]
NOTIC: [8] Undefined variable: page D:\freehost\ngxz92\web\Application\Runtime\Cache\Home\74fe89c0481876bdb979ee8aa66ef5ab.php 第 24 行.
NOTIC: [8] Undefined variable: page D:\freehost\ngxz92\web\Application\Runtime\Cache\Home\74fe89c0481876bdb979ee8aa66ef5ab.php 第 26 行.
INFO: Run Behavior\ParseTemplateBehavior [ RunTime:0.005000s ]
INFO: [ view_parse ] --END-- [ RunTime:0.005000s ]
INFO: [ view_filter ] --START--
INFO: Run Behavior\WriteHtmlCacheBehavior [ RunTime:0.000000s ]
INFO: [ view_filter ] --END-- [ RunTime:0.000000s ]
INFO: [ app_end ] --START--
INFO: Run Behavior\ShowPageTraceBehavior [ RunTime:0.001000s ]
INFO: [ app_end ] --END-- [ RunTime:0.001000s ]

[ 2017-07-02T18:14:15+08:00 ] 220.181.132.198 /index.php/Home/MessagePage/message
INFO: [ app_init ] --START--
INFO: Run Behavior\BuildLiteBehavior [ RunTime:0.000000s ]
INFO: [ app_init ] --END-- [ RunTime:0.000000s ]
INFO: [ app_begin ] --START--
INFO: Run Behavior\ReadHtmlCacheBehavior [ RunTime:0.000000s ]
INFO: [ app_begin ] --END-- [ RunTime:0.000000s ]
SQL: SHOW COLUMNS FROM `yb_article` [ RunTime:0.0020s ]
SQL: SELECT COUNT(*) AS tp_count FROM `yb_article` WHERE ( channel_id =1 ) LIMIT 1   [ RunTime:0.0000s ]
SQL: SHOW COLUMNS FROM `yb_article` [ RunTime:0.0010s ]
SQL: SELECT * FROM `yb_article` WHERE ( channel_id =1 ) LIMIT 0,10   [ RunTime:0.0000s ]
NOTIC: [8] Use of undefined constant message - assumed 'message' D:\freehost\ngxz92\web\Application\Home\Controller\MessagePageController.class.php 第 19 行.
INFO: [ view_parse ] --START--
INFO: [ template_filter ] --START--
INFO: Run Behavior\ContentReplaceBehavior [ RunTime:0.000000s ]
INFO: [ template_filter ] --END-- [ RunTime:0.000000s ]
NOTIC: [8] Undefined variable: page D:\freehost\ngxz92\web\Application\Runtime\Cache\Home\547288f37bb8311e0073038b1f97e809.php 第 26 行.
NOTIC: [8] Undefined variable: page D:\freehost\ngxz92\web\Application\Runtime\Cache\Home\547288f37bb8311e0073038b1f97e809.php 第 28 行.
INFO: Run Behavior\ParseTemplateBehavior [ RunTime:0.006000s ]
INFO: [ view_parse ] --END-- [ RunTime:0.006000s ]
INFO: [ view_filter ] --START--
INFO: Run Behavior\WriteHtmlCacheBehavior [ RunTime:0.000000s ]
INFO: [ view_filter ] --END-- [ RunTime:0.000000s ]
INFO: [ app_end ] --START--
INFO: Run Behavior\ShowPageTraceBehavior [ RunTime:0.000000s ]
INFO: [ app_end ] --END-- [ RunTime:0.000000s ]

[ 2017-07-02T18:14:33+08:00 ] 101.199.108.54 /index.php/Home/WebPage/webLoad
INFO: [ app_init ] --START--
INFO: Run Behavior\BuildLiteBehavior [ RunTime:0.000000s ]
INFO: [ app_init ] --END-- [ RunTime:0.001000s ]
INFO: [ app_begin ] --START--
INFO: Run Behavior\ReadHtmlCacheBehavior [ RunTime:0.000000s ]
INFO: [ app_begin ] --END-- [ RunTime:0.000000s ]
SQL: SHOW COLUMNS FROM `yb_article` [ RunTime:0.0030s ]
SQL: SELECT COUNT(*) AS tp_count FROM `yb_article` WHERE ( channel_id =2 ) LIMIT 1   [ RunTime:0.0000s ]
SQL: SHOW COLUMNS FROM `yb_article` [ RunTime:0.0030s ]
SQL: SELECT * FROM `yb_article` WHERE ( channel_id =2 ) LIMIT 0,10   [ RunTime:0.0000s ]
NOTIC: [8] Use of undefined constant web - assumed 'web' D:\freehost\ngxz92\web\Application\Home\Controller\WebPageController.class.php 第 19 行.
INFO: [ view_parse ] --START--
INFO: [ template_filter ] --START--
INFO: Run Behavior\ContentReplaceBehavior [ RunTime:0.000000s ]
INFO: [ template_filter ] --END-- [ RunTime:0.000000s ]
NOTIC: [8] Undefined variable: page D:\freehost\ngxz92\web\Application\Runtime\Cache\Home\74fe89c0481876bdb979ee8aa66ef5ab.php 第 24 行.
NOTIC: [8] Undefined variable: page D:\freehost\ngxz92\web\Application\Runtime\Cache\Home\74fe89c0481876bdb979ee8aa66ef5ab.php 第 26 行.
INFO: Run Behavior\ParseTemplateBehavior [ RunTime:0.006001s ]
INFO: [ view_parse ] --END-- [ RunTime:0.006001s ]
INFO: [ view_filter ] --START--
INFO: Run Behavior\WriteHtmlCacheBehavior [ RunTime:0.000000s ]
INFO: [ view_filter ] --END-- [ RunTime:0.000000s ]
INFO: [ app_end ] --START--
INFO: Run Behavior\ShowPageTraceBehavior [ RunTime:0.000000s ]
INFO: [ app_end ] --END-- [ RunTime:0.000000s ]

[ 2017-07-02T19:02:03+08:00 ] 61.135.169.7 /index.php?m=Home&c=Callback&a=send&callback=jQuery18309304857142269611_1498993152329&_=1498993152387
INFO: [ app_init ] --START--
INFO: Run Behavior\BuildLiteBehavior [ RunTime:0.000000s ]
INFO: [ app_init ] --END-- [ RunTime:0.001000s ]
INFO: [ app_begin ] --START--
INFO: Run Behavior\ReadHtmlCacheBehavior [ RunTime:0.001000s ]
INFO: [ app_begin ] --END-- [ RunTime:0.001000s ]
INFO: [ app_end ] --START--
INFO: Run Behavior\ShowPageTraceBehavior [ RunTime:0.001000s ]
INFO: [ app_end ] --END-- [ RunTime:0.001000s ]

[ 2017-07-02T20:37:14+08:00 ] 125.84.85.203 /index.php?m=Home&c=IndexPage&a=indexLoad
INFO: [ app_init ] --START--
INFO: Run Behavior\BuildLiteBehavior [ RunTime:0.000000s ]
INFO: [ app_init ] --END-- [ RunTime:0.000000s ]
INFO: [ app_begin ] --START--
INFO: Run Behavior\ReadHtmlCacheBehavior [ RunTime:0.000000s ]
INFO: [ app_begin ] --END-- [ RunTime:0.000000s ]
SQL: SHOW COLUMNS FROM `yb_article` [ RunTime:0.0270s ]
SQL: SELECT * FROM `yb_article` WHERE ( channel_id = 1 ) ORDER BY time desc LIMIT 5   [ RunTime:0.0000s ]
SQL: SHOW COLUMNS FROM `yb_article` [ RunTime:0.0020s ]
SQL: SELECT * FROM `yb_article` WHERE ( channel_id = 1 )  [ RunTime:0.0000s ]
NOTIC: [8] Use of undefined constant index - assumed 'index' D:\freehost\ngxz92\web\Application\Home\Controller\IndexPageController.class.php 第 19 行.
INFO: [ view_parse ] --START--
INFO: [ template_filter ] --START--
INFO: Run Behavior\ContentReplaceBehavior [ RunTime:0.000000s ]
INFO: [ template_filter ] --END-- [ RunTime:0.000000s ]
INFO: Run Behavior\ParseTemplateBehavior [ RunTime:0.046002s ]
INFO: [ view_parse ] --END-- [ RunTime:0.046002s ]
INFO: [ view_filter ] --START--
INFO: Run Behavior\WriteHtmlCacheBehavior [ RunTime:0.007001s ]
INFO: [ view_filter ] --END-- [ RunTime:0.007001s ]
INFO: [ app_end ] --START--
INFO: Run Behavior\ShowPageTraceBehavior [ RunTime:0.001000s ]
INFO: [ app_end ] --END-- [ RunTime:0.001000s ]

[ 2017-07-02T21:00:47+08:00 ] 125.84.85.203 /index.php?m=Home&c=IndexPage&a=indexLoad
INFO: [ app_init ] --START--
INFO: Run Behavior\BuildLiteBehavior [ RunTime:0.000000s ]
INFO: [ app_init ] --END-- [ RunTime:0.000000s ]
INFO: [ app_begin ] --START--
INFO: Run Behavior\ReadHtmlCacheBehavior [ RunTime:0.000000s ]
INFO: [ app_begin ] --END-- [ RunTime:0.001000s ]
SQL: SHOW COLUMNS FROM `yb_article` [ RunTime:0.0010s ]
SQL: SELECT * FROM `yb_article` WHERE ( channel_id = 1 ) ORDER BY time desc LIMIT 5   [ RunTime:0.0000s ]
SQL: SHOW COLUMNS FROM `yb_article` [ RunTime:0.0010s ]
SQL: SELECT * FROM `yb_article` WHERE ( channel_id = 1 )  [ RunTime:0.0000s ]
NOTIC: [8] Use of undefined constant index - assumed 'index' D:\freehost\ngxz92\web\Application\Home\Controller\IndexPageController.class.php 第 19 行.
INFO: [ view_parse ] --START--
INFO: [ template_filter ] --START--
INFO: Run Behavior\ContentReplaceBehavior [ RunTime:0.000000s ]
INFO: [ template_filter ] --END-- [ RunTime:0.000000s ]
INFO: Run Behavior\ParseTemplateBehavior [ RunTime:0.013000s ]
INFO: [ view_parse ] --END-- [ RunTime:0.013000s ]
INFO: [ view_filter ] --START--
INFO: Run Behavior\WriteHtmlCacheBehavior [ RunTime:0.000000s ]
INFO: [ view_filter ] --END-- [ RunTime:0.000000s ]
INFO: [ app_end ] --START--
INFO: Run Behavior\ShowPageTraceBehavior [ RunTime:0.001000s ]
INFO: [ app_end ] --END-- [ RunTime:0.001000s ]

[ 2017-07-02T21:00:50+08:00 ] 125.84.85.203 /index.php/Home/MessagePage/message
INFO: [ app_init ] --START--
INFO: Run Behavior\BuildLiteBehavior [ RunTime:0.000000s ]
INFO: [ app_init ] --END-- [ RunTime:0.001000s ]
INFO: [ app_begin ] --START--
INFO: Run Behavior\ReadHtmlCacheBehavior [ RunTime:0.000000s ]
INFO: [ app_begin ] --END-- [ RunTime:0.000000s ]
SQL: SHOW COLUMNS FROM `yb_article` [ RunTime:0.0010s ]
SQL: SELECT COUNT(*) AS tp_count FROM `yb_article` WHERE ( channel_id =1 ) LIMIT 1   [ RunTime:0.0000s ]
SQL: SHOW COLUMNS FROM `yb_article` [ RunTime:0.0010s ]
SQL: SELECT * FROM `yb_article` WHERE ( channel_id =1 ) LIMIT 0,10   [ RunTime:0.0000s ]
NOTIC: [8] Use of undefined constant message - assumed 'message' D:\freehost\ngxz92\web\Application\Home\Controller\MessagePageController.class.php 第 19 行.
INFO: [ view_parse ] --START--
INFO: [ template_filter ] --START--
INFO: Run Behavior\ContentReplaceBehavior [ RunTime:0.000000s ]
INFO: [ template_filter ] --END-- [ RunTime:0.000000s ]
NOTIC: [8] Undefined variable: page D:\freehost\ngxz92\web\Application\Runtime\Cache\Home\547288f37bb8311e0073038b1f97e809.php 第 26 行.
NOTIC: [8] Undefined variable: page D:\freehost\ngxz92\web\Application\Runtime\Cache\Home\547288f37bb8311e0073038b1f97e809.php 第 28 行.
INFO: Run Behavior\ParseTemplateBehavior [ RunTime:0.006000s ]
INFO: [ view_parse ] --END-- [ RunTime:0.006000s ]
INFO: [ view_filter ] --START--
INFO: Run Behavior\WriteHtmlCacheBehavior [ RunTime:0.001000s ]
INFO: [ view_filter ] --END-- [ RunTime:0.001000s ]
INFO: [ app_end ] --START--
INFO: Run Behavior\ShowPageTraceBehavior [ RunTime:0.000000s ]
INFO: [ app_end ] --END-- [ RunTime:0.000000s ]

[ 2017-07-02T21:00:54+08:00 ] 125.84.85.203 /index.php/Home/MessagePage/message
INFO: [ app_init ] --START--
INFO: Run Behavior\BuildLiteBehavior [ RunTime:0.000000s ]
INFO: [ app_init ] --END-- [ RunTime:0.000000s ]
INFO: [ app_begin ] --START--
INFO: Run Behavior\ReadHtmlCacheBehavior [ RunTime:0.000000s ]
INFO: [ app_begin ] --END-- [ RunTime:0.000000s ]
SQL: SHOW COLUMNS FROM `yb_article` [ RunTime:0.0020s ]
SQL: SELECT COUNT(*) AS tp_count FROM `yb_article` WHERE ( channel_id =1 ) LIMIT 1   [ RunTime:0.0000s ]
SQL: SHOW COLUMNS FROM `yb_article` [ RunTime:0.0010s ]
SQL: SELECT * FROM `yb_article` WHERE ( channel_id =1 ) LIMIT 0,10   [ RunTime:0.0000s ]
NOTIC: [8] Use of undefined constant message - assumed 'message' D:\freehost\ngxz92\web\Application\Home\Controller\MessagePageController.class.php 第 19 行.
INFO: [ view_parse ] --START--
INFO: [ template_filter ] --START--
INFO: Run Behavior\ContentReplaceBehavior [ RunTime:0.000000s ]
INFO: [ template_filter ] --END-- [ RunTime:0.000000s ]
NOTIC: [8] Undefined variable: page D:\freehost\ngxz92\web\Application\Runtime\Cache\Home\547288f37bb8311e0073038b1f97e809.php 第 26 行.
NOTIC: [8] Undefined variable: page D:\freehost\ngxz92\web\Application\Runtime\Cache\Home\547288f37bb8311e0073038b1f97e809.php 第 28 行.
INFO: Run Behavior\ParseTemplateBehavior [ RunTime:0.007001s ]
INFO: [ view_parse ] --END-- [ RunTime:0.007001s ]
INFO: [ view_filter ] --START--
INFO: Run Behavior\WriteHtmlCacheBehavior [ RunTime:0.000000s ]
INFO: [ view_filter ] --END-- [ RunTime:0.000000s ]
INFO: [ app_end ] --START--
INFO: Run Behavior\ShowPageTraceBehavior [ RunTime:0.001000s ]
INFO: [ app_end ] --END-- [ RunTime:0.001000s ]

[ 2017-07-02T21:01:16+08:00 ] 125.84.85.203 /index.php/Home/IndexPage/indexLoad
INFO: [ app_init ] --START--
INFO: Run Behavior\BuildLiteBehavior [ RunTime:0.000000s ]
INFO: [ app_init ] --END-- [ RunTime:0.001000s ]
INFO: [ app_begin ] --START--
INFO: Run Behavior\ReadHtmlCacheBehavior [ RunTime:0.001000s ]
INFO: [ app_begin ] --END-- [ RunTime:0.001000s ]
SQL: SHOW COLUMNS FROM `yb_article` [ RunTime:0.0010s ]
SQL: SELECT * FROM `yb_article` WHERE ( channel_id = 1 ) ORDER BY time desc LIMIT 5   [ RunTime:0.0000s ]
SQL: SHOW COLUMNS FROM `yb_article` [ RunTime:0.0010s ]
SQL: SELECT * FROM `yb_article` WHERE ( channel_id = 1 )  [ RunTime:0.0010s ]
NOTIC: [8] Use of undefined constant index - assumed 'index' D:\freehost\ngxz92\web\Application\Home\Controller\IndexPageController.class.php 第 19 行.
INFO: [ view_parse ] --START--
INFO: [ template_filter ] --START--
INFO: Run Behavior\ContentReplaceBehavior [ RunTime:0.000000s ]
INFO: [ template_filter ] --END-- [ RunTime:0.000000s ]
INFO: Run Behavior\ParseTemplateBehavior [ RunTime:0.007001s ]
INFO: [ view_parse ] --END-- [ RunTime:0.007001s ]
INFO: [ view_filter ] --START--
INFO: Run Behavior\WriteHtmlCacheBehavior [ RunTime:0.000000s ]
INFO: [ view_filter ] --END-- [ RunTime:0.000000s ]
INFO: [ app_end ] --START--
INFO: Run Behavior\ShowPageTraceBehavior [ RunTime:0.000000s ]
INFO: [ app_end ] --END-- [ RunTime:0.000000s ]

[ 2017-07-02T21:01:25+08:00 ] 125.84.85.203 /index.php/Home/MessagePage/message
INFO: [ app_init ] --START--
INFO: Run Behavior\BuildLiteBehavior [ RunTime:0.000000s ]
INFO: [ app_init ] --END-- [ RunTime:0.000000s ]
INFO: [ app_begin ] --START--
INFO: Run Behavior\ReadHtmlCacheBehavior [ RunTime:0.001000s ]
INFO: [ app_begin ] --END-- [ RunTime:0.001000s ]
SQL: SHOW COLUMNS FROM `yb_article` [ RunTime:0.0020s ]
SQL: SELECT COUNT(*) AS tp_count FROM `yb_article` WHERE ( channel_id =1 ) LIMIT 1   [ RunTime:0.0000s ]
SQL: SHOW COLUMNS FROM `yb_article` [ RunTime:0.0010s ]
SQL: SELECT * FROM `yb_article` WHERE ( channel_id =1 ) LIMIT 0,10   [ RunTime:0.0000s ]
NOTIC: [8] Use of undefined constant message - assumed 'message' D:\freehost\ngxz92\web\Application\Home\Controller\MessagePageController.class.php 第 19 行.
INFO: [ view_parse ] --START--
INFO: [ template_filter ] --START--
INFO: Run Behavior\ContentReplaceBehavior [ RunTime:0.000000s ]
INFO: [ template_filter ] --END-- [ RunTime:0.000000s ]
NOTIC: [8] Undefined variable: page D:\freehost\ngxz92\web\Application\Runtime\Cache\Home\547288f37bb8311e0073038b1f97e809.php 第 26 行.
NOTIC: [8] Undefined variable: page D:\freehost\ngxz92\web\Application\Runtime\Cache\Home\547288f37bb8311e0073038b1f97e809.php 第 28 行.
INFO: Run Behavior\ParseTemplateBehavior [ RunTime:0.007000s ]
INFO: [ view_parse ] --END-- [ RunTime:0.007000s ]
INFO: [ view_filter ] --START--
INFO: Run Behavior\WriteHtmlCacheBehavior [ RunTime:0.000000s ]
INFO: [ view_filter ] --END-- [ RunTime:0.000000s ]
INFO: [ app_end ] --START--
INFO: Run Behavior\ShowPageTraceBehavior [ RunTime:0.001000s ]
INFO: [ app_end ] --END-- [ RunTime:0.001000s ]

[ 2017-07-02T21:01:54+08:00 ] 220.181.132.214 /index.php/Home/IndexPage/indexLoad
INFO: [ app_init ] --START--
INFO: Run Behavior\BuildLiteBehavior [ RunTime:0.000000s ]
INFO: [ app_init ] --END-- [ RunTime:0.000000s ]
INFO: [ app_begin ] --START--
INFO: Run Behavior\ReadHtmlCacheBehavior [ RunTime:0.000000s ]
INFO: [ app_begin ] --END-- [ RunTime:0.000000s ]
SQL: SHOW COLUMNS FROM `yb_article` [ RunTime:0.0010s ]
SQL: SELECT * FROM `yb_article` WHERE ( channel_id = 1 ) ORDER BY time desc LIMIT 5   [ RunTime:0.0000s ]
SQL: SHOW COLUMNS FROM `yb_article` [ RunTime:0.0010s ]
SQL: SELECT * FROM `yb_article` WHERE ( channel_id = 1 )  [ RunTime:0.0000s ]
NOTIC: [8] Use of undefined constant index - assumed 'index' D:\freehost\ngxz92\web\Application\Home\Controller\IndexPageController.class.php 第 19 行.
INFO: [ view_parse ] --START--
INFO: [ template_filter ] --START--
INFO: Run Behavior\ContentReplaceBehavior [ RunTime:0.000000s ]
INFO: [ template_filter ] --END-- [ RunTime:0.000000s ]
INFO: Run Behavior\ParseTemplateBehavior [ RunTime:0.007001s ]
INFO: [ view_parse ] --END-- [ RunTime:0.007001s ]
INFO: [ view_filter ] --START--
INFO: Run Behavior\WriteHtmlCacheBehavior [ RunTime:0.000000s ]
INFO: [ view_filter ] --END-- [ RunTime:0.000000s ]
INFO: [ app_end ] --START--
INFO: Run Behavior\ShowPageTraceBehavior [ RunTime:0.001000s ]
INFO: [ app_end ] --END-- [ RunTime:0.001000s ]

[ 2017-07-02T21:02:08+08:00 ] 101.199.108.53 /index.php/Home/IndexPage/indexLoad
INFO: [ app_init ] --START--
INFO: Run Behavior\BuildLiteBehavior [ RunTime:0.000000s ]
INFO: [ app_init ] --END-- [ RunTime:0.001000s ]
INFO: [ app_begin ] --START--
INFO: Run Behavior\ReadHtmlCacheBehavior [ RunTime:0.001000s ]
INFO: [ app_begin ] --END-- [ RunTime:0.001000s ]
SQL: SHOW COLUMNS FROM `yb_article` [ RunTime:0.0020s ]
SQL: SELECT * FROM `yb_article` WHERE ( channel_id = 1 ) ORDER BY time desc LIMIT 5   [ RunTime:0.0000s ]
SQL: SHOW COLUMNS FROM `yb_article` [ RunTime:0.0010s ]
SQL: SELECT * FROM `yb_article` WHERE ( channel_id = 1 )  [ RunTime:0.0000s ]
NOTIC: [8] Use of undefined constant index - assumed 'index' D:\freehost\ngxz92\web\Application\Home\Controller\IndexPageController.class.php 第 19 行.
INFO: [ view_parse ] --START--
INFO: [ template_filter ] --START--
INFO: Run Behavior\ContentReplaceBehavior [ RunTime:0.000000s ]
INFO: [ template_filter ] --END-- [ RunTime:0.000000s ]
INFO: Run Behavior\ParseTemplateBehavior [ RunTime:0.007000s ]
INFO: [ view_parse ] --END-- [ RunTime:0.007000s ]
INFO: [ view_filter ] --START--
INFO: Run Behavior\WriteHtmlCacheBehavior [ RunTime:0.000000s ]
INFO: [ view_filter ] --END-- [ RunTime:0.000000s ]
INFO: [ app_end ] --START--
INFO: Run Behavior\ShowPageTraceBehavior [ RunTime:0.001001s ]
INFO: [ app_end ] --END-- [ RunTime:0.001001s ]

[ 2017-07-02T21:04:11+08:00 ] 125.84.85.203 /index.php/Home/MessagePage/message
INFO: [ app_init ] --START--
INFO: Run Behavior\BuildLiteBehavior [ RunTime:0.000000s ]
INFO: [ app_init ] --END-- [ RunTime:0.000000s ]
INFO: [ app_begin ] --START--
INFO: Run Behavior\ReadHtmlCacheBehavior [ RunTime:0.000000s ]
INFO: [ app_begin ] --END-- [ RunTime:0.000000s ]
SQL: SHOW COLUMNS FROM `yb_article` [ RunTime:0.0020s ]
SQL: SELECT COUNT(*) AS tp_count FROM `yb_article` WHERE ( channel_id =1 ) LIMIT 1   [ RunTime:0.0000s ]
SQL: SHOW COLUMNS FROM `yb_article` [ RunTime:0.0010s ]
SQL: SELECT * FROM `yb_article` WHERE ( channel_id =1 ) LIMIT 0,10   [ RunTime:0.0000s ]
NOTIC: [8] Use of undefined constant message - assumed 'message' D:\freehost\ngxz92\web\Application\Home\Controller\MessagePageController.class.php 第 19 行.
INFO: [ view_parse ] --START--
INFO: [ template_filter ] --START--
INFO: Run Behavior\ContentReplaceBehavior [ RunTime:0.001000s ]
INFO: [ template_filter ] --END-- [ RunTime:0.001000s ]
NOTIC: [8] Undefined variable: page D:\freehost\ngxz92\web\Application\Runtime\Cache\Home\547288f37bb8311e0073038b1f97e809.php 第 26 行.
NOTIC: [8] Undefined variable: page D:\freehost\ngxz92\web\Application\Runtime\Cache\Home\547288f37bb8311e0073038b1f97e809.php 第 28 行.
INFO: Run Behavior\ParseTemplateBehavior [ RunTime:0.007001s ]
INFO: [ view_parse ] --END-- [ RunTime:0.007001s ]
INFO: [ view_filter ] --START--
INFO: Run Behavior\WriteHtmlCacheBehavior [ RunTime:0.000000s ]
INFO: [ view_filter ] --END-- [ RunTime:0.000000s ]
INFO: [ app_end ] --START--
INFO: Run Behavior\ShowPageTraceBehavior [ RunTime:0.000000s ]
INFO: [ app_end ] --END-- [ RunTime:0.000000s ]

[ 2017-07-02T21:04:18+08:00 ] 125.84.85.203 /index.php/Home/ArticleContent/article_content/id/1
INFO: [ app_init ] --START--
INFO: Run Behavior\BuildLiteBehavior [ RunTime:0.000000s ]
INFO: [ app_init ] --END-- [ RunTime:0.001000s ]
INFO: [ app_begin ] --START--
INFO: Run Behavior\ReadHtmlCacheBehavior [ RunTime:0.001000s ]
INFO: [ app_begin ] --END-- [ RunTime:0.001000s ]
SQL: SHOW COLUMNS FROM `yb_article` [ RunTime:0.0010s ]
SQL: SELECT * FROM `yb_article` WHERE ( id = '1' )  [ RunTime:0.0000s ]
NOTIC: [8] Use of undefined constant article_content - assumed 'article_content' D:\freehost\ngxz92\web\Application\Home\Controller\ArticleContentController.class.php 第 18 行.
INFO: [ view_parse ] --START--
INFO: [ template_filter ] --START--
INFO: Run Behavior\ContentReplaceBehavior [ RunTime:0.000000s ]
INFO: [ template_filter ] --END-- [ RunTime:0.000000s ]
INFO: Run Behavior\ParseTemplateBehavior [ RunTime:0.012000s ]
INFO: [ view_parse ] --END-- [ RunTime:0.012000s ]
INFO: [ view_filter ] --START--
INFO: Run Behavior\WriteHtmlCacheBehavior [ RunTime:0.000000s ]
INFO: [ view_filter ] --END-- [ RunTime:0.000000s ]
INFO: [ app_end ] --START--
INFO: Run Behavior\ShowPageTraceBehavior [ RunTime:0.001000s ]
INFO: [ app_end ] --END-- [ RunTime:0.001000s ]

[ 2017-07-02T21:04:25+08:00 ] 125.84.85.203 /index.php/Home/WebPage/webLoad
INFO: [ app_init ] --START--
INFO: Run Behavior\BuildLiteBehavior [ RunTime:0.000000s ]
INFO: [ app_init ] --END-- [ RunTime:0.000000s ]
INFO: [ app_begin ] --START--
INFO: Run Behavior\ReadHtmlCacheBehavior [ RunTime:0.000000s ]
INFO: [ app_begin ] --END-- [ RunTime:0.000000s ]
SQL: SHOW COLUMNS FROM `yb_article` [ RunTime:0.0020s ]
SQL: SELECT COUNT(*) AS tp_count FROM `yb_article` WHERE ( channel_id =2 ) LIMIT 1   [ RunTime:0.0000s ]
SQL: SHOW COLUMNS FROM `yb_article` [ RunTime:0.0040s ]
SQL: SELECT * FROM `yb_article` WHERE ( channel_id =2 ) LIMIT 0,10   [ RunTime:0.0000s ]
NOTIC: [8] Use of undefined constant web - assumed 'web' D:\freehost\ngxz92\web\Application\Home\Controller\WebPageController.class.php 第 19 行.
INFO: [ view_parse ] --START--
INFO: [ template_filter ] --START--
INFO: Run Behavior\ContentReplaceBehavior [ RunTime:0.000000s ]
INFO: [ template_filter ] --END-- [ RunTime:0.000000s ]
NOTIC: [8] Undefined variable: page D:\freehost\ngxz92\web\Application\Runtime\Cache\Home\74fe89c0481876bdb979ee8aa66ef5ab.php 第 24 行.
NOTIC: [8] Undefined variable: page D:\freehost\ngxz92\web\Application\Runtime\Cache\Home\74fe89c0481876bdb979ee8aa66ef5ab.php 第 26 行.
INFO: Run Behavior\ParseTemplateBehavior [ RunTime:0.014001s ]
INFO: [ view_parse ] --END-- [ RunTime:0.015001s ]
INFO: [ view_filter ] --START--
INFO: Run Behavior\WriteHtmlCacheBehavior [ RunTime:0.000000s ]
INFO: [ view_filter ] --END-- [ RunTime:0.000000s ]
INFO: [ app_end ] --START--
INFO: Run Behavior\ShowPageTraceBehavior [ RunTime:0.001000s ]
INFO: [ app_end ] --END-- [ RunTime:0.001000s ]

[ 2017-07-02T21:04:30+08:00 ] 125.84.85.203 /index.php/Home/IndexPage/indexLoad
INFO: [ app_init ] --START--
INFO: Run Behavior\BuildLiteBehavior [ RunTime:0.000000s ]
INFO: [ app_init ] --END-- [ RunTime:0.000000s ]
INFO: [ app_begin ] --START--
INFO: Run Behavior\ReadHtmlCacheBehavior [ RunTime:0.001000s ]
INFO: [ app_begin ] --END-- [ RunTime:0.001000s ]
SQL: SHOW COLUMNS FROM `yb_article` [ RunTime:0.0010s ]
SQL: SELECT * FROM `yb_article` WHERE ( channel_id = 1 ) ORDER BY time desc LIMIT 5   [ RunTime:0.0000s ]
SQL: SHOW COLUMNS FROM `yb_article` [ RunTime:0.0010s ]
SQL: SELECT * FROM `yb_article` WHERE ( channel_id = 1 )  [ RunTime:0.0010s ]
NOTIC: [8] Use of undefined constant index - assumed 'index' D:\freehost\ngxz92\web\Application\Home\Controller\IndexPageController.class.php 第 19 行.
INFO: [ view_parse ] --START--
INFO: [ template_filter ] --START--
INFO: Run Behavior\ContentReplaceBehavior [ RunTime:0.000000s ]
INFO: [ template_filter ] --END-- [ RunTime:0.000000s ]
INFO: Run Behavior\ParseTemplateBehavior [ RunTime:0.007001s ]
INFO: [ view_parse ] --END-- [ RunTime:0.007001s ]
INFO: [ view_filter ] --START--
INFO: Run Behavior\WriteHtmlCacheBehavior [ RunTime:0.000000s ]
INFO: [ view_filter ] --END-- [ RunTime:0.000000s ]
INFO: [ app_end ] --START--
INFO: Run Behavior\ShowPageTraceBehavior [ RunTime:0.001000s ]
INFO: [ app_end ] --END-- [ RunTime:0.001000s ]

[ 2017-07-02T21:04:53+08:00 ] 220.181.132.214 /index.php/Home/ArticleContent/article_content/id/1
INFO: [ app_init ] --START--
INFO: Run Behavior\BuildLiteBehavior [ RunTime:0.000000s ]
INFO: [ app_init ] --END-- [ RunTime:0.001000s ]
INFO: [ app_begin ] --START--
INFO: Run Behavior\ReadHtmlCacheBehavior [ RunTime:0.001000s ]
INFO: [ app_begin ] --END-- [ RunTime:0.001000s ]
SQL: SHOW COLUMNS FROM `yb_article` [ RunTime:0.0060s ]
SQL: SELECT * FROM `yb_article` WHERE ( id = '1' )  [ RunTime:0.0010s ]
NOTIC: [8] Use of undefined constant article_content - assumed 'article_content' D:\freehost\ngxz92\web\Application\Home\Controller\ArticleContentController.class.php 第 18 行.
INFO: [ view_parse ] --START--
INFO: [ template_filter ] --START--
INFO: Run Behavior\ContentReplaceBehavior [ RunTime:0.000000s ]
INFO: [ template_filter ] --END-- [ RunTime:0.001001s ]
INFO: Run Behavior\ParseTemplateBehavior [ RunTime:0.004001s ]
INFO: [ view_parse ] --END-- [ RunTime:0.004001s ]
INFO: [ view_filter ] --START--
INFO: Run Behavior\WriteHtmlCacheBehavior [ RunTime:0.000000s ]
INFO: [ view_filter ] --END-- [ RunTime:0.000000s ]
INFO: [ app_end ] --START--
INFO: Run Behavior\ShowPageTraceBehavior [ RunTime:0.001000s ]
INFO: [ app_end ] --END-- [ RunTime:0.001000s ]

[ 2017-07-02T21:05:03+08:00 ] 101.199.112.52 /index.php/Home/ArticleContent/article_content/id/1
INFO: [ app_init ] --START--
INFO: Run Behavior\BuildLiteBehavior [ RunTime:0.000000s ]
INFO: [ app_init ] --END-- [ RunTime:0.000000s ]
INFO: [ app_begin ] --START--
INFO: Run Behavior\ReadHtmlCacheBehavior [ RunTime:0.000000s ]
INFO: [ app_begin ] --END-- [ RunTime:0.000000s ]
SQL: SHOW COLUMNS FROM `yb_article` [ RunTime:0.0010s ]
SQL: SELECT * FROM `yb_article` WHERE ( id = '1' )  [ RunTime:0.0000s ]
NOTIC: [8] Use of undefined constant article_content - assumed 'article_content' D:\freehost\ngxz92\web\Application\Home\Controller\ArticleContentController.class.php 第 18 行.
INFO: [ view_parse ] --START--
INFO: [ template_filter ] --START--
INFO: Run Behavior\ContentReplaceBehavior [ RunTime:0.000000s ]
INFO: [ template_filter ] --END-- [ RunTime:0.000000s ]
INFO: Run Behavior\ParseTemplateBehavior [ RunTime:0.012001s ]
INFO: [ view_parse ] --END-- [ RunTime:0.012001s ]
INFO: [ view_filter ] --START--
INFO: Run Behavior\WriteHtmlCacheBehavior [ RunTime:0.000000s ]
INFO: [ view_filter ] --END-- [ RunTime:0.000000s ]
INFO: [ app_end ] --START--
INFO: Run Behavior\ShowPageTraceBehavior [ RunTime:0.000000s ]
INFO: [ app_end ] --END-- [ RunTime:0.000000s ]

[ 2017-07-02T21:22:54+08:00 ] 125.84.85.203 /index.php/Home/IndexPage/indexLoad
INFO: [ app_init ] --START--
INFO: Run Behavior\BuildLiteBehavior [ RunTime:0.000000s ]
INFO: [ app_init ] --END-- [ RunTime:0.007001s ]
INFO: [ app_begin ] --START--
INFO: Run Behavior\ReadHtmlCacheBehavior [ RunTime:0.014000s ]
INFO: [ app_begin ] --END-- [ RunTime:0.014000s ]
SQL: SHOW COLUMNS FROM `yb_article` [ RunTime:0.0020s ]
SQL: SELECT * FROM `yb_article` WHERE ( channel_id = 1 ) ORDER BY time desc LIMIT 5   [ RunTime:0.0000s ]
SQL: SHOW COLUMNS FROM `yb_article` [ RunTime:0.0020s ]
SQL: SELECT * FROM `yb_article` WHERE ( channel_id = 1 )  [ RunTime:0.0000s ]
NOTIC: [8] Use of undefined constant index - assumed 'index' D:\freehost\ngxz92\web\Application\Home\Controller\IndexPageController.class.php 第 19 行.
INFO: [ view_parse ] --START--
INFO: [ template_filter ] --START--
INFO: Run Behavior\ContentReplaceBehavior [ RunTime:0.000000s ]
INFO: [ template_filter ] --END-- [ RunTime:0.000000s ]
INFO: Run Behavior\ParseTemplateBehavior [ RunTime:0.046002s ]
INFO: [ view_parse ] --END-- [ RunTime:0.046002s ]
INFO: [ view_filter ] --START--
INFO: Run Behavior\WriteHtmlCacheBehavior [ RunTime:0.008001s ]
INFO: [ view_filter ] --END-- [ RunTime:0.008001s ]
INFO: [ app_end ] --START--
INFO: Run Behavior\ShowPageTraceBehavior [ RunTime:0.009000s ]
INFO: [ app_end ] --END-- [ RunTime:0.009000s ]

[ 2017-07-02T21:22:55+08:00 ] 125.84.85.203 /index.php/Home/MessagePage/message
INFO: [ app_init ] --START--
INFO: Run Behavior\BuildLiteBehavior [ RunTime:0.000000s ]
INFO: [ app_init ] --END-- [ RunTime:0.000000s ]
INFO: [ app_begin ] --START--
INFO: Run Behavior\ReadHtmlCacheBehavior [ RunTime:0.001000s ]
INFO: [ app_begin ] --END-- [ RunTime:0.001000s ]
SQL: SHOW COLUMNS FROM `yb_article` [ RunTime:0.0020s ]
SQL: SELECT COUNT(*) AS tp_count FROM `yb_article` WHERE ( channel_id =1 ) LIMIT 1   [ RunTime:0.0000s ]
SQL: SHOW COLUMNS FROM `yb_article` [ RunTime:0.0020s ]
SQL: SELECT * FROM `yb_article` WHERE ( channel_id =1 ) LIMIT 0,10   [ RunTime:0.0000s ]
NOTIC: [8] Use of undefined constant message - assumed 'message' D:\freehost\ngxz92\web\Application\Home\Controller\MessagePageController.class.php 第 19 行.
INFO: [ view_parse ] --START--
INFO: [ template_filter ] --START--
INFO: Run Behavior\ContentReplaceBehavior [ RunTime:0.000000s ]
INFO: [ template_filter ] --END-- [ RunTime:0.000000s ]
NOTIC: [8] Undefined variable: page D:\freehost\ngxz92\web\Application\Runtime\Cache\Home\547288f37bb8311e0073038b1f97e809.php 第 26 行.
NOTIC: [8] Undefined variable: page D:\freehost\ngxz92\web\Application\Runtime\Cache\Home\547288f37bb8311e0073038b1f97e809.php 第 28 行.
INFO: Run Behavior\ParseTemplateBehavior [ RunTime:0.016001s ]
INFO: [ view_parse ] --END-- [ RunTime:0.016001s ]
INFO: [ view_filter ] --START--
INFO: Run Behavior\WriteHtmlCacheBehavior [ RunTime:0.001000s ]
INFO: [ view_filter ] --END-- [ RunTime:0.001000s ]
INFO: [ app_end ] --START--
INFO: Run Behavior\ShowPageTraceBehavior [ RunTime:0.000000s ]
INFO: [ app_end ] --END-- [ RunTime:0.000000s ]

[ 2017-07-02T21:22:57+08:00 ] 125.84.85.203 /index.php/Home/ArticleContent/article_content/id/1
INFO: [ app_init ] --START--
INFO: Run Behavior\BuildLiteBehavior [ RunTime:0.000000s ]
INFO: [ app_init ] --END-- [ RunTime:0.000000s ]
INFO: [ app_begin ] --START--
INFO: Run Behavior\ReadHtmlCacheBehavior [ RunTime:0.001001s ]
INFO: [ app_begin ] --END-- [ RunTime:0.001001s ]
SQL: SHOW COLUMNS FROM `yb_article` [ RunTime:0.0010s ]
SQL: SELECT * FROM `yb_article` WHERE ( id = '1' )  [ RunTime:0.0000s ]
NOTIC: [8] Use of undefined constant article_content - assumed 'article_content' D:\freehost\ngxz92\web\Application\Home\Controller\ArticleContentController.class.php 第 18 行.
INFO: [ view_parse ] --START--
INFO: [ template_filter ] --START--
INFO: Run Behavior\ContentReplaceBehavior [ RunTime:0.000000s ]
INFO: [ template_filter ] --END-- [ RunTime:0.000000s ]
INFO: Run Behavior\ParseTemplateBehavior [ RunTime:0.005000s ]
INFO: [ view_parse ] --END-- [ RunTime:0.005000s ]
INFO: [ view_filter ] --START--
INFO: Run Behavior\WriteHtmlCacheBehavior [ RunTime:0.000000s ]
INFO: [ view_filter ] --END-- [ RunTime:0.000000s ]
INFO: [ app_end ] --START--
INFO: Run Behavior\ShowPageTraceBehavior [ RunTime:0.001000s ]
INFO: [ app_end ] --END-- [ RunTime:0.001000s ]

[ 2017-07-02T21:23:06+08:00 ] 125.84.85.203 /index.php/Home/ArticleContent/article_content/id/1
INFO: [ app_init ] --START--
INFO: Run Behavior\BuildLiteBehavior [ RunTime:0.000000s ]
INFO: [ app_init ] --END-- [ RunTime:0.001000s ]
INFO: [ app_begin ] --START--
INFO: Run Behavior\ReadHtmlCacheBehavior [ RunTime:0.000000s ]
INFO: [ app_begin ] --END-- [ RunTime:0.000000s ]
SQL: SHOW COLUMNS FROM `yb_article` [ RunTime:0.0020s ]
SQL: SELECT * FROM `yb_article` WHERE ( id = '1' )  [ RunTime:0.0000s ]
NOTIC: [8] Use of undefined constant article_content - assumed 'article_content' D:\freehost\ngxz92\web\Application\Home\Controller\ArticleContentController.class.php 第 18 行.
INFO: [ view_parse ] --START--
INFO: [ template_filter ] --START--
INFO: Run Behavior\ContentReplaceBehavior [ RunTime:0.000000s ]
INFO: [ template_filter ] --END-- [ RunTime:0.001000s ]
INFO: Run Behavior\ParseTemplateBehavior [ RunTime:0.005000s ]
INFO: [ view_parse ] --END-- [ RunTime:0.005000s ]
INFO: [ view_filter ] --START--
INFO: Run Behavior\WriteHtmlCacheBehavior [ RunTime:0.001001s ]
INFO: [ view_filter ] --END-- [ RunTime:0.001001s ]
INFO: [ app_end ] --START--
INFO: Run Behavior\ShowPageTraceBehavior [ RunTime:0.000000s ]
INFO: [ app_end ] --END-- [ RunTime:0.000000s ]

[ 2017-07-02T21:28:44+08:00 ] 125.84.85.203 /index.php?m=Home&c=IndexPage&a=indexLoad
INFO: [ app_init ] --START--
INFO: Run Behavior\BuildLiteBehavior [ RunTime:0.000000s ]
INFO: [ app_init ] --END-- [ RunTime:0.000000s ]
INFO: [ app_begin ] --START--
INFO: Run Behavior\ReadHtmlCacheBehavior [ RunTime:0.001000s ]
INFO: [ app_begin ] --END-- [ RunTime:0.001000s ]
SQL: SHOW COLUMNS FROM `yb_article` [ RunTime:0.0050s ]
SQL: SELECT * FROM `yb_article` WHERE ( channel_id = 1 ) ORDER BY time desc LIMIT 5   [ RunTime:0.0010s ]
SQL: SHOW COLUMNS FROM `yb_article` [ RunTime:0.0040s ]
SQL: SELECT * FROM `yb_article` WHERE ( channel_id = 1 )  [ RunTime:0.0000s ]
NOTIC: [8] Use of undefined constant index - assumed 'index' D:\freehost\ngxz92\web\Application\Home\Controller\IndexPageController.class.php 第 19 行.
INFO: [ view_parse ] --START--
INFO: [ template_filter ] --START--
INFO: Run Behavior\ContentReplaceBehavior [ RunTime:0.000000s ]
INFO: [ template_filter ] --END-- [ RunTime:0.000000s ]
INFO: Run Behavior\ParseTemplateBehavior [ RunTime:0.007000s ]
INFO: [ view_parse ] --END-- [ RunTime:0.007000s ]
INFO: [ view_filter ] --START--
INFO: Run Behavior\WriteHtmlCacheBehavior [ RunTime:0.000000s ]
INFO: [ view_filter ] --END-- [ RunTime:0.000000s ]
INFO: [ app_end ] --START--
INFO: Run Behavior\ShowPageTraceBehavior [ RunTime:0.000000s ]
INFO: [ app_end ] --END-- [ RunTime:0.000000s ]

[ 2017-07-02T21:28:46+08:00 ] 125.84.85.203 /index.php/Home/MessagePage/message
INFO: [ app_init ] --START--
INFO: Run Behavior\BuildLiteBehavior [ RunTime:0.000000s ]
INFO: [ app_init ] --END-- [ RunTime:0.000000s ]
INFO: [ app_begin ] --START--
INFO: Run Behavior\ReadHtmlCacheBehavior [ RunTime:0.000000s ]
INFO: [ app_begin ] --END-- [ RunTime:0.000000s ]
SQL: SHOW COLUMNS FROM `yb_article` [ RunTime:0.0020s ]
SQL: SELECT COUNT(*) AS tp_count FROM `yb_article` WHERE ( channel_id =1 ) LIMIT 1   [ RunTime:0.0000s ]
SQL: SHOW COLUMNS FROM `yb_article` [ RunTime:0.0010s ]
SQL: SELECT * FROM `yb_article` WHERE ( channel_id =1 ) LIMIT 0,10   [ RunTime:0.0000s ]
NOTIC: [8] Use of undefined constant message - assumed 'message' D:\freehost\ngxz92\web\Application\Home\Controller\MessagePageController.class.php 第 19 行.
INFO: [ view_parse ] --START--
INFO: [ template_filter ] --START--
INFO: Run Behavior\ContentReplaceBehavior [ RunTime:0.000000s ]
INFO: [ template_filter ] --END-- [ RunTime:0.000000s ]
NOTIC: [8] Undefined variable: page D:\freehost\ngxz92\web\Application\Runtime\Cache\Home\547288f37bb8311e0073038b1f97e809.php 第 26 行.
NOTIC: [8] Undefined variable: page D:\freehost\ngxz92\web\Application\Runtime\Cache\Home\547288f37bb8311e0073038b1f97e809.php 第 28 行.
INFO: Run Behavior\ParseTemplateBehavior [ RunTime:0.007000s ]
INFO: [ view_parse ] --END-- [ RunTime:0.007000s ]
INFO: [ view_filter ] --START--
INFO: Run Behavior\WriteHtmlCacheBehavior [ RunTime:0.000000s ]
INFO: [ view_filter ] --END-- [ RunTime:0.000000s ]
INFO: [ app_end ] --START--
INFO: Run Behavior\ShowPageTraceBehavior [ RunTime:0.000000s ]
INFO: [ app_end ] --END-- [ RunTime:0.001000s ]

[ 2017-07-02T21:28:49+08:00 ] 125.84.85.203 /index.php/Home/WebPage/webLoad
INFO: [ app_init ] --START--
INFO: Run Behavior\BuildLiteBehavior [ RunTime:0.000000s ]
INFO: [ app_init ] --END-- [ RunTime:0.000000s ]
INFO: [ app_begin ] --START--
INFO: Run Behavior\ReadHtmlCacheBehavior [ RunTime:0.000000s ]
INFO: [ app_begin ] --END-- [ RunTime:0.000000s ]
SQL: SHOW COLUMNS FROM `yb_article` [ RunTime:0.0030s ]
SQL: SELECT COUNT(*) AS tp_count FROM `yb_article` WHERE ( channel_id =2 ) LIMIT 1   [ RunTime:0.0000s ]
SQL: SHOW COLUMNS FROM `yb_article` [ RunTime:0.0030s ]
SQL: SELECT * FROM `yb_article` WHERE ( channel_id =2 ) LIMIT 0,10   [ RunTime:0.0000s ]
NOTIC: [8] Use of undefined constant web - assumed 'web' D:\freehost\ngxz92\web\Application\Home\Controller\WebPageController.class.php 第 19 行.
INFO: [ view_parse ] --START--
INFO: [ template_filter ] --START--
INFO: Run Behavior\ContentReplaceBehavior [ RunTime:0.000000s ]
INFO: [ template_filter ] --END-- [ RunTime:0.000000s ]
NOTIC: [8] Undefined variable: page D:\freehost\ngxz92\web\Application\Runtime\Cache\Home\74fe89c0481876bdb979ee8aa66ef5ab.php 第 24 行.
NOTIC: [8] Undefined variable: page D:\freehost\ngxz92\web\Application\Runtime\Cache\Home\74fe89c0481876bdb979ee8aa66ef5ab.php 第 26 行.
INFO: Run Behavior\ParseTemplateBehavior [ RunTime:0.015001s ]
INFO: [ view_parse ] --END-- [ RunTime:0.015001s ]
INFO: [ view_filter ] --START--
INFO: Run Behavior\WriteHtmlCacheBehavior [ RunTime:0.000000s ]
INFO: [ view_filter ] --END-- [ RunTime:0.000000s ]
INFO: [ app_end ] --START--
INFO: Run Behavior\ShowPageTraceBehavior [ RunTime:0.001000s ]
INFO: [ app_end ] --END-- [ RunTime:0.001000s ]

[ 2017-07-02T21:28:56+08:00 ] 125.84.85.203 /index.php/Home/ArticleContent/article_content/id/12
INFO: [ app_init ] --START--
INFO: Run Behavior\BuildLiteBehavior [ RunTime:0.000000s ]
INFO: [ app_init ] --END-- [ RunTime:0.000000s ]
INFO: [ app_begin ] --START--
INFO: Run Behavior\ReadHtmlCacheBehavior [ RunTime:0.000000s ]
INFO: [ app_begin ] --END-- [ RunTime:0.000000s ]
SQL: SHOW COLUMNS FROM `yb_article` [ RunTime:0.0010s ]
SQL: SELECT * FROM `yb_article` WHERE ( id = '12' )  [ RunTime:0.0000s ]
NOTIC: [8] Use of undefined constant article_content - assumed 'article_content' D:\freehost\ngxz92\web\Application\Home\Controller\ArticleContentController.class.php 第 18 行.
INFO: [ view_parse ] --START--
INFO: [ template_filter ] --START--
INFO: Run Behavior\ContentReplaceBehavior [ RunTime:0.000000s ]
INFO: [ template_filter ] --END-- [ RunTime:0.000000s ]
INFO: Run Behavior\ParseTemplateBehavior [ RunTime:0.005000s ]
INFO: [ view_parse ] --END-- [ RunTime:0.005000s ]
INFO: [ view_filter ] --START--
INFO: Run Behavior\WriteHtmlCacheBehavior [ RunTime:0.000000s ]
INFO: [ view_filter ] --END-- [ RunTime:0.000000s ]
INFO: [ app_end ] --START--
INFO: Run Behavior\ShowPageTraceBehavior [ RunTime:0.000000s ]
INFO: [ app_end ] --END-- [ RunTime:0.000000s ]

[ 2017-07-02T21:29:32+08:00 ] 220.181.132.214 /index.php/Home/ArticleContent/article_content/id/12
INFO: [ app_init ] --START--
INFO: Run Behavior\BuildLiteBehavior [ RunTime:0.000000s ]
INFO: [ app_init ] --END-- [ RunTime:0.000000s ]
INFO: [ app_begin ] --START--
INFO: Run Behavior\ReadHtmlCacheBehavior [ RunTime:0.000000s ]
INFO: [ app_begin ] --END-- [ RunTime:0.000000s ]
SQL: SHOW COLUMNS FROM `yb_article` [ RunTime:0.0010s ]
SQL: SELECT * FROM `yb_article` WHERE ( id = '12' )  [ RunTime:0.0000s ]
NOTIC: [8] Use of undefined constant article_content - assumed 'article_content' D:\freehost\ngxz92\web\Application\Home\Controller\ArticleContentController.class.php 第 18 行.
INFO: [ view_parse ] --START--
INFO: [ template_filter ] --START--
INFO: Run Behavior\ContentReplaceBehavior [ RunTime:0.000000s ]
INFO: [ template_filter ] --END-- [ RunTime:0.000000s ]
INFO: Run Behavior\ParseTemplateBehavior [ RunTime:0.005000s ]
INFO: [ view_parse ] --END-- [ RunTime:0.005000s ]
INFO: [ view_filter ] --START--
INFO: Run Behavior\WriteHtmlCacheBehavior [ RunTime:0.000000s ]
INFO: [ view_filter ] --END-- [ RunTime:0.000000s ]
INFO: [ app_end ] --START--
INFO: Run Behavior\ShowPageTraceBehavior [ RunTime:0.000000s ]
INFO: [ app_end ] --END-- [ RunTime:0.000000s ]

[ 2017-07-02T21:29:45+08:00 ] 101.199.108.55 /index.php/Home/ArticleContent/article_content/id/12
INFO: [ app_init ] --START--
INFO: Run Behavior\BuildLiteBehavior [ RunTime:0.000000s ]
INFO: [ app_init ] --END-- [ RunTime:0.000000s ]
INFO: [ app_begin ] --START--
INFO: Run Behavior\ReadHtmlCacheBehavior [ RunTime:0.001000s ]
INFO: [ app_begin ] --END-- [ RunTime:0.001000s ]
SQL: SHOW COLUMNS FROM `yb_article` [ RunTime:0.0020s ]
SQL: SELECT * FROM `yb_article` WHERE ( id = '12' )  [ RunTime:0.0000s ]
NOTIC: [8] Use of undefined constant article_content - assumed 'article_content' D:\freehost\ngxz92\web\Application\Home\Controller\ArticleContentController.class.php 第 18 行.
INFO: [ view_parse ] --START--
INFO: [ template_filter ] --START--
INFO: Run Behavior\ContentReplaceBehavior [ RunTime:0.000000s ]
INFO: [ template_filter ] --END-- [ RunTime:0.000000s ]
NOTIC: [8] Undefined offset: 0 D:\freehost\ngxz92\web\Application\Runtime\Cache\Home\6d3ddc3f17c852499da0b78089d02ef6.php 第 50 行.
NOTIC: [8] Undefined offset: 0 D:\freehost\ngxz92\web\Application\Runtime\Cache\Home\6d3ddc3f17c852499da0b78089d02ef6.php 第 51 行.
NOTIC: [8] Undefined offset: 0 D:\freehost\ngxz92\web\Application\Runtime\Cache\Home\6d3ddc3f17c852499da0b78089d02ef6.php 第 63 行.
INFO: Run Behavior\ParseTemplateBehavior [ RunTime:0.004000s ]
INFO: [ view_parse ] --END-- [ RunTime:0.004000s ]
INFO: [ view_filter ] --START--
INFO: Run Behavior\WriteHtmlCacheBehavior [ RunTime:0.000000s ]
INFO: [ view_filter ] --END-- [ RunTime:0.000000s ]
INFO: [ app_end ] --START--
INFO: Run Behavior\ShowPageTraceBehavior [ RunTime:0.001000s ]
INFO: [ app_end ] --END-- [ RunTime:0.001000s ]

[ 2017-07-02T21:29:59+08:00 ] 125.84.85.203 /index.php/Home/WebPage/webLoad
INFO: [ app_init ] --START--
INFO: Run Behavior\BuildLiteBehavior [ RunTime:0.000000s ]
INFO: [ app_init ] --END-- [ RunTime:0.001000s ]
INFO: [ app_begin ] --START--
INFO: Run Behavior\ReadHtmlCacheBehavior [ RunTime:0.000000s ]
INFO: [ app_begin ] --END-- [ RunTime:0.000000s ]
SQL: SHOW COLUMNS FROM `yb_article` [ RunTime:0.0030s ]
SQL: SELECT COUNT(*) AS tp_count FROM `yb_article` WHERE ( channel_id =2 ) LIMIT 1   [ RunTime:0.0000s ]
SQL: SHOW COLUMNS FROM `yb_article` [ RunTime:0.0030s ]
SQL: SELECT * FROM `yb_article` WHERE ( channel_id =2 ) LIMIT 0,10   [ RunTime:0.0000s ]
NOTIC: [8] Use of undefined constant web - assumed 'web' D:\freehost\ngxz92\web\Application\Home\Controller\WebPageController.class.php 第 19 行.
INFO: [ view_parse ] --START--
INFO: [ template_filter ] --START--
INFO: Run Behavior\ContentReplaceBehavior [ RunTime:0.000000s ]
INFO: [ template_filter ] --END-- [ RunTime:0.000000s ]
NOTIC: [8] Undefined variable: page D:\freehost\ngxz92\web\Application\Runtime\Cache\Home\74fe89c0481876bdb979ee8aa66ef5ab.php 第 24 行.
NOTIC: [8] Undefined variable: page D:\freehost\ngxz92\web\Application\Runtime\Cache\Home\74fe89c0481876bdb979ee8aa66ef5ab.php 第 26 行.
INFO: Run Behavior\ParseTemplateBehavior [ RunTime:0.006000s ]
INFO: [ view_parse ] --END-- [ RunTime:0.006000s ]
INFO: [ view_filter ] --START--
INFO: Run Behavior\WriteHtmlCacheBehavior [ RunTime:0.000000s ]
INFO: [ view_filter ] --END-- [ RunTime:0.000000s ]
INFO: [ app_end ] --START--
INFO: Run Behavior\ShowPageTraceBehavior [ RunTime:0.001001s ]
INFO: [ app_end ] --END-- [ RunTime:0.001001s ]

[ 2017-07-02T21:30:02+08:00 ] 125.84.85.203 /index.php/Home/MessagePage/message
INFO: [ app_init ] --START--
INFO: Run Behavior\BuildLiteBehavior [ RunTime:0.000000s ]
INFO: [ app_init ] --END-- [ RunTime:0.001000s ]
INFO: [ app_begin ] --START--
INFO: Run Behavior\ReadHtmlCacheBehavior [ RunTime:0.000000s ]
INFO: [ app_begin ] --END-- [ RunTime:0.000000s ]
SQL: SHOW COLUMNS FROM `yb_article` [ RunTime:0.0010s ]
SQL: SELECT COUNT(*) AS tp_count FROM `yb_article` WHERE ( channel_id =1 ) LIMIT 1   [ RunTime:0.0010s ]
SQL: SHOW COLUMNS FROM `yb_article` [ RunTime:0.0010s ]
SQL: SELECT * FROM `yb_article` WHERE ( channel_id =1 ) LIMIT 0,10   [ RunTime:0.0000s ]
NOTIC: [8] Use of undefined constant message - assumed 'message' D:\freehost\ngxz92\web\Application\Home\Controller\MessagePageController.class.php 第 19 行.
INFO: [ view_parse ] --START--
INFO: [ template_filter ] --START--
INFO: Run Behavior\ContentReplaceBehavior [ RunTime:0.000000s ]
INFO: [ template_filter ] --END-- [ RunTime:0.000000s ]
NOTIC: [8] Undefined variable: page D:\freehost\ngxz92\web\Application\Runtime\Cache\Home\547288f37bb8311e0073038b1f97e809.php 第 26 行.
NOTIC: [8] Undefined variable: page D:\freehost\ngxz92\web\Application\Runtime\Cache\Home\547288f37bb8311e0073038b1f97e809.php 第 28 行.
INFO: Run Behavior\ParseTemplateBehavior [ RunTime:0.006001s ]
INFO: [ view_parse ] --END-- [ RunTime:0.006001s ]
INFO: [ view_filter ] --START--
INFO: Run Behavior\WriteHtmlCacheBehavior [ RunTime:0.000000s ]
INFO: [ view_filter ] --END-- [ RunTime:0.000000s ]
INFO: [ app_end ] --START--
INFO: Run Behavior\ShowPageTraceBehavior [ RunTime:0.000000s ]
INFO: [ app_end ] --END-- [ RunTime:0.000000s ]

[ 2017-07-02T21:30:08+08:00 ] 125.84.85.203 /index.php/Home/ArticleContent/article_content/id/1
INFO: [ app_init ] --START--
INFO: Run Behavior\BuildLiteBehavior [ RunTime:0.000000s ]
INFO: [ app_init ] --END-- [ RunTime:0.000000s ]
INFO: [ app_begin ] --START--
INFO: Run Behavior\ReadHtmlCacheBehavior [ RunTime:0.001000s ]
INFO: [ app_begin ] --END-- [ RunTime:0.001000s ]
SQL: SHOW COLUMNS FROM `yb_article` [ RunTime:0.0020s ]
SQL: SELECT * FROM `yb_article` WHERE ( id = '1' )  [ RunTime:0.0000s ]
NOTIC: [8] Use of undefined constant article_content - assumed 'article_content' D:\freehost\ngxz92\web\Application\Home\Controller\ArticleContentController.class.php 第 18 行.
INFO: [ view_parse ] --START--
INFO: [ template_filter ] --START--
INFO: Run Behavior\ContentReplaceBehavior [ RunTime:0.000000s ]
INFO: [ template_filter ] --END-- [ RunTime:0.000000s ]
INFO: Run Behavior\ParseTemplateBehavior [ RunTime:0.004000s ]
INFO: [ view_parse ] --END-- [ RunTime:0.004000s ]
INFO: [ view_filter ] --START--
INFO: Run Behavior\WriteHtmlCacheBehavior [ RunTime:0.001000s ]
INFO: [ view_filter ] --END-- [ RunTime:0.001000s ]
INFO: [ app_end ] --START--
INFO: Run Behavior\ShowPageTraceBehavior [ RunTime:0.000000s ]
INFO: [ app_end ] --END-- [ RunTime:0.000000s ]

[ 2017-07-02T21:30:31+08:00 ] 125.84.85.203 /index.php/Home/IndexPage/indexLoad
INFO: [ app_init ] --START--
INFO: Run Behavior\BuildLiteBehavior [ RunTime:0.000000s ]
INFO: [ app_init ] --END-- [ RunTime:0.001000s ]
INFO: [ app_begin ] --START--
INFO: Run Behavior\ReadHtmlCacheBehavior [ RunTime:0.000000s ]
INFO: [ app_begin ] --END-- [ RunTime:0.000000s ]
SQL: SHOW COLUMNS FROM `yb_article` [ RunTime:0.0010s ]
SQL: SELECT * FROM `yb_article` WHERE ( channel_id = 1 ) ORDER BY time desc LIMIT 5   [ RunTime:0.0000s ]
SQL: SHOW COLUMNS FROM `yb_article` [ RunTime:0.0010s ]
SQL: SELECT * FROM `yb_article` WHERE ( channel_id = 1 )  [ RunTime:0.0000s ]
NOTIC: [8] Use of undefined constant index - assumed 'index' D:\freehost\ngxz92\web\Application\Home\Controller\IndexPageController.class.php 第 19 行.
INFO: [ view_parse ] --START--
INFO: [ template_filter ] --START--
INFO: Run Behavior\ContentReplaceBehavior [ RunTime:0.000000s ]
INFO: [ template_filter ] --END-- [ RunTime:0.000000s ]
INFO: Run Behavior\ParseTemplateBehavior [ RunTime:0.007000s ]
INFO: [ view_parse ] --END-- [ RunTime:0.007000s ]
INFO: [ view_filter ] --START--
INFO: Run Behavior\WriteHtmlCacheBehavior [ RunTime:0.000000s ]
INFO: [ view_filter ] --END-- [ RunTime:0.000000s ]
INFO: [ app_end ] --START--
INFO: Run Behavior\ShowPageTraceBehavior [ RunTime:0.000000s ]
INFO: [ app_end ] --END-- [ RunTime:0.000000s ]

[ 2017-07-02T21:42:03+08:00 ] 125.84.85.203 /index.php?m=Home&c=IndexPage&a=indexLoad
INFO: [ app_init ] --START--
INFO: Run Behavior\BuildLiteBehavior [ RunTime:0.000000s ]
INFO: [ app_init ] --END-- [ RunTime:0.000000s ]
INFO: [ app_begin ] --START--
INFO: Run Behavior\ReadHtmlCacheBehavior [ RunTime:0.000000s ]
INFO: [ app_begin ] --END-- [ RunTime:0.000000s ]
SQL: SHOW COLUMNS FROM `yb_article` [ RunTime:0.0020s ]
SQL: SELECT * FROM `yb_article` WHERE ( channel_id = 1 ) ORDER BY time desc LIMIT 5   [ RunTime:0.0000s ]
SQL: SHOW COLUMNS FROM `yb_article` [ RunTime:0.0020s ]
SQL: SELECT * FROM `yb_article` WHERE ( channel_id = 1 )  [ RunTime:0.0000s ]
NOTIC: [8] Use of undefined constant index - assumed 'index' D:\freehost\ngxz92\web\Application\Home\Controller\IndexPageController.class.php 第 19 行.
INFO: [ view_parse ] --START--
INFO: [ template_filter ] --START--
INFO: Run Behavior\ContentReplaceBehavior [ RunTime:0.000000s ]
INFO: [ template_filter ] --END-- [ RunTime:0.000000s ]
INFO: Run Behavior\ParseTemplateBehavior [ RunTime:0.006000s ]
INFO: [ view_parse ] --END-- [ RunTime:0.006000s ]
INFO: [ view_filter ] --START--
INFO: Run Behavior\WriteHtmlCacheBehavior [ RunTime:0.000000s ]
INFO: [ view_filter ] --END-- [ RunTime:0.001000s ]
INFO: [ app_end ] --START--
INFO: Run Behavior\ShowPageTraceBehavior [ RunTime:0.000000s ]
INFO: [ app_end ] --END-- [ RunTime:0.000000s ]

[ 2017-07-02T21:43:35+08:00 ] 125.84.85.203 /index.php?m=Home&c=IndexPage&a=indexLoad
INFO: [ app_init ] --START--
INFO: Run Behavior\BuildLiteBehavior [ RunTime:0.000000s ]
INFO: [ app_init ] --END-- [ RunTime:0.000000s ]
INFO: [ app_begin ] --START--
INFO: Run Behavior\ReadHtmlCacheBehavior [ RunTime:0.000000s ]
INFO: [ app_begin ] --END-- [ RunTime:0.000000s ]
SQL: SHOW COLUMNS FROM `yb_article` [ RunTime:0.0020s ]
SQL: SELECT * FROM `yb_article` WHERE ( channel_id = 1 ) ORDER BY time desc LIMIT 5   [ RunTime:0.0000s ]
SQL: SHOW COLUMNS FROM `yb_article` [ RunTime:0.0020s ]
SQL: SELECT * FROM `yb_article` WHERE ( channel_id = 1 )  [ RunTime:0.0000s ]
NOTIC: [8] Use of undefined constant index - assumed 'index' D:\freehost\ngxz92\web\Application\Home\Controller\IndexPageController.class.php 第 19 行.
INFO: [ view_parse ] --START--
INFO: [ template_filter ] --START--
INFO: Run Behavior\ContentReplaceBehavior [ RunTime:0.000000s ]
INFO: [ template_filter ] --END-- [ RunTime:0.000000s ]
INFO: Run Behavior\ParseTemplateBehavior [ RunTime:0.006000s ]
INFO: [ view_parse ] --END-- [ RunTime:0.006000s ]
INFO: [ view_filter ] --START--
INFO: Run Behavior\WriteHtmlCacheBehavior [ RunTime:0.001000s ]
INFO: [ view_filter ] --END-- [ RunTime:0.001000s ]
INFO: [ app_end ] --START--
INFO: Run Behavior\ShowPageTraceBehavior [ RunTime:0.000000s ]
INFO: [ app_end ] --END-- [ RunTime:0.000000s ]

[ 2017-07-02T21:43:44+08:00 ] 125.84.85.203 /index.php/Home/MessagePage/message
INFO: [ app_init ] --START--
INFO: Run Behavior\BuildLiteBehavior [ RunTime:0.000000s ]
INFO: [ app_init ] --END-- [ RunTime:0.000000s ]
INFO: [ app_begin ] --START--
INFO: Run Behavior\ReadHtmlCacheBehavior [ RunTime:0.000000s ]
INFO: [ app_begin ] --END-- [ RunTime:0.000000s ]
SQL: SHOW COLUMNS FROM `yb_article` [ RunTime:0.0020s ]
SQL: SELECT COUNT(*) AS tp_count FROM `yb_article` WHERE ( channel_id =1 ) LIMIT 1   [ RunTime:0.0000s ]
SQL: SHOW COLUMNS FROM `yb_article` [ RunTime:0.0020s ]
SQL: SELECT * FROM `yb_article` WHERE ( channel_id =1 ) LIMIT 0,10   [ RunTime:0.0000s ]
NOTIC: [8] Use of undefined constant message - assumed 'message' D:\freehost\ngxz92\web\Application\Home\Controller\MessagePageController.class.php 第 19 行.
INFO: [ view_parse ] --START--
INFO: [ template_filter ] --START--
INFO: Run Behavior\ContentReplaceBehavior [ RunTime:0.000000s ]
INFO: [ template_filter ] --END-- [ RunTime:0.000000s ]
NOTIC: [8] Undefined variable: page D:\freehost\ngxz92\web\Application\Runtime\Cache\Home\547288f37bb8311e0073038b1f97e809.php 第 26 行.
NOTIC: [8] Undefined variable: page D:\freehost\ngxz92\web\Application\Runtime\Cache\Home\547288f37bb8311e0073038b1f97e809.php 第 28 行.
INFO: Run Behavior\ParseTemplateBehavior [ RunTime:0.006000s ]
INFO: [ view_parse ] --END-- [ RunTime:0.006000s ]
INFO: [ view_filter ] --START--
INFO: Run Behavior\WriteHtmlCacheBehavior [ RunTime:0.001000s ]
INFO: [ view_filter ] --END-- [ RunTime:0.001000s ]
INFO: [ app_end ] --START--
INFO: Run Behavior\ShowPageTraceBehavior [ RunTime:0.000000s ]
INFO: [ app_end ] --END-- [ RunTime:0.000000s ]

[ 2017-07-02T21:50:38+08:00 ] 125.84.85.203 /index.php/Home/MessagePage/message
INFO: [ app_init ] --START--
INFO: Run Behavior\BuildLiteBehavior [ RunTime:0.000000s ]
INFO: [ app_init ] --END-- [ RunTime:0.000000s ]
INFO: [ app_begin ] --START--
INFO: Run Behavior\ReadHtmlCacheBehavior [ RunTime:0.000000s ]
INFO: [ app_begin ] --END-- [ RunTime:0.000000s ]
SQL: SHOW COLUMNS FROM `yb_article` [ RunTime:0.0020s ]
SQL: SELECT COUNT(*) AS tp_count FROM `yb_article` WHERE ( channel_id =1 ) LIMIT 1   [ RunTime:0.0000s ]
SQL: SHOW COLUMNS FROM `yb_article` [ RunTime:0.0020s ]
SQL: SELECT * FROM `yb_article` WHERE ( channel_id =1 ) ORDER BY time desc LIMIT 0,10   [ RunTime:0.0000s ]
NOTIC: [8] Use of undefined constant message - assumed 'message' D:\freehost\ngxz92\web\Application\Home\Controller\MessagePageController.class.php 第 19 行.
INFO: [ view_parse ] --START--
INFO: [ template_filter ] --START--
INFO: Run Behavior\ContentReplaceBehavior [ RunTime:0.000000s ]
INFO: [ template_filter ] --END-- [ RunTime:0.000000s ]
NOTIC: [8] Undefined variable: page D:\freehost\ngxz92\web\Application\Runtime\Cache\Home\547288f37bb8311e0073038b1f97e809.php 第 26 行.
NOTIC: [8] Undefined variable: page D:\freehost\ngxz92\web\Application\Runtime\Cache\Home\547288f37bb8311e0073038b1f97e809.php 第 28 行.
INFO: Run Behavior\ParseTemplateBehavior [ RunTime:0.007001s ]
INFO: [ view_parse ] --END-- [ RunTime:0.007001s ]
INFO: [ view_filter ] --START--
INFO: Run Behavior\WriteHtmlCacheBehavior [ RunTime:0.000000s ]
INFO: [ view_filter ] --END-- [ RunTime:0.000000s ]
INFO: [ app_end ] --START--
INFO: Run Behavior\ShowPageTraceBehavior [ RunTime:0.001000s ]
INFO: [ app_end ] --END-- [ RunTime:0.001000s ]

[ 2017-07-02T21:50:41+08:00 ] 125.84.85.203 /index.php/Home/ArticleContent/article_content/id/14
INFO: [ app_init ] --START--
INFO: Run Behavior\BuildLiteBehavior [ RunTime:0.000000s ]
INFO: [ app_init ] --END-- [ RunTime:0.000000s ]
INFO: [ app_begin ] --START--
INFO: Run Behavior\ReadHtmlCacheBehavior [ RunTime:0.001000s ]
INFO: [ app_begin ] --END-- [ RunTime:0.001000s ]
SQL: SHOW COLUMNS FROM `yb_article` [ RunTime:0.0020s ]
SQL: SELECT * FROM `yb_article` WHERE ( id = '14' )  [ RunTime:0.0010s ]
NOTIC: [8] Use of undefined constant article_content - assumed 'article_content' D:\freehost\ngxz92\web\Application\Home\Controller\ArticleContentController.class.php 第 18 行.
INFO: [ view_parse ] --START--
INFO: [ template_filter ] --START--
INFO: Run Behavior\ContentReplaceBehavior [ RunTime:0.000000s ]
INFO: [ template_filter ] --END-- [ RunTime:0.000000s ]
INFO: Run Behavior\ParseTemplateBehavior [ RunTime:0.005000s ]
INFO: [ view_parse ] --END-- [ RunTime:0.005000s ]
INFO: [ view_filter ] --START--
INFO: Run Behavior\WriteHtmlCacheBehavior [ RunTime:0.000000s ]
INFO: [ view_filter ] --END-- [ RunTime:0.000000s ]
INFO: [ app_end ] --START--
INFO: Run Behavior\ShowPageTraceBehavior [ RunTime:0.001000s ]
INFO: [ app_end ] --END-- [ RunTime:0.001000s ]

[ 2017-07-02T21:50:50+08:00 ] 125.84.85.203 /index.php/Home/ArticleContent/article_content/id/13
INFO: [ app_init ] --START--
INFO: Run Behavior\BuildLiteBehavior [ RunTime:0.000000s ]
INFO: [ app_init ] --END-- [ RunTime:0.001000s ]
INFO: [ app_begin ] --START--
INFO: Run Behavior\ReadHtmlCacheBehavior [ RunTime:0.001000s ]
INFO: [ app_begin ] --END-- [ RunTime:0.001000s ]
SQL: SHOW COLUMNS FROM `yb_article` [ RunTime:0.0020s ]
SQL: SELECT * FROM `yb_article` WHERE ( id = '13' )  [ RunTime:0.0000s ]
NOTIC: [8] Use of undefined constant article_content - assumed 'article_content' D:\freehost\ngxz92\web\Application\Home\Controller\ArticleContentController.class.php 第 18 行.
INFO: [ view_parse ] --START--
INFO: [ template_filter ] --START--
INFO: Run Behavior\ContentReplaceBehavior [ RunTime:0.000000s ]
INFO: [ template_filter ] --END-- [ RunTime:0.000000s ]
INFO: Run Behavior\ParseTemplateBehavior [ RunTime:0.004000s ]
INFO: [ view_parse ] --END-- [ RunTime:0.004000s ]
INFO: [ view_filter ] --START--
INFO: Run Behavior\WriteHtmlCacheBehavior [ RunTime:0.001000s ]
INFO: [ view_filter ] --END-- [ RunTime:0.001000s ]
INFO: [ app_end ] --START--
INFO: Run Behavior\ShowPageTraceBehavior [ RunTime:0.000000s ]
INFO: [ app_end ] --END-- [ RunTime:0.000000s ]

[ 2017-07-02T21:51:18+08:00 ] 220.181.132.214 /index.php/Home/ArticleContent/article_content/id/13
INFO: [ app_init ] --START--
INFO: Run Behavior\BuildLiteBehavior [ RunTime:0.000000s ]
INFO: [ app_init ] --END-- [ RunTime:0.000000s ]
INFO: [ app_begin ] --START--
INFO: Run Behavior\ReadHtmlCacheBehavior [ RunTime:0.000000s ]
INFO: [ app_begin ] --END-- [ RunTime:0.000000s ]
SQL: SHOW COLUMNS FROM `yb_article` [ RunTime:0.0010s ]
SQL: SELECT * FROM `yb_article` WHERE ( id = '13' )  [ RunTime:0.0000s ]
NOTIC: [8] Use of undefined constant article_content - assumed 'article_content' D:\freehost\ngxz92\web\Application\Home\Controller\ArticleContentController.class.php 第 18 行.
INFO: [ view_parse ] --START--
INFO: [ template_filter ] --START--
INFO: Run Behavior\ContentReplaceBehavior [ RunTime:0.000000s ]
INFO: [ template_filter ] --END-- [ RunTime:0.000000s ]
INFO: Run Behavior\ParseTemplateBehavior [ RunTime:0.005000s ]
INFO: [ view_parse ] --END-- [ RunTime:0.005000s ]
INFO: [ view_filter ] --START--
INFO: Run Behavior\WriteHtmlCacheBehavior [ RunTime:0.000000s ]
INFO: [ view_filter ] --END-- [ RunTime:0.000000s ]
INFO: [ app_end ] --START--
INFO: Run Behavior\ShowPageTraceBehavior [ RunTime:0.000000s ]
INFO: [ app_end ] --END-- [ RunTime:0.001000s ]

[ 2017-07-02T21:51:32+08:00 ] 220.181.132.214 /index.php/Home/ArticleContent/article_content/id/14
INFO: [ app_init ] --START--
INFO: Run Behavior\BuildLiteBehavior [ RunTime:0.000000s ]
INFO: [ app_init ] --END-- [ RunTime:0.001000s ]
INFO: [ app_begin ] --START--
INFO: Run Behavior\ReadHtmlCacheBehavior [ RunTime:0.001000s ]
INFO: [ app_begin ] --END-- [ RunTime:0.001000s ]
SQL: SHOW COLUMNS FROM `yb_article` [ RunTime:0.0020s ]
SQL: SELECT * FROM `yb_article` WHERE ( id = '14' )  [ RunTime:0.0000s ]
NOTIC: [8] Use of undefined constant article_content - assumed 'article_content' D:\freehost\ngxz92\web\Application\Home\Controller\ArticleContentController.class.php 第 18 行.
INFO: [ view_parse ] --START--
INFO: [ template_filter ] --START--
INFO: Run Behavior\ContentReplaceBehavior [ RunTime:0.000000s ]
INFO: [ template_filter ] --END-- [ RunTime:0.000000s ]
INFO: Run Behavior\ParseTemplateBehavior [ RunTime:0.004000s ]
INFO: [ view_parse ] --END-- [ RunTime:0.004000s ]
INFO: [ view_filter ] --START--
INFO: Run Behavior\WriteHtmlCacheBehavior [ RunTime:0.000000s ]
INFO: [ view_filter ] --END-- [ RunTime:0.000000s ]
INFO: [ app_end ] --START--
INFO: Run Behavior\ShowPageTraceBehavior [ RunTime:0.001000s ]
INFO: [ app_end ] --END-- [ RunTime:0.001000s ]

[ 2017-07-02T21:51:36+08:00 ] 101.199.108.53 /index.php/Home/ArticleContent/article_content/id/13
INFO: [ app_init ] --START--
INFO: Run Behavior\BuildLiteBehavior [ RunTime:0.000000s ]
INFO: [ app_init ] --END-- [ RunTime:0.000000s ]
INFO: [ app_begin ] --START--
INFO: Run Behavior\ReadHtmlCacheBehavior [ RunTime:0.000000s ]
INFO: [ app_begin ] --END-- [ RunTime:0.000000s ]
SQL: SHOW COLUMNS FROM `yb_article` [ RunTime:0.0020s ]
SQL: SELECT * FROM `yb_article` WHERE ( id = '13' )  [ RunTime:0.0000s ]
NOTIC: [8] Use of undefined constant article_content - assumed 'article_content' D:\freehost\ngxz92\web\Application\Home\Controller\ArticleContentController.class.php 第 18 行.
INFO: [ view_parse ] --START--
INFO: [ template_filter ] --START--
INFO: Run Behavior\ContentReplaceBehavior [ RunTime:0.000000s ]
INFO: [ template_filter ] --END-- [ RunTime:0.000000s ]
INFO: Run Behavior\ParseTemplateBehavior [ RunTime:0.004000s ]
INFO: [ view_parse ] --END-- [ RunTime:0.004000s ]
INFO: [ view_filter ] --START--
INFO: Run Behavior\WriteHtmlCacheBehavior [ RunTime:0.001000s ]
INFO: [ view_filter ] --END-- [ RunTime:0.001000s ]
INFO: [ app_end ] --START--
INFO: Run Behavior\ShowPageTraceBehavior [ RunTime:0.000000s ]
INFO: [ app_end ] --END-- [ RunTime:0.000000s ]

[ 2017-07-02T21:51:42+08:00 ] 101.199.108.52 /index.php/Home/ArticleContent/article_content/id/14
INFO: [ app_init ] --START--
INFO: Run Behavior\BuildLiteBehavior [ RunTime:0.000000s ]
INFO: [ app_init ] --END-- [ RunTime:0.001000s ]
INFO: [ app_begin ] --START--
INFO: Run Behavior\ReadHtmlCacheBehavior [ RunTime:0.001000s ]
INFO: [ app_begin ] --END-- [ RunTime:0.001000s ]
SQL: SHOW COLUMNS FROM `yb_article` [ RunTime:0.0020s ]
SQL: SELECT * FROM `yb_article` WHERE ( id = '14' )  [ RunTime:0.0010s ]
NOTIC: [8] Use of undefined constant article_content - assumed 'article_content' D:\freehost\ngxz92\web\Application\Home\Controller\ArticleContentController.class.php 第 18 行.
INFO: [ view_parse ] --START--
INFO: [ template_filter ] --START--
INFO: Run Behavior\ContentReplaceBehavior [ RunTime:0.000000s ]
INFO: [ template_filter ] --END-- [ RunTime:0.000000s ]
INFO: Run Behavior\ParseTemplateBehavior [ RunTime:0.004000s ]
INFO: [ view_parse ] --END-- [ RunTime:0.004000s ]
INFO: [ view_filter ] --START--
INFO: Run Behavior\WriteHtmlCacheBehavior [ RunTime:0.001000s ]
INFO: [ view_filter ] --END-- [ RunTime:0.001000s ]
INFO: [ app_end ] --START--
INFO: Run Behavior\ShowPageTraceBehavior [ RunTime:0.000000s ]
INFO: [ app_end ] --END-- [ RunTime:0.000000s ]

[ 2017-07-02T23:14:30+08:00 ] 199.30.24.11 /index.php?m=Home&c=Callback&a=send&callback=jQuery18309226657650433481_1499008293856&_=1499008298722
INFO: [ app_init ] --START--
INFO: Run Behavior\BuildLiteBehavior [ RunTime:0.000000s ]
INFO: [ app_init ] --END-- [ RunTime:0.006000s ]
INFO: [ app_begin ] --START--
INFO: Run Behavior\ReadHtmlCacheBehavior [ RunTime:0.015001s ]
INFO: [ app_begin ] --END-- [ RunTime:0.015001s ]
INFO: [ app_end ] --START--
INFO: Run Behavior\ShowPageTraceBehavior [ RunTime:0.008000s ]
INFO: [ app_end ] --END-- [ RunTime:0.008000s ]

