[ 2017-05-21T13:43:21+08:00 ] ::1 /mywebTP/index.php/Home/index/IndexPage/indexLoad
INFO: [ app_init ] --START--
INFO: Run Behavior\BuildLiteBehavior [ RunTime:0.000058s ]
INFO: [ app_init ] --END-- [ RunTime:0.003175s ]
INFO: [ app_begin ] --START--
INFO: Run Behavior\ReadHtmlCacheBehavior [ RunTime:0.001346s ]
INFO: [ app_begin ] --END-- [ RunTime:0.001632s ]
ERR: 非法操作:IndexPage

[ 2017-05-21T13:43:35+08:00 ] ::1 /mywebTP/index.php
INFO: [ app_init ] --START--
INFO: Run Behavior\BuildLiteBehavior [ RunTime:0.000028s ]
INFO: [ app_init ] --END-- [ RunTime:0.000447s ]
INFO: [ app_begin ] --START--
INFO: Run Behavior\ReadHtmlCacheBehavior [ RunTime:0.000490s ]
INFO: [ app_begin ] --END-- [ RunTime:0.000615s ]
INFO: [ view_parse ] --START--
INFO: Run Behavior\ParseTemplateBehavior [ RunTime:0.000473s ]
INFO: [ view_parse ] --END-- [ RunTime:0.000612s ]
INFO: [ view_filter ] --START--
INFO: Run Behavior\WriteHtmlCacheBehavior [ RunTime:0.000401s ]
INFO: [ view_filter ] --END-- [ RunTime:0.000524s ]
INFO: [ app_end ] --START--
INFO: Run Behavior\ShowPageTraceBehavior [ RunTime:0.000634s ]
INFO: [ app_end ] --END-- [ RunTime:0.000735s ]

[ 2017-05-21T13:43:43+08:00 ] ::1 /mywebTP/index.php/Home/index/IndexPage/indexLoad
INFO: [ app_init ] --START--
INFO: Run Behavior\BuildLiteBehavior [ RunTime:0.000026s ]
INFO: [ app_init ] --END-- [ RunTime:0.000401s ]
INFO: [ app_begin ] --START--
INFO: Run Behavior\ReadHtmlCacheBehavior [ RunTime:0.000398s ]
INFO: [ app_begin ] --END-- [ RunTime:0.000501s ]
ERR: 非法操作:IndexPage

[ 2017-05-21T13:44:33+08:00 ] ::1 /mywebTP/index.php/Home/IndexPage/indexLoad
INFO: [ app_init ] --START--
INFO: Run Behavior\BuildLiteBehavior [ RunTime:0.000038s ]
INFO: [ app_init ] --END-- [ RunTime:0.000480s ]
INFO: [ app_begin ] --START--
INFO: Run Behavior\ReadHtmlCacheBehavior [ RunTime:0.000500s ]
INFO: [ app_begin ] --END-- [ RunTime:0.000626s ]
ERR: 无法加载控制器:IndexPage

[ 2017-05-21T13:44:48+08:00 ] ::1 /mywebTP/index.php/Home/IndexPage/indexLoad
INFO: [ app_init ] --START--
INFO: Run Behavior\BuildLiteBehavior [ RunTime:0.000032s ]
INFO: [ app_init ] --END-- [ RunTime:0.000651s ]
INFO: [ app_begin ] --START--
INFO: Run Behavior\ReadHtmlCacheBehavior [ RunTime:0.000449s ]
INFO: [ app_begin ] --END-- [ RunTime:0.000560s ]
ERR: 无法加载控制器:IndexPage

[ 2017-05-21T13:46:11+08:00 ] ::1 /mywebTP/index.php/Home/IndexPage/indexLoad
INFO: [ app_init ] --START--
INFO: Run Behavior\BuildLiteBehavior [ RunTime:0.000028s ]
INFO: [ app_init ] --END-- [ RunTime:0.000474s ]
INFO: [ app_begin ] --START--
INFO: Run Behavior\ReadHtmlCacheBehavior [ RunTime:0.000534s ]
INFO: [ app_begin ] --END-- [ RunTime:0.000649s ]
ERR: 无法加载控制器:IndexPage

[ 2017-05-21T13:50:22+08:00 ] ::1 /mywebTP/index.php/Home/IndexPage/indexLoad
INFO: [ app_init ] --START--
INFO: Run Behavior\BuildLiteBehavior [ RunTime:0.000026s ]
INFO: [ app_init ] --END-- [ RunTime:0.000491s ]
INFO: [ app_begin ] --START--
INFO: Run Behavior\ReadHtmlCacheBehavior [ RunTime:0.000536s ]
INFO: [ app_begin ] --END-- [ RunTime:0.000641s ]
SQL: SHOW COLUMNS FROM `yb_indexnew` [ RunTime:0.0311s ]
SQL: SELECT * FROM `yb_indexnew`  [ RunTime:0.0303s ]
SQL: SHOW COLUMNS FROM `yb_articlist` [ RunTime:0.0309s ]
SQL: SELECT * FROM `yb_articlist`  [ RunTime:0.0305s ]
SQL: SHOW COLUMNS FROM `yb_mymessage` [ RunTime:0.0309s ]
SQL: SELECT * FROM `yb_mymessage`  [ RunTime:0.0304s ]
NOTIC: [8] Use of undefined constant index - assumed 'index' D:\PHP-webapp\mywebTP\Application\Home\Controller\IndexPageController.class.php 第 18 行.
ERR: 模板不存在:./Application/Home/View/IndexPage/index.html

[ 2017-05-21T13:50:44+08:00 ] ::1 /mywebTP/index.php/Home/IndexPage/indexLoad
INFO: [ app_init ] --START--
INFO: Run Behavior\BuildLiteBehavior [ RunTime:0.000026s ]
INFO: [ app_init ] --END-- [ RunTime:0.000497s ]
INFO: [ app_begin ] --START--
INFO: Run Behavior\ReadHtmlCacheBehavior [ RunTime:0.000485s ]
INFO: [ app_begin ] --END-- [ RunTime:0.000604s ]
SQL: SHOW COLUMNS FROM `yb_indexnew` [ RunTime:0.0336s ]
SQL: SELECT * FROM `yb_indexnew`  [ RunTime:0.0324s ]
SQL: SHOW COLUMNS FROM `yb_articlist` [ RunTime:0.0334s ]
SQL: SELECT * FROM `yb_articlist`  [ RunTime:0.0324s ]
SQL: SHOW COLUMNS FROM `yb_mymessage` [ RunTime:0.0336s ]
SQL: SELECT * FROM `yb_mymessage`  [ RunTime:0.0321s ]
NOTIC: [8] Use of undefined constant index - assumed 'index' D:\PHP-webapp\mywebTP\Application\Home\Controller\IndexPageController.class.php 第 18 行.
ERR: 模板不存在:./Application/Home/View/IndexPage/index.html

[ 2017-05-21T13:52:08+08:00 ] ::1 /mywebTP/index.php/Home/IndexPage/indexLoad
INFO: [ app_init ] --START--
INFO: Run Behavior\BuildLiteBehavior [ RunTime:0.000022s ]
INFO: [ app_init ] --END-- [ RunTime:0.000450s ]
INFO: [ app_begin ] --START--
INFO: Run Behavior\ReadHtmlCacheBehavior [ RunTime:0.000454s ]
INFO: [ app_begin ] --END-- [ RunTime:0.000563s ]
SQL: SHOW COLUMNS FROM `yb_indexnew` [ RunTime:0.0346s ]
SQL: SELECT * FROM `yb_indexnew`  [ RunTime:0.0341s ]
SQL: SHOW COLUMNS FROM `yb_articlist` [ RunTime:0.0341s ]
SQL: SELECT * FROM `yb_articlist`  [ RunTime:0.0317s ]
SQL: SHOW COLUMNS FROM `yb_mymessage` [ RunTime:0.0326s ]
SQL: SELECT * FROM `yb_mymessage`  [ RunTime:0.0316s ]
NOTIC: [8] Use of undefined constant index - assumed 'index' D:\PHP-webapp\mywebTP\Application\Home\Controller\IndexPageController.class.php 第 18 行.
ERR: 模板不存在:./Application/Home/View/IndexPage/index.html

[ 2017-05-21T13:52:09+08:00 ] ::1 /mywebTP/index.php/Home/IndexPage/indexLoad
INFO: [ app_init ] --START--
INFO: Run Behavior\BuildLiteBehavior [ RunTime:0.000023s ]
INFO: [ app_init ] --END-- [ RunTime:0.000468s ]
INFO: [ app_begin ] --START--
INFO: Run Behavior\ReadHtmlCacheBehavior [ RunTime:0.000446s ]
INFO: [ app_begin ] --END-- [ RunTime:0.000555s ]
SQL: SHOW COLUMNS FROM `yb_indexnew` [ RunTime:0.0336s ]
SQL: SELECT * FROM `yb_indexnew`  [ RunTime:0.0328s ]
SQL: SHOW COLUMNS FROM `yb_articlist` [ RunTime:0.0351s ]
SQL: SELECT * FROM `yb_articlist`  [ RunTime:0.0330s ]
SQL: SHOW COLUMNS FROM `yb_mymessage` [ RunTime:0.0350s ]
SQL: SELECT * FROM `yb_mymessage`  [ RunTime:0.0321s ]
NOTIC: [8] Use of undefined constant index - assumed 'index' D:\PHP-webapp\mywebTP\Application\Home\Controller\IndexPageController.class.php 第 18 行.
ERR: 模板不存在:./Application/Home/View/IndexPage/index.html

[ 2017-05-21T13:53:08+08:00 ] ::1 /mywebTP/index.php/Home/IndexPage/indexLoad
INFO: [ app_init ] --START--
INFO: Run Behavior\BuildLiteBehavior [ RunTime:0.000028s ]
INFO: [ app_init ] --END-- [ RunTime:0.000610s ]
INFO: [ app_begin ] --START--
INFO: Run Behavior\ReadHtmlCacheBehavior [ RunTime:0.000802s ]
INFO: [ app_begin ] --END-- [ RunTime:0.000923s ]
SQL: SHOW COLUMNS FROM `yb_indexnew` [ RunTime:0.0422s ]
SQL: SELECT * FROM `yb_indexnew`  [ RunTime:0.0330s ]
SQL: SHOW COLUMNS FROM `yb_articlist` [ RunTime:0.0306s ]
SQL: SELECT * FROM `yb_articlist`  [ RunTime:0.0387s ]
SQL: SHOW COLUMNS FROM `yb_mymessage` [ RunTime:0.0306s ]
SQL: SELECT * FROM `yb_mymessage`  [ RunTime:0.0294s ]
NOTIC: [8] Use of undefined constant index - assumed 'index' D:\PHP-webapp\mywebTP\Application\Home\Controller\IndexPageController.class.php 第 18 行.
ERR: 模板不存在:./Application/Home/View/IndexPage/index.html

[ 2017-05-21T13:53:11+08:00 ] ::1 /mywebTP/index.php/Home/IndexPage/indexLoad
INFO: [ app_init ] --START--
INFO: Run Behavior\BuildLiteBehavior [ RunTime:0.000023s ]
INFO: [ app_init ] --END-- [ RunTime:0.000455s ]
INFO: [ app_begin ] --START--
INFO: Run Behavior\ReadHtmlCacheBehavior [ RunTime:0.000488s ]
INFO: [ app_begin ] --END-- [ RunTime:0.000596s ]
SQL: SHOW COLUMNS FROM `yb_indexnew` [ RunTime:0.0319s ]
SQL: SELECT * FROM `yb_indexnew`  [ RunTime:0.0317s ]
SQL: SHOW COLUMNS FROM `yb_articlist` [ RunTime:0.0335s ]
SQL: SELECT * FROM `yb_articlist`  [ RunTime:0.0322s ]
SQL: SHOW COLUMNS FROM `yb_mymessage` [ RunTime:0.0328s ]
SQL: SELECT * FROM `yb_mymessage`  [ RunTime:0.0346s ]
NOTIC: [8] Use of undefined constant index - assumed 'index' D:\PHP-webapp\mywebTP\Application\Home\Controller\IndexPageController.class.php 第 18 行.
ERR: 模板不存在:./Application/Home/View/IndexPage/index.html

[ 2017-05-21T13:54:10+08:00 ] ::1 /mywebTP/index.php/Home/IndexPage/indexLoad
INFO: [ app_init ] --START--
INFO: Run Behavior\BuildLiteBehavior [ RunTime:0.000026s ]
INFO: [ app_init ] --END-- [ RunTime:0.000497s ]
INFO: [ app_begin ] --START--
INFO: Run Behavior\ReadHtmlCacheBehavior [ RunTime:0.000678s ]
INFO: [ app_begin ] --END-- [ RunTime:0.000813s ]
SQL: SHOW COLUMNS FROM `yb_indexnew` [ RunTime:0.0307s ]
SQL: SELECT * FROM `yb_indexnew`  [ RunTime:0.0293s ]
SQL: SHOW COLUMNS FROM `yb_articlist` [ RunTime:0.0307s ]
SQL: SELECT * FROM `yb_articlist`  [ RunTime:0.0294s ]
SQL: SHOW COLUMNS FROM `yb_mymessage` [ RunTime:0.0311s ]
SQL: SELECT * FROM `yb_mymessage`  [ RunTime:0.0294s ]
NOTIC: [8] Use of undefined constant index - assumed 'index' D:\PHP-webapp\mywebTP\Application\Home\Controller\IndexPageController.class.php 第 18 行.
ERR: 模板不存在:./Application/Home/View/IndexPage/index.html

[ 2017-05-21T13:54:49+08:00 ] ::1 /mywebTP/index.php/Home/IndexPage/index
INFO: [ app_init ] --START--
INFO: Run Behavior\BuildLiteBehavior [ RunTime:0.000024s ]
INFO: [ app_init ] --END-- [ RunTime:0.000396s ]
INFO: [ app_begin ] --START--
INFO: Run Behavior\ReadHtmlCacheBehavior [ RunTime:0.000533s ]
INFO: [ app_begin ] --END-- [ RunTime:0.000638s ]
SQL: SHOW COLUMNS FROM `yb_indexnew` [ RunTime:0.0333s ]
SQL: SELECT * FROM `yb_indexnew`  [ RunTime:0.0321s ]
SQL: SHOW COLUMNS FROM `yb_articlist` [ RunTime:0.0340s ]
SQL: SELECT * FROM `yb_articlist`  [ RunTime:0.0322s ]
SQL: SHOW COLUMNS FROM `yb_mymessage` [ RunTime:0.0332s ]
SQL: SELECT * FROM `yb_mymessage`  [ RunTime:0.0324s ]
NOTIC: [8] Use of undefined constant index - assumed 'index' D:\PHP-webapp\mywebTP\Application\Home\Controller\IndexPageController.class.php 第 18 行.
ERR: 模板不存在:./Application/Home/View/IndexPage/index.html

[ 2017-05-21T13:56:08+08:00 ] ::1 /mywebTP/index.php/Home/IndexPage/index
INFO: [ app_init ] --START--
INFO: Run Behavior\BuildLiteBehavior [ RunTime:0.000028s ]
INFO: [ app_init ] --END-- [ RunTime:0.000656s ]
INFO: [ app_begin ] --START--
INFO: Run Behavior\ReadHtmlCacheBehavior [ RunTime:0.000577s ]
INFO: [ app_begin ] --END-- [ RunTime:0.000690s ]
ERR: 非法操作:index

[ 2017-05-21T14:01:01+08:00 ] ::1 /mywebTP/index.php/Home/IndexPage/index
INFO: [ app_init ] --START--
INFO: Run Behavior\BuildLiteBehavior [ RunTime:0.000023s ]
INFO: [ app_init ] --END-- [ RunTime:0.000475s ]
INFO: [ app_begin ] --START--
INFO: Run Behavior\ReadHtmlCacheBehavior [ RunTime:0.000521s ]
INFO: [ app_begin ] --END-- [ RunTime:0.000627s ]
ERR: 非法操作:index

[ 2017-05-21T14:01:02+08:00 ] ::1 /mywebTP/index.php/Home/IndexPage/index
INFO: [ app_init ] --START--
INFO: Run Behavior\BuildLiteBehavior [ RunTime:0.000025s ]
INFO: [ app_init ] --END-- [ RunTime:0.000438s ]
INFO: [ app_begin ] --START--
INFO: Run Behavior\ReadHtmlCacheBehavior [ RunTime:0.000448s ]
INFO: [ app_begin ] --END-- [ RunTime:0.000560s ]
ERR: 非法操作:index

[ 2017-05-21T14:02:57+08:00 ] ::1 /mywebTP/index.php/Home/IndexPage/index
INFO: [ app_init ] --START--
INFO: Run Behavior\BuildLiteBehavior [ RunTime:0.000025s ]
INFO: [ app_init ] --END-- [ RunTime:0.000533s ]
INFO: [ app_begin ] --START--
INFO: Run Behavior\ReadHtmlCacheBehavior [ RunTime:0.000429s ]
INFO: [ app_begin ] --END-- [ RunTime:0.000538s ]
ERR: 非法操作:index

[ 2017-05-21T14:02:59+08:00 ] ::1 /mywebTP/index.php/Home/IndexPage/index
INFO: [ app_init ] --START--
INFO: Run Behavior\BuildLiteBehavior [ RunTime:0.000024s ]
INFO: [ app_init ] --END-- [ RunTime:0.000418s ]
INFO: [ app_begin ] --START--
INFO: Run Behavior\ReadHtmlCacheBehavior [ RunTime:0.000476s ]
INFO: [ app_begin ] --END-- [ RunTime:0.000583s ]
ERR: 非法操作:index

[ 2017-05-21T14:02:59+08:00 ] ::1 /mywebTP/index.php/Home/IndexPage/index
INFO: [ app_init ] --START--
INFO: Run Behavior\BuildLiteBehavior [ RunTime:0.000023s ]
INFO: [ app_init ] --END-- [ RunTime:0.000474s ]
INFO: [ app_begin ] --START--
INFO: Run Behavior\ReadHtmlCacheBehavior [ RunTime:0.000488s ]
INFO: [ app_begin ] --END-- [ RunTime:0.000595s ]
ERR: 非法操作:index

[ 2017-05-21T14:03:00+08:00 ] ::1 /mywebTP/index.php/Home/IndexPage/index
INFO: [ app_init ] --START--
INFO: Run Behavior\BuildLiteBehavior [ RunTime:0.000022s ]
INFO: [ app_init ] --END-- [ RunTime:0.000452s ]
INFO: [ app_begin ] --START--
INFO: Run Behavior\ReadHtmlCacheBehavior [ RunTime:0.000479s ]
INFO: [ app_begin ] --END-- [ RunTime:0.000595s ]
ERR: 非法操作:index

[ 2017-05-21T14:03:02+08:00 ] ::1 /mywebTP/index.php/Home/IndexPage/index
INFO: [ app_init ] --START--
INFO: Run Behavior\BuildLiteBehavior [ RunTime:0.000072s ]
INFO: [ app_init ] --END-- [ RunTime:0.000720s ]
INFO: [ app_begin ] --START--
INFO: Run Behavior\ReadHtmlCacheBehavior [ RunTime:0.000554s ]
INFO: [ app_begin ] --END-- [ RunTime:0.000671s ]
ERR: 非法操作:index

[ 2017-05-21T14:03:40+08:00 ] ::1 /mywebTP/index.php/Home/IndexPage/index
INFO: [ app_init ] --START--
INFO: Run Behavior\BuildLiteBehavior [ RunTime:0.000042s ]
INFO: [ app_init ] --END-- [ RunTime:0.000691s ]
INFO: [ app_begin ] --START--
INFO: Run Behavior\ReadHtmlCacheBehavior [ RunTime:0.000468s ]
INFO: [ app_begin ] --END-- [ RunTime:0.000576s ]
ERR: 非法操作:index

[ 2017-05-21T14:03:42+08:00 ] ::1 /mywebTP/index.php/Home/IndexPage/index
INFO: [ app_init ] --START--
INFO: Run Behavior\BuildLiteBehavior [ RunTime:0.000024s ]
INFO: [ app_init ] --END-- [ RunTime:0.000462s ]
INFO: [ app_begin ] --START--
INFO: Run Behavior\ReadHtmlCacheBehavior [ RunTime:0.000468s ]
INFO: [ app_begin ] --END-- [ RunTime:0.000577s ]
ERR: 非法操作:index

[ 2017-05-21T14:05:56+08:00 ] ::1 /mywebTP/index.php/Home/IndexPage/index
INFO: [ app_init ] --START--
INFO: Run Behavior\BuildLiteBehavior [ RunTime:0.000045s ]
INFO: [ app_init ] --END-- [ RunTime:0.000765s ]
INFO: [ app_begin ] --START--
INFO: Run Behavior\ReadHtmlCacheBehavior [ RunTime:0.000563s ]
INFO: [ app_begin ] --END-- [ RunTime:0.000683s ]
ERR: 非法操作:index

[ 2017-05-21T14:05:57+08:00 ] ::1 /mywebTP/index.php/Home/IndexPage/index
INFO: [ app_init ] --START--
INFO: Run Behavior\BuildLiteBehavior [ RunTime:0.000025s ]
INFO: [ app_init ] --END-- [ RunTime:0.000457s ]
INFO: [ app_begin ] --START--
INFO: Run Behavior\ReadHtmlCacheBehavior [ RunTime:0.000565s ]
INFO: [ app_begin ] --END-- [ RunTime:0.000687s ]
ERR: 非法操作:index

[ 2017-05-21T14:05:58+08:00 ] ::1 /mywebTP/index.php/Home/IndexPage/index
INFO: [ app_init ] --START--
INFO: Run Behavior\BuildLiteBehavior [ RunTime:0.000035s ]
INFO: [ app_init ] --END-- [ RunTime:0.000551s ]
INFO: [ app_begin ] --START--
INFO: Run Behavior\ReadHtmlCacheBehavior [ RunTime:0.000477s ]
INFO: [ app_begin ] --END-- [ RunTime:0.000585s ]
ERR: 非法操作:index

[ 2017-05-21T14:05:59+08:00 ] ::1 /mywebTP/index.php/Home/IndexPage/index
INFO: [ app_init ] --START--
INFO: Run Behavior\BuildLiteBehavior [ RunTime:0.000024s ]
INFO: [ app_init ] --END-- [ RunTime:0.000452s ]
INFO: [ app_begin ] --START--
INFO: Run Behavior\ReadHtmlCacheBehavior [ RunTime:0.000462s ]
INFO: [ app_begin ] --END-- [ RunTime:0.000583s ]
ERR: 非法操作:index

[ 2017-05-21T14:06:00+08:00 ] ::1 /mywebTP/index.php/Home/IndexPage/index
INFO: [ app_init ] --START--
INFO: Run Behavior\BuildLiteBehavior [ RunTime:0.000027s ]
INFO: [ app_init ] --END-- [ RunTime:0.000604s ]
INFO: [ app_begin ] --START--
INFO: Run Behavior\ReadHtmlCacheBehavior [ RunTime:0.000523s ]
INFO: [ app_begin ] --END-- [ RunTime:0.000641s ]
ERR: 非法操作:index

[ 2017-05-21T14:06:10+08:00 ] ::1 /mywebTP/index.php/Home/IndexPage/indexLoad
INFO: [ app_init ] --START--
INFO: Run Behavior\BuildLiteBehavior [ RunTime:0.000024s ]
INFO: [ app_init ] --END-- [ RunTime:0.000479s ]
INFO: [ app_begin ] --START--
INFO: Run Behavior\ReadHtmlCacheBehavior [ RunTime:0.000470s ]
INFO: [ app_begin ] --END-- [ RunTime:0.000578s ]
SQL: SHOW COLUMNS FROM `yb_indexnew` [ RunTime:0.0307s ]
SQL: SELECT * FROM `yb_indexnew`  [ RunTime:0.0297s ]
SQL: SHOW COLUMNS FROM `yb_articlist` [ RunTime:0.0311s ]
SQL: SELECT * FROM `yb_articlist`  [ RunTime:0.0300s ]
SQL: SHOW COLUMNS FROM `yb_mymessage` [ RunTime:0.0308s ]
SQL: SELECT * FROM `yb_mymessage`  [ RunTime:0.0294s ]
NOTIC: [8] Use of undefined constant indexLoad - assumed 'indexLoad' D:\PHP-webapp\mywebTP\Application\Home\Controller\IndexPageController.class.php 第 17 行.
ERR: 模板不存在:./Application/Home/View/IndexPage/indexLoad.html

[ 2017-05-21T14:08:35+08:00 ] ::1 /mywebTP/index.php/Home/IndexPage/indexLoad
INFO: [ app_init ] --START--
INFO: Run Behavior\BuildLiteBehavior [ RunTime:0.000029s ]
INFO: [ app_init ] --END-- [ RunTime:0.000788s ]
INFO: [ app_begin ] --START--
INFO: Run Behavior\ReadHtmlCacheBehavior [ RunTime:0.000566s ]
INFO: [ app_begin ] --END-- [ RunTime:0.000689s ]
SQL: SHOW COLUMNS FROM `yb_indexnew` [ RunTime:0.0339s ]
SQL: SELECT * FROM `yb_indexnew`  [ RunTime:0.0341s ]
SQL: SHOW COLUMNS FROM `yb_articlist` [ RunTime:0.0346s ]
SQL: SELECT * FROM `yb_articlist`  [ RunTime:0.0339s ]
SQL: SHOW COLUMNS FROM `yb_mymessage` [ RunTime:0.0357s ]
SQL: SELECT * FROM `yb_mymessage`  [ RunTime:0.0331s ]
NOTIC: [8] Use of undefined constant indexLoad - assumed 'indexLoad' D:\PHP-webapp\mywebTP\Application\Home\Controller\IndexPageController.class.php 第 17 行.
ERR: 模板不存在:./Application/Home/View/IndexPage/indexLoad.html

[ 2017-05-21T14:11:25+08:00 ] ::1 /mywebTP/index.php/Home/IndexPage/indexLoad
INFO: [ app_init ] --START--
INFO: Run Behavior\BuildLiteBehavior [ RunTime:0.000022s ]
INFO: [ app_init ] --END-- [ RunTime:0.000482s ]
INFO: [ app_begin ] --START--
INFO: Run Behavior\ReadHtmlCacheBehavior [ RunTime:0.000525s ]
INFO: [ app_begin ] --END-- [ RunTime:0.000634s ]
SQL: SHOW COLUMNS FROM `yb_indexnew` [ RunTime:0.0365s ]
SQL: SELECT * FROM `yb_indexnew`  [ RunTime:0.0327s ]
SQL: SHOW COLUMNS FROM `yb_articlist` [ RunTime:0.0328s ]
SQL: SELECT * FROM `yb_articlist`  [ RunTime:0.0333s ]
SQL: SHOW COLUMNS FROM `yb_mymessage` [ RunTime:0.0343s ]
SQL: SELECT * FROM `yb_mymessage`  [ RunTime:0.0299s ]
NOTIC: [8] Use of undefined constant index - assumed 'index' D:\PHP-webapp\mywebTP\Application\Home\Controller\IndexPageController.class.php 第 17 行.
ERR: 模板不存在:./Application/Home/View/IndexPage/index.html

[ 2017-05-21T14:11:29+08:00 ] ::1 /mywebTP/index.php/Home/IndexPage/indexLoad
INFO: [ app_init ] --START--
INFO: Run Behavior\BuildLiteBehavior [ RunTime:0.000023s ]
INFO: [ app_init ] --END-- [ RunTime:0.000466s ]
INFO: [ app_begin ] --START--
INFO: Run Behavior\ReadHtmlCacheBehavior [ RunTime:0.000745s ]
INFO: [ app_begin ] --END-- [ RunTime:0.000900s ]
SQL: SHOW COLUMNS FROM `yb_indexnew` [ RunTime:0.0342s ]
SQL: SELECT * FROM `yb_indexnew`  [ RunTime:0.0319s ]
SQL: SHOW COLUMNS FROM `yb_articlist` [ RunTime:0.0349s ]
SQL: SELECT * FROM `yb_articlist`  [ RunTime:0.0349s ]
SQL: SHOW COLUMNS FROM `yb_mymessage` [ RunTime:0.0358s ]
SQL: SELECT * FROM `yb_mymessage`  [ RunTime:0.0412s ]
NOTIC: [8] Use of undefined constant index - assumed 'index' D:\PHP-webapp\mywebTP\Application\Home\Controller\IndexPageController.class.php 第 17 行.
ERR: 模板不存在:./Application/Home/View/IndexPage/index.html

[ 2017-05-21T14:12:46+08:00 ] ::1 /mywebTP/index.php/Home/IndexPage/indexLoad
INFO: [ app_init ] --START--
INFO: Run Behavior\BuildLiteBehavior [ RunTime:0.000025s ]
INFO: [ app_init ] --END-- [ RunTime:0.000440s ]
INFO: [ app_begin ] --START--
INFO: Run Behavior\ReadHtmlCacheBehavior [ RunTime:0.000787s ]
INFO: [ app_begin ] --END-- [ RunTime:0.000961s ]
SQL: SHOW COLUMNS FROM `yb_indexnew` [ RunTime:0.0309s ]
SQL: SELECT * FROM `yb_indexnew`  [ RunTime:0.0297s ]
SQL: SHOW COLUMNS FROM `yb_articlist` [ RunTime:0.0311s ]
SQL: SELECT * FROM `yb_articlist`  [ RunTime:0.0315s ]
SQL: SHOW COLUMNS FROM `yb_mymessage` [ RunTime:0.0348s ]
SQL: SELECT * FROM `yb_mymessage`  [ RunTime:0.0320s ]
NOTIC: [8] Use of undefined constant index - assumed 'index' D:\PHP-webapp\mywebTP\Application\Home\Controller\IndexPageController.class.php 第 17 行.
INFO: [ view_parse ] --START--
INFO: [ template_filter ] --START--
INFO: Run Behavior\ContentReplaceBehavior [ RunTime:0.016340s ]
INFO: [ template_filter ] --END-- [ RunTime:0.016823s ]
INFO: Run Behavior\ParseTemplateBehavior [ RunTime:0.044744s ]
INFO: [ view_parse ] --END-- [ RunTime:0.045128s ]
INFO: [ view_filter ] --START--
INFO: Run Behavior\WriteHtmlCacheBehavior [ RunTime:0.000918s ]
INFO: [ view_filter ] --END-- [ RunTime:0.001165s ]
INFO: [ app_end ] --START--
INFO: Run Behavior\ShowPageTraceBehavior [ RunTime:0.001500s ]
INFO: [ app_end ] --END-- [ RunTime:0.001843s ]

[ 2017-05-21T14:12:46+08:00 ] ::1 /mywebTP/index.php/Home/img/bimg1.jpg
INFO: [ app_init ] --START--
INFO: Run Behavior\BuildLiteBehavior [ RunTime:0.000039s ]
INFO: [ app_init ] --END-- [ RunTime:0.000613s ]

[ 2017-05-21T14:12:46+08:00 ] ::1 /mywebTP/index.php/Home/img/bimg2.jpg
INFO: [ app_init ] --START--
INFO: Run Behavior\BuildLiteBehavior [ RunTime:0.000038s ]
INFO: [ app_init ] --END-- [ RunTime:0.000671s ]

[ 2017-05-21T14:12:46+08:00 ] ::1 /mywebTP/index.php/Home/img/bimg3.jpg
INFO: [ app_init ] --START--
INFO: Run Behavior\BuildLiteBehavior [ RunTime:0.000040s ]
INFO: [ app_init ] --END-- [ RunTime:0.000682s ]

[ 2017-05-21T14:12:46+08:00 ] ::1 /mywebTP/index.php/Home/img/jian.gif
INFO: [ app_init ] --START--
INFO: Run Behavior\BuildLiteBehavior [ RunTime:0.000044s ]
INFO: [ app_init ] --END-- [ RunTime:0.000689s ]

[ 2017-05-21T14:12:46+08:00 ] ::1 /mywebTP/index.php/Home/img/qiaoba.ico
INFO: [ app_init ] --START--
INFO: Run Behavior\BuildLiteBehavior [ RunTime:0.000046s ]
INFO: [ app_init ] --END-- [ RunTime:0.000675s ]

[ 2017-05-21T14:12:46+08:00 ] ::1 /mywebTP/index.php/Home/img/bimg4.jpg
INFO: [ app_init ] --START--
INFO: Run Behavior\BuildLiteBehavior [ RunTime:0.000023s ]
INFO: [ app_init ] --END-- [ RunTime:0.000441s ]

[ 2017-05-21T14:12:46+08:00 ] ::1 /mywebTP/index.php/Home/img/bimg2.jpg
INFO: [ app_init ] --START--
INFO: Run Behavior\BuildLiteBehavior [ RunTime:0.000043s ]
INFO: [ app_init ] --END-- [ RunTime:0.001270s ]

[ 2017-05-21T14:12:46+08:00 ] ::1 /mywebTP/index.php/Home/img/bimg1.jpg
INFO: [ app_init ] --START--
INFO: Run Behavior\BuildLiteBehavior [ RunTime:0.000041s ]
INFO: [ app_init ] --END-- [ RunTime:0.001535s ]

[ 2017-05-21T14:12:46+08:00 ] ::1 /mywebTP/index.php/Home/img/bimg3.jpg
INFO: [ app_init ] --START--
INFO: Run Behavior\BuildLiteBehavior [ RunTime:0.000034s ]
INFO: [ app_init ] --END-- [ RunTime:0.000663s ]

[ 2017-05-21T14:12:46+08:00 ] ::1 /mywebTP/index.php/Home/img/jian.gif
INFO: [ app_init ] --START--
INFO: Run Behavior\BuildLiteBehavior [ RunTime:0.000040s ]
INFO: [ app_init ] --END-- [ RunTime:0.000839s ]

[ 2017-05-21T14:12:46+08:00 ] ::1 /mywebTP/index.php/Home/img/bimg4.jpg
INFO: [ app_init ] --START--
INFO: Run Behavior\BuildLiteBehavior [ RunTime:0.000038s ]
INFO: [ app_init ] --END-- [ RunTime:0.000628s ]


[ 2017-05-21T14:12:46+08:00 ] ::1 /mywebTP/index.php/Home/index.php?c=IndexPage&a=IndexNewsLoad
INFO: [ app_init ] --START--
INFO: Run Behavior\BuildLiteBehavior [ RunTime:0.000026s ]
INFO: [ app_init ] --END-- [ RunTime:0.000457s ]
INFO: [ app_begin ] --START--
INFO: Run Behavior\ReadHtmlCacheBehavior [ RunTime:0.000494s ]
INFO: [ app_begin ] --END-- [ RunTime:0.000607s ]
ERR: 无法加载控制器:Index.php

[ 2017-05-21T14:12:46+08:00 ] ::1 /mywebTP/index.php/Home/index.php?c=IndexPage&a=MyMessageLoad
INFO: [ app_init ] --START--
INFO: Run Behavior\BuildLiteBehavior [ RunTime:0.000035s ]
INFO: [ app_init ] --END-- [ RunTime:0.000618s ]
INFO: [ app_begin ] --START--
INFO: Run Behavior\ReadHtmlCacheBehavior [ RunTime:0.000654s ]
INFO: [ app_begin ] --END-- [ RunTime:0.000827s ]
ERR: 无法加载控制器:Index.php

[ 2017-05-21T14:12:46+08:00 ] ::1 /mywebTP/index.php/Home/index.php?c=IndexPage&a=articListLoad
INFO: [ app_init ] --START--
INFO: Run Behavior\BuildLiteBehavior [ RunTime:0.000039s ]
INFO: [ app_init ] --END-- [ RunTime:0.000678s ]
INFO: [ app_begin ] --START--
INFO: Run Behavior\ReadHtmlCacheBehavior [ RunTime:0.000694s ]
INFO: [ app_begin ] --END-- [ RunTime:0.000859s ]
ERR: 无法加载控制器:Index.php

[ 2017-05-21T14:14:13+08:00 ] ::1 /mywebTP/index.php/Home/IndexPage/indexLoad
INFO: [ app_init ] --START--
INFO: Run Behavior\BuildLiteBehavior [ RunTime:0.000025s ]
INFO: [ app_init ] --END-- [ RunTime:0.000431s ]
INFO: [ app_begin ] --START--
INFO: Run Behavior\ReadHtmlCacheBehavior [ RunTime:0.000620s ]
INFO: [ app_begin ] --END-- [ RunTime:0.000877s ]
SQL: SHOW COLUMNS FROM `yb_indexnew` [ RunTime:0.0467s ]
SQL: SELECT * FROM `yb_indexnew`  [ RunTime:0.0396s ]
SQL: SHOW COLUMNS FROM `yb_articlist` [ RunTime:0.0405s ]
SQL: SELECT * FROM `yb_articlist`  [ RunTime:0.0410s ]
SQL: SHOW COLUMNS FROM `yb_mymessage` [ RunTime:0.0409s ]
SQL: SELECT * FROM `yb_mymessage`  [ RunTime:0.0414s ]
NOTIC: [8] Use of undefined constant index - assumed 'index' D:\PHP-webapp\mywebTP\Application\Home\Controller\IndexPageController.class.php 第 17 行.
INFO: [ view_parse ] --START--
INFO: [ template_filter ] --START--
INFO: Run Behavior\ContentReplaceBehavior [ RunTime:0.000106s ]
INFO: [ template_filter ] --END-- [ RunTime:0.000281s ]
INFO: Run Behavior\ParseTemplateBehavior [ RunTime:0.007894s ]
INFO: [ view_parse ] --END-- [ RunTime:0.008063s ]
INFO: [ view_filter ] --START--
INFO: Run Behavior\WriteHtmlCacheBehavior [ RunTime:0.000444s ]
INFO: [ view_filter ] --END-- [ RunTime:0.000555s ]
INFO: [ app_end ] --START--
INFO: Run Behavior\ShowPageTraceBehavior [ RunTime:0.000801s ]
INFO: [ app_end ] --END-- [ RunTime:0.000985s ]

[ 2017-05-21T14:14:13+08:00 ] ::1 /mywebTP/index.php/Home/img/bimg1.jpg
INFO: [ app_init ] --START--
INFO: Run Behavior\BuildLiteBehavior [ RunTime:0.000039s ]
INFO: [ app_init ] --END-- [ RunTime:0.000658s ]

[ 2017-05-21T14:14:13+08:00 ] ::1 /mywebTP/index.php/Home/img/bimg3.jpg
INFO: [ app_init ] --START--
INFO: Run Behavior\BuildLiteBehavior [ RunTime:0.000035s ]
INFO: [ app_init ] --END-- [ RunTime:0.000638s ]

[ 2017-05-21T14:14:13+08:00 ] ::1 /mywebTP/index.php/Home/img/bimg2.jpg
INFO: [ app_init ] --START--
INFO: Run Behavior\BuildLiteBehavior [ RunTime:0.000039s ]
INFO: [ app_init ] --END-- [ RunTime:0.001116s ]

[ 2017-05-21T14:14:13+08:00 ] ::1 /mywebTP/index.php/Home/img/bimg4.jpg
INFO: [ app_init ] --START--
INFO: Run Behavior\BuildLiteBehavior [ RunTime:0.000039s ]
INFO: [ app_init ] --END-- [ RunTime:0.000719s ]

[ 2017-05-21T14:14:13+08:00 ] ::1 /mywebTP/index.php/Home/img/jian.gif
INFO: [ app_init ] --START--
INFO: Run Behavior\BuildLiteBehavior [ RunTime:0.000042s ]
INFO: [ app_init ] --END-- [ RunTime:0.000874s ]

[ 2017-05-21T14:14:13+08:00 ] ::1 /mywebTP/index.php/Home/img/qiaoba.ico
INFO: [ app_init ] --START--
INFO: Run Behavior\BuildLiteBehavior [ RunTime:0.000046s ]
INFO: [ app_init ] --END-- [ RunTime:0.000739s ]

[ 2017-05-21T14:14:13+08:00 ] ::1 /mywebTP/index.php/Home/img/bimg1.jpg
INFO: [ app_init ] --START--
INFO: Run Behavior\BuildLiteBehavior [ RunTime:0.000058s ]
INFO: [ app_init ] --END-- [ RunTime:0.000823s ]

[ 2017-05-21T14:14:13+08:00 ] ::1 /mywebTP/index.php/Home/img/bimg2.jpg
INFO: [ app_init ] --START--
INFO: Run Behavior\BuildLiteBehavior [ RunTime:0.000039s ]
INFO: [ app_init ] --END-- [ RunTime:0.001359s ]

[ 2017-05-21T14:14:13+08:00 ] ::1 /mywebTP/index.php/Home/img/jian.gif
INFO: [ app_init ] --START--
INFO: Run Behavior\BuildLiteBehavior [ RunTime:0.000040s ]
INFO: [ app_init ] --END-- [ RunTime:0.000669s ]

[ 2017-05-21T14:14:13+08:00 ] ::1 /mywebTP/index.php/Home/img/bimg4.jpg
INFO: [ app_init ] --START--
INFO: Run Behavior\BuildLiteBehavior [ RunTime:0.000040s ]
INFO: [ app_init ] --END-- [ RunTime:0.002272s ]

[ 2017-05-21T14:14:13+08:00 ] ::1 /mywebTP/index.php/Home/img/qiaoba.ico
INFO: [ app_init ] --START--
INFO: Run Behavior\BuildLiteBehavior [ RunTime:0.000040s ]
INFO: [ app_init ] --END-- [ RunTime:0.001859s ]

[ 2017-05-21T14:14:13+08:00 ] ::1 /mywebTP/index.php/Home/img/bimg3.jpg
INFO: [ app_init ] --START--
INFO: Run Behavior\BuildLiteBehavior [ RunTime:0.000041s ]
INFO: [ app_init ] --END-- [ RunTime:0.009368s ]

[ 2017-05-21T14:14:14+08:00 ] ::1 /mywebTP/index.php/Home/index.php?c=IndexPage&a=MyMessageLoad
INFO: [ app_init ] --START--
INFO: Run Behavior\BuildLiteBehavior [ RunTime:0.000028s ]
INFO: [ app_init ] --END-- [ RunTime:0.000421s ]
INFO: [ app_begin ] --START--
INFO: Run Behavior\ReadHtmlCacheBehavior [ RunTime:0.000499s ]
INFO: [ app_begin ] --END-- [ RunTime:0.000597s ]
ERR: 无法加载控制器:Index.php

[ 2017-05-21T14:14:14+08:00 ] ::1 /mywebTP/index.php/Home/index.php?c=IndexPage&a=IndexNewsLoad
INFO: [ app_init ] --START--
INFO: Run Behavior\BuildLiteBehavior [ RunTime:0.000039s ]
INFO: [ app_init ] --END-- [ RunTime:0.000659s ]
INFO: [ app_begin ] --START--
INFO: Run Behavior\ReadHtmlCacheBehavior [ RunTime:0.000650s ]
INFO: [ app_begin ] --END-- [ RunTime:0.000819s ]
ERR: 无法加载控制器:Index.php

[ 2017-05-21T14:14:14+08:00 ] ::1 /mywebTP/index.php/Home/index.php?c=IndexPage&a=articListLoad
INFO: [ app_init ] --START--
INFO: Run Behavior\BuildLiteBehavior [ RunTime:0.000024s ]
INFO: [ app_init ] --END-- [ RunTime:0.000427s ]
INFO: [ app_begin ] --START--
INFO: Run Behavior\ReadHtmlCacheBehavior [ RunTime:0.000456s ]
INFO: [ app_begin ] --END-- [ RunTime:0.000571s ]
ERR: 无法加载控制器:Index.php

[ 2017-05-21T14:15:08+08:00 ] ::1 /mywebTP/index.php/Home/IndexPage/indexLoad
INFO: [ app_init ] --START--
INFO: Run Behavior\BuildLiteBehavior [ RunTime:0.000023s ]
INFO: [ app_init ] --END-- [ RunTime:0.000481s ]
INFO: [ app_begin ] --START--
INFO: Run Behavior\ReadHtmlCacheBehavior [ RunTime:0.000532s ]
INFO: [ app_begin ] --END-- [ RunTime:0.000643s ]
SQL: SHOW COLUMNS FROM `yb_indexnew` [ RunTime:0.0340s ]
SQL: SELECT * FROM `yb_indexnew`  [ RunTime:0.0319s ]
SQL: SHOW COLUMNS FROM `yb_articlist` [ RunTime:0.0342s ]
SQL: SELECT * FROM `yb_articlist`  [ RunTime:0.0315s ]
SQL: SHOW COLUMNS FROM `yb_mymessage` [ RunTime:0.0332s ]
SQL: SELECT * FROM `yb_mymessage`  [ RunTime:0.0312s ]
NOTIC: [8] Use of undefined constant index - assumed 'index' D:\PHP-webapp\mywebTP\Application\Home\Controller\IndexPageController.class.php 第 17 行.
INFO: [ view_parse ] --START--
INFO: [ template_filter ] --START--
INFO: Run Behavior\ContentReplaceBehavior [ RunTime:0.000204s ]
INFO: [ template_filter ] --END-- [ RunTime:0.000475s ]
INFO: Run Behavior\ParseTemplateBehavior [ RunTime:0.014841s ]
INFO: [ view_parse ] --END-- [ RunTime:0.015133s ]
INFO: [ view_filter ] --START--
INFO: Run Behavior\WriteHtmlCacheBehavior [ RunTime:0.000686s ]
INFO: [ view_filter ] --END-- [ RunTime:0.000923s ]
INFO: [ app_end ] --START--
INFO: Run Behavior\ShowPageTraceBehavior [ RunTime:0.001077s ]
INFO: [ app_end ] --END-- [ RunTime:0.001401s ]

[ 2017-05-21T14:15:09+08:00 ] ::1 /mywebTP/index.php/Home/index.php?c=IndexPage&a=IndexNewsLoad
INFO: [ app_init ] --START--
INFO: Run Behavior\BuildLiteBehavior [ RunTime:0.000040s ]
INFO: [ app_init ] --END-- [ RunTime:0.000624s ]
INFO: [ app_begin ] --START--
INFO: Run Behavior\ReadHtmlCacheBehavior [ RunTime:0.000642s ]
INFO: [ app_begin ] --END-- [ RunTime:0.000804s ]
ERR: 无法加载控制器:Index.php

[ 2017-05-21T14:15:09+08:00 ] ::1 /mywebTP/index.php/Home/index.php?c=IndexPage&a=articListLoad
INFO: [ app_init ] --START--
INFO: Run Behavior\BuildLiteBehavior [ RunTime:0.000041s ]
INFO: [ app_init ] --END-- [ RunTime:0.000683s ]
INFO: [ app_begin ] --START--
INFO: Run Behavior\ReadHtmlCacheBehavior [ RunTime:0.000767s ]
INFO: [ app_begin ] --END-- [ RunTime:0.000951s ]
ERR: 无法加载控制器:Index.php

[ 2017-05-21T14:15:09+08:00 ] ::1 /mywebTP/index.php/Home/index.php?c=IndexPage&a=MyMessageLoad
INFO: [ app_init ] --START--
INFO: Run Behavior\BuildLiteBehavior [ RunTime:0.000037s ]
INFO: [ app_init ] --END-- [ RunTime:0.000695s ]
INFO: [ app_begin ] --START--
INFO: Run Behavior\ReadHtmlCacheBehavior [ RunTime:0.000643s ]
INFO: [ app_begin ] --END-- [ RunTime:0.000807s ]
ERR: 无法加载控制器:Index.php

[ 2017-05-21T14:15:23+08:00 ] ::1 /mywebTP/index.php/Home/IndexPage/indexLoad
INFO: [ app_init ] --START--
INFO: Run Behavior\BuildLiteBehavior [ RunTime:0.000025s ]
INFO: [ app_init ] --END-- [ RunTime:0.000439s ]
INFO: [ app_begin ] --START--
INFO: Run Behavior\ReadHtmlCacheBehavior [ RunTime:0.000479s ]
INFO: [ app_begin ] --END-- [ RunTime:0.000598s ]
SQL: SHOW COLUMNS FROM `yb_indexnew` [ RunTime:0.0376s ]
SQL: SELECT * FROM `yb_indexnew`  [ RunTime:0.0374s ]
SQL: SHOW COLUMNS FROM `yb_articlist` [ RunTime:0.0381s ]
SQL: SELECT * FROM `yb_articlist`  [ RunTime:0.0392s ]
SQL: SHOW COLUMNS FROM `yb_mymessage` [ RunTime:0.0442s ]
SQL: SELECT * FROM `yb_mymessage`  [ RunTime:0.0416s ]
NOTIC: [8] Use of undefined constant index - assumed 'index' D:\PHP-webapp\mywebTP\Application\Home\Controller\IndexPageController.class.php 第 17 行.
INFO: [ view_parse ] --START--
INFO: [ template_filter ] --START--
INFO: Run Behavior\ContentReplaceBehavior [ RunTime:0.000187s ]
INFO: [ template_filter ] --END-- [ RunTime:0.000429s ]
INFO: Run Behavior\ParseTemplateBehavior [ RunTime:0.013093s ]
INFO: [ view_parse ] --END-- [ RunTime:0.013440s ]
INFO: [ view_filter ] --START--
INFO: Run Behavior\WriteHtmlCacheBehavior [ RunTime:0.000773s ]
INFO: [ view_filter ] --END-- [ RunTime:0.000986s ]
INFO: [ app_end ] --START--
INFO: Run Behavior\ShowPageTraceBehavior [ RunTime:0.001150s ]
INFO: [ app_end ] --END-- [ RunTime:0.001410s ]

[ 2017-05-21T14:15:24+08:00 ] ::1 /mywebTP/index.php/Home/index.php?c=IndexPage&a=IndexNewsLoad
INFO: [ app_init ] --START--
INFO: Run Behavior\BuildLiteBehavior [ RunTime:0.000043s ]
INFO: [ app_init ] --END-- [ RunTime:0.000915s ]
INFO: [ app_begin ] --START--
INFO: Run Behavior\ReadHtmlCacheBehavior [ RunTime:0.000629s ]
INFO: [ app_begin ] --END-- [ RunTime:0.000803s ]
ERR: 无法加载控制器:Index.php

[ 2017-05-21T14:15:24+08:00 ] ::1 /mywebTP/index.php/Home/index.php?c=IndexPage&a=MyMessageLoad
INFO: [ app_init ] --START--
INFO: Run Behavior\BuildLiteBehavior [ RunTime:0.000036s ]
INFO: [ app_init ] --END-- [ RunTime:0.000707s ]
INFO: [ app_begin ] --START--
INFO: Run Behavior\ReadHtmlCacheBehavior [ RunTime:0.000695s ]
INFO: [ app_begin ] --END-- [ RunTime:0.000868s ]
ERR: 无法加载控制器:Index.php

[ 2017-05-21T14:15:24+08:00 ] ::1 /mywebTP/index.php/Home/index.php?c=IndexPage&a=articListLoad
INFO: [ app_init ] --START--
INFO: Run Behavior\BuildLiteBehavior [ RunTime:0.000041s ]
INFO: [ app_init ] --END-- [ RunTime:0.000849s ]
INFO: [ app_begin ] --START--
INFO: Run Behavior\ReadHtmlCacheBehavior [ RunTime:0.000637s ]
INFO: [ app_begin ] --END-- [ RunTime:0.000796s ]
ERR: 无法加载控制器:Index.php

[ 2017-05-21T14:42:24+08:00 ] ::1 /mywebTP/index.php/Home/IndexPage/indexLoad
INFO: [ app_init ] --START--
INFO: Run Behavior\BuildLiteBehavior [ RunTime:0.000031s ]
INFO: [ app_init ] --END-- [ RunTime:0.000475s ]
INFO: [ app_begin ] --START--
INFO: Run Behavior\ReadHtmlCacheBehavior [ RunTime:0.000521s ]
INFO: [ app_begin ] --END-- [ RunTime:0.000637s ]
SQL: SHOW COLUMNS FROM `yb_indexnew` [ RunTime:0.0480s ]
SQL: SELECT * FROM `yb_indexnew`  [ RunTime:0.0475s ]
SQL: SHOW COLUMNS FROM `yb_articlist` [ RunTime:0.0514s ]
SQL: SELECT * FROM `yb_articlist`  [ RunTime:0.0519s ]
SQL: SHOW COLUMNS FROM `yb_mymessage` [ RunTime:0.0522s ]
SQL: SELECT * FROM `yb_mymessage`  [ RunTime:0.0480s ]
NOTIC: [8] Use of undefined constant index - assumed 'index' D:\PHP-webapp\mywebTP\Application\Home\Controller\IndexPageController.class.php 第 20 行.
INFO: [ view_parse ] --START--
INFO: [ template_filter ] --START--
INFO: Run Behavior\ContentReplaceBehavior [ RunTime:0.000179s ]
INFO: [ template_filter ] --END-- [ RunTime:0.000425s ]
INFO: Run Behavior\ParseTemplateBehavior [ RunTime:0.039558s ]
INFO: [ view_parse ] --END-- [ RunTime:0.039994s ]
INFO: [ view_filter ] --START--
INFO: Run Behavior\WriteHtmlCacheBehavior [ RunTime:0.000916s ]
INFO: [ view_filter ] --END-- [ RunTime:0.001193s ]
INFO: [ app_end ] --START--
INFO: Run Behavior\ShowPageTraceBehavior [ RunTime:0.001679s ]
INFO: [ app_end ] --END-- [ RunTime:0.002015s ]

[ 2017-05-21T14:43:05+08:00 ] ::1 /mywebTP/index.php/Home/IndexPage/indexLoad
INFO: [ app_init ] --START--
INFO: Run Behavior\BuildLiteBehavior [ RunTime:0.000024s ]
INFO: [ app_init ] --END-- [ RunTime:0.000433s ]
INFO: [ app_begin ] --START--
INFO: Run Behavior\ReadHtmlCacheBehavior [ RunTime:0.000438s ]
INFO: [ app_begin ] --END-- [ RunTime:0.000555s ]
SQL: SHOW COLUMNS FROM `yb_indexnew` [ RunTime:0.0360s ]
SQL: SELECT * FROM `yb_indexnew`  [ RunTime:0.0338s ]
SQL: SHOW COLUMNS FROM `yb_articlist` [ RunTime:0.0362s ]
SQL: SELECT * FROM `yb_articlist`  [ RunTime:0.0431s ]
SQL: SHOW COLUMNS FROM `yb_mymessage` [ RunTime:0.0442s ]
SQL: SELECT * FROM `yb_mymessage`  [ RunTime:0.0421s ]
NOTIC: [8] Use of undefined constant index - assumed 'index' D:\PHP-webapp\mywebTP\Application\Home\Controller\IndexPageController.class.php 第 20 行.
INFO: [ view_parse ] --START--
INFO: [ template_filter ] --START--
INFO: Run Behavior\ContentReplaceBehavior [ RunTime:0.000206s ]
INFO: [ template_filter ] --END-- [ RunTime:0.000493s ]
INFO: Run Behavior\ParseTemplateBehavior [ RunTime:0.018227s ]
INFO: [ view_parse ] --END-- [ RunTime:0.018620s ]
INFO: [ view_filter ] --START--
INFO: Run Behavior\WriteHtmlCacheBehavior [ RunTime:0.000748s ]
INFO: [ view_filter ] --END-- [ RunTime:0.001017s ]
INFO: [ app_end ] --START--
INFO: Run Behavior\ShowPageTraceBehavior [ RunTime:0.001168s ]
INFO: [ app_end ] --END-- [ RunTime:0.001514s ]

[ 2017-05-21T14:43:23+08:00 ] ::1 /mywebTP/index.php/Home/IndexPage/indexLoad
INFO: [ app_init ] --START--
INFO: Run Behavior\BuildLiteBehavior [ RunTime:0.000028s ]
INFO: [ app_init ] --END-- [ RunTime:0.000638s ]
INFO: [ app_begin ] --START--
INFO: Run Behavior\ReadHtmlCacheBehavior [ RunTime:0.000504s ]
INFO: [ app_begin ] --END-- [ RunTime:0.000618s ]
SQL: SHOW COLUMNS FROM `yb_indexnew` [ RunTime:0.0436s ]
SQL: SELECT * FROM `yb_indexnew` LIMIT 5   [ RunTime:0.0376s ]
SQL: SHOW COLUMNS FROM `yb_articlist` [ RunTime:0.0385s ]
SQL: SELECT * FROM `yb_articlist`  [ RunTime:0.0374s ]
SQL: SHOW COLUMNS FROM `yb_mymessage` [ RunTime:0.0387s ]
SQL: SELECT * FROM `yb_mymessage`  [ RunTime:0.0372s ]
NOTIC: [8] Use of undefined constant index - assumed 'index' D:\PHP-webapp\mywebTP\Application\Home\Controller\IndexPageController.class.php 第 20 行.
INFO: [ view_parse ] --START--
INFO: [ template_filter ] --START--
INFO: Run Behavior\ContentReplaceBehavior [ RunTime:0.000390s ]
INFO: [ template_filter ] --END-- [ RunTime:0.000905s ]
INFO: Run Behavior\ParseTemplateBehavior [ RunTime:0.033455s ]
INFO: [ view_parse ] --END-- [ RunTime:0.033953s ]
INFO: [ view_filter ] --START--
INFO: Run Behavior\WriteHtmlCacheBehavior [ RunTime:0.001588s ]
INFO: [ view_filter ] --END-- [ RunTime:0.002033s ]
INFO: [ app_end ] --START--
INFO: Run Behavior\ShowPageTraceBehavior [ RunTime:0.001959s ]
INFO: [ app_end ] --END-- [ RunTime:0.002513s ]

[ 2017-05-21T14:45:58+08:00 ] ::1 /mywebTP/index.php/Home/IndexPage/indexLoad
INFO: [ app_init ] --START--
INFO: Run Behavior\BuildLiteBehavior [ RunTime:0.000027s ]
INFO: [ app_init ] --END-- [ RunTime:0.000498s ]
INFO: [ app_begin ] --START--
INFO: Run Behavior\ReadHtmlCacheBehavior [ RunTime:0.000625s ]
INFO: [ app_begin ] --END-- [ RunTime:0.000751s ]
SQL: SHOW COLUMNS FROM `yb_indexnew` [ RunTime:0.0329s ]
SQL: SELECT * FROM `yb_indexnew` ORDER BY time desc LIMIT 5   [ RunTime:0.0321s ]
SQL: SHOW COLUMNS FROM `yb_articlist` [ RunTime:0.0339s ]
SQL: SELECT * FROM `yb_articlist`  [ RunTime:0.0312s ]
SQL: SHOW COLUMNS FROM `yb_mymessage` [ RunTime:0.0309s ]
SQL: SELECT * FROM `yb_mymessage`  [ RunTime:0.0304s ]
NOTIC: [8] Use of undefined constant index - assumed 'index' D:\PHP-webapp\mywebTP\Application\Home\Controller\IndexPageController.class.php 第 20 行.
INFO: [ view_parse ] --START--
INFO: [ template_filter ] --START--
INFO: Run Behavior\ContentReplaceBehavior [ RunTime:0.000168s ]
INFO: [ template_filter ] --END-- [ RunTime:0.000413s ]
INFO: Run Behavior\ParseTemplateBehavior [ RunTime:0.026459s ]
INFO: [ view_parse ] --END-- [ RunTime:0.026862s ]
INFO: [ view_filter ] --START--
INFO: Run Behavior\WriteHtmlCacheBehavior [ RunTime:0.000782s ]
INFO: [ view_filter ] --END-- [ RunTime:0.000986s ]
INFO: [ app_end ] --START--
INFO: Run Behavior\ShowPageTraceBehavior [ RunTime:0.001425s ]
INFO: [ app_end ] --END-- [ RunTime:0.001741s ]

[ 2017-05-21T14:49:12+08:00 ] ::1 /mywebTP/index.php/Home/IndexPage/indexLoad
INFO: [ app_init ] --START--
INFO: Run Behavior\BuildLiteBehavior [ RunTime:0.000066s ]
INFO: [ app_init ] --END-- [ RunTime:0.001334s ]
INFO: [ app_begin ] --START--
INFO: Run Behavior\ReadHtmlCacheBehavior [ RunTime:0.001536s ]
INFO: [ app_begin ] --END-- [ RunTime:0.001896s ]
SQL: SHOW COLUMNS FROM `yb_indexnew` [ RunTime:0.0317s ]
SQL: SELECT * FROM `yb_indexnew` ORDER BY time desc LIMIT 5   [ RunTime:0.0301s ]
SQL: SHOW COLUMNS FROM `yb_articlist` [ RunTime:0.0311s ]
SQL: SELECT * FROM `yb_articlist`  [ RunTime:0.0331s ]
SQL: SHOW COLUMNS FROM `yb_mymessage` [ RunTime:0.0310s ]
SQL: SELECT * FROM `yb_mymessage`  [ RunTime:0.0296s ]
NOTIC: [8] Use of undefined constant index - assumed 'index' D:\PHP-webapp\mywebTP\Application\Home\Controller\IndexPageController.class.php 第 20 行.
INFO: [ view_parse ] --START--
INFO: [ template_filter ] --START--
INFO: Run Behavior\ContentReplaceBehavior [ RunTime:0.000356s ]
INFO: [ template_filter ] --END-- [ RunTime:0.000851s ]
NOTIC: [8] Undefined index: myname D:\PHP-webapp\mywebTP\Application\Runtime\Cache\Home\a5f72cbdf1553f1f442a7e245468166c.php 第 139 行.
INFO: Run Behavior\ParseTemplateBehavior [ RunTime:0.038270s ]
INFO: [ view_parse ] --END-- [ RunTime:0.038958s ]
INFO: [ view_filter ] --START--
INFO: Run Behavior\WriteHtmlCacheBehavior [ RunTime:0.003222s ]
INFO: [ view_filter ] --END-- [ RunTime:0.004009s ]
INFO: [ app_end ] --START--
INFO: Run Behavior\ShowPageTraceBehavior [ RunTime:0.001204s ]
INFO: [ app_end ] --END-- [ RunTime:0.001480s ]

[ 2017-05-21T14:52:04+08:00 ] ::1 /mywebTP/index.php/Home/IndexPage/indexLoad
INFO: [ app_init ] --START--
INFO: Run Behavior\BuildLiteBehavior [ RunTime:0.000022s ]
INFO: [ app_init ] --END-- [ RunTime:0.000488s ]
INFO: [ app_begin ] --START--
INFO: Run Behavior\ReadHtmlCacheBehavior [ RunTime:0.000502s ]
INFO: [ app_begin ] --END-- [ RunTime:0.000616s ]
SQL: SHOW COLUMNS FROM `yb_indexnew` [ RunTime:0.0531s ]
SQL: SELECT * FROM `yb_indexnew` ORDER BY time desc LIMIT 5   [ RunTime:0.0529s ]
SQL: SHOW COLUMNS FROM `yb_articlist` [ RunTime:0.0521s ]
SQL: SELECT * FROM `yb_articlist`  [ RunTime:0.0470s ]
SQL: SHOW COLUMNS FROM `yb_mymessage` [ RunTime:0.0462s ]
SQL: SELECT * FROM `yb_mymessage`  [ RunTime:0.0474s ]
NOTIC: [8] Use of undefined constant index - assumed 'index' D:\PHP-webapp\mywebTP\Application\Home\Controller\IndexPageController.class.php 第 20 行.
INFO: [ view_parse ] --START--
INFO: [ template_filter ] --START--
INFO: Run Behavior\ContentReplaceBehavior [ RunTime:0.000151s ]
INFO: [ template_filter ] --END-- [ RunTime:0.000352s ]
INFO: Run Behavior\ParseTemplateBehavior [ RunTime:0.033729s ]
INFO: [ view_parse ] --END-- [ RunTime:0.034078s ]
INFO: [ view_filter ] --START--
INFO: Run Behavior\WriteHtmlCacheBehavior [ RunTime:0.000792s ]
INFO: [ view_filter ] --END-- [ RunTime:0.001031s ]
INFO: [ app_end ] --START--
INFO: Run Behavior\ShowPageTraceBehavior [ RunTime:0.001139s ]
INFO: [ app_end ] --END-- [ RunTime:0.001412s ]

[ 2017-05-21T14:55:10+08:00 ] ::1 /mywebTP/index.php/Home/IndexPage/indexLoad
INFO: [ app_init ] --START--
INFO: Run Behavior\BuildLiteBehavior [ RunTime:0.000025s ]
INFO: [ app_init ] --END-- [ RunTime:0.000483s ]
INFO: [ app_begin ] --START--
INFO: Run Behavior\ReadHtmlCacheBehavior [ RunTime:0.000551s ]
INFO: [ app_begin ] --END-- [ RunTime:0.000673s ]
SQL: SHOW COLUMNS FROM `yb_indexnew` [ RunTime:0.0489s ]
SQL: SELECT * FROM `yb_indexnew` ORDER BY time desc LIMIT 5   [ RunTime:0.0465s ]
SQL: SHOW COLUMNS FROM `yb_articlist` [ RunTime:0.0469s ]
SQL: SELECT * FROM `yb_articlist`  [ RunTime:0.0382s ]
SQL: SHOW COLUMNS FROM `yb_mymessage` [ RunTime:0.0356s ]
SQL: SELECT * FROM `yb_mymessage`  [ RunTime:0.0327s ]
NOTIC: [8] Use of undefined constant index - assumed 'index' D:\PHP-webapp\mywebTP\Application\Home\Controller\IndexPageController.class.php 第 20 行.
INFO: [ view_parse ] --START--
INFO: [ template_filter ] --START--
INFO: Run Behavior\ContentReplaceBehavior [ RunTime:0.000399s ]
INFO: [ template_filter ] --END-- [ RunTime:0.000910s ]
INFO: Run Behavior\ParseTemplateBehavior [ RunTime:0.038945s ]
INFO: [ view_parse ] --END-- [ RunTime:0.039628s ]
INFO: [ view_filter ] --START--
INFO: Run Behavior\WriteHtmlCacheBehavior [ RunTime:0.003312s ]
INFO: [ view_filter ] --END-- [ RunTime:0.004030s ]
INFO: [ app_end ] --START--
INFO: Run Behavior\ShowPageTraceBehavior [ RunTime:0.002383s ]
INFO: [ app_end ] --END-- [ RunTime:0.002871s ]

[ 2017-05-21T14:55:35+08:00 ] ::1 /mywebTP/index.php/Home/IndexPage/message.php
INFO: [ app_init ] --START--
INFO: Run Behavior\BuildLiteBehavior [ RunTime:0.000024s ]
INFO: [ app_init ] --END-- [ RunTime:0.000443s ]
INFO: [ app_begin ] --START--
INFO: Run Behavior\ReadHtmlCacheBehavior [ RunTime:0.000548s ]
INFO: [ app_begin ] --END-- [ RunTime:0.000691s ]
ERR: 非法操作:message.php

[ 2017-05-21T15:15:22+08:00 ] ::1 /mywebTP/index.php/Home/IndexPage/indexLoad
INFO: [ app_init ] --START--
INFO: Run Behavior\BuildLiteBehavior [ RunTime:0.000040s ]
INFO: [ app_init ] --END-- [ RunTime:0.000767s ]
INFO: [ app_begin ] --START--
INFO: Run Behavior\ReadHtmlCacheBehavior [ RunTime:0.000583s ]
INFO: [ app_begin ] --END-- [ RunTime:0.000699s ]
SQL: SHOW COLUMNS FROM `yb_indexnew` [ RunTime:0.0350s ]
SQL: SELECT * FROM `yb_indexnew` ORDER BY time desc LIMIT 5   [ RunTime:0.0339s ]
SQL: SHOW COLUMNS FROM `yb_articlist` [ RunTime:0.0358s ]
SQL: SELECT * FROM `yb_articlist`  [ RunTime:0.0338s ]
SQL: SHOW COLUMNS FROM `yb_mymessage` [ RunTime:0.0362s ]
SQL: SELECT * FROM `yb_mymessage`  [ RunTime:0.0336s ]
NOTIC: [8] Use of undefined constant index - assumed 'index' D:\PHP-webapp\mywebTP\Application\Home\Controller\IndexPageController.class.php 第 20 行.
INFO: [ view_parse ] --START--
INFO: [ template_filter ] --START--
INFO: Run Behavior\ContentReplaceBehavior [ RunTime:0.000396s ]
INFO: [ template_filter ] --END-- [ RunTime:0.000943s ]
INFO: Run Behavior\ParseTemplateBehavior [ RunTime:0.038059s ]
INFO: [ view_parse ] --END-- [ RunTime:0.038559s ]
INFO: [ view_filter ] --START--
INFO: Run Behavior\WriteHtmlCacheBehavior [ RunTime:0.002182s ]
INFO: [ view_filter ] --END-- [ RunTime:0.002828s ]
INFO: [ app_end ] --START--
INFO: Run Behavior\ShowPageTraceBehavior [ RunTime:0.001881s ]
INFO: [ app_end ] --END-- [ RunTime:0.002304s ]

[ 2017-05-21T15:15:24+08:00 ] ::1 /mywebTP/index.php?m=Home&c=IndexPage&a=indexLoad
INFO: [ app_init ] --START--
INFO: Run Behavior\BuildLiteBehavior [ RunTime:0.000041s ]
INFO: [ app_init ] --END-- [ RunTime:0.000709s ]
INFO: [ app_begin ] --START--
INFO: Run Behavior\ReadHtmlCacheBehavior [ RunTime:0.000524s ]
INFO: [ app_begin ] --END-- [ RunTime:0.000651s ]
SQL: SHOW COLUMNS FROM `yb_indexnew` [ RunTime:0.0324s ]
SQL: SELECT * FROM `yb_indexnew` ORDER BY time desc LIMIT 5   [ RunTime:0.0294s ]
SQL: SHOW COLUMNS FROM `yb_articlist` [ RunTime:0.0314s ]
SQL: SELECT * FROM `yb_articlist`  [ RunTime:0.0289s ]
SQL: SHOW COLUMNS FROM `yb_mymessage` [ RunTime:0.0309s ]
SQL: SELECT * FROM `yb_mymessage`  [ RunTime:0.0293s ]
NOTIC: [8] Use of undefined constant index - assumed 'index' D:\PHP-webapp\mywebTP\Application\Home\Controller\IndexPageController.class.php 第 20 行.
INFO: [ view_parse ] --START--
INFO: [ template_filter ] --START--
INFO: Run Behavior\ContentReplaceBehavior [ RunTime:0.000909s ]
INFO: [ template_filter ] --END-- [ RunTime:0.002047s ]
INFO: Run Behavior\ParseTemplateBehavior [ RunTime:0.040409s ]
INFO: [ view_parse ] --END-- [ RunTime:0.041070s ]
INFO: [ view_filter ] --START--
INFO: Run Behavior\WriteHtmlCacheBehavior [ RunTime:0.001316s ]
INFO: [ view_filter ] --END-- [ RunTime:0.002020s ]
INFO: [ app_end ] --START--
INFO: Run Behavior\ShowPageTraceBehavior [ RunTime:0.002042s ]
INFO: [ app_end ] --END-- [ RunTime:0.002564s ]

[ 2017-05-21T15:15:31+08:00 ] ::1 /mywebTP/index.php?m=Home&c=IndexPage&a=indexLoad
INFO: [ app_init ] --START--
INFO: Run Behavior\BuildLiteBehavior [ RunTime:0.000028s ]
INFO: [ app_init ] --END-- [ RunTime:0.000486s ]
INFO: [ app_begin ] --START--
INFO: Run Behavior\ReadHtmlCacheBehavior [ RunTime:0.000474s ]
INFO: [ app_begin ] --END-- [ RunTime:0.000598s ]
SQL: SHOW COLUMNS FROM `yb_indexnew` [ RunTime:0.0372s ]
SQL: SELECT * FROM `yb_indexnew` ORDER BY time desc LIMIT 5   [ RunTime:0.0314s ]
SQL: SHOW COLUMNS FROM `yb_articlist` [ RunTime:0.0325s ]
SQL: SELECT * FROM `yb_articlist`  [ RunTime:0.0312s ]
SQL: SHOW COLUMNS FROM `yb_mymessage` [ RunTime:0.0328s ]
SQL: SELECT * FROM `yb_mymessage`  [ RunTime:0.0313s ]
NOTIC: [8] Use of undefined constant index - assumed 'index' D:\PHP-webapp\mywebTP\Application\Home\Controller\IndexPageController.class.php 第 20 行.
INFO: [ view_parse ] --START--
INFO: [ template_filter ] --START--
INFO: Run Behavior\ContentReplaceBehavior [ RunTime:0.000223s ]
INFO: [ template_filter ] --END-- [ RunTime:0.000507s ]
INFO: Run Behavior\ParseTemplateBehavior [ RunTime:0.026560s ]
INFO: [ view_parse ] --END-- [ RunTime:0.026961s ]
INFO: [ view_filter ] --START--
INFO: Run Behavior\WriteHtmlCacheBehavior [ RunTime:0.000747s ]
INFO: [ view_filter ] --END-- [ RunTime:0.000992s ]
INFO: [ app_end ] --START--
INFO: Run Behavior\ShowPageTraceBehavior [ RunTime:0.001494s ]
INFO: [ app_end ] --END-- [ RunTime:0.001873s ]

[ 2017-05-21T15:16:21+08:00 ] ::1 /mywebTP/index.php?m=Home&c=IndexPage&a=indexLoad
INFO: [ app_init ] --START--
INFO: Run Behavior\BuildLiteBehavior [ RunTime:0.000027s ]
INFO: [ app_init ] --END-- [ RunTime:0.000448s ]
INFO: [ app_begin ] --START--
INFO: Run Behavior\ReadHtmlCacheBehavior [ RunTime:0.000561s ]
INFO: [ app_begin ] --END-- [ RunTime:0.000717s ]
SQL: SHOW COLUMNS FROM `yb_indexnew` [ RunTime:0.0343s ]
SQL: SELECT * FROM `yb_indexnew` ORDER BY time desc LIMIT 5   [ RunTime:0.0319s ]
SQL: SHOW COLUMNS FROM `yb_articlist` [ RunTime:0.0337s ]
SQL: SELECT * FROM `yb_articlist`  [ RunTime:0.0311s ]
SQL: SHOW COLUMNS FROM `yb_mymessage` [ RunTime:0.0323s ]
SQL: SELECT * FROM `yb_mymessage`  [ RunTime:0.0310s ]
NOTIC: [8] Use of undefined constant index - assumed 'index' D:\PHP-webapp\mywebTP\Application\Home\Controller\IndexPageController.class.php 第 20 行.
INFO: [ view_parse ] --START--
INFO: [ template_filter ] --START--
INFO: Run Behavior\ContentReplaceBehavior [ RunTime:0.000117s ]
INFO: [ template_filter ] --END-- [ RunTime:0.000261s ]
INFO: Run Behavior\ParseTemplateBehavior [ RunTime:0.010786s ]
INFO: [ view_parse ] --END-- [ RunTime:0.010942s ]
INFO: [ view_filter ] --START--
INFO: Run Behavior\WriteHtmlCacheBehavior [ RunTime:0.000446s ]
INFO: [ view_filter ] --END-- [ RunTime:0.000565s ]
INFO: [ app_end ] --START--
INFO: Run Behavior\ShowPageTraceBehavior [ RunTime:0.000695s ]
INFO: [ app_end ] --END-- [ RunTime:0.000856s ]

[ 2017-05-21T15:16:22+08:00 ] ::1 /mywebTP/index.php?m=Home&c=BoardPage&a=boardLoad
INFO: [ app_init ] --START--
INFO: Run Behavior\BuildLiteBehavior [ RunTime:0.000022s ]
INFO: [ app_init ] --END-- [ RunTime:0.000461s ]
INFO: [ app_begin ] --START--
INFO: Run Behavior\ReadHtmlCacheBehavior [ RunTime:0.000454s ]
INFO: [ app_begin ] --END-- [ RunTime:0.000565s ]
SQL: SHOW COLUMNS FROM `yb_board` [ RunTime:0.0407s ]
SQL: SELECT * FROM `yb_board` LIMIT 0,10   [ RunTime:0.0294s ]
SQL: SHOW COLUMNS FROM `yb_board` [ RunTime:0.0311s ]
SQL: SELECT COUNT(*) AS tp_count FROM `yb_board` LIMIT 1   [ RunTime:0.0306s ]
NOTIC: [8] Use of undefined constant board - assumed 'board' D:\PHP-webapp\mywebTP\Application\Home\Controller\BoardPageController.class.php 第 19 行.
INFO: [ view_parse ] --START--
INFO: [ template_filter ] --START--
INFO: Run Behavior\ContentReplaceBehavior [ RunTime:0.000218s ]
INFO: [ template_filter ] --END-- [ RunTime:0.000553s ]
NOTIC: [8] Undefined variable: page D:\PHP-webapp\mywebTP\Application\Runtime\Cache\Home\be0008737bcc43469fe31b33d61fbd2d.php 第 22 行.
NOTIC: [8] Undefined variable: page D:\PHP-webapp\mywebTP\Application\Runtime\Cache\Home\be0008737bcc43469fe31b33d61fbd2d.php 第 24 行.
INFO: Run Behavior\ParseTemplateBehavior [ RunTime:0.024895s ]
INFO: [ view_parse ] --END-- [ RunTime:0.025319s ]
INFO: [ view_filter ] --START--
INFO: Run Behavior\WriteHtmlCacheBehavior [ RunTime:0.000909s ]
INFO: [ view_filter ] --END-- [ RunTime:0.001194s ]
INFO: [ app_end ] --START--
INFO: Run Behavior\ShowPageTraceBehavior [ RunTime:0.001290s ]
INFO: [ app_end ] --END-- [ RunTime:0.001684s ]

[ 2017-05-21T15:16:41+08:00 ] ::1 /mywebTP/index.php?m=Home&c=BoardPage&a=boardLoad
INFO: [ app_init ] --START--
INFO: Run Behavior\BuildLiteBehavior [ RunTime:0.000023s ]
INFO: [ app_init ] --END-- [ RunTime:0.000465s ]
INFO: [ app_begin ] --START--
INFO: Run Behavior\ReadHtmlCacheBehavior [ RunTime:0.000464s ]
INFO: [ app_begin ] --END-- [ RunTime:0.000572s ]
SQL: SHOW COLUMNS FROM `yb_board` [ RunTime:0.0338s ]
SQL: SELECT * FROM `yb_board` LIMIT 0,10   [ RunTime:0.0315s ]
SQL: SHOW COLUMNS FROM `yb_board` [ RunTime:0.0331s ]
SQL: SELECT COUNT(*) AS tp_count FROM `yb_board` LIMIT 1   [ RunTime:0.0311s ]
NOTIC: [8] Use of undefined constant board - assumed 'board' D:\PHP-webapp\mywebTP\Application\Home\Controller\BoardPageController.class.php 第 19 行.
INFO: [ view_parse ] --START--
INFO: [ template_filter ] --START--
INFO: Run Behavior\ContentReplaceBehavior [ RunTime:0.000173s ]
INFO: [ template_filter ] --END-- [ RunTime:0.000440s ]
NOTIC: [8] Undefined variable: page D:\PHP-webapp\mywebTP\Application\Runtime\Cache\Home\be0008737bcc43469fe31b33d61fbd2d.php 第 22 行.
NOTIC: [8] Undefined variable: page D:\PHP-webapp\mywebTP\Application\Runtime\Cache\Home\be0008737bcc43469fe31b33d61fbd2d.php 第 24 行.
INFO: Run Behavior\ParseTemplateBehavior [ RunTime:0.028506s ]
INFO: [ view_parse ] --END-- [ RunTime:0.028871s ]
INFO: [ view_filter ] --START--
INFO: Run Behavior\WriteHtmlCacheBehavior [ RunTime:0.000713s ]
INFO: [ view_filter ] --END-- [ RunTime:0.000957s ]
INFO: [ app_end ] --START--
INFO: Run Behavior\ShowPageTraceBehavior [ RunTime:0.001116s ]
INFO: [ app_end ] --END-- [ RunTime:0.001387s ]

[ 2017-05-21T15:18:02+08:00 ] ::1 /mywebTP/index.php?m=Home&c=BoardPage&a=boardLoad
INFO: [ app_init ] --START--
INFO: Run Behavior\BuildLiteBehavior [ RunTime:0.000026s ]
INFO: [ app_init ] --END-- [ RunTime:0.000726s ]
INFO: [ app_begin ] --START--
INFO: Run Behavior\ReadHtmlCacheBehavior [ RunTime:0.000565s ]
INFO: [ app_begin ] --END-- [ RunTime:0.000678s ]
SQL: SHOW COLUMNS FROM `yb_board` [ RunTime:0.0339s ]
SQL: SELECT * FROM `yb_board` LIMIT 0,10   [ RunTime:0.0326s ]
SQL: SHOW COLUMNS FROM `yb_board` [ RunTime:0.0334s ]
SQL: SELECT COUNT(*) AS tp_count FROM `yb_board` LIMIT 1   [ RunTime:0.0322s ]
NOTIC: [8] Use of undefined constant board - assumed 'board' D:\PHP-webapp\mywebTP\Application\Home\Controller\BoardPageController.class.php 第 19 行.
INFO: [ view_parse ] --START--
INFO: [ template_filter ] --START--
INFO: Run Behavior\ContentReplaceBehavior [ RunTime:0.000379s ]
INFO: [ template_filter ] --END-- [ RunTime:0.000762s ]
NOTIC: [8] Undefined variable: page D:\PHP-webapp\mywebTP\Application\Runtime\Cache\Home\be0008737bcc43469fe31b33d61fbd2d.php 第 23 行.
NOTIC: [8] Undefined variable: page D:\PHP-webapp\mywebTP\Application\Runtime\Cache\Home\be0008737bcc43469fe31b33d61fbd2d.php 第 25 行.
INFO: Run Behavior\ParseTemplateBehavior [ RunTime:0.033253s ]
INFO: [ view_parse ] --END-- [ RunTime:0.033697s ]
INFO: [ view_filter ] --START--
INFO: Run Behavior\WriteHtmlCacheBehavior [ RunTime:0.001193s ]
INFO: [ view_filter ] --END-- [ RunTime:0.001451s ]
INFO: [ app_end ] --START--
INFO: Run Behavior\ShowPageTraceBehavior [ RunTime:0.001248s ]
INFO: [ app_end ] --END-- [ RunTime:0.001501s ]

[ 2017-05-21T15:20:33+08:00 ] ::1 /mywebTP/index.php
INFO: [ app_init ] --START--
INFO: Run Behavior\BuildLiteBehavior [ RunTime:0.000022s ]
INFO: [ app_init ] --END-- [ RunTime:0.000491s ]
INFO: [ app_begin ] --START--
INFO: Run Behavior\ReadHtmlCacheBehavior [ RunTime:0.000540s ]
INFO: [ app_begin ] --END-- [ RunTime:0.000648s ]
INFO: [ view_parse ] --START--
INFO: Run Behavior\ParseTemplateBehavior [ RunTime:0.000413s ]
INFO: [ view_parse ] --END-- [ RunTime:0.000528s ]
INFO: [ view_filter ] --START--
INFO: Run Behavior\WriteHtmlCacheBehavior [ RunTime:0.000389s ]
INFO: [ view_filter ] --END-- [ RunTime:0.000498s ]
INFO: [ app_end ] --START--
INFO: Run Behavior\ShowPageTraceBehavior [ RunTime:0.000579s ]
INFO: [ app_end ] --END-- [ RunTime:0.000758s ]

[ 2017-05-21T15:21:56+08:00 ] ::1 /mywebTP/index.php?m=Home&c=BoardPage&a=boardLoad
INFO: [ app_init ] --START--
INFO: Run Behavior\BuildLiteBehavior [ RunTime:0.000027s ]
INFO: [ app_init ] --END-- [ RunTime:0.000557s ]
INFO: [ app_begin ] --START--
INFO: Run Behavior\ReadHtmlCacheBehavior [ RunTime:0.000500s ]
INFO: [ app_begin ] --END-- [ RunTime:0.000628s ]
SQL: SHOW COLUMNS FROM `yb_board` [ RunTime:0.0343s ]
SQL: SELECT * FROM `yb_board` LIMIT 0,10   [ RunTime:0.0322s ]
SQL: SHOW COLUMNS FROM `yb_board` [ RunTime:0.0330s ]
SQL: SELECT COUNT(*) AS tp_count FROM `yb_board` LIMIT 1   [ RunTime:0.0328s ]
NOTIC: [8] Use of undefined constant board - assumed 'board' D:\PHP-webapp\mywebTP\Application\Home\Controller\BoardPageController.class.php 第 19 行.
INFO: [ view_parse ] --START--
INFO: [ template_filter ] --START--
INFO: Run Behavior\ContentReplaceBehavior [ RunTime:0.000177s ]
INFO: [ template_filter ] --END-- [ RunTime:0.000447s ]
NOTIC: [8] Undefined variable: page D:\PHP-webapp\mywebTP\Application\Runtime\Cache\Home\be0008737bcc43469fe31b33d61fbd2d.php 第 23 行.
NOTIC: [8] Undefined variable: page D:\PHP-webapp\mywebTP\Application\Runtime\Cache\Home\be0008737bcc43469fe31b33d61fbd2d.php 第 25 行.
INFO: Run Behavior\ParseTemplateBehavior [ RunTime:0.010615s ]
INFO: [ view_parse ] --END-- [ RunTime:0.010758s ]
INFO: [ view_filter ] --START--
INFO: Run Behavior\WriteHtmlCacheBehavior [ RunTime:0.000386s ]
INFO: [ view_filter ] --END-- [ RunTime:0.000508s ]
INFO: [ app_end ] --START--
INFO: Run Behavior\ShowPageTraceBehavior [ RunTime:0.000724s ]
INFO: [ app_end ] --END-- [ RunTime:0.000900s ]

[ 2017-05-21T15:21:58+08:00 ] ::1 /mywebTP/index.php/Home/IndexPage/indexLoad
INFO: [ app_init ] --START--
INFO: Run Behavior\BuildLiteBehavior [ RunTime:0.000038s ]
INFO: [ app_init ] --END-- [ RunTime:0.000574s ]
INFO: [ app_begin ] --START--
INFO: Run Behavior\ReadHtmlCacheBehavior [ RunTime:0.000529s ]
INFO: [ app_begin ] --END-- [ RunTime:0.000656s ]
SQL: SHOW COLUMNS FROM `yb_indexnew` [ RunTime:0.0308s ]
SQL: SELECT * FROM `yb_indexnew` ORDER BY time desc LIMIT 5   [ RunTime:0.0296s ]
SQL: SHOW COLUMNS FROM `yb_articlist` [ RunTime:0.0310s ]
SQL: SELECT * FROM `yb_articlist`  [ RunTime:0.0297s ]
SQL: SHOW COLUMNS FROM `yb_mymessage` [ RunTime:0.0308s ]
SQL: SELECT * FROM `yb_mymessage`  [ RunTime:0.0293s ]
NOTIC: [8] Use of undefined constant index - assumed 'index' D:\PHP-webapp\mywebTP\Application\Home\Controller\IndexPageController.class.php 第 20 行.
INFO: [ view_parse ] --START--
INFO: [ template_filter ] --START--
INFO: Run Behavior\ContentReplaceBehavior [ RunTime:0.000157s ]
INFO: [ template_filter ] --END-- [ RunTime:0.000371s ]
INFO: Run Behavior\ParseTemplateBehavior [ RunTime:0.021252s ]
INFO: [ view_parse ] --END-- [ RunTime:0.021963s ]
INFO: [ view_filter ] --START--
INFO: Run Behavior\WriteHtmlCacheBehavior [ RunTime:0.000553s ]
INFO: [ view_filter ] --END-- [ RunTime:0.000724s ]
INFO: [ app_end ] --START--
INFO: Run Behavior\ShowPageTraceBehavior [ RunTime:0.000799s ]
INFO: [ app_end ] --END-- [ RunTime:0.000982s ]

[ 2017-05-21T15:22:03+08:00 ] ::1 /mywebTP/index.php/Home/IndexPage/aboutMe.html
INFO: [ app_init ] --START--
INFO: Run Behavior\BuildLiteBehavior [ RunTime:0.000024s ]
INFO: [ app_init ] --END-- [ RunTime:0.000489s ]
INFO: [ app_begin ] --START--
INFO: Run Behavior\ReadHtmlCacheBehavior [ RunTime:0.000471s ]
INFO: [ app_begin ] --END-- [ RunTime:0.000582s ]
INFO: [ view_parse ] --START--
INFO: [ template_filter ] --START--
INFO: Run Behavior\ContentReplaceBehavior [ RunTime:0.000081s ]
INFO: [ template_filter ] --END-- [ RunTime:0.000196s ]
INFO: Run Behavior\ParseTemplateBehavior [ RunTime:0.006013s ]
INFO: [ view_parse ] --END-- [ RunTime:0.006130s ]
INFO: [ view_filter ] --START--
INFO: Run Behavior\WriteHtmlCacheBehavior [ RunTime:0.000335s ]
INFO: [ view_filter ] --END-- [ RunTime:0.000465s ]
INFO: [ app_end ] --START--
INFO: Run Behavior\ShowPageTraceBehavior [ RunTime:0.000474s ]
INFO: [ app_end ] --END-- [ RunTime:0.000588s ]

[ 2017-05-21T15:36:35+08:00 ] ::1 /mywebTP/index.php/Home/IndexPage/indexLoad
INFO: [ app_init ] --START--
INFO: Run Behavior\BuildLiteBehavior [ RunTime:0.000039s ]
INFO: [ app_init ] --END-- [ RunTime:0.000783s ]
INFO: [ app_begin ] --START--
INFO: Run Behavior\ReadHtmlCacheBehavior [ RunTime:0.000588s ]
INFO: [ app_begin ] --END-- [ RunTime:0.000709s ]
SQL: SHOW COLUMNS FROM `yb_indexnew` [ RunTime:0.0323s ]
SQL: SELECT * FROM `yb_indexnew` ORDER BY time desc LIMIT 5   [ RunTime:0.0300s ]
SQL: SHOW COLUMNS FROM `yb_articlist` [ RunTime:0.0308s ]
SQL: SELECT * FROM `yb_articlist`  [ RunTime:0.0296s ]
SQL: SHOW COLUMNS FROM `yb_mymessage` [ RunTime:0.0305s ]
SQL: SELECT * FROM `yb_mymessage`  [ RunTime:0.0299s ]
NOTIC: [8] Use of undefined constant index - assumed 'index' D:\PHP-webapp\mywebTP\Application\Home\Controller\IndexPageController.class.php 第 20 行.
INFO: [ view_parse ] --START--
INFO: [ template_filter ] --START--
INFO: Run Behavior\ContentReplaceBehavior [ RunTime:0.000140s ]
INFO: [ template_filter ] --END-- [ RunTime:0.000326s ]
INFO: Run Behavior\ParseTemplateBehavior [ RunTime:0.016387s ]
INFO: [ view_parse ] --END-- [ RunTime:0.016594s ]
INFO: [ view_filter ] --START--
INFO: Run Behavior\WriteHtmlCacheBehavior [ RunTime:0.000667s ]
INFO: [ view_filter ] --END-- [ RunTime:0.000843s ]
INFO: [ app_end ] --START--
INFO: Run Behavior\ShowPageTraceBehavior [ RunTime:0.001886s ]
INFO: [ app_end ] --END-- [ RunTime:0.002128s ]

[ 2017-05-21T15:36:37+08:00 ] ::1 /mywebTP/index.php?m=Home&c=MessagePage&a=message
INFO: [ app_init ] --START--
INFO: Run Behavior\BuildLiteBehavior [ RunTime:0.000058s ]
INFO: [ app_init ] --END-- [ RunTime:0.000915s ]
INFO: [ app_begin ] --START--
INFO: Run Behavior\ReadHtmlCacheBehavior [ RunTime:0.000498s ]
INFO: [ app_begin ] --END-- [ RunTime:0.000607s ]
ERR: 无法加载控制器:MessagePage

[ 2017-05-21T15:36:41+08:00 ] ::1 /mywebTP/index.php?m=Home&c=MessagePage&a=message
INFO: [ app_init ] --START--
INFO: Run Behavior\BuildLiteBehavior [ RunTime:0.000037s ]
INFO: [ app_init ] --END-- [ RunTime:0.000800s ]
INFO: [ app_begin ] --START--
INFO: Run Behavior\ReadHtmlCacheBehavior [ RunTime:0.000582s ]
INFO: [ app_begin ] --END-- [ RunTime:0.000711s ]
ERR: 无法加载控制器:MessagePage

[ 2017-05-21T15:38:16+08:00 ] ::1 /mywebTP/index.php/Home/IndexPage/indexLoad
INFO: [ app_init ] --START--
INFO: Run Behavior\BuildLiteBehavior [ RunTime:0.000026s ]
INFO: [ app_init ] --END-- [ RunTime:0.000473s ]
INFO: [ app_begin ] --START--
INFO: Run Behavior\ReadHtmlCacheBehavior [ RunTime:0.000662s ]
INFO: [ app_begin ] --END-- [ RunTime:0.000828s ]
SQL: SHOW COLUMNS FROM `yb_indexnew` [ RunTime:0.0471s ]
SQL: SELECT * FROM `yb_indexnew` ORDER BY time desc LIMIT 5   [ RunTime:0.0450s ]
SQL: SHOW COLUMNS FROM `yb_articlist` [ RunTime:0.0455s ]
SQL: SELECT * FROM `yb_articlist`  [ RunTime:0.0469s ]
SQL: SHOW COLUMNS FROM `yb_mymessage` [ RunTime:0.0556s ]
SQL: SELECT * FROM `yb_mymessage`  [ RunTime:0.0526s ]
NOTIC: [8] Use of undefined constant index - assumed 'index' D:\PHP-webapp\mywebTP\Application\Home\Controller\IndexPageController.class.php 第 20 行.
INFO: [ view_parse ] --START--
INFO: [ template_filter ] --START--
INFO: Run Behavior\ContentReplaceBehavior [ RunTime:0.000346s ]
INFO: [ template_filter ] --END-- [ RunTime:0.000816s ]
INFO: Run Behavior\ParseTemplateBehavior [ RunTime:0.036072s ]
INFO: [ view_parse ] --END-- [ RunTime:0.036602s ]
INFO: [ view_filter ] --START--
INFO: Run Behavior\WriteHtmlCacheBehavior [ RunTime:0.001246s ]
INFO: [ view_filter ] --END-- [ RunTime:0.001680s ]
INFO: [ app_end ] --START--
INFO: Run Behavior\ShowPageTraceBehavior [ RunTime:0.001928s ]
INFO: [ app_end ] --END-- [ RunTime:0.002398s ]

[ 2017-05-21T15:38:17+08:00 ] ::1 /mywebTP/index.php?m=Home&c=MessagePage&a=message
INFO: [ app_init ] --START--
INFO: Run Behavior\BuildLiteBehavior [ RunTime:0.000024s ]
INFO: [ app_init ] --END-- [ RunTime:0.000440s ]
INFO: [ app_begin ] --START--
INFO: Run Behavior\ReadHtmlCacheBehavior [ RunTime:0.000483s ]
INFO: [ app_begin ] --END-- [ RunTime:0.000589s ]
INFO: [ view_parse ] --START--
INFO: [ template_filter ] --START--
INFO: Run Behavior\ContentReplaceBehavior [ RunTime:0.000080s ]
INFO: [ template_filter ] --END-- [ RunTime:0.000207s ]
NOTIC: [8] Undefined variable: page D:\PHP-webapp\mywebTP\Application\Runtime\Cache\Home\547288f37bb8311e0073038b1f97e809.php 第 17 行.
NOTIC: [8] Undefined variable: page D:\PHP-webapp\mywebTP\Application\Runtime\Cache\Home\547288f37bb8311e0073038b1f97e809.php 第 19 行.
NOTIC: [8] Undefined variable: page D:\PHP-webapp\mywebTP\Application\Runtime\Cache\Home\547288f37bb8311e0073038b1f97e809.php 第 86 行.
NOTIC: [8] Undefined variable: page D:\PHP-webapp\mywebTP\Application\Runtime\Cache\Home\547288f37bb8311e0073038b1f97e809.php 第 90 行.
NOTIC: [8] Undefined variable: page D:\PHP-webapp\mywebTP\Application\Runtime\Cache\Home\547288f37bb8311e0073038b1f97e809.php 第 91 行.
NOTIC: [8] Undefined variable: page D:\PHP-webapp\mywebTP\Application\Runtime\Cache\Home\547288f37bb8311e0073038b1f97e809.php 第 92 行.
NOTIC: [8] Undefined variable: page D:\PHP-webapp\mywebTP\Application\Runtime\Cache\Home\547288f37bb8311e0073038b1f97e809.php 第 93 行.
NOTIC: [8] Undefined variable: page D:\PHP-webapp\mywebTP\Application\Runtime\Cache\Home\547288f37bb8311e0073038b1f97e809.php 第 94 行.
NOTIC: [8] Undefined variable: page D:\PHP-webapp\mywebTP\Application\Runtime\Cache\Home\547288f37bb8311e0073038b1f97e809.php 第 96 行.
INFO: Run Behavior\ParseTemplateBehavior [ RunTime:0.006993s ]
INFO: [ view_parse ] --END-- [ RunTime:0.007105s ]
INFO: [ view_filter ] --START--
INFO: Run Behavior\WriteHtmlCacheBehavior [ RunTime:0.000365s ]
INFO: [ view_filter ] --END-- [ RunTime:0.000487s ]
INFO: [ app_end ] --START--
INFO: Run Behavior\ShowPageTraceBehavior [ RunTime:0.000481s ]
INFO: [ app_end ] --END-- [ RunTime:0.000595s ]

[ 2017-05-21T15:39:22+08:00 ] ::1 /mywebTP/index.php?m=Home&c=MessagePage&a=message
INFO: [ app_init ] --START--
INFO: Run Behavior\BuildLiteBehavior [ RunTime:0.000023s ]
INFO: [ app_init ] --END-- [ RunTime:0.000500s ]
INFO: [ app_begin ] --START--
INFO: Run Behavior\ReadHtmlCacheBehavior [ RunTime:0.000538s ]
INFO: [ app_begin ] --END-- [ RunTime:0.000661s ]
INFO: [ view_parse ] --START--
INFO: [ template_filter ] --START--
INFO: Run Behavior\ContentReplaceBehavior [ RunTime:0.000074s ]
INFO: [ template_filter ] --END-- [ RunTime:0.000191s ]
NOTIC: [8] Undefined variable: page D:\PHP-webapp\mywebTP\Application\Runtime\Cache\Home\547288f37bb8311e0073038b1f97e809.php 第 17 行.
NOTIC: [8] Undefined variable: page D:\PHP-webapp\mywebTP\Application\Runtime\Cache\Home\547288f37bb8311e0073038b1f97e809.php 第 19 行.
NOTIC: [8] Undefined variable: page D:\PHP-webapp\mywebTP\Application\Runtime\Cache\Home\547288f37bb8311e0073038b1f97e809.php 第 86 行.
NOTIC: [8] Undefined variable: page D:\PHP-webapp\mywebTP\Application\Runtime\Cache\Home\547288f37bb8311e0073038b1f97e809.php 第 90 行.
NOTIC: [8] Undefined variable: page D:\PHP-webapp\mywebTP\Application\Runtime\Cache\Home\547288f37bb8311e0073038b1f97e809.php 第 91 行.
NOTIC: [8] Undefined variable: page D:\PHP-webapp\mywebTP\Application\Runtime\Cache\Home\547288f37bb8311e0073038b1f97e809.php 第 92 行.
NOTIC: [8] Undefined variable: page D:\PHP-webapp\mywebTP\Application\Runtime\Cache\Home\547288f37bb8311e0073038b1f97e809.php 第 93 行.
NOTIC: [8] Undefined variable: page D:\PHP-webapp\mywebTP\Application\Runtime\Cache\Home\547288f37bb8311e0073038b1f97e809.php 第 94 行.
NOTIC: [8] Undefined variable: page D:\PHP-webapp\mywebTP\Application\Runtime\Cache\Home\547288f37bb8311e0073038b1f97e809.php 第 96 行.
INFO: Run Behavior\ParseTemplateBehavior [ RunTime:0.007397s ]
INFO: [ view_parse ] --END-- [ RunTime:0.007500s ]
INFO: [ view_filter ] --START--
INFO: Run Behavior\WriteHtmlCacheBehavior [ RunTime:0.000413s ]
INFO: [ view_filter ] --END-- [ RunTime:0.000510s ]
INFO: [ app_end ] --START--
INFO: Run Behavior\ShowPageTraceBehavior [ RunTime:0.000540s ]
INFO: [ app_end ] --END-- [ RunTime:0.000638s ]

[ 2017-05-21T15:39:25+08:00 ] ::1 /mywebTP/index.php?m=Home&c=WebPage&a=webLoad
INFO: [ app_init ] --START--
INFO: Run Behavior\BuildLiteBehavior [ RunTime:0.000023s ]
INFO: [ app_init ] --END-- [ RunTime:0.000461s ]
INFO: [ app_begin ] --START--
INFO: Run Behavior\ReadHtmlCacheBehavior [ RunTime:0.000509s ]
INFO: [ app_begin ] --END-- [ RunTime:0.000658s ]
INFO: [ app_end ] --START--
INFO: Run Behavior\ShowPageTraceBehavior [ RunTime:0.000837s ]
INFO: [ app_end ] --END-- [ RunTime:0.001019s ]

[ 2017-05-21T15:39:33+08:00 ] ::1 /mywebTP/index.php?m=Home&c=WebPage&a=webLoad
INFO: [ app_init ] --START--
INFO: Run Behavior\BuildLiteBehavior [ RunTime:0.000023s ]
INFO: [ app_init ] --END-- [ RunTime:0.000453s ]
INFO: [ app_begin ] --START--
INFO: Run Behavior\ReadHtmlCacheBehavior [ RunTime:0.000449s ]
INFO: [ app_begin ] --END-- [ RunTime:0.000577s ]
INFO: [ app_end ] --START--
INFO: Run Behavior\ShowPageTraceBehavior [ RunTime:0.000653s ]
INFO: [ app_end ] --END-- [ RunTime:0.000795s ]

[ 2017-05-21T15:40:24+08:00 ] ::1 /mywebTP/index.php?m=Home&c=WebPage&a=webLoad
INFO: [ app_init ] --START--
INFO: Run Behavior\BuildLiteBehavior [ RunTime:0.000022s ]
INFO: [ app_init ] --END-- [ RunTime:0.000455s ]
INFO: [ app_begin ] --START--
INFO: Run Behavior\ReadHtmlCacheBehavior [ RunTime:0.000457s ]
INFO: [ app_begin ] --END-- [ RunTime:0.000585s ]
NOTIC: [8] Use of undefined constant web - assumed 'web' D:\PHP-webapp\mywebTP\Application\Home\Controller\WebPageController.class.php 第 15 行.
INFO: [ view_parse ] --START--
INFO: [ template_filter ] --START--
INFO: Run Behavior\ContentReplaceBehavior [ RunTime:0.000065s ]
INFO: [ template_filter ] --END-- [ RunTime:0.000182s ]
INFO: Run Behavior\ParseTemplateBehavior [ RunTime:0.005017s ]
INFO: [ view_parse ] --END-- [ RunTime:0.005130s ]
INFO: [ view_filter ] --START--
INFO: Run Behavior\WriteHtmlCacheBehavior [ RunTime:0.000335s ]
INFO: [ view_filter ] --END-- [ RunTime:0.000437s ]
INFO: [ app_end ] --START--
INFO: Run Behavior\ShowPageTraceBehavior [ RunTime:0.000470s ]
INFO: [ app_end ] --END-- [ RunTime:0.000567s ]

[ 2017-05-21T15:40:40+08:00 ] ::1 /mywebTP/index.php?m=Home&c=PhpPage&a=phpLoad
INFO: [ app_init ] --START--
INFO: Run Behavior\BuildLiteBehavior [ RunTime:0.000040s ]
INFO: [ app_init ] --END-- [ RunTime:0.000891s ]
INFO: [ app_begin ] --START--
INFO: Run Behavior\ReadHtmlCacheBehavior [ RunTime:0.000499s ]
INFO: [ app_begin ] --END-- [ RunTime:0.000633s ]
NOTIC: [8] Use of undefined constant php - assumed 'php' D:\PHP-webapp\mywebTP\Application\Home\Controller\PhpPageController.class.php 第 15 行.
INFO: [ view_parse ] --START--
INFO: [ template_filter ] --START--
INFO: Run Behavior\ContentReplaceBehavior [ RunTime:0.000084s ]
INFO: [ template_filter ] --END-- [ RunTime:0.000224s ]
INFO: Run Behavior\ParseTemplateBehavior [ RunTime:0.005611s ]
INFO: [ view_parse ] --END-- [ RunTime:0.005727s ]
INFO: [ view_filter ] --START--
INFO: Run Behavior\WriteHtmlCacheBehavior [ RunTime:0.000366s ]
INFO: [ view_filter ] --END-- [ RunTime:0.000472s ]
INFO: [ app_end ] --START--
INFO: Run Behavior\ShowPageTraceBehavior [ RunTime:0.000489s ]
INFO: [ app_end ] --END-- [ RunTime:0.000594s ]

[ 2017-05-21T15:40:42+08:00 ] ::1 /mywebTP/index.php?m=Home&c=BoardPage&a=boardLoad
INFO: [ app_init ] --START--
INFO: Run Behavior\BuildLiteBehavior [ RunTime:0.000040s ]
INFO: [ app_init ] --END-- [ RunTime:0.000959s ]
INFO: [ app_begin ] --START--
INFO: Run Behavior\ReadHtmlCacheBehavior [ RunTime:0.000457s ]
INFO: [ app_begin ] --END-- [ RunTime:0.000588s ]
SQL: SHOW COLUMNS FROM `yb_board` [ RunTime:0.0342s ]
SQL: SELECT * FROM `yb_board` LIMIT 0,10   [ RunTime:0.0327s ]
SQL: SHOW COLUMNS FROM `yb_board` [ RunTime:0.0334s ]
SQL: SELECT COUNT(*) AS tp_count FROM `yb_board` LIMIT 1   [ RunTime:0.0323s ]
NOTIC: [8] Use of undefined constant board - assumed 'board' D:\PHP-webapp\mywebTP\Application\Home\Controller\BoardPageController.class.php 第 19 行.
INFO: [ view_parse ] --START--
INFO: [ template_filter ] --START--
INFO: Run Behavior\ContentReplaceBehavior [ RunTime:0.000318s ]
INFO: [ template_filter ] --END-- [ RunTime:0.000861s ]
NOTIC: [8] Undefined variable: page D:\PHP-webapp\mywebTP\Application\Runtime\Cache\Home\be0008737bcc43469fe31b33d61fbd2d.php 第 23 行.
NOTIC: [8] Undefined variable: page D:\PHP-webapp\mywebTP\Application\Runtime\Cache\Home\be0008737bcc43469fe31b33d61fbd2d.php 第 25 行.
INFO: Run Behavior\ParseTemplateBehavior [ RunTime:0.034670s ]
INFO: [ view_parse ] --END-- [ RunTime:0.035137s ]
INFO: [ view_filter ] --START--
INFO: Run Behavior\WriteHtmlCacheBehavior [ RunTime:0.001271s ]
INFO: [ view_filter ] --END-- [ RunTime:0.001696s ]
INFO: [ app_end ] --START--
INFO: Run Behavior\ShowPageTraceBehavior [ RunTime:0.001861s ]
INFO: [ app_end ] --END-- [ RunTime:0.002311s ]

[ 2017-05-21T15:40:44+08:00 ] ::1 /mywebTP/index.php?m=Home&c=MessagePage&a=message
INFO: [ app_init ] --START--
INFO: Run Behavior\BuildLiteBehavior [ RunTime:0.000024s ]
INFO: [ app_init ] --END-- [ RunTime:0.000482s ]
INFO: [ app_begin ] --START--
INFO: Run Behavior\ReadHtmlCacheBehavior [ RunTime:0.000421s ]
INFO: [ app_begin ] --END-- [ RunTime:0.000544s ]
INFO: [ view_parse ] --START--
INFO: [ template_filter ] --START--
INFO: Run Behavior\ContentReplaceBehavior [ RunTime:0.000075s ]
INFO: [ template_filter ] --END-- [ RunTime:0.000195s ]
NOTIC: [8] Undefined variable: page D:\PHP-webapp\mywebTP\Application\Runtime\Cache\Home\547288f37bb8311e0073038b1f97e809.php 第 17 行.
NOTIC: [8] Undefined variable: page D:\PHP-webapp\mywebTP\Application\Runtime\Cache\Home\547288f37bb8311e0073038b1f97e809.php 第 19 行.
NOTIC: [8] Undefined variable: page D:\PHP-webapp\mywebTP\Application\Runtime\Cache\Home\547288f37bb8311e0073038b1f97e809.php 第 86 行.
NOTIC: [8] Undefined variable: page D:\PHP-webapp\mywebTP\Application\Runtime\Cache\Home\547288f37bb8311e0073038b1f97e809.php 第 90 行.
NOTIC: [8] Undefined variable: page D:\PHP-webapp\mywebTP\Application\Runtime\Cache\Home\547288f37bb8311e0073038b1f97e809.php 第 91 行.
NOTIC: [8] Undefined variable: page D:\PHP-webapp\mywebTP\Application\Runtime\Cache\Home\547288f37bb8311e0073038b1f97e809.php 第 92 行.
NOTIC: [8] Undefined variable: page D:\PHP-webapp\mywebTP\Application\Runtime\Cache\Home\547288f37bb8311e0073038b1f97e809.php 第 93 行.
NOTIC: [8] Undefined variable: page D:\PHP-webapp\mywebTP\Application\Runtime\Cache\Home\547288f37bb8311e0073038b1f97e809.php 第 94 行.
NOTIC: [8] Undefined variable: page D:\PHP-webapp\mywebTP\Application\Runtime\Cache\Home\547288f37bb8311e0073038b1f97e809.php 第 96 行.
INFO: Run Behavior\ParseTemplateBehavior [ RunTime:0.006885s ]
INFO: [ view_parse ] --END-- [ RunTime:0.006989s ]
INFO: [ view_filter ] --START--
INFO: Run Behavior\WriteHtmlCacheBehavior [ RunTime:0.000369s ]
INFO: [ view_filter ] --END-- [ RunTime:0.000468s ]
INFO: [ app_end ] --START--
INFO: Run Behavior\ShowPageTraceBehavior [ RunTime:0.000497s ]
INFO: [ app_end ] --END-- [ RunTime:0.000596s ]

[ 2017-05-21T15:40:47+08:00 ] ::1 /mywebTP/index.php/Home/IndexPage/indexLoad
INFO: [ app_init ] --START--
INFO: Run Behavior\BuildLiteBehavior [ RunTime:0.000040s ]
INFO: [ app_init ] --END-- [ RunTime:0.000524s ]
INFO: [ app_begin ] --START--
INFO: Run Behavior\ReadHtmlCacheBehavior [ RunTime:0.000459s ]
INFO: [ app_begin ] --END-- [ RunTime:0.000581s ]
SQL: SHOW COLUMNS FROM `yb_indexnew` [ RunTime:0.0366s ]
SQL: SELECT * FROM `yb_indexnew` ORDER BY time desc LIMIT 5   [ RunTime:0.0337s ]
SQL: SHOW COLUMNS FROM `yb_articlist` [ RunTime:0.0384s ]
SQL: SELECT * FROM `yb_articlist`  [ RunTime:0.0341s ]
SQL: SHOW COLUMNS FROM `yb_mymessage` [ RunTime:0.0350s ]
SQL: SELECT * FROM `yb_mymessage`  [ RunTime:0.0334s ]
NOTIC: [8] Use of undefined constant index - assumed 'index' D:\PHP-webapp\mywebTP\Application\Home\Controller\IndexPageController.class.php 第 20 行.
INFO: [ view_parse ] --START--
INFO: [ template_filter ] --START--
INFO: Run Behavior\ContentReplaceBehavior [ RunTime:0.000190s ]
INFO: [ template_filter ] --END-- [ RunTime:0.000444s ]
INFO: Run Behavior\ParseTemplateBehavior [ RunTime:0.030491s ]
INFO: [ view_parse ] --END-- [ RunTime:0.030865s ]
INFO: [ view_filter ] --START--
INFO: Run Behavior\WriteHtmlCacheBehavior [ RunTime:0.000732s ]
INFO: [ view_filter ] --END-- [ RunTime:0.000961s ]
INFO: [ app_end ] --START--
INFO: Run Behavior\ShowPageTraceBehavior [ RunTime:0.002322s ]
INFO: [ app_end ] --END-- [ RunTime:0.002868s ]

[ 2017-05-21T15:43:10+08:00 ] ::1 /mywebTP/index.php/Home/IndexPage/indexLoad
INFO: [ app_init ] --START--
INFO: Run Behavior\BuildLiteBehavior [ RunTime:0.000024s ]
INFO: [ app_init ] --END-- [ RunTime:0.000480s ]
INFO: [ app_begin ] --START--
INFO: Run Behavior\ReadHtmlCacheBehavior [ RunTime:0.000536s ]
INFO: [ app_begin ] --END-- [ RunTime:0.000659s ]
SQL: SHOW COLUMNS FROM `yb_indexnew` [ RunTime:0.0339s ]
SQL: SELECT * FROM `yb_indexnew` ORDER BY time desc LIMIT 5   [ RunTime:0.0412s ]
SQL: SHOW COLUMNS FROM `yb_articlist` [ RunTime:0.0337s ]
SQL: SELECT * FROM `yb_articlist`  [ RunTime:0.0325s ]
SQL: SHOW COLUMNS FROM `yb_mymessage` [ RunTime:0.0334s ]
SQL: SELECT * FROM `yb_mymessage`  [ RunTime:0.0326s ]
NOTIC: [8] Use of undefined constant index - assumed 'index' D:\PHP-webapp\mywebTP\Application\Home\Controller\IndexPageController.class.php 第 20 行.
INFO: [ view_parse ] --START--
INFO: [ template_filter ] --START--
INFO: Run Behavior\ContentReplaceBehavior [ RunTime:0.000211s ]
INFO: [ template_filter ] --END-- [ RunTime:0.000482s ]
INFO: Run Behavior\ParseTemplateBehavior [ RunTime:0.037422s ]
INFO: [ view_parse ] --END-- [ RunTime:0.037821s ]
INFO: [ view_filter ] --START--
INFO: Run Behavior\WriteHtmlCacheBehavior [ RunTime:0.000918s ]
INFO: [ view_filter ] --END-- [ RunTime:0.001189s ]
INFO: [ app_end ] --START--
INFO: Run Behavior\ShowPageTraceBehavior [ RunTime:0.001910s ]
INFO: [ app_end ] --END-- [ RunTime:0.002358s ]

[ 2017-05-21T15:43:11+08:00 ] ::1 /mywebTP/index.php?m=Home&c=MessagePage&a=message
INFO: [ app_init ] --START--
INFO: Run Behavior\BuildLiteBehavior [ RunTime:0.000028s ]
INFO: [ app_init ] --END-- [ RunTime:0.000571s ]
INFO: [ app_begin ] --START--
INFO: Run Behavior\ReadHtmlCacheBehavior [ RunTime:0.000486s ]
INFO: [ app_begin ] --END-- [ RunTime:0.000625s ]
INFO: [ view_parse ] --START--
INFO: [ template_filter ] --START--
INFO: Run Behavior\ContentReplaceBehavior [ RunTime:0.000080s ]
INFO: [ template_filter ] --END-- [ RunTime:0.000207s ]
NOTIC: [8] Undefined variable: page D:\PHP-webapp\mywebTP\Application\Runtime\Cache\Home\547288f37bb8311e0073038b1f97e809.php 第 17 行.
NOTIC: [8] Undefined variable: page D:\PHP-webapp\mywebTP\Application\Runtime\Cache\Home\547288f37bb8311e0073038b1f97e809.php 第 19 行.
NOTIC: [8] Undefined variable: page D:\PHP-webapp\mywebTP\Application\Runtime\Cache\Home\547288f37bb8311e0073038b1f97e809.php 第 86 行.
NOTIC: [8] Undefined variable: page D:\PHP-webapp\mywebTP\Application\Runtime\Cache\Home\547288f37bb8311e0073038b1f97e809.php 第 90 行.
NOTIC: [8] Undefined variable: page D:\PHP-webapp\mywebTP\Application\Runtime\Cache\Home\547288f37bb8311e0073038b1f97e809.php 第 91 行.
NOTIC: [8] Undefined variable: page D:\PHP-webapp\mywebTP\Application\Runtime\Cache\Home\547288f37bb8311e0073038b1f97e809.php 第 92 行.
NOTIC: [8] Undefined variable: page D:\PHP-webapp\mywebTP\Application\Runtime\Cache\Home\547288f37bb8311e0073038b1f97e809.php 第 93 行.
NOTIC: [8] Undefined variable: page D:\PHP-webapp\mywebTP\Application\Runtime\Cache\Home\547288f37bb8311e0073038b1f97e809.php 第 94 行.
NOTIC: [8] Undefined variable: page D:\PHP-webapp\mywebTP\Application\Runtime\Cache\Home\547288f37bb8311e0073038b1f97e809.php 第 96 行.
INFO: Run Behavior\ParseTemplateBehavior [ RunTime:0.007606s ]
INFO: [ view_parse ] --END-- [ RunTime:0.007719s ]
INFO: [ view_filter ] --START--
INFO: Run Behavior\WriteHtmlCacheBehavior [ RunTime:0.000344s ]
INFO: [ view_filter ] --END-- [ RunTime:0.000443s ]
INFO: [ app_end ] --START--
INFO: Run Behavior\ShowPageTraceBehavior [ RunTime:0.000468s ]
INFO: [ app_end ] --END-- [ RunTime:0.000569s ]

[ 2017-05-21T15:43:13+08:00 ] ::1 /mywebTP/index.php/Home/IndexPage/indexLoad
INFO: [ app_init ] --START--
INFO: Run Behavior\BuildLiteBehavior [ RunTime:0.000022s ]
INFO: [ app_init ] --END-- [ RunTime:0.000452s ]
INFO: [ app_begin ] --START--
INFO: Run Behavior\ReadHtmlCacheBehavior [ RunTime:0.000606s ]
INFO: [ app_begin ] --END-- [ RunTime:0.000776s ]
SQL: SHOW COLUMNS FROM `yb_indexnew` [ RunTime:0.0342s ]
SQL: SELECT * FROM `yb_indexnew` ORDER BY time desc LIMIT 5   [ RunTime:0.0334s ]
SQL: SHOW COLUMNS FROM `yb_articlist` [ RunTime:0.0363s ]
SQL: SELECT * FROM `yb_articlist`  [ RunTime:0.0373s ]
SQL: SHOW COLUMNS FROM `yb_mymessage` [ RunTime:0.0346s ]
SQL: SELECT * FROM `yb_mymessage`  [ RunTime:0.0379s ]
NOTIC: [8] Use of undefined constant index - assumed 'index' D:\PHP-webapp\mywebTP\Application\Home\Controller\IndexPageController.class.php 第 20 行.
INFO: [ view_parse ] --START--
INFO: [ template_filter ] --START--
INFO: Run Behavior\ContentReplaceBehavior [ RunTime:0.000313s ]
INFO: [ template_filter ] --END-- [ RunTime:0.000688s ]
INFO: Run Behavior\ParseTemplateBehavior [ RunTime:0.027375s ]
INFO: [ view_parse ] --END-- [ RunTime:0.027761s ]
INFO: [ view_filter ] --START--
INFO: Run Behavior\WriteHtmlCacheBehavior [ RunTime:0.000801s ]
INFO: [ view_filter ] --END-- [ RunTime:0.001051s ]
INFO: [ app_end ] --START--
INFO: Run Behavior\ShowPageTraceBehavior [ RunTime:0.001347s ]
INFO: [ app_end ] --END-- [ RunTime:0.001765s ]

[ 2017-05-21T15:43:17+08:00 ] ::1 /mywebTP/index.php?m=Home&c=MessagePage&a=message
INFO: [ app_init ] --START--
INFO: Run Behavior\BuildLiteBehavior [ RunTime:0.000037s ]
INFO: [ app_init ] --END-- [ RunTime:0.000568s ]
INFO: [ app_begin ] --START--
INFO: Run Behavior\ReadHtmlCacheBehavior [ RunTime:0.000578s ]
INFO: [ app_begin ] --END-- [ RunTime:0.000740s ]
INFO: [ view_parse ] --START--
INFO: [ template_filter ] --START--
INFO: Run Behavior\ContentReplaceBehavior [ RunTime:0.000097s ]
INFO: [ template_filter ] --END-- [ RunTime:0.000213s ]
NOTIC: [8] Undefined variable: page D:\PHP-webapp\mywebTP\Application\Runtime\Cache\Home\547288f37bb8311e0073038b1f97e809.php 第 17 行.
NOTIC: [8] Undefined variable: page D:\PHP-webapp\mywebTP\Application\Runtime\Cache\Home\547288f37bb8311e0073038b1f97e809.php 第 19 行.
NOTIC: [8] Undefined variable: page D:\PHP-webapp\mywebTP\Application\Runtime\Cache\Home\547288f37bb8311e0073038b1f97e809.php 第 86 行.
NOTIC: [8] Undefined variable: page D:\PHP-webapp\mywebTP\Application\Runtime\Cache\Home\547288f37bb8311e0073038b1f97e809.php 第 90 行.
NOTIC: [8] Undefined variable: page D:\PHP-webapp\mywebTP\Application\Runtime\Cache\Home\547288f37bb8311e0073038b1f97e809.php 第 91 行.
NOTIC: [8] Undefined variable: page D:\PHP-webapp\mywebTP\Application\Runtime\Cache\Home\547288f37bb8311e0073038b1f97e809.php 第 92 行.
NOTIC: [8] Undefined variable: page D:\PHP-webapp\mywebTP\Application\Runtime\Cache\Home\547288f37bb8311e0073038b1f97e809.php 第 93 行.
NOTIC: [8] Undefined variable: page D:\PHP-webapp\mywebTP\Application\Runtime\Cache\Home\547288f37bb8311e0073038b1f97e809.php 第 94 行.
NOTIC: [8] Undefined variable: page D:\PHP-webapp\mywebTP\Application\Runtime\Cache\Home\547288f37bb8311e0073038b1f97e809.php 第 96 行.
INFO: Run Behavior\ParseTemplateBehavior [ RunTime:0.006855s ]
INFO: [ view_parse ] --END-- [ RunTime:0.006964s ]
INFO: [ view_filter ] --START--
INFO: Run Behavior\WriteHtmlCacheBehavior [ RunTime:0.000382s ]
INFO: [ view_filter ] --END-- [ RunTime:0.000479s ]
INFO: [ app_end ] --START--
INFO: Run Behavior\ShowPageTraceBehavior [ RunTime:0.000521s ]
INFO: [ app_end ] --END-- [ RunTime:0.000620s ]

[ 2017-05-21T15:43:22+08:00 ] ::1 /mywebTP/index.php/Home/IndexPage/indexLoad
INFO: [ app_init ] --START--
INFO: Run Behavior\BuildLiteBehavior [ RunTime:0.000025s ]
INFO: [ app_init ] --END-- [ RunTime:0.000472s ]
INFO: [ app_begin ] --START--
INFO: Run Behavior\ReadHtmlCacheBehavior [ RunTime:0.000444s ]
INFO: [ app_begin ] --END-- [ RunTime:0.000588s ]
SQL: SHOW COLUMNS FROM `yb_indexnew` [ RunTime:0.0311s ]
SQL: SELECT * FROM `yb_indexnew` ORDER BY time desc LIMIT 5   [ RunTime:0.0303s ]
SQL: SHOW COLUMNS FROM `yb_articlist` [ RunTime:0.0313s ]
SQL: SELECT * FROM `yb_articlist`  [ RunTime:0.0296s ]
SQL: SHOW COLUMNS FROM `yb_mymessage` [ RunTime:0.0317s ]
SQL: SELECT * FROM `yb_mymessage`  [ RunTime:0.0287s ]
NOTIC: [8] Use of undefined constant index - assumed 'index' D:\PHP-webapp\mywebTP\Application\Home\Controller\IndexPageController.class.php 第 20 行.
INFO: [ view_parse ] --START--
INFO: [ template_filter ] --START--
INFO: Run Behavior\ContentReplaceBehavior [ RunTime:0.000202s ]
INFO: [ template_filter ] --END-- [ RunTime:0.000470s ]
INFO: Run Behavior\ParseTemplateBehavior [ RunTime:0.022982s ]
INFO: [ view_parse ] --END-- [ RunTime:0.023373s ]
INFO: [ view_filter ] --START--
INFO: Run Behavior\WriteHtmlCacheBehavior [ RunTime:0.000779s ]
INFO: [ view_filter ] --END-- [ RunTime:0.001026s ]
INFO: [ app_end ] --START--
INFO: Run Behavior\ShowPageTraceBehavior [ RunTime:0.001425s ]
INFO: [ app_end ] --END-- [ RunTime:0.001857s ]

[ 2017-05-21T15:43:47+08:00 ] ::1 /mywebTP/index.php/Home/IndexPage/indexLoad
INFO: [ app_init ] --START--
INFO: Run Behavior\BuildLiteBehavior [ RunTime:0.000026s ]
INFO: [ app_init ] --END-- [ RunTime:0.000569s ]
INFO: [ app_begin ] --START--
INFO: Run Behavior\ReadHtmlCacheBehavior [ RunTime:0.000486s ]
INFO: [ app_begin ] --END-- [ RunTime:0.000609s ]
SQL: SHOW COLUMNS FROM `yb_indexnew` [ RunTime:0.0346s ]
SQL: SELECT * FROM `yb_indexnew` ORDER BY time desc LIMIT 5   [ RunTime:0.0406s ]
SQL: SHOW COLUMNS FROM `yb_articlist` [ RunTime:0.0419s ]
SQL: SELECT * FROM `yb_articlist`  [ RunTime:0.0374s ]
SQL: SHOW COLUMNS FROM `yb_mymessage` [ RunTime:0.0328s ]
SQL: SELECT * FROM `yb_mymessage`  [ RunTime:0.0327s ]
NOTIC: [8] Use of undefined constant index - assumed 'index' D:\PHP-webapp\mywebTP\Application\Home\Controller\IndexPageController.class.php 第 20 行.
INFO: [ view_parse ] --START--
INFO: [ template_filter ] --START--
INFO: Run Behavior\ContentReplaceBehavior [ RunTime:0.000227s ]
INFO: [ template_filter ] --END-- [ RunTime:0.000373s ]
INFO: Run Behavior\ParseTemplateBehavior [ RunTime:0.011158s ]
INFO: [ view_parse ] --END-- [ RunTime:0.011316s ]
INFO: [ view_filter ] --START--
INFO: Run Behavior\WriteHtmlCacheBehavior [ RunTime:0.000465s ]
INFO: [ view_filter ] --END-- [ RunTime:0.000616s ]
INFO: [ app_end ] --START--
INFO: Run Behavior\ShowPageTraceBehavior [ RunTime:0.000660s ]
INFO: [ app_end ] --END-- [ RunTime:0.000800s ]

[ 2017-05-21T15:43:48+08:00 ] ::1 /mywebTP/index.php/Home/MessagePage/message
INFO: [ app_init ] --START--
INFO: Run Behavior\BuildLiteBehavior [ RunTime:0.000034s ]
INFO: [ app_init ] --END-- [ RunTime:0.000517s ]
INFO: [ app_begin ] --START--
INFO: Run Behavior\ReadHtmlCacheBehavior [ RunTime:0.000467s ]
INFO: [ app_begin ] --END-- [ RunTime:0.000589s ]
INFO: [ view_parse ] --START--
INFO: [ template_filter ] --START--
INFO: Run Behavior\ContentReplaceBehavior [ RunTime:0.000075s ]
INFO: [ template_filter ] --END-- [ RunTime:0.000194s ]
NOTIC: [8] Undefined variable: page D:\PHP-webapp\mywebTP\Application\Runtime\Cache\Home\547288f37bb8311e0073038b1f97e809.php 第 17 行.
NOTIC: [8] Undefined variable: page D:\PHP-webapp\mywebTP\Application\Runtime\Cache\Home\547288f37bb8311e0073038b1f97e809.php 第 19 行.
NOTIC: [8] Undefined variable: page D:\PHP-webapp\mywebTP\Application\Runtime\Cache\Home\547288f37bb8311e0073038b1f97e809.php 第 86 行.
NOTIC: [8] Undefined variable: page D:\PHP-webapp\mywebTP\Application\Runtime\Cache\Home\547288f37bb8311e0073038b1f97e809.php 第 90 行.
NOTIC: [8] Undefined variable: page D:\PHP-webapp\mywebTP\Application\Runtime\Cache\Home\547288f37bb8311e0073038b1f97e809.php 第 91 行.
NOTIC: [8] Undefined variable: page D:\PHP-webapp\mywebTP\Application\Runtime\Cache\Home\547288f37bb8311e0073038b1f97e809.php 第 92 行.
NOTIC: [8] Undefined variable: page D:\PHP-webapp\mywebTP\Application\Runtime\Cache\Home\547288f37bb8311e0073038b1f97e809.php 第 93 行.
NOTIC: [8] Undefined variable: page D:\PHP-webapp\mywebTP\Application\Runtime\Cache\Home\547288f37bb8311e0073038b1f97e809.php 第 94 行.
NOTIC: [8] Undefined variable: page D:\PHP-webapp\mywebTP\Application\Runtime\Cache\Home\547288f37bb8311e0073038b1f97e809.php 第 96 行.
INFO: Run Behavior\ParseTemplateBehavior [ RunTime:0.006641s ]
INFO: [ view_parse ] --END-- [ RunTime:0.006753s ]
INFO: [ view_filter ] --START--
INFO: Run Behavior\WriteHtmlCacheBehavior [ RunTime:0.000349s ]
INFO: [ view_filter ] --END-- [ RunTime:0.000446s ]
INFO: [ app_end ] --START--
INFO: Run Behavior\ShowPageTraceBehavior [ RunTime:0.000480s ]
INFO: [ app_end ] --END-- [ RunTime:0.000578s ]

[ 2017-05-21T15:45:31+08:00 ] ::1 /mywebTP/index.php/Home/MessagePage/message
INFO: [ app_init ] --START--
INFO: Run Behavior\BuildLiteBehavior [ RunTime:0.000025s ]
INFO: [ app_init ] --END-- [ RunTime:0.000590s ]
INFO: [ app_begin ] --START--
INFO: Run Behavior\ReadHtmlCacheBehavior [ RunTime:0.000553s ]
INFO: [ app_begin ] --END-- [ RunTime:0.000677s ]
INFO: [ view_parse ] --START--
INFO: [ template_filter ] --START--
INFO: Run Behavior\ContentReplaceBehavior [ RunTime:0.000074s ]
INFO: [ template_filter ] --END-- [ RunTime:0.000188s ]
NOTIC: [8] Undefined variable: page D:\PHP-webapp\mywebTP\Application\Runtime\Cache\Home\547288f37bb8311e0073038b1f97e809.php 第 17 行.
NOTIC: [8] Undefined variable: page D:\PHP-webapp\mywebTP\Application\Runtime\Cache\Home\547288f37bb8311e0073038b1f97e809.php 第 19 行.
NOTIC: [8] Undefined variable: page D:\PHP-webapp\mywebTP\Application\Runtime\Cache\Home\547288f37bb8311e0073038b1f97e809.php 第 86 行.
NOTIC: [8] Undefined variable: page D:\PHP-webapp\mywebTP\Application\Runtime\Cache\Home\547288f37bb8311e0073038b1f97e809.php 第 90 行.
NOTIC: [8] Undefined variable: page D:\PHP-webapp\mywebTP\Application\Runtime\Cache\Home\547288f37bb8311e0073038b1f97e809.php 第 91 行.
NOTIC: [8] Undefined variable: page D:\PHP-webapp\mywebTP\Application\Runtime\Cache\Home\547288f37bb8311e0073038b1f97e809.php 第 92 行.
NOTIC: [8] Undefined variable: page D:\PHP-webapp\mywebTP\Application\Runtime\Cache\Home\547288f37bb8311e0073038b1f97e809.php 第 93 行.
NOTIC: [8] Undefined variable: page D:\PHP-webapp\mywebTP\Application\Runtime\Cache\Home\547288f37bb8311e0073038b1f97e809.php 第 94 行.
NOTIC: [8] Undefined variable: page D:\PHP-webapp\mywebTP\Application\Runtime\Cache\Home\547288f37bb8311e0073038b1f97e809.php 第 96 行.
INFO: Run Behavior\ParseTemplateBehavior [ RunTime:0.007980s ]
INFO: [ view_parse ] --END-- [ RunTime:0.008084s ]
INFO: [ view_filter ] --START--
INFO: Run Behavior\WriteHtmlCacheBehavior [ RunTime:0.000398s ]
INFO: [ view_filter ] --END-- [ RunTime:0.000500s ]
INFO: [ app_end ] --START--
INFO: Run Behavior\ShowPageTraceBehavior [ RunTime:0.000524s ]
INFO: [ app_end ] --END-- [ RunTime:0.000624s ]

[ 2017-05-21T15:45:33+08:00 ] ::1 /mywebTP/index.php?m=Home&c=WebPage&a=webLoad
INFO: [ app_init ] --START--
INFO: Run Behavior\BuildLiteBehavior [ RunTime:0.000023s ]
INFO: [ app_init ] --END-- [ RunTime:0.000453s ]
INFO: [ app_begin ] --START--
INFO: Run Behavior\ReadHtmlCacheBehavior [ RunTime:0.000464s ]
INFO: [ app_begin ] --END-- [ RunTime:0.000585s ]
NOTIC: [8] Use of undefined constant web - assumed 'web' D:\PHP-webapp\mywebTP\Application\Home\Controller\WebPageController.class.php 第 15 行.
INFO: [ view_parse ] --START--
INFO: [ template_filter ] --START--
INFO: Run Behavior\ContentReplaceBehavior [ RunTime:0.000068s ]
INFO: [ template_filter ] --END-- [ RunTime:0.000190s ]
INFO: Run Behavior\ParseTemplateBehavior [ RunTime:0.005119s ]
INFO: [ view_parse ] --END-- [ RunTime:0.005252s ]
INFO: [ view_filter ] --START--
INFO: Run Behavior\WriteHtmlCacheBehavior [ RunTime:0.000315s ]
INFO: [ view_filter ] --END-- [ RunTime:0.000419s ]
INFO: [ app_end ] --START--
INFO: Run Behavior\ShowPageTraceBehavior [ RunTime:0.000481s ]
INFO: [ app_end ] --END-- [ RunTime:0.000580s ]

[ 2017-05-21T15:45:34+08:00 ] ::1 /mywebTP/index.php?m=Home&c=MessagePage&a=message
INFO: [ app_init ] --START--
INFO: Run Behavior\BuildLiteBehavior [ RunTime:0.000026s ]
INFO: [ app_init ] --END-- [ RunTime:0.000531s ]
INFO: [ app_begin ] --START--
INFO: Run Behavior\ReadHtmlCacheBehavior [ RunTime:0.000424s ]
INFO: [ app_begin ] --END-- [ RunTime:0.000546s ]
INFO: [ view_parse ] --START--
INFO: [ template_filter ] --START--
INFO: Run Behavior\ContentReplaceBehavior [ RunTime:0.000075s ]
INFO: [ template_filter ] --END-- [ RunTime:0.000189s ]
NOTIC: [8] Undefined variable: page D:\PHP-webapp\mywebTP\Application\Runtime\Cache\Home\547288f37bb8311e0073038b1f97e809.php 第 17 行.
NOTIC: [8] Undefined variable: page D:\PHP-webapp\mywebTP\Application\Runtime\Cache\Home\547288f37bb8311e0073038b1f97e809.php 第 19 行.
NOTIC: [8] Undefined variable: page D:\PHP-webapp\mywebTP\Application\Runtime\Cache\Home\547288f37bb8311e0073038b1f97e809.php 第 86 行.
NOTIC: [8] Undefined variable: page D:\PHP-webapp\mywebTP\Application\Runtime\Cache\Home\547288f37bb8311e0073038b1f97e809.php 第 90 行.
NOTIC: [8] Undefined variable: page D:\PHP-webapp\mywebTP\Application\Runtime\Cache\Home\547288f37bb8311e0073038b1f97e809.php 第 91 行.
NOTIC: [8] Undefined variable: page D:\PHP-webapp\mywebTP\Application\Runtime\Cache\Home\547288f37bb8311e0073038b1f97e809.php 第 92 行.
NOTIC: [8] Undefined variable: page D:\PHP-webapp\mywebTP\Application\Runtime\Cache\Home\547288f37bb8311e0073038b1f97e809.php 第 93 行.
NOTIC: [8] Undefined variable: page D:\PHP-webapp\mywebTP\Application\Runtime\Cache\Home\547288f37bb8311e0073038b1f97e809.php 第 94 行.
NOTIC: [8] Undefined variable: page D:\PHP-webapp\mywebTP\Application\Runtime\Cache\Home\547288f37bb8311e0073038b1f97e809.php 第 96 行.
INFO: Run Behavior\ParseTemplateBehavior [ RunTime:0.006962s ]
INFO: [ view_parse ] --END-- [ RunTime:0.007070s ]
INFO: [ view_filter ] --START--
INFO: Run Behavior\WriteHtmlCacheBehavior [ RunTime:0.000363s ]
INFO: [ view_filter ] --END-- [ RunTime:0.000459s ]
INFO: [ app_end ] --START--
INFO: Run Behavior\ShowPageTraceBehavior [ RunTime:0.000470s ]
INFO: [ app_end ] --END-- [ RunTime:0.000568s ]

[ 2017-05-21T15:45:35+08:00 ] ::1 /mywebTP/index.php/Home/IndexPage/indexLoad
INFO: [ app_init ] --START--
INFO: Run Behavior\BuildLiteBehavior [ RunTime:0.000023s ]
INFO: [ app_init ] --END-- [ RunTime:0.000439s ]
INFO: [ app_begin ] --START--
INFO: Run Behavior\ReadHtmlCacheBehavior [ RunTime:0.000452s ]
INFO: [ app_begin ] --END-- [ RunTime:0.000571s ]
SQL: SHOW COLUMNS FROM `yb_indexnew` [ RunTime:0.0341s ]
SQL: SELECT * FROM `yb_indexnew` ORDER BY time desc LIMIT 5   [ RunTime:0.0322s ]
SQL: SHOW COLUMNS FROM `yb_articlist` [ RunTime:0.0351s ]
SQL: SELECT * FROM `yb_articlist`  [ RunTime:0.0368s ]
SQL: SHOW COLUMNS FROM `yb_mymessage` [ RunTime:0.0389s ]
SQL: SELECT * FROM `yb_mymessage`  [ RunTime:0.0390s ]
NOTIC: [8] Use of undefined constant index - assumed 'index' D:\PHP-webapp\mywebTP\Application\Home\Controller\IndexPageController.class.php 第 20 行.
INFO: [ view_parse ] --START--
INFO: [ template_filter ] --START--
INFO: Run Behavior\ContentReplaceBehavior [ RunTime:0.000395s ]
INFO: [ template_filter ] --END-- [ RunTime:0.000964s ]
INFO: Run Behavior\ParseTemplateBehavior [ RunTime:0.025737s ]
INFO: [ view_parse ] --END-- [ RunTime:0.026013s ]
INFO: [ view_filter ] --START--
INFO: Run Behavior\WriteHtmlCacheBehavior [ RunTime:0.001208s ]
INFO: [ view_filter ] --END-- [ RunTime:0.001630s ]
INFO: [ app_end ] --START--
INFO: Run Behavior\ShowPageTraceBehavior [ RunTime:0.001326s ]
INFO: [ app_end ] --END-- [ RunTime:0.001721s ]

