[ 2017-08-21T15:11:35+08:00 ] ::1 /mywebTP/
INFO: [ app_init ] --START--
INFO: Run Behavior\BuildLiteBehavior [ RunTime:0.000000s ]
INFO: [ app_init ] --END-- [ RunTime:0.002000s ]
INFO: [ app_begin ] --START--
INFO: Run Behavior\ReadHtmlCacheBehavior [ RunTime:0.001000s ]
INFO: [ app_begin ] --END-- [ RunTime:0.001000s ]
SQL: SHOW COLUMNS FROM `yb_article` [ RunTime:0.0650s ]
SQL: SELECT * FROM `yb_article` WHERE ( channel_id = 1 ) ORDER BY time desc LIMIT 3   [ RunTime:0.0430s ]
SQL: SHOW COLUMNS FROM `yb_article` [ RunTime:0.0440s ]
SQL: SELECT * FROM `yb_article` ORDER BY time desc LIMIT 4   [ RunTime:0.0440s ]
SQL: SHOW COLUMNS FROM `yb_article` [ RunTime:0.0480s ]
SQL: SELECT * FROM `yb_article` WHERE ( channel_id = 5 ) ORDER BY time desc  [ RunTime:0.0450s ]
NOTIC: [8] Use of undefined constant index - assumed 'index' D:\wamp\www\mywebTP\Application\Home\Controller\IndexPageController.class.php 第 21 行.
INFO: [ view_parse ] --START--
INFO: [ template_filter ] --START--
INFO: Run Behavior\ContentReplaceBehavior [ RunTime:0.000000s ]
INFO: [ template_filter ] --END-- [ RunTime:0.000000s ]
NOTIC: [8] Undefined index: u D:\wamp\www\mywebTP\Application\Runtime\Cache\Home\a5f72cbdf1553f1f442a7e245468166c.php 第 75 行.
NOTIC: [8] Undefined index: u D:\wamp\www\mywebTP\Application\Runtime\Cache\Home\a5f72cbdf1553f1f442a7e245468166c.php 第 93 行.
INFO: Run Behavior\ParseTemplateBehavior [ RunTime:0.021001s ]
INFO: [ view_parse ] --END-- [ RunTime:0.021001s ]
INFO: [ view_filter ] --START--
INFO: Run Behavior\WriteHtmlCacheBehavior [ RunTime:0.001000s ]
INFO: [ view_filter ] --END-- [ RunTime:0.001000s ]
INFO: [ app_end ] --START--
INFO: Run Behavior\ShowPageTraceBehavior [ RunTime:0.002000s ]
INFO: [ app_end ] --END-- [ RunTime:0.002000s ]

[ 2017-08-21T15:11:37+08:00 ] ::1 /mywebTP/Public%E6%B2%A1%E6%9C%89%E4%BC%A0%E5%9B%BE%E7%89%87%EF%BC%81
INFO: [ app_init ] --START--
INFO: Run Behavior\BuildLiteBehavior [ RunTime:0.001000s ]
INFO: [ app_init ] --END-- [ RunTime:0.002000s ]
INFO: [ app_begin ] --START--
INFO: Run Behavior\ReadHtmlCacheBehavior [ RunTime:0.001000s ]
INFO: [ app_begin ] --END-- [ RunTime:0.001000s ]
ERR: 无法加载控制器:Public没有传图片！

[ 2017-08-21T15:11:37+08:00 ] ::1 /mywebTP/Public%E6%B2%A1%E6%9C%89%E4%B8%8A%E4%BC%A0%E5%9B%BE%E7%89%87%E5%93%A6%EF%BC%81
INFO: [ app_init ] --START--
INFO: Run Behavior\BuildLiteBehavior [ RunTime:0.000000s ]
INFO: [ app_init ] --END-- [ RunTime:0.000000s ]
INFO: [ app_begin ] --START--
INFO: Run Behavior\ReadHtmlCacheBehavior [ RunTime:0.001000s ]
INFO: [ app_begin ] --END-- [ RunTime:0.001000s ]
ERR: 无法加载控制器:Public没有上传图片哦！

[ 2017-08-21T15:18:52+08:00 ] ::1 /mywebTP/
INFO: [ app_init ] --START--
INFO: Run Behavior\BuildLiteBehavior [ RunTime:0.000000s ]
INFO: [ app_init ] --END-- [ RunTime:0.000000s ]
INFO: [ app_begin ] --START--
INFO: Run Behavior\ReadHtmlCacheBehavior [ RunTime:0.000000s ]
INFO: [ app_begin ] --END-- [ RunTime:0.000000s ]
SQL: SHOW COLUMNS FROM `yb_article` [ RunTime:0.0470s ]
SQL: SELECT * FROM `yb_article` WHERE ( channel_id = 1 ) ORDER BY time desc LIMIT 3   [ RunTime:0.0450s ]
SQL: SHOW COLUMNS FROM `yb_article` [ RunTime:0.0430s ]
SQL: SELECT * FROM `yb_article` ORDER BY time desc LIMIT 4   [ RunTime:0.0450s ]
SQL: SHOW COLUMNS FROM `yb_article` [ RunTime:0.0460s ]
SQL: SELECT * FROM `yb_article` WHERE ( channel_id = 5 ) ORDER BY time desc  [ RunTime:0.0460s ]
NOTIC: [8] Use of undefined constant index - assumed 'index' D:\wamp\www\mywebTP\Application\Home\Controller\IndexPageController.class.php 第 21 行.
INFO: [ view_parse ] --START--
INFO: [ template_filter ] --START--
INFO: Run Behavior\ContentReplaceBehavior [ RunTime:0.001001s ]
INFO: [ template_filter ] --END-- [ RunTime:0.001001s ]
INFO: Run Behavior\ParseTemplateBehavior [ RunTime:0.033002s ]
INFO: [ view_parse ] --END-- [ RunTime:0.034002s ]
INFO: [ view_filter ] --START--
INFO: Run Behavior\WriteHtmlCacheBehavior [ RunTime:0.001000s ]
INFO: [ view_filter ] --END-- [ RunTime:0.001000s ]
INFO: [ app_end ] --START--
INFO: Run Behavior\ShowPageTraceBehavior [ RunTime:0.001000s ]
INFO: [ app_end ] --END-- [ RunTime:0.001000s ]

[ 2017-08-21T15:18:52+08:00 ] ::1 /mywebTP/Public%E6%B2%A1%E6%9C%89%E4%B8%8A%E4%BC%A0%E5%9B%BE%E7%89%87%E5%93%A6%EF%BC%81
INFO: [ app_init ] --START--
INFO: Run Behavior\BuildLiteBehavior [ RunTime:0.001000s ]
INFO: [ app_init ] --END-- [ RunTime:0.001000s ]
INFO: [ app_begin ] --START--
INFO: Run Behavior\ReadHtmlCacheBehavior [ RunTime:0.001000s ]
INFO: [ app_begin ] --END-- [ RunTime:0.001000s ]
ERR: 无法加载控制器:Public没有上传图片哦！

[ 2017-08-21T15:18:52+08:00 ] ::1 /mywebTP/Public%E6%B2%A1%E6%9C%89%E4%BC%A0%E5%9B%BE%E7%89%87%EF%BC%81
INFO: [ app_init ] --START--
INFO: Run Behavior\BuildLiteBehavior [ RunTime:0.001000s ]
INFO: [ app_init ] --END-- [ RunTime:0.001000s ]
INFO: [ app_begin ] --START--
INFO: Run Behavior\ReadHtmlCacheBehavior [ RunTime:0.001000s ]
INFO: [ app_begin ] --END-- [ RunTime:0.001000s ]
ERR: 无法加载控制器:Public没有传图片！

[ 2017-08-21T15:18:52+08:00 ] ::1 /mywebTP/Public%E6%B2%A1%E6%9C%89%E4%B8%8A%E4%BC%A0%E5%9B%BE%E7%89%87%E5%93%A6%EF%BC%81
INFO: [ app_init ] --START--
INFO: Run Behavior\BuildLiteBehavior [ RunTime:0.000000s ]
INFO: [ app_init ] --END-- [ RunTime:0.001000s ]
INFO: [ app_begin ] --START--
INFO: Run Behavior\ReadHtmlCacheBehavior [ RunTime:0.000000s ]
INFO: [ app_begin ] --END-- [ RunTime:0.001000s ]
ERR: 无法加载控制器:Public没有上传图片哦！

[ 2017-08-21T15:18:52+08:00 ] ::1 /mywebTP/Public%E6%B2%A1%E6%9C%89%E4%BC%A0%E5%9B%BE%E7%89%87%EF%BC%81
INFO: [ app_init ] --START--
INFO: Run Behavior\BuildLiteBehavior [ RunTime:0.001000s ]
INFO: [ app_init ] --END-- [ RunTime:0.001000s ]
INFO: [ app_begin ] --START--
INFO: Run Behavior\ReadHtmlCacheBehavior [ RunTime:0.001000s ]
INFO: [ app_begin ] --END-- [ RunTime:0.001000s ]
ERR: 无法加载控制器:Public没有传图片！

[ 2017-08-21T15:18:54+08:00 ] ::1 /mywebTP/
INFO: [ app_init ] --START--
INFO: Run Behavior\BuildLiteBehavior [ RunTime:0.000000s ]
INFO: [ app_init ] --END-- [ RunTime:0.001000s ]
INFO: [ app_begin ] --START--
INFO: Run Behavior\ReadHtmlCacheBehavior [ RunTime:0.001000s ]
INFO: [ app_begin ] --END-- [ RunTime:0.001000s ]
SQL: SHOW COLUMNS FROM `yb_article` [ RunTime:0.0440s ]
SQL: SELECT * FROM `yb_article` WHERE ( channel_id = 1 ) ORDER BY time desc LIMIT 3   [ RunTime:0.0430s ]
SQL: SHOW COLUMNS FROM `yb_article` [ RunTime:0.0440s ]
SQL: SELECT * FROM `yb_article` ORDER BY time desc LIMIT 4   [ RunTime:0.0430s ]
SQL: SHOW COLUMNS FROM `yb_article` [ RunTime:0.0440s ]
SQL: SELECT * FROM `yb_article` WHERE ( channel_id = 5 ) ORDER BY time desc  [ RunTime:0.0420s ]
NOTIC: [8] Use of undefined constant index - assumed 'index' D:\wamp\www\mywebTP\Application\Home\Controller\IndexPageController.class.php 第 21 行.
INFO: [ view_parse ] --START--
INFO: [ template_filter ] --START--
INFO: Run Behavior\ContentReplaceBehavior [ RunTime:0.000000s ]
INFO: [ template_filter ] --END-- [ RunTime:0.000000s ]
INFO: Run Behavior\ParseTemplateBehavior [ RunTime:0.040002s ]
INFO: [ view_parse ] --END-- [ RunTime:0.040002s ]
INFO: [ view_filter ] --START--
INFO: Run Behavior\WriteHtmlCacheBehavior [ RunTime:0.001000s ]
INFO: [ view_filter ] --END-- [ RunTime:0.002000s ]
INFO: [ app_end ] --START--
INFO: Run Behavior\ShowPageTraceBehavior [ RunTime:0.001000s ]
INFO: [ app_end ] --END-- [ RunTime:0.002000s ]

[ 2017-08-21T15:18:54+08:00 ] ::1 /mywebTP/Public%E6%B2%A1%E6%9C%89%E4%B8%8A%E4%BC%A0%E5%9B%BE%E7%89%87%E5%93%A6%EF%BC%81
INFO: [ app_init ] --START--
INFO: Run Behavior\BuildLiteBehavior [ RunTime:0.000000s ]
INFO: [ app_init ] --END-- [ RunTime:0.000000s ]
INFO: [ app_begin ] --START--
INFO: Run Behavior\ReadHtmlCacheBehavior [ RunTime:0.001000s ]
INFO: [ app_begin ] --END-- [ RunTime:0.001000s ]
ERR: 无法加载控制器:Public没有上传图片哦！

[ 2017-08-21T15:18:54+08:00 ] ::1 /mywebTP/Public%E6%B2%A1%E6%9C%89%E4%BC%A0%E5%9B%BE%E7%89%87%EF%BC%81
INFO: [ app_init ] --START--
INFO: Run Behavior\BuildLiteBehavior [ RunTime:0.000000s ]
INFO: [ app_init ] --END-- [ RunTime:0.001000s ]
INFO: [ app_begin ] --START--
INFO: Run Behavior\ReadHtmlCacheBehavior [ RunTime:0.001000s ]
INFO: [ app_begin ] --END-- [ RunTime:0.001000s ]
ERR: 无法加载控制器:Public没有传图片！

[ 2017-08-21T15:20:42+08:00 ] ::1 /mywebTP/
INFO: [ app_init ] --START--
INFO: Run Behavior\BuildLiteBehavior [ RunTime:0.000000s ]
INFO: [ app_init ] --END-- [ RunTime:0.000000s ]
INFO: [ app_begin ] --START--
INFO: Run Behavior\ReadHtmlCacheBehavior [ RunTime:0.001000s ]
INFO: [ app_begin ] --END-- [ RunTime:0.001000s ]
SQL: SHOW COLUMNS FROM `yb_article` [ RunTime:0.0460s ]
SQL: SELECT * FROM `yb_article` WHERE ( channel_id = 1 ) ORDER BY time desc LIMIT 3   [ RunTime:0.0470s ]
SQL: SHOW COLUMNS FROM `yb_article` [ RunTime:0.0470s ]
SQL: SELECT * FROM `yb_article` ORDER BY time desc LIMIT 4   [ RunTime:0.0470s ]
SQL: SHOW COLUMNS FROM `yb_article` [ RunTime:0.0480s ]
SQL: SELECT * FROM `yb_article` WHERE ( channel_id = 5 ) ORDER BY time desc  [ RunTime:0.0450s ]
NOTIC: [8] Use of undefined constant index - assumed 'index' D:\wamp\www\mywebTP\Application\Home\Controller\IndexPageController.class.php 第 21 行.
INFO: [ view_parse ] --START--
INFO: [ template_filter ] --START--
INFO: Run Behavior\ContentReplaceBehavior [ RunTime:0.000000s ]
INFO: [ template_filter ] --END-- [ RunTime:0.000000s ]
NOTIC: [8] Undefined index: u D:\wamp\www\mywebTP\Application\Runtime\Cache\Home\a5f72cbdf1553f1f442a7e245468166c.php 第 75 行.
NOTIC: [8] Undefined index: u D:\wamp\www\mywebTP\Application\Runtime\Cache\Home\a5f72cbdf1553f1f442a7e245468166c.php 第 93 行.
INFO: Run Behavior\ParseTemplateBehavior [ RunTime:0.033002s ]
INFO: [ view_parse ] --END-- [ RunTime:0.034002s ]
INFO: [ view_filter ] --START--
INFO: Run Behavior\WriteHtmlCacheBehavior [ RunTime:0.001000s ]
INFO: [ view_filter ] --END-- [ RunTime:0.001000s ]
INFO: [ app_end ] --START--
INFO: Run Behavior\ShowPageTraceBehavior [ RunTime:0.001000s ]
INFO: [ app_end ] --END-- [ RunTime:0.001000s ]

[ 2017-08-21T15:20:42+08:00 ] ::1 /mywebTP/Public%E6%B2%A1%E6%9C%89%E4%BC%A0%E5%9B%BE%E7%89%87%EF%BC%81
INFO: [ app_init ] --START--
INFO: Run Behavior\BuildLiteBehavior [ RunTime:0.000000s ]
INFO: [ app_init ] --END-- [ RunTime:0.001000s ]
INFO: [ app_begin ] --START--
INFO: Run Behavior\ReadHtmlCacheBehavior [ RunTime:0.000000s ]
INFO: [ app_begin ] --END-- [ RunTime:0.002000s ]
ERR: 无法加载控制器:Public没有传图片！

[ 2017-08-21T15:20:42+08:00 ] ::1 /mywebTP/Public%E6%B2%A1%E6%9C%89%E4%B8%8A%E4%BC%A0%E5%9B%BE%E7%89%87%E5%93%A6%EF%BC%81
INFO: [ app_init ] --START--
INFO: Run Behavior\BuildLiteBehavior [ RunTime:0.000000s ]
INFO: [ app_init ] --END-- [ RunTime:0.000000s ]
INFO: [ app_begin ] --START--
INFO: Run Behavior\ReadHtmlCacheBehavior [ RunTime:0.001000s ]
INFO: [ app_begin ] --END-- [ RunTime:0.001000s ]
ERR: 无法加载控制器:Public没有上传图片哦！

[ 2017-08-21T15:20:42+08:00 ] ::1 /mywebTP/Public%E6%B2%A1%E6%9C%89%E4%B8%8A%E4%BC%A0%E5%9B%BE%E7%89%87%E5%93%A6%EF%BC%81
INFO: [ app_init ] --START--
INFO: Run Behavior\BuildLiteBehavior [ RunTime:0.000000s ]
INFO: [ app_init ] --END-- [ RunTime:0.000000s ]
INFO: [ app_begin ] --START--
INFO: Run Behavior\ReadHtmlCacheBehavior [ RunTime:0.001000s ]
INFO: [ app_begin ] --END-- [ RunTime:0.001000s ]
ERR: 无法加载控制器:Public没有上传图片哦！

[ 2017-08-21T15:20:42+08:00 ] ::1 /mywebTP/Public%E6%B2%A1%E6%9C%89%E4%BC%A0%E5%9B%BE%E7%89%87%EF%BC%81
INFO: [ app_init ] --START--
INFO: Run Behavior\BuildLiteBehavior [ RunTime:0.001000s ]
INFO: [ app_init ] --END-- [ RunTime:0.001000s ]
INFO: [ app_begin ] --START--
INFO: Run Behavior\ReadHtmlCacheBehavior [ RunTime:0.001000s ]
INFO: [ app_begin ] --END-- [ RunTime:0.001000s ]
ERR: 无法加载控制器:Public没有传图片！

[ 2017-08-21T15:20:49+08:00 ] ::1 /mywebTP/Public%E6%B2%A1%E6%9C%89%E4%BC%A0%E5%9B%BE%E7%89%87%EF%BC%81
INFO: [ app_init ] --START--
INFO: Run Behavior\BuildLiteBehavior [ RunTime:0.000000s ]
INFO: [ app_init ] --END-- [ RunTime:0.001000s ]
INFO: [ app_begin ] --START--
INFO: Run Behavior\ReadHtmlCacheBehavior [ RunTime:0.000000s ]
INFO: [ app_begin ] --END-- [ RunTime:0.000000s ]
ERR: 无法加载控制器:Public没有传图片！

[ 2017-08-21T15:20:49+08:00 ] ::1 /mywebTP/Public%E6%B2%A1%E6%9C%89%E4%B8%8A%E4%BC%A0%E5%9B%BE%E7%89%87%E5%93%A6%EF%BC%81
INFO: [ app_init ] --START--
INFO: Run Behavior\BuildLiteBehavior [ RunTime:0.000000s ]
INFO: [ app_init ] --END-- [ RunTime:0.001000s ]
INFO: [ app_begin ] --START--
INFO: Run Behavior\ReadHtmlCacheBehavior [ RunTime:0.001000s ]
INFO: [ app_begin ] --END-- [ RunTime:0.001000s ]
ERR: 无法加载控制器:Public没有上传图片哦！

[ 2017-08-21T15:38:53+08:00 ] ::1 /mywebTP/
INFO: [ app_init ] --START--
INFO: Run Behavior\BuildLiteBehavior [ RunTime:0.000000s ]
INFO: [ app_init ] --END-- [ RunTime:0.001000s ]
INFO: [ app_begin ] --START--
INFO: Run Behavior\ReadHtmlCacheBehavior [ RunTime:0.001000s ]
INFO: [ app_begin ] --END-- [ RunTime:0.002000s ]
SQL: SHOW COLUMNS FROM `yb_article` [ RunTime:0.0440s ]
SQL: SELECT * FROM `yb_article` WHERE ( channel_id = 1 ) ORDER BY time desc LIMIT 3   [ RunTime:0.0430s ]
SQL: SHOW COLUMNS FROM `yb_article` [ RunTime:0.0440s ]
SQL: SELECT * FROM `yb_article` ORDER BY time desc LIMIT 4   [ RunTime:0.0450s ]
SQL: SHOW COLUMNS FROM `yb_article` [ RunTime:0.0440s ]
SQL: SELECT * FROM `yb_article` WHERE ( channel_id = 5 ) ORDER BY time desc  [ RunTime:0.0420s ]
NOTIC: [8] Use of undefined constant index - assumed 'index' D:\wamp\www\mywebTP\Application\Home\Controller\IndexPageController.class.php 第 21 行.
INFO: [ view_parse ] --START--
INFO: [ template_filter ] --START--
INFO: Run Behavior\ContentReplaceBehavior [ RunTime:0.000000s ]
INFO: [ template_filter ] --END-- [ RunTime:0.002000s ]
NOTIC: [8] Undefined index: u D:\wamp\www\mywebTP\Application\Runtime\Cache\Home\a5f72cbdf1553f1f442a7e245468166c.php 第 75 行.
NOTIC: [8] Undefined index: u D:\wamp\www\mywebTP\Application\Runtime\Cache\Home\a5f72cbdf1553f1f442a7e245468166c.php 第 93 行.
INFO: Run Behavior\ParseTemplateBehavior [ RunTime:0.046002s ]
INFO: [ view_parse ] --END-- [ RunTime:0.047002s ]
INFO: [ view_filter ] --START--
INFO: Run Behavior\WriteHtmlCacheBehavior [ RunTime:0.000000s ]
INFO: [ view_filter ] --END-- [ RunTime:0.001000s ]
INFO: [ app_end ] --START--
INFO: Run Behavior\ShowPageTraceBehavior [ RunTime:0.001000s ]
INFO: [ app_end ] --END-- [ RunTime:0.001000s ]

[ 2017-08-21T15:38:53+08:00 ] ::1 /mywebTP/Public%E6%B2%A1%E6%9C%89%E4%BC%A0%E5%9B%BE%E7%89%87%EF%BC%81
INFO: [ app_init ] --START--
INFO: Run Behavior\BuildLiteBehavior [ RunTime:0.000000s ]
INFO: [ app_init ] --END-- [ RunTime:0.000000s ]
INFO: [ app_begin ] --START--
INFO: Run Behavior\ReadHtmlCacheBehavior [ RunTime:0.001000s ]
INFO: [ app_begin ] --END-- [ RunTime:0.001000s ]
ERR: 无法加载控制器:Public没有传图片！

[ 2017-08-21T15:38:53+08:00 ] ::1 /mywebTP/Public%E6%B2%A1%E6%9C%89%E4%B8%8A%E4%BC%A0%E5%9B%BE%E7%89%87%E5%93%A6%EF%BC%81
INFO: [ app_init ] --START--
INFO: Run Behavior\BuildLiteBehavior [ RunTime:0.000000s ]
INFO: [ app_init ] --END-- [ RunTime:0.001001s ]
INFO: [ app_begin ] --START--
INFO: Run Behavior\ReadHtmlCacheBehavior [ RunTime:0.002000s ]
INFO: [ app_begin ] --END-- [ RunTime:0.002000s ]
ERR: 无法加载控制器:Public没有上传图片哦！

[ 2017-08-21T15:38:53+08:00 ] ::1 /mywebTP/Public%E6%B2%A1%E6%9C%89%E4%BC%A0%E5%9B%BE%E7%89%87%EF%BC%81
INFO: [ app_init ] --START--
INFO: Run Behavior\BuildLiteBehavior [ RunTime:0.000000s ]
INFO: [ app_init ] --END-- [ RunTime:0.001000s ]
INFO: [ app_begin ] --START--
INFO: Run Behavior\ReadHtmlCacheBehavior [ RunTime:0.001000s ]
INFO: [ app_begin ] --END-- [ RunTime:0.002000s ]
ERR: 无法加载控制器:Public没有传图片！

[ 2017-08-21T15:43:01+08:00 ] ::1 /mywebTP/
INFO: [ app_init ] --START--
INFO: Run Behavior\BuildLiteBehavior [ RunTime:0.000000s ]
INFO: [ app_init ] --END-- [ RunTime:0.001000s ]
INFO: [ app_begin ] --START--
INFO: Run Behavior\ReadHtmlCacheBehavior [ RunTime:0.002000s ]
INFO: [ app_begin ] --END-- [ RunTime:0.002000s ]
SQL: SHOW COLUMNS FROM `yb_article` [ RunTime:0.0430s ]
SQL: SELECT * FROM `yb_article` WHERE ( channel_id = 1 ) ORDER BY time desc LIMIT 3   [ RunTime:0.0410s ]
SQL: SHOW COLUMNS FROM `yb_article` [ RunTime:0.0440s ]
SQL: SELECT * FROM `yb_article` ORDER BY time desc LIMIT 4   [ RunTime:0.0430s ]
SQL: SHOW COLUMNS FROM `yb_article` [ RunTime:0.0420s ]
SQL: SELECT * FROM `yb_article` WHERE ( channel_id = 5 ) ORDER BY time desc  [ RunTime:0.0440s ]
NOTIC: [8] Use of undefined constant index - assumed 'index' D:\wamp\www\mywebTP\Application\Home\Controller\IndexPageController.class.php 第 21 行.
INFO: [ view_parse ] --START--
INFO: [ template_filter ] --START--
INFO: Run Behavior\ContentReplaceBehavior [ RunTime:0.000000s ]
INFO: [ template_filter ] --END-- [ RunTime:0.001000s ]
NOTIC: [8] Undefined index: u D:\wamp\www\mywebTP\Application\Runtime\Cache\Home\a5f72cbdf1553f1f442a7e245468166c.php 第 75 行.
INFO: Run Behavior\ParseTemplateBehavior [ RunTime:0.034002s ]
INFO: [ view_parse ] --END-- [ RunTime:0.035002s ]
INFO: [ view_filter ] --START--
INFO: Run Behavior\WriteHtmlCacheBehavior [ RunTime:0.001000s ]
INFO: [ view_filter ] --END-- [ RunTime:0.001000s ]
INFO: [ app_end ] --START--
INFO: Run Behavior\ShowPageTraceBehavior [ RunTime:0.001000s ]
INFO: [ app_end ] --END-- [ RunTime:0.002000s ]

[ 2017-08-21T15:43:01+08:00 ] ::1 /mywebTP/Public%E6%B2%A1%E6%9C%89%E4%BC%A0%E5%9B%BE%E7%89%87%EF%BC%81
INFO: [ app_init ] --START--
INFO: Run Behavior\BuildLiteBehavior [ RunTime:0.000000s ]
INFO: [ app_init ] --END-- [ RunTime:0.001000s ]
INFO: [ app_begin ] --START--
INFO: Run Behavior\ReadHtmlCacheBehavior [ RunTime:0.001000s ]
INFO: [ app_begin ] --END-- [ RunTime:0.001000s ]
ERR: 无法加载控制器:Public没有传图片！

[ 2017-08-21T15:43:01+08:00 ] ::1 /mywebTP/Public%E6%B2%A1%E6%9C%89%E4%B8%8A%E4%BC%A0%E5%9B%BE%E7%89%87%E5%93%A6%EF%BC%81
INFO: [ app_init ] --START--
INFO: Run Behavior\BuildLiteBehavior [ RunTime:0.000000s ]
INFO: [ app_init ] --END-- [ RunTime:0.001000s ]
INFO: [ app_begin ] --START--
INFO: Run Behavior\ReadHtmlCacheBehavior [ RunTime:0.001000s ]
INFO: [ app_begin ] --END-- [ RunTime:0.001000s ]
ERR: 无法加载控制器:Public没有上传图片哦！

[ 2017-08-21T15:43:03+08:00 ] ::1 /mywebTP/MessagePage/message.html
INFO: [ app_init ] --START--
INFO: Run Behavior\BuildLiteBehavior [ RunTime:0.000000s ]
INFO: [ app_init ] --END-- [ RunTime:0.001001s ]
INFO: [ app_begin ] --START--
INFO: Run Behavior\ReadHtmlCacheBehavior [ RunTime:0.001000s ]
INFO: [ app_begin ] --END-- [ RunTime:0.001000s ]
SQL: SHOW COLUMNS FROM `yb_article` [ RunTime:0.0450s ]
SQL: SELECT COUNT(*) AS tp_count FROM `yb_article` WHERE ( channel_id =1 ) LIMIT 1   [ RunTime:0.0420s ]
SQL: SHOW COLUMNS FROM `yb_article` [ RunTime:0.0420s ]
SQL: SELECT * FROM `yb_article` WHERE ( channel_id =1 ) ORDER BY time desc LIMIT 0,6   [ RunTime:0.0410s ]
NOTIC: [8] Use of undefined constant message - assumed 'message' D:\wamp\www\mywebTP\Application\Home\Controller\MessagePageController.class.php 第 19 行.
INFO: [ view_parse ] --START--
INFO: [ template_filter ] --START--
INFO: Run Behavior\ContentReplaceBehavior [ RunTime:0.000000s ]
INFO: [ template_filter ] --END-- [ RunTime:0.001000s ]
NOTIC: [8] Undefined variable: page D:\wamp\www\mywebTP\Application\Runtime\Cache\Home\547288f37bb8311e0073038b1f97e809.php 第 38 行.
NOTIC: [8] Undefined variable: page D:\wamp\www\mywebTP\Application\Runtime\Cache\Home\547288f37bb8311e0073038b1f97e809.php 第 40 行.
NOTIC: [8] Undefined index: u D:\wamp\www\mywebTP\Application\Runtime\Cache\Home\547288f37bb8311e0073038b1f97e809.php 第 82 行.
NOTIC: [8] Undefined index: u D:\wamp\www\mywebTP\Application\Runtime\Cache\Home\547288f37bb8311e0073038b1f97e809.php 第 100 行.
INFO: Run Behavior\ParseTemplateBehavior [ RunTime:0.039002s ]
INFO: [ view_parse ] --END-- [ RunTime:0.039002s ]
INFO: [ view_filter ] --START--
INFO: Run Behavior\WriteHtmlCacheBehavior [ RunTime:0.001000s ]
INFO: [ view_filter ] --END-- [ RunTime:0.001000s ]
INFO: [ app_end ] --START--
INFO: Run Behavior\ShowPageTraceBehavior [ RunTime:0.002000s ]
INFO: [ app_end ] --END-- [ RunTime:0.004000s ]

[ 2017-08-21T15:43:04+08:00 ] ::1 /mywebTP/Public%E6%B2%A1%E6%9C%89%E4%BC%A0%E5%9B%BE%E7%89%87%EF%BC%81
INFO: [ app_init ] --START--
INFO: Run Behavior\BuildLiteBehavior [ RunTime:0.000000s ]
INFO: [ app_init ] --END-- [ RunTime:0.001000s ]
INFO: [ app_begin ] --START--
INFO: Run Behavior\ReadHtmlCacheBehavior [ RunTime:0.000000s ]
INFO: [ app_begin ] --END-- [ RunTime:0.002000s ]
ERR: 无法加载控制器:Public没有传图片！

[ 2017-08-21T15:43:04+08:00 ] ::1 /mywebTP/Public%E6%B2%A1%E6%9C%89%E4%B8%8A%E4%BC%A0%E5%9B%BE%E7%89%87%E5%93%A6%EF%BC%81
INFO: [ app_init ] --START--
INFO: Run Behavior\BuildLiteBehavior [ RunTime:0.000000s ]
INFO: [ app_init ] --END-- [ RunTime:0.001000s ]
INFO: [ app_begin ] --START--
INFO: Run Behavior\ReadHtmlCacheBehavior [ RunTime:0.001000s ]
INFO: [ app_begin ] --END-- [ RunTime:0.001000s ]
ERR: 无法加载控制器:Public没有上传图片哦！

[ 2017-08-21T15:43:05+08:00 ] ::1 /mywebTP/Public%E6%B2%A1%E6%9C%89%E4%BC%A0%E5%9B%BE%E7%89%87%EF%BC%81
INFO: [ app_init ] --START--
INFO: Run Behavior\BuildLiteBehavior [ RunTime:0.000000s ]
INFO: [ app_init ] --END-- [ RunTime:0.005001s ]
INFO: [ app_begin ] --START--
INFO: Run Behavior\ReadHtmlCacheBehavior [ RunTime:0.001000s ]
INFO: [ app_begin ] --END-- [ RunTime:0.001000s ]
ERR: 无法加载控制器:Public没有传图片！

[ 2017-08-21T15:43:05+08:00 ] ::1 /mywebTP/Public%E6%B2%A1%E6%9C%89%E4%B8%8A%E4%BC%A0%E5%9B%BE%E7%89%87%E5%93%A6%EF%BC%81
INFO: [ app_init ] --START--
INFO: Run Behavior\BuildLiteBehavior [ RunTime:0.000000s ]
INFO: [ app_init ] --END-- [ RunTime:0.001000s ]
INFO: [ app_begin ] --START--
INFO: Run Behavior\ReadHtmlCacheBehavior [ RunTime:0.001000s ]
INFO: [ app_begin ] --END-- [ RunTime:0.001000s ]
ERR: 无法加载控制器:Public没有上传图片哦！

[ 2017-08-21T15:43:43+08:00 ] ::1 /mywebTP/MessagePage/message.html
INFO: [ app_init ] --START--
INFO: Run Behavior\BuildLiteBehavior [ RunTime:0.000000s ]
INFO: [ app_init ] --END-- [ RunTime:0.001000s ]
INFO: [ app_begin ] --START--
INFO: Run Behavior\ReadHtmlCacheBehavior [ RunTime:0.001000s ]
INFO: [ app_begin ] --END-- [ RunTime:0.002000s ]
SQL: SHOW COLUMNS FROM `yb_article` [ RunTime:0.0420s ]
SQL: SELECT COUNT(*) AS tp_count FROM `yb_article` WHERE ( channel_id =1 ) LIMIT 1   [ RunTime:0.0400s ]
SQL: SHOW COLUMNS FROM `yb_article` [ RunTime:0.0440s ]
SQL: SELECT * FROM `yb_article` WHERE ( channel_id =1 ) ORDER BY time desc LIMIT 0,6   [ RunTime:0.0430s ]
NOTIC: [8] Use of undefined constant message - assumed 'message' D:\wamp\www\mywebTP\Application\Home\Controller\MessagePageController.class.php 第 19 行.
INFO: [ view_parse ] --START--
INFO: [ template_filter ] --START--
INFO: Run Behavior\ContentReplaceBehavior [ RunTime:0.000000s ]
INFO: [ template_filter ] --END-- [ RunTime:0.001000s ]
NOTIC: [8] Undefined variable: page D:\wamp\www\mywebTP\Application\Runtime\Cache\Home\547288f37bb8311e0073038b1f97e809.php 第 38 行.
NOTIC: [8] Undefined variable: page D:\wamp\www\mywebTP\Application\Runtime\Cache\Home\547288f37bb8311e0073038b1f97e809.php 第 40 行.
NOTIC: [8] Undefined index: u D:\wamp\www\mywebTP\Application\Runtime\Cache\Home\547288f37bb8311e0073038b1f97e809.php 第 82 行.
INFO: Run Behavior\ParseTemplateBehavior [ RunTime:0.045002s ]
INFO: [ view_parse ] --END-- [ RunTime:0.046002s ]
INFO: [ view_filter ] --START--
INFO: Run Behavior\WriteHtmlCacheBehavior [ RunTime:0.001000s ]
INFO: [ view_filter ] --END-- [ RunTime:0.001000s ]
INFO: [ app_end ] --START--
INFO: Run Behavior\ShowPageTraceBehavior [ RunTime:0.001000s ]
INFO: [ app_end ] --END-- [ RunTime:0.002000s ]

[ 2017-08-21T15:43:43+08:00 ] ::1 /mywebTP/Public%E6%B2%A1%E6%9C%89%E4%BC%A0%E5%9B%BE%E7%89%87%EF%BC%81
INFO: [ app_init ] --START--
INFO: Run Behavior\BuildLiteBehavior [ RunTime:0.001000s ]
INFO: [ app_init ] --END-- [ RunTime:0.001000s ]
INFO: [ app_begin ] --START--
INFO: Run Behavior\ReadHtmlCacheBehavior [ RunTime:0.001000s ]
INFO: [ app_begin ] --END-- [ RunTime:0.001000s ]
ERR: 无法加载控制器:Public没有传图片！

[ 2017-08-21T15:43:43+08:00 ] ::1 /mywebTP/Public%E6%B2%A1%E6%9C%89%E4%B8%8A%E4%BC%A0%E5%9B%BE%E7%89%87%E5%93%A6%EF%BC%81
INFO: [ app_init ] --START--
INFO: Run Behavior\BuildLiteBehavior [ RunTime:0.000000s ]
INFO: [ app_init ] --END-- [ RunTime:0.000000s ]
INFO: [ app_begin ] --START--
INFO: Run Behavior\ReadHtmlCacheBehavior [ RunTime:0.000000s ]
INFO: [ app_begin ] --END-- [ RunTime:0.002000s ]
ERR: 无法加载控制器:Public没有上传图片哦！

[ 2017-08-21T15:43:45+08:00 ] ::1 /mywebTP/IndexPage/indexLoad.html
INFO: [ app_init ] --START--
INFO: Run Behavior\BuildLiteBehavior [ RunTime:0.000000s ]
INFO: [ app_init ] --END-- [ RunTime:0.001000s ]
INFO: [ app_begin ] --START--
INFO: Run Behavior\ReadHtmlCacheBehavior [ RunTime:0.001000s ]
INFO: [ app_begin ] --END-- [ RunTime:0.001000s ]
SQL: SHOW COLUMNS FROM `yb_article` [ RunTime:0.0440s ]
SQL: SELECT * FROM `yb_article` WHERE ( channel_id = 1 ) ORDER BY time desc LIMIT 3   [ RunTime:0.0420s ]
SQL: SHOW COLUMNS FROM `yb_article` [ RunTime:0.0410s ]
SQL: SELECT * FROM `yb_article` ORDER BY time desc LIMIT 4   [ RunTime:0.0400s ]
SQL: SHOW COLUMNS FROM `yb_article` [ RunTime:0.0410s ]
SQL: SELECT * FROM `yb_article` WHERE ( channel_id = 5 ) ORDER BY time desc  [ RunTime:0.0390s ]
NOTIC: [8] Use of undefined constant index - assumed 'index' D:\wamp\www\mywebTP\Application\Home\Controller\IndexPageController.class.php 第 21 行.
INFO: [ view_parse ] --START--
INFO: [ template_filter ] --START--
INFO: Run Behavior\ContentReplaceBehavior [ RunTime:0.000000s ]
INFO: [ template_filter ] --END-- [ RunTime:0.000000s ]
NOTIC: [8] Undefined index: u D:\wamp\www\mywebTP\Application\Runtime\Cache\Home\a5f72cbdf1553f1f442a7e245468166c.php 第 75 行.
INFO: Run Behavior\ParseTemplateBehavior [ RunTime:0.034002s ]
INFO: [ view_parse ] --END-- [ RunTime:0.035002s ]
INFO: [ view_filter ] --START--
INFO: Run Behavior\WriteHtmlCacheBehavior [ RunTime:0.001001s ]
INFO: [ view_filter ] --END-- [ RunTime:0.001001s ]
INFO: [ app_end ] --START--
INFO: Run Behavior\ShowPageTraceBehavior [ RunTime:0.002000s ]
INFO: [ app_end ] --END-- [ RunTime:0.002000s ]

[ 2017-08-21T15:43:45+08:00 ] ::1 /mywebTP/Public%E6%B2%A1%E6%9C%89%E4%BC%A0%E5%9B%BE%E7%89%87%EF%BC%81
INFO: [ app_init ] --START--
INFO: Run Behavior\BuildLiteBehavior [ RunTime:0.000000s ]
INFO: [ app_init ] --END-- [ RunTime:0.001000s ]
INFO: [ app_begin ] --START--
INFO: Run Behavior\ReadHtmlCacheBehavior [ RunTime:0.001000s ]
INFO: [ app_begin ] --END-- [ RunTime:0.001000s ]
ERR: 无法加载控制器:Public没有传图片！

[ 2017-08-21T15:43:45+08:00 ] ::1 /mywebTP/Public%E6%B2%A1%E6%9C%89%E4%B8%8A%E4%BC%A0%E5%9B%BE%E7%89%87%E5%93%A6%EF%BC%81
INFO: [ app_init ] --START--
INFO: Run Behavior\BuildLiteBehavior [ RunTime:0.000000s ]
INFO: [ app_init ] --END-- [ RunTime:0.001000s ]
INFO: [ app_begin ] --START--
INFO: Run Behavior\ReadHtmlCacheBehavior [ RunTime:0.001000s ]
INFO: [ app_begin ] --END-- [ RunTime:0.001000s ]
ERR: 无法加载控制器:Public没有上传图片哦！

[ 2017-08-21T15:44:55+08:00 ] ::1 /mywebTP/Public%E6%B2%A1%E6%9C%89%E4%BC%A0%E5%9B%BE%E7%89%87%EF%BC%81
INFO: [ app_init ] --START--
INFO: Run Behavior\BuildLiteBehavior [ RunTime:0.000000s ]
INFO: [ app_init ] --END-- [ RunTime:0.001000s ]
INFO: [ app_begin ] --START--
INFO: Run Behavior\ReadHtmlCacheBehavior [ RunTime:0.002001s ]
INFO: [ app_begin ] --END-- [ RunTime:0.002001s ]
ERR: 无法加载控制器:Public没有传图片！

[ 2017-08-21T15:44:55+08:00 ] ::1 /mywebTP/Public%E6%B2%A1%E6%9C%89%E4%B8%8A%E4%BC%A0%E5%9B%BE%E7%89%87%E5%93%A6%EF%BC%81
INFO: [ app_init ] --START--
INFO: Run Behavior\BuildLiteBehavior [ RunTime:0.000000s ]
INFO: [ app_init ] --END-- [ RunTime:0.001000s ]
INFO: [ app_begin ] --START--
INFO: Run Behavior\ReadHtmlCacheBehavior [ RunTime:0.001000s ]
INFO: [ app_begin ] --END-- [ RunTime:0.002000s ]
ERR: 无法加载控制器:Public没有上传图片哦！

[ 2017-08-21T15:44:56+08:00 ] ::1 /mywebTP/Public%E6%B2%A1%E6%9C%89%E4%BC%A0%E5%9B%BE%E7%89%87%EF%BC%81
INFO: [ app_init ] --START--
INFO: Run Behavior\BuildLiteBehavior [ RunTime:0.000000s ]
INFO: [ app_init ] --END-- [ RunTime:0.001000s ]
INFO: [ app_begin ] --START--
INFO: Run Behavior\ReadHtmlCacheBehavior [ RunTime:0.000000s ]
INFO: [ app_begin ] --END-- [ RunTime:0.002000s ]
ERR: 无法加载控制器:Public没有传图片！

[ 2017-08-21T15:44:56+08:00 ] ::1 /mywebTP/Public%E6%B2%A1%E6%9C%89%E4%B8%8A%E4%BC%A0%E5%9B%BE%E7%89%87%E5%93%A6%EF%BC%81
INFO: [ app_init ] --START--
INFO: Run Behavior\BuildLiteBehavior [ RunTime:0.000000s ]
INFO: [ app_init ] --END-- [ RunTime:0.001000s ]
INFO: [ app_begin ] --START--
INFO: Run Behavior\ReadHtmlCacheBehavior [ RunTime:0.001000s ]
INFO: [ app_begin ] --END-- [ RunTime:0.001000s ]
ERR: 无法加载控制器:Public没有上传图片哦！

