[ 2017-07-11T14:06:32+08:00 ] 113.250.226.86 /index.php/Admin/Admin/login
INFO: [ app_init ] --START--
INFO: Run Behavior\BuildLiteBehavior [ RunTime:0.000000s ]
INFO: [ app_init ] --END-- [ RunTime:0.001000s ]
INFO: [ app_begin ] --START--
INFO: Run Behavior\ReadHtmlCacheBehavior [ RunTime:0.000000s ]
INFO: [ app_begin ] --END-- [ RunTime:0.000000s ]
SQL: SHOW COLUMNS FROM `yb_admin` [ RunTime:0.0400s ]
SQL: SELECT * FROM `yb_admin` WHERE ( uid = '1001' )  [ RunTime:0.0000s ]
SQL: SHOW COLUMNS FROM `yb_admin_menus` [ RunTime:0.0390s ]
SQL: SELECT * FROM `yb_admin_menus`  [ RunTime:0.0000s ]
NOTIC: [8] Use of undefined constant welcome - assumed 'welcome' D:\freehost\ngxz92\web\Application\Admin\Controller\AdminController.class.php 第 26 行.
INFO: [ view_parse ] --START--
INFO: [ template_filter ] --START--
INFO: Run Behavior\ContentReplaceBehavior [ RunTime:0.000000s ]
INFO: [ template_filter ] --END-- [ RunTime:0.000000s ]
INFO: Run Behavior\ParseTemplateBehavior [ RunTime:0.014001s ]
INFO: [ view_parse ] --END-- [ RunTime:0.014001s ]
INFO: [ view_filter ] --START--
INFO: Run Behavior\WriteHtmlCacheBehavior [ RunTime:0.000000s ]
INFO: [ view_filter ] --END-- [ RunTime:0.000000s ]
INFO: [ app_end ] --START--
INFO: Run Behavior\ShowPageTraceBehavior [ RunTime:0.001000s ]
INFO: [ app_end ] --END-- [ RunTime:0.001000s ]

[ 2017-07-11T14:06:57+08:00 ] 113.250.226.86 /index.php/Admin/Admin/login
INFO: [ app_init ] --START--
INFO: Run Behavior\BuildLiteBehavior [ RunTime:0.000000s ]
INFO: [ app_init ] --END-- [ RunTime:0.000000s ]
INFO: [ app_begin ] --START--
INFO: Run Behavior\ReadHtmlCacheBehavior [ RunTime:0.000000s ]
INFO: [ app_begin ] --END-- [ RunTime:0.000000s ]
SQL: SHOW COLUMNS FROM `yb_admin` [ RunTime:0.0020s ]
SQL: SELECT * FROM `yb_admin` WHERE ( uid = '1001' )  [ RunTime:0.0000s ]
SQL: SHOW COLUMNS FROM `yb_admin_menus` [ RunTime:0.0010s ]
SQL: SELECT * FROM `yb_admin_menus`  [ RunTime:0.0000s ]
NOTIC: [8] Use of undefined constant welcome - assumed 'welcome' D:\freehost\ngxz92\web\Application\Admin\Controller\AdminController.class.php 第 26 行.
INFO: [ view_parse ] --START--
INFO: [ template_filter ] --START--
INFO: Run Behavior\ContentReplaceBehavior [ RunTime:0.000000s ]
INFO: [ template_filter ] --END-- [ RunTime:0.000000s ]
INFO: Run Behavior\ParseTemplateBehavior [ RunTime:0.007000s ]
INFO: [ view_parse ] --END-- [ RunTime:0.007000s ]
INFO: [ view_filter ] --START--
INFO: Run Behavior\WriteHtmlCacheBehavior [ RunTime:0.000000s ]
INFO: [ view_filter ] --END-- [ RunTime:0.000000s ]
INFO: [ app_end ] --START--
INFO: Run Behavior\ShowPageTraceBehavior [ RunTime:0.001000s ]
INFO: [ app_end ] --END-- [ RunTime:0.001000s ]

[ 2017-07-11T14:07:42+08:00 ] 113.250.226.86 /index.php/Admin/Admin/login
INFO: [ app_init ] --START--
INFO: Run Behavior\BuildLiteBehavior [ RunTime:0.000000s ]
INFO: [ app_init ] --END-- [ RunTime:0.000000s ]
INFO: [ app_begin ] --START--
INFO: Run Behavior\ReadHtmlCacheBehavior [ RunTime:0.000000s ]
INFO: [ app_begin ] --END-- [ RunTime:0.000000s ]
SQL: SHOW COLUMNS FROM `yb_admin` [ RunTime:0.0010s ]
SQL: SELECT * FROM `yb_admin` WHERE ( uid = '1001' )  [ RunTime:0.0010s ]
SQL: SHOW COLUMNS FROM `yb_admin_menus` [ RunTime:0.0010s ]
SQL: SELECT * FROM `yb_admin_menus`  [ RunTime:0.0000s ]
NOTIC: [8] Use of undefined constant welcome - assumed 'welcome' D:\freehost\ngxz92\web\Application\Admin\Controller\AdminController.class.php 第 26 行.
INFO: [ view_parse ] --START--
INFO: [ template_filter ] --START--
INFO: Run Behavior\ContentReplaceBehavior [ RunTime:0.000000s ]
INFO: [ template_filter ] --END-- [ RunTime:0.000000s ]
INFO: Run Behavior\ParseTemplateBehavior [ RunTime:0.007001s ]
INFO: [ view_parse ] --END-- [ RunTime:0.007001s ]
INFO: [ view_filter ] --START--
INFO: Run Behavior\WriteHtmlCacheBehavior [ RunTime:0.000000s ]
INFO: [ view_filter ] --END-- [ RunTime:0.000000s ]
INFO: [ app_end ] --START--
INFO: Run Behavior\ShowPageTraceBehavior [ RunTime:0.000000s ]
INFO: [ app_end ] --END-- [ RunTime:0.000000s ]

[ 2017-07-11T14:08:16+08:00 ] 113.250.226.86 /index.php/Admin/Admin/login
INFO: [ app_init ] --START--
INFO: Run Behavior\BuildLiteBehavior [ RunTime:0.000000s ]
INFO: [ app_init ] --END-- [ RunTime:0.000000s ]
INFO: [ app_begin ] --START--
INFO: Run Behavior\ReadHtmlCacheBehavior [ RunTime:0.000000s ]
INFO: [ app_begin ] --END-- [ RunTime:0.000000s ]
SQL: SHOW COLUMNS FROM `yb_admin` [ RunTime:0.0010s ]
SQL: SELECT * FROM `yb_admin` WHERE ( uid = '1001' )  [ RunTime:0.0000s ]
SQL: SHOW COLUMNS FROM `yb_admin_menus` [ RunTime:0.0020s ]
SQL: SELECT * FROM `yb_admin_menus`  [ RunTime:0.0000s ]
NOTIC: [8] Use of undefined constant welcome - assumed 'welcome' D:\freehost\ngxz92\web\Application\Admin\Controller\AdminController.class.php 第 26 行.
INFO: [ view_parse ] --START--
INFO: [ template_filter ] --START--
INFO: Run Behavior\ContentReplaceBehavior [ RunTime:0.000000s ]
INFO: [ template_filter ] --END-- [ RunTime:0.000000s ]
INFO: Run Behavior\ParseTemplateBehavior [ RunTime:0.007000s ]
INFO: [ view_parse ] --END-- [ RunTime:0.007000s ]
INFO: [ view_filter ] --START--
INFO: Run Behavior\WriteHtmlCacheBehavior [ RunTime:0.000000s ]
INFO: [ view_filter ] --END-- [ RunTime:0.000000s ]
INFO: [ app_end ] --START--
INFO: Run Behavior\ShowPageTraceBehavior [ RunTime:0.001000s ]
INFO: [ app_end ] --END-- [ RunTime:0.001000s ]

