[ 2017-07-20T22:06:29+08:00 ] 125.84.84.200 /index.php/Admin/Admin/login
INFO: [ app_init ] --START--
INFO: Run Behavior\BuildLiteBehavior [ RunTime:0.000000s ]
INFO: [ app_init ] --END-- [ RunTime:0.000000s ]
INFO: [ app_begin ] --START--
INFO: Run Behavior\ReadHtmlCacheBehavior [ RunTime:0.000000s ]
INFO: [ app_begin ] --END-- [ RunTime:0.000000s ]
SQL: SHOW COLUMNS FROM `yb_admin` [ RunTime:0.0580s ]
SQL: SELECT * FROM `yb_admin` WHERE ( uid = '1001' )  [ RunTime:0.0000s ]
SQL: SHOW COLUMNS FROM `yb_admin_menus` [ RunTime:0.0510s ]
SQL: SELECT * FROM `yb_admin_menus`  [ RunTime:0.0000s ]
NOTIC: [8] Use of undefined constant welcome - assumed 'welcome' D:\freehost\ngxz92\web\Application\Admin\Controller\AdminController.class.php ç¬¬ 28 è¡Œ.
INFO: [ view_parse ] --START--
INFO: [ template_filter ] --START--
INFO: Run Behavior\ContentReplaceBehavior [ RunTime:0.000000s ]
INFO: [ template_filter ] --END-- [ RunTime:0.000000s ]
INFO: Run Behavior\ParseTemplateBehavior [ RunTime:0.015001s ]
INFO: [ view_parse ] --END-- [ RunTime:0.015001s ]
INFO: [ view_filter ] --START--
INFO: Run Behavior\WriteHtmlCacheBehavior [ RunTime:0.000000s ]
INFO: [ view_filter ] --END-- [ RunTime:0.000000s ]
INFO: [ app_end ] --START--
INFO: Run Behavior\ShowPageTraceBehavior [ RunTime:0.001000s ]
INFO: [ app_end ] --END-- [ RunTime:0.001000s ]

[ 2017-07-20T22:07:07+08:00 ] 125.84.84.200 /index.php/Admin/Admin/searchArticle/channel_id/2/²ËÄñ
INFO: [ app_init ] --START--
INFO: Run Behavior\BuildLiteBehavior [ RunTime:0.000000s ]
INFO: [ app_init ] --END-- [ RunTime:0.000000s ]
INFO: [ app_begin ] --START--
INFO: Run Behavior\ReadHtmlCacheBehavior [ RunTime:0.000000s ]
INFO: [ app_begin ] --END-- [ RunTime:0.000000s ]
SQL: SHOW COLUMNS FROM `yb_article` [ RunTime:0.0020s ]
SQL: SELECT COUNT(*) AS tp_count FROM `yb_article` WHERE ( channel_id = '2' ) LIMIT 1   [ RunTime:0.0010s ]
SQL: SHOW COLUMNS FROM `yb_article` [ RunTime:0.0020s ]
SQL: SELECT * FROM `yb_article` WHERE ( channel_id = '2' ) ORDER BY time desc LIMIT 0,10   [ RunTime:0.0010s ]
NOTIC: [8] Use of undefined constant newsManage - assumed 'newsManage' D:\freehost\ngxz92\web\Application\Admin\Controller\AdminController.class.php ç¬¬ 50 è¡Œ.
INFO: [ view_parse ] --START--
INFO: [ template_filter ] --START--
INFO: Run Behavior\ContentReplaceBehavior [ RunTime:0.000000s ]
INFO: [ template_filter ] --END-- [ RunTime:0.000000s ]
INFO: Run Behavior\ParseTemplateBehavior [ RunTime:0.052003s ]
INFO: [ view_parse ] --END-- [ RunTime:0.052003s ]
INFO: [ view_filter ] --START--
INFO: Run Behavior\WriteHtmlCacheBehavior [ RunTime:0.000000s ]
INFO: [ view_filter ] --END-- [ RunTime:0.000000s ]
INFO: [ app_end ] --START--
INFO: Run Behavior\ShowPageTraceBehavior [ RunTime:0.000000s ]
INFO: [ app_end ] --END-- [ RunTime:0.000000s ]

[ 2017-07-20T22:07:09+08:00 ] 125.84.84.200 /index.php/Admin/Admin/searchArticle/channel_id/1/²ËÄñ
INFO: [ app_init ] --START--
INFO: Run Behavior\BuildLiteBehavior [ RunTime:0.000000s ]
INFO: [ app_init ] --END-- [ RunTime:0.000000s ]
INFO: [ app_begin ] --START--
INFO: Run Behavior\ReadHtmlCacheBehavior [ RunTime:0.000000s ]
INFO: [ app_begin ] --END-- [ RunTime:0.001000s ]
SQL: SHOW COLUMNS FROM `yb_article` [ RunTime:0.0020s ]
SQL: SELECT COUNT(*) AS tp_count FROM `yb_article` WHERE ( channel_id = '1' ) LIMIT 1   [ RunTime:0.0000s ]
SQL: SHOW COLUMNS FROM `yb_article` [ RunTime:0.0020s ]
SQL: SELECT * FROM `yb_article` WHERE ( channel_id = '1' ) ORDER BY time desc LIMIT 0,10   [ RunTime:0.0000s ]
NOTIC: [8] Use of undefined constant newsManage - assumed 'newsManage' D:\freehost\ngxz92\web\Application\Admin\Controller\AdminController.class.php ç¬¬ 50 è¡Œ.
INFO: [ view_parse ] --START--
INFO: [ template_filter ] --START--
INFO: Run Behavior\ContentReplaceBehavior [ RunTime:0.000000s ]
INFO: [ template_filter ] --END-- [ RunTime:0.000000s ]
INFO: Run Behavior\ParseTemplateBehavior [ RunTime:0.007001s ]
INFO: [ view_parse ] --END-- [ RunTime:0.007001s ]
INFO: [ view_filter ] --START--
INFO: Run Behavior\WriteHtmlCacheBehavior [ RunTime:0.001000s ]
INFO: [ view_filter ] --END-- [ RunTime:0.001000s ]
INFO: [ app_end ] --START--
INFO: Run Behavior\ShowPageTraceBehavior [ RunTime:0.000000s ]
INFO: [ app_end ] --END-- [ RunTime:0.000000s ]

[ 2017-07-20T22:10:11+08:00 ] 125.84.84.200 /index.php/Admin/Admin/searchArticle/channel_id/2/²ËÄñ
INFO: [ app_init ] --START--
INFO: Run Behavior\BuildLiteBehavior [ RunTime:0.000000s ]
INFO: [ app_init ] --END-- [ RunTime:0.000000s ]
INFO: [ app_begin ] --START--
INFO: Run Behavior\ReadHtmlCacheBehavior [ RunTime:0.000000s ]
INFO: [ app_begin ] --END-- [ RunTime:0.000000s ]
SQL: SHOW COLUMNS FROM `yb_article` [ RunTime:0.0030s ]
SQL: SELECT COUNT(*) AS tp_count FROM `yb_article` WHERE ( channel_id = '2' ) LIMIT 1   [ RunTime:0.0000s ]
SQL: SHOW COLUMNS FROM `yb_article` [ RunTime:0.0030s ]
SQL: SELECT * FROM `yb_article` WHERE ( channel_id = '2' ) ORDER BY time desc LIMIT 0,10   [ RunTime:0.0000s ]
NOTIC: [8] Use of undefined constant newsManage - assumed 'newsManage' D:\freehost\ngxz92\web\Application\Admin\Controller\AdminController.class.php ç¬¬ 50 è¡Œ.
INFO: [ view_parse ] --START--
INFO: [ template_filter ] --START--
INFO: Run Behavior\ContentReplaceBehavior [ RunTime:0.000000s ]
INFO: [ template_filter ] --END-- [ RunTime:0.000000s ]
INFO: Run Behavior\ParseTemplateBehavior [ RunTime:0.007001s ]
INFO: [ view_parse ] --END-- [ RunTime:0.007001s ]
INFO: [ view_filter ] --START--
INFO: Run Behavior\WriteHtmlCacheBehavior [ RunTime:0.000000s ]
INFO: [ view_filter ] --END-- [ RunTime:0.000000s ]
INFO: [ app_end ] --START--
INFO: Run Behavior\ShowPageTraceBehavior [ RunTime:0.000000s ]
INFO: [ app_end ] --END-- [ RunTime:0.001000s ]

[ 2017-07-20T22:10:26+08:00 ] 125.84.84.200 /index.php/Admin/Admin/searchArticle/channel_id/1/²ËÄñ
INFO: [ app_init ] --START--
INFO: Run Behavior\BuildLiteBehavior [ RunTime:0.000000s ]
INFO: [ app_init ] --END-- [ RunTime:0.000000s ]
INFO: [ app_begin ] --START--
INFO: Run Behavior\ReadHtmlCacheBehavior [ RunTime:0.000000s ]
INFO: [ app_begin ] --END-- [ RunTime:0.000000s ]
SQL: SHOW COLUMNS FROM `yb_article` [ RunTime:0.0020s ]
SQL: SELECT COUNT(*) AS tp_count FROM `yb_article` WHERE ( channel_id = '1' ) LIMIT 1   [ RunTime:0.0000s ]
SQL: SHOW COLUMNS FROM `yb_article` [ RunTime:0.0020s ]
SQL: SELECT * FROM `yb_article` WHERE ( channel_id = '1' ) ORDER BY time desc LIMIT 0,10   [ RunTime:0.0000s ]
NOTIC: [8] Use of undefined constant newsManage - assumed 'newsManage' D:\freehost\ngxz92\web\Application\Admin\Controller\AdminController.class.php ç¬¬ 50 è¡Œ.
INFO: [ view_parse ] --START--
INFO: [ template_filter ] --START--
INFO: Run Behavior\ContentReplaceBehavior [ RunTime:0.000000s ]
INFO: [ template_filter ] --END-- [ RunTime:0.000000s ]
INFO: Run Behavior\ParseTemplateBehavior [ RunTime:0.007000s ]
INFO: [ view_parse ] --END-- [ RunTime:0.007000s ]
INFO: [ view_filter ] --START--
INFO: Run Behavior\WriteHtmlCacheBehavior [ RunTime:0.000000s ]
INFO: [ view_filter ] --END-- [ RunTime:0.000000s ]
INFO: [ app_end ] --START--
INFO: Run Behavior\ShowPageTraceBehavior [ RunTime:0.001000s ]
INFO: [ app_end ] --END-- [ RunTime:0.001000s ]

