[ 2017-08-03T17:55:07+08:00 ] 113.250.228.244 /index.php/Admin/User/login
INFO: [ app_init ] --START--
INFO: Run Behavior\BuildLiteBehavior [ RunTime:0.000000s ]
INFO: [ app_init ] --END-- [ RunTime:0.000000s ]
INFO: [ app_begin ] --START--
INFO: Run Behavior\ReadHtmlCacheBehavior [ RunTime:0.001000s ]
INFO: [ app_begin ] --END-- [ RunTime:0.001000s ]
NOTIC: [2] fopen(D:\freehost\ngxz92\web\ThinkPHP\Library\Org\Net/UTFWry.dat): failed to open stream: No such file or directory D:\freehost\ngxz92\web\ThinkPHP\Library\Org\Net\IpLocation.class.php Á¨¨ 54 Ë°å.
SQL: SHOW COLUMNS FROM `yb_user` [ RunTime:0.0020s ]
SQL: SELECT * FROM `yb_user` WHERE ( uid = '1000' )  [ RunTime:0.0000s ]
SQL: SHOW COLUMNS FROM `yb_user_menus` [ RunTime:0.0020s ]
SQL: SELECT * FROM `yb_user_menus`  [ RunTime:0.0000s ]
INFO: [ view_parse ] --START--
INFO: [ template_filter ] --START--
INFO: Run Behavior\ContentReplaceBehavior [ RunTime:0.000000s ]
INFO: [ template_filter ] --END-- [ RunTime:0.000000s ]
INFO: Run Behavior\ParseTemplateBehavior [ RunTime:0.007001s ]
INFO: [ view_parse ] --END-- [ RunTime:0.007001s ]
INFO: [ view_filter ] --START--
INFO: Run Behavior\WriteHtmlCacheBehavior [ RunTime:0.000000s ]
INFO: [ view_filter ] --END-- [ RunTime:0.000000s ]
INFO: [ app_end ] --START--
INFO: Run Behavior\ShowPageTraceBehavior [ RunTime:0.001000s ]
INFO: [ app_end ] --END-- [ RunTime:0.001000s ]

[ 2017-08-03T17:55:09+08:00 ] 113.250.228.244 /index.php/Admin/UserMenu/userMessage/uid/1000
INFO: [ app_init ] --START--
INFO: Run Behavior\BuildLiteBehavior [ RunTime:0.000000s ]
INFO: [ app_init ] --END-- [ RunTime:0.000000s ]
INFO: [ app_begin ] --START--
INFO: Run Behavior\ReadHtmlCacheBehavior [ RunTime:0.000000s ]
INFO: [ app_begin ] --END-- [ RunTime:0.000000s ]
SQL: SHOW COLUMNS FROM `yb_user` [ RunTime:0.0010s ]
SQL: SELECT * FROM `yb_user` WHERE ( uid = '1000' )  [ RunTime:0.0000s ]
NOTIC: [8] Use of undefined constant userMessage - assumed 'userMessage' D:\freehost\ngxz92\web\Application\Admin\Controller\UserMenuController.class.php Á¨¨ 20 Ë°å.
INFO: [ view_parse ] --START--
INFO: [ template_filter ] --START--
INFO: Run Behavior\ContentReplaceBehavior [ RunTime:0.000000s ]
INFO: [ template_filter ] --END-- [ RunTime:0.000000s ]
INFO: Run Behavior\ParseTemplateBehavior [ RunTime:0.006001s ]
INFO: [ view_parse ] --END-- [ RunTime:0.006001s ]
INFO: [ view_filter ] --START--
INFO: Run Behavior\WriteHtmlCacheBehavior [ RunTime:0.000000s ]
INFO: [ view_filter ] --END-- [ RunTime:0.000000s ]
INFO: [ app_end ] --START--
INFO: Run Behavior\ShowPageTraceBehavior [ RunTime:0.001000s ]
INFO: [ app_end ] --END-- [ RunTime:0.001000s ]

[ 2017-08-03T17:55:11+08:00 ] 113.250.228.244 /index.php/Admin/UserMenu/userArticle/uid/1000
INFO: [ app_init ] --START--
INFO: Run Behavior\BuildLiteBehavior [ RunTime:0.000000s ]
INFO: [ app_init ] --END-- [ RunTime:0.000000s ]
INFO: [ app_begin ] --START--
INFO: Run Behavior\ReadHtmlCacheBehavior [ RunTime:0.000000s ]
INFO: [ app_begin ] --END-- [ RunTime:0.000000s ]
SQL: SHOW COLUMNS FROM `yb_article` [ RunTime:0.0010s ]
SQL: SELECT COUNT(*) AS tp_count FROM `yb_article` WHERE ( auther_id = '1000' ) LIMIT 1   [ RunTime:0.0000s ]
SQL: SHOW COLUMNS FROM `yb_article` [ RunTime:0.0010s ]
SQL: SELECT * FROM `yb_article` WHERE ( auther_id = '1000' ) ORDER BY time desc LIMIT 0,10   [ RunTime:0.0000s ]
NOTIC: [8] Use of undefined constant userArticle - assumed 'userArticle' D:\freehost\ngxz92\web\Application\Admin\Controller\UserMenuController.class.php Á¨¨ 88 Ë°å.
INFO: [ view_parse ] --START--
INFO: [ template_filter ] --START--
INFO: Run Behavior\ContentReplaceBehavior [ RunTime:0.000000s ]
INFO: [ template_filter ] --END-- [ RunTime:0.000000s ]
NOTIC: [8] Undefined index: channel_id D:\freehost\ngxz92\web\Application\Runtime\Cache\Admin\f8a237abc0ea4bff779c50213fa9af8f.php Á¨¨ 168 Ë°å.
INFO: Run Behavior\ParseTemplateBehavior [ RunTime:0.008000s ]
INFO: [ view_parse ] --END-- [ RunTime:0.008000s ]
INFO: [ view_filter ] --START--
INFO: Run Behavior\WriteHtmlCacheBehavior [ RunTime:0.000000s ]
INFO: [ view_filter ] --END-- [ RunTime:0.000000s ]
INFO: [ app_end ] --START--
INFO: Run Behavior\ShowPageTraceBehavior [ RunTime:0.001001s ]
INFO: [ app_end ] --END-- [ RunTime:0.001001s ]

[ 2017-08-03T17:55:14+08:00 ] 113.250.228.244 /index.php/Admin/UserMenu/userMessage/uid/1000
INFO: [ app_init ] --START--
INFO: Run Behavior\BuildLiteBehavior [ RunTime:0.000000s ]
INFO: [ app_init ] --END-- [ RunTime:0.000000s ]
INFO: [ app_begin ] --START--
INFO: Run Behavior\ReadHtmlCacheBehavior [ RunTime:0.000000s ]
INFO: [ app_begin ] --END-- [ RunTime:0.000000s ]
SQL: SHOW COLUMNS FROM `yb_user` [ RunTime:0.0010s ]
SQL: SELECT * FROM `yb_user` WHERE ( uid = '1000' )  [ RunTime:0.0000s ]
NOTIC: [8] Use of undefined constant userMessage - assumed 'userMessage' D:\freehost\ngxz92\web\Application\Admin\Controller\UserMenuController.class.php Á¨¨ 20 Ë°å.
INFO: [ view_parse ] --START--
INFO: [ template_filter ] --START--
INFO: Run Behavior\ContentReplaceBehavior [ RunTime:0.001000s ]
INFO: [ template_filter ] --END-- [ RunTime:0.001000s ]
INFO: Run Behavior\ParseTemplateBehavior [ RunTime:0.005001s ]
INFO: [ view_parse ] --END-- [ RunTime:0.005001s ]
INFO: [ view_filter ] --START--
INFO: Run Behavior\WriteHtmlCacheBehavior [ RunTime:0.001000s ]
INFO: [ view_filter ] --END-- [ RunTime:0.001000s ]
INFO: [ app_end ] --START--
INFO: Run Behavior\ShowPageTraceBehavior [ RunTime:0.000000s ]
INFO: [ app_end ] --END-- [ RunTime:0.000000s ]

[ 2017-08-03T17:55:16+08:00 ] 113.250.228.244 /Admin/UserMenu/userMessageAjax
INFO: [ app_init ] --START--
INFO: Run Behavior\BuildLiteBehavior [ RunTime:0.000000s ]
INFO: [ app_init ] --END-- [ RunTime:0.001000s ]
INFO: [ app_begin ] --START--
INFO: Run Behavior\ReadHtmlCacheBehavior [ RunTime:0.001000s ]
INFO: [ app_begin ] --END-- [ RunTime:0.001000s ]
SQL: SHOW COLUMNS FROM `yb_user` [ RunTime:0.0020s ]
SQL: SELECT * FROM `yb_user` WHERE ( uid = '1000' )  [ RunTime:0.0000s ]

[ 2017-08-03T19:43:57+08:00 ] 125.84.87.189 /index.php/Admin/User/register
INFO: [ app_init ] --START--
INFO: Run Behavior\BuildLiteBehavior [ RunTime:0.000000s ]
INFO: [ app_init ] --END-- [ RunTime:0.000000s ]
INFO: [ app_begin ] --START--
INFO: Run Behavior\ReadHtmlCacheBehavior [ RunTime:0.000000s ]
INFO: [ app_begin ] --END-- [ RunTime:0.000000s ]
NOTIC: [8] Use of undefined constant yb_user - assumed 'yb_user' D:\freehost\ngxz92\web\Application\Admin\Controller\UserController.class.php Á¨¨ 73 Ë°å.
SQL: SHOW COLUMNS FROM `yb_user` [ RunTime:0.0010s ]
SQL: SELECT * FROM `yb_user` WHERE ( uid = 'admin' )  [ RunTime:0.0010s ]
SQL: SHOW COLUMNS FROM `yb_user` [ RunTime:0.0010s ]
ERR: 1366:Incorrect integer value: 'admin' for column 'uid' at row 1
 [ SQLËØ≠Âè• ] : INSERT INTO `yb_user` (`uid`,`pwd`) VALUES ('admin','123')
ERR: 1366:Incorrect integer value: 'admin' for column 'uid' at row 1
 [ SQLËØ≠Âè• ] : INSERT INTO `yb_user` (`uid`,`pwd`) VALUES ('admin','123')

[ 2017-08-03T19:44:31+08:00 ] 125.84.87.189 /index.php/Admin/User/register
INFO: [ app_init ] --START--
INFO: Run Behavior\BuildLiteBehavior [ RunTime:0.000000s ]
INFO: [ app_init ] --END-- [ RunTime:0.001000s ]
INFO: [ app_begin ] --START--
INFO: Run Behavior\ReadHtmlCacheBehavior [ RunTime:0.000000s ]
INFO: [ app_begin ] --END-- [ RunTime:0.000000s ]
NOTIC: [8] Use of undefined constant yb_user - assumed 'yb_user' D:\freehost\ngxz92\web\Application\Admin\Controller\UserController.class.php Á¨¨ 73 Ë°å.
SQL: SHOW COLUMNS FROM `yb_user` [ RunTime:0.0020s ]
SQL: SELECT * FROM `yb_user` WHERE ( uid = '10010' )  [ RunTime:0.0000s ]
SQL: SHOW COLUMNS FROM `yb_user` [ RunTime:0.0020s ]
SQL: INSERT INTO `yb_user` (`uid`,`pwd`) VALUES ('10010','123') [ RunTime:0.0280s ]
INFO: [ view_parse ] --START--
INFO: [ template_filter ] --START--
INFO: Run Behavior\ContentReplaceBehavior [ RunTime:0.000000s ]
INFO: [ template_filter ] --END-- [ RunTime:0.000000s ]
INFO: Run Behavior\ParseTemplateBehavior [ RunTime:0.008001s ]
INFO: [ view_parse ] --END-- [ RunTime:0.008001s ]
INFO: [ view_filter ] --START--
INFO: Run Behavior\WriteHtmlCacheBehavior [ RunTime:0.000000s ]
INFO: [ view_filter ] --END-- [ RunTime:0.000000s ]
INFO: [ app_end ] --START--
INFO: Run Behavior\ShowPageTraceBehavior [ RunTime:0.001000s ]
INFO: [ app_end ] --END-- [ RunTime:0.001000s ]

[ 2017-08-03T19:44:44+08:00 ] 125.84.87.189 /index.php/Admin/User/login
INFO: [ app_init ] --START--
INFO: Run Behavior\BuildLiteBehavior [ RunTime:0.000000s ]
INFO: [ app_init ] --END-- [ RunTime:0.000000s ]
INFO: [ app_begin ] --START--
INFO: Run Behavior\ReadHtmlCacheBehavior [ RunTime:0.000000s ]
INFO: [ app_begin ] --END-- [ RunTime:0.000000s ]
NOTIC: [2] fopen(D:\freehost\ngxz92\web\ThinkPHP\Library\Org\Net/UTFWry.dat): failed to open stream: No such file or directory D:\freehost\ngxz92\web\ThinkPHP\Library\Org\Net\IpLocation.class.php Á¨¨ 54 Ë°å.
SQL: SHOW COLUMNS FROM `yb_user` [ RunTime:0.0010s ]
SQL: SELECT * FROM `yb_user` WHERE ( uid = '10010' )  [ RunTime:0.0000s ]
SQL: SHOW COLUMNS FROM `yb_user_menus` [ RunTime:0.0010s ]
SQL: SELECT * FROM `yb_user_menus`  [ RunTime:0.0000s ]
INFO: [ view_parse ] --START--
INFO: [ template_filter ] --START--
INFO: Run Behavior\ContentReplaceBehavior [ RunTime:0.000000s ]
INFO: [ template_filter ] --END-- [ RunTime:0.000000s ]
INFO: Run Behavior\ParseTemplateBehavior [ RunTime:0.006000s ]
INFO: [ view_parse ] --END-- [ RunTime:0.006000s ]
INFO: [ view_filter ] --START--
INFO: Run Behavior\WriteHtmlCacheBehavior [ RunTime:0.000000s ]
INFO: [ view_filter ] --END-- [ RunTime:0.000000s ]
INFO: [ app_end ] --START--
INFO: Run Behavior\ShowPageTraceBehavior [ RunTime:0.000000s ]
INFO: [ app_end ] --END-- [ RunTime:0.000000s ]

[ 2017-08-03T19:45:08+08:00 ] 125.84.87.189 /index.php/Admin/UserMenu/userMessage/uid/10010
INFO: [ app_init ] --START--
INFO: Run Behavior\BuildLiteBehavior [ RunTime:0.000000s ]
INFO: [ app_init ] --END-- [ RunTime:0.000000s ]
INFO: [ app_begin ] --START--
INFO: Run Behavior\ReadHtmlCacheBehavior [ RunTime:0.000000s ]
INFO: [ app_begin ] --END-- [ RunTime:0.000000s ]
SQL: SHOW COLUMNS FROM `yb_user` [ RunTime:0.0010s ]
SQL: SELECT * FROM `yb_user` WHERE ( uid = '10010' )  [ RunTime:0.0000s ]
NOTIC: [8] Use of undefined constant userMessage - assumed 'userMessage' D:\freehost\ngxz92\web\Application\Admin\Controller\UserMenuController.class.php Á¨¨ 20 Ë°å.
INFO: [ view_parse ] --START--
INFO: [ template_filter ] --START--
INFO: Run Behavior\ContentReplaceBehavior [ RunTime:0.001000s ]
INFO: [ template_filter ] --END-- [ RunTime:0.001000s ]
INFO: Run Behavior\ParseTemplateBehavior [ RunTime:0.005000s ]
INFO: [ view_parse ] --END-- [ RunTime:0.005000s ]
INFO: [ view_filter ] --START--
INFO: Run Behavior\WriteHtmlCacheBehavior [ RunTime:0.000000s ]
INFO: [ view_filter ] --END-- [ RunTime:0.000000s ]
INFO: [ app_end ] --START--
INFO: Run Behavior\ShowPageTraceBehavior [ RunTime:0.001000s ]
INFO: [ app_end ] --END-- [ RunTime:0.001000s ]

[ 2017-08-03T19:45:17+08:00 ] 125.84.87.189 /Admin/UserMenu/userMessageAjax
INFO: [ app_init ] --START--
INFO: Run Behavior\BuildLiteBehavior [ RunTime:0.000000s ]
INFO: [ app_init ] --END-- [ RunTime:0.000000s ]
INFO: [ app_begin ] --START--
INFO: Run Behavior\ReadHtmlCacheBehavior [ RunTime:0.001000s ]
INFO: [ app_begin ] --END-- [ RunTime:0.001000s ]
SQL: SHOW COLUMNS FROM `yb_user` [ RunTime:0.0020s ]
SQL: SELECT * FROM `yb_user` WHERE ( uid = '10010' )  [ RunTime:0.0000s ]

[ 2017-08-03T19:45:52+08:00 ] 125.84.87.189 /Admin/UserMenu/addUserMessage
INFO: [ app_init ] --START--
INFO: Run Behavior\BuildLiteBehavior [ RunTime:0.000000s ]
INFO: [ app_init ] --END-- [ RunTime:0.000000s ]
INFO: [ app_begin ] --START--
INFO: Run Behavior\ReadHtmlCacheBehavior [ RunTime:0.000000s ]
INFO: [ app_begin ] --END-- [ RunTime:0.000000s ]
NOTIC: [2] call_user_func() expects parameter 1 to be a valid callback, no array or string given D:\freehost\ngxz92\web\ThinkPHP\Library\Think\Upload.class.php Á¨¨ 170 Ë°å.
SQL: SHOW COLUMNS FROM `yb_user` [ RunTime:0.0010s ]
SQL: UPDATE `yb_user` SET `uname`='ÊµãËØï1',`tname`='Â∞èËä≥',`email`='#',`icon`='/Uploads/icon/2017-08-03/1501760752_1477186715.jpg' WHERE ( uid = '10010' ) [ RunTime:0.0210s ]
INFO: [ view_parse ] --START--
INFO: [ template_filter ] --START--
INFO: Run Behavior\ContentReplaceBehavior [ RunTime:0.000000s ]
INFO: [ template_filter ] --END-- [ RunTime:0.000000s ]
INFO: Run Behavior\ParseTemplateBehavior [ RunTime:0.005000s ]
INFO: [ view_parse ] --END-- [ RunTime:0.005000s ]
INFO: [ view_filter ] --START--
INFO: Run Behavior\WriteHtmlCacheBehavior [ RunTime:0.000000s ]
INFO: [ view_filter ] --END-- [ RunTime:0.000000s ]
INFO: [ app_end ] --START--
INFO: Run Behavior\ShowPageTraceBehavior [ RunTime:0.001000s ]
INFO: [ app_end ] --END-- [ RunTime:0.001000s ]

[ 2017-08-03T19:45:53+08:00 ] 125.84.87.189 /index.php/Admin/UserMenu/userMessage/uid/10010
INFO: [ app_init ] --START--
INFO: Run Behavior\BuildLiteBehavior [ RunTime:0.000000s ]
INFO: [ app_init ] --END-- [ RunTime:0.000000s ]
INFO: [ app_begin ] --START--
INFO: Run Behavior\ReadHtmlCacheBehavior [ RunTime:0.000000s ]
INFO: [ app_begin ] --END-- [ RunTime:0.000000s ]
SQL: SHOW COLUMNS FROM `yb_user` [ RunTime:0.0020s ]
SQL: SELECT * FROM `yb_user` WHERE ( uid = '10010' )  [ RunTime:0.0000s ]
NOTIC: [8] Use of undefined constant userMessage - assumed 'userMessage' D:\freehost\ngxz92\web\Application\Admin\Controller\UserMenuController.class.php Á¨¨ 20 Ë°å.
INFO: [ view_parse ] --START--
INFO: [ template_filter ] --START--
INFO: Run Behavior\ContentReplaceBehavior [ RunTime:0.000000s ]
INFO: [ template_filter ] --END-- [ RunTime:0.000000s ]
INFO: Run Behavior\ParseTemplateBehavior [ RunTime:0.006000s ]
INFO: [ view_parse ] --END-- [ RunTime:0.006000s ]
INFO: [ view_filter ] --START--
INFO: Run Behavior\WriteHtmlCacheBehavior [ RunTime:0.000000s ]
INFO: [ view_filter ] --END-- [ RunTime:0.000000s ]
INFO: [ app_end ] --START--
INFO: Run Behavior\ShowPageTraceBehavior [ RunTime:0.000000s ]
INFO: [ app_end ] --END-- [ RunTime:0.001000s ]

[ 2017-08-03T19:45:57+08:00 ] 125.84.87.189 /Admin/UserMenu/userMessageAjax
INFO: [ app_init ] --START--
INFO: Run Behavior\BuildLiteBehavior [ RunTime:0.000000s ]
INFO: [ app_init ] --END-- [ RunTime:0.000000s ]
INFO: [ app_begin ] --START--
INFO: Run Behavior\ReadHtmlCacheBehavior [ RunTime:0.000000s ]
INFO: [ app_begin ] --END-- [ RunTime:0.000000s ]
SQL: SHOW COLUMNS FROM `yb_user` [ RunTime:0.0010s ]
SQL: SELECT * FROM `yb_user` WHERE ( uid = '10010' )  [ RunTime:0.0000s ]

[ 2017-08-03T19:46:40+08:00 ] 125.84.87.189 /Admin/UserMenu/addUserMessage
INFO: [ app_init ] --START--
INFO: Run Behavior\BuildLiteBehavior [ RunTime:0.000000s ]
INFO: [ app_init ] --END-- [ RunTime:0.000000s ]
INFO: [ app_begin ] --START--
INFO: Run Behavior\ReadHtmlCacheBehavior [ RunTime:0.000000s ]
INFO: [ app_begin ] --END-- [ RunTime:0.000000s ]
NOTIC: [2] call_user_func() expects parameter 1 to be a valid callback, no array or string given D:\freehost\ngxz92\web\ThinkPHP\Library\Think\Upload.class.php Á¨¨ 170 Ë°å.
SQL: SHOW COLUMNS FROM `yb_user` [ RunTime:0.0010s ]
SQL: UPDATE `yb_user` SET `uname`='ÊµãËØï1',`tname`='Â∞èËä≥',`email`='#',`icon`='/Uploads/icon/2017-08-03/1501760800_401541309.png' WHERE ( uid = '10010' ) [ RunTime:0.0200s ]
INFO: [ view_parse ] --START--
INFO: [ template_filter ] --START--
INFO: Run Behavior\ContentReplaceBehavior [ RunTime:0.000000s ]
INFO: [ template_filter ] --END-- [ RunTime:0.000000s ]
INFO: Run Behavior\ParseTemplateBehavior [ RunTime:0.004000s ]
INFO: [ view_parse ] --END-- [ RunTime:0.004000s ]
INFO: [ view_filter ] --START--
INFO: Run Behavior\WriteHtmlCacheBehavior [ RunTime:0.000000s ]
INFO: [ view_filter ] --END-- [ RunTime:0.000000s ]
INFO: [ app_end ] --START--
INFO: Run Behavior\ShowPageTraceBehavior [ RunTime:0.001000s ]
INFO: [ app_end ] --END-- [ RunTime:0.001000s ]

[ 2017-08-03T19:46:42+08:00 ] 125.84.87.189 /index.php/Admin/UserMenu/userMessage/uid/10010
INFO: [ app_init ] --START--
INFO: Run Behavior\BuildLiteBehavior [ RunTime:0.000000s ]
INFO: [ app_init ] --END-- [ RunTime:0.000000s ]
INFO: [ app_begin ] --START--
INFO: Run Behavior\ReadHtmlCacheBehavior [ RunTime:0.000000s ]
INFO: [ app_begin ] --END-- [ RunTime:0.000000s ]
SQL: SHOW COLUMNS FROM `yb_user` [ RunTime:0.0010s ]
SQL: SELECT * FROM `yb_user` WHERE ( uid = '10010' )  [ RunTime:0.0000s ]
NOTIC: [8] Use of undefined constant userMessage - assumed 'userMessage' D:\freehost\ngxz92\web\Application\Admin\Controller\UserMenuController.class.php Á¨¨ 20 Ë°å.
INFO: [ view_parse ] --START--
INFO: [ template_filter ] --START--
INFO: Run Behavior\ContentReplaceBehavior [ RunTime:0.000000s ]
INFO: [ template_filter ] --END-- [ RunTime:0.000000s ]
INFO: Run Behavior\ParseTemplateBehavior [ RunTime:0.006001s ]
INFO: [ view_parse ] --END-- [ RunTime:0.006001s ]
INFO: [ view_filter ] --START--
INFO: Run Behavior\WriteHtmlCacheBehavior [ RunTime:0.000000s ]
INFO: [ view_filter ] --END-- [ RunTime:0.000000s ]
INFO: [ app_end ] --START--
INFO: Run Behavior\ShowPageTraceBehavior [ RunTime:0.001000s ]
INFO: [ app_end ] --END-- [ RunTime:0.001000s ]

[ 2017-08-03T19:46:54+08:00 ] 125.84.87.189 /index.php/Admin/UserMenu/userArticle/uid/10010
INFO: [ app_init ] --START--
INFO: Run Behavior\BuildLiteBehavior [ RunTime:0.000000s ]
INFO: [ app_init ] --END-- [ RunTime:0.000000s ]
INFO: [ app_begin ] --START--
INFO: Run Behavior\ReadHtmlCacheBehavior [ RunTime:0.001000s ]
INFO: [ app_begin ] --END-- [ RunTime:0.001000s ]
SQL: SHOW COLUMNS FROM `yb_article` [ RunTime:0.0020s ]
SQL: SELECT COUNT(*) AS tp_count FROM `yb_article` WHERE ( auther_id = '10010' ) LIMIT 1   [ RunTime:0.0000s ]
SQL: SHOW COLUMNS FROM `yb_article` [ RunTime:0.0020s ]
SQL: SELECT * FROM `yb_article` WHERE ( auther_id = '10010' ) ORDER BY time desc LIMIT 0,10   [ RunTime:0.0000s ]
NOTIC: [8] Use of undefined constant userArticle - assumed 'userArticle' D:\freehost\ngxz92\web\Application\Admin\Controller\UserMenuController.class.php Á¨¨ 88 Ë°å.
INFO: [ view_parse ] --START--
INFO: [ template_filter ] --START--
INFO: Run Behavior\ContentReplaceBehavior [ RunTime:0.000000s ]
INFO: [ template_filter ] --END-- [ RunTime:0.000000s ]
NOTIC: [8] Undefined index: channel_id D:\freehost\ngxz92\web\Application\Runtime\Cache\Admin\f8a237abc0ea4bff779c50213fa9af8f.php Á¨¨ 168 Ë°å.
INFO: Run Behavior\ParseTemplateBehavior [ RunTime:0.008000s ]
INFO: [ view_parse ] --END-- [ RunTime:0.008000s ]
INFO: [ view_filter ] --START--
INFO: Run Behavior\WriteHtmlCacheBehavior [ RunTime:0.001000s ]
INFO: [ view_filter ] --END-- [ RunTime:0.001000s ]
INFO: [ app_end ] --START--
INFO: Run Behavior\ShowPageTraceBehavior [ RunTime:0.000000s ]
INFO: [ app_end ] --END-- [ RunTime:0.000000s ]

[ 2017-08-03T19:48:31+08:00 ] 125.84.87.189 /Admin/UserMenu/addArticle
INFO: [ app_init ] --START--
INFO: Run Behavior\BuildLiteBehavior [ RunTime:0.000000s ]
INFO: [ app_init ] --END-- [ RunTime:0.000000s ]
INFO: [ app_begin ] --START--
INFO: Run Behavior\ReadHtmlCacheBehavior [ RunTime:0.000000s ]
INFO: [ app_begin ] --END-- [ RunTime:0.000000s ]
NOTIC: [2] call_user_func() expects parameter 1 to be a valid callback, no array or string given D:\freehost\ngxz92\web\ThinkPHP\Library\Think\Upload.class.php Á¨¨ 170 Ë°å.
SQL: SHOW COLUMNS FROM `yb_article` [ RunTime:0.0020s ]
SQL: INSERT INTO `yb_article` (`channel_id`,`content`,`title`,`author`,`summary`,`img_url`,`time`,`auther_id`) VALUES ('1','ÊµãËØïÁî®Êà∑ÊñáÁ´†1','ÊµãËØïÁî®Êà∑ÊñáÁ´†1','ÊµãËØïÁî®Êà∑ÊñáÁ´†1','ÊµãËØïÁî®Êà∑ÊñáÁ´†1','/Uploads/2017-08-03/1501760911_1204861600.jpg','2017-08-03 19:08:14','10010') [ RunTime:0.0120s ]
SQL: SHOW COLUMNS FROM `yb_article` [ RunTime:0.0010s ]
SQL: SELECT COUNT(*) AS tp_count FROM `yb_article` WHERE ( auther_id = '10010' ) LIMIT 1   [ RunTime:0.0010s ]
SQL: SHOW COLUMNS FROM `yb_article` [ RunTime:0.0010s ]
SQL: SELECT * FROM `yb_article` WHERE ( auther_id = '10010' ) ORDER BY time desc LIMIT 0,10   [ RunTime:0.0010s ]
NOTIC: [8] Use of undefined constant userArticle - assumed 'userArticle' D:\freehost\ngxz92\web\Application\Admin\Controller\UserMenuController.class.php Á¨¨ 88 Ë°å.
INFO: [ view_parse ] --START--
INFO: [ template_filter ] --START--
INFO: Run Behavior\ContentReplaceBehavior [ RunTime:0.000000s ]
INFO: [ template_filter ] --END-- [ RunTime:0.000000s ]
NOTIC: [8] Undefined index: channel_id D:\freehost\ngxz92\web\Application\Runtime\Cache\Admin\f8a237abc0ea4bff779c50213fa9af8f.php Á¨¨ 168 Ë°å.
INFO: Run Behavior\ParseTemplateBehavior [ RunTime:0.007001s ]
INFO: [ view_parse ] --END-- [ RunTime:0.007001s ]
INFO: [ view_filter ] --START--
INFO: Run Behavior\WriteHtmlCacheBehavior [ RunTime:0.001000s ]
INFO: [ view_filter ] --END-- [ RunTime:0.001000s ]
INFO: [ app_end ] --START--
INFO: Run Behavior\ShowPageTraceBehavior [ RunTime:0.000000s ]
INFO: [ app_end ] --END-- [ RunTime:0.000000s ]

[ 2017-08-03T19:48:50+08:00 ] 125.84.87.189 /Admin/UserMenu/searchArticleOne
INFO: [ app_init ] --START--
INFO: Run Behavior\BuildLiteBehavior [ RunTime:0.000000s ]
INFO: [ app_init ] --END-- [ RunTime:0.001000s ]
INFO: [ app_begin ] --START--
INFO: Run Behavior\ReadHtmlCacheBehavior [ RunTime:0.001000s ]
INFO: [ app_begin ] --END-- [ RunTime:0.001000s ]
SQL: SHOW COLUMNS FROM `yb_article` [ RunTime:0.0010s ]
SQL: SELECT * FROM `yb_article` WHERE ( id = '42' )  [ RunTime:0.0010s ]

[ 2017-08-03T19:49:26+08:00 ] 125.84.87.189 /Admin/User/login
INFO: [ app_init ] --START--
INFO: Run Behavior\BuildLiteBehavior [ RunTime:0.000000s ]
INFO: [ app_init ] --END-- [ RunTime:0.000000s ]
INFO: [ app_begin ] --START--
INFO: Run Behavior\ReadHtmlCacheBehavior [ RunTime:0.000000s ]
INFO: [ app_begin ] --END-- [ RunTime:0.000000s ]
NOTIC: [2] fopen(D:\freehost\ngxz92\web\ThinkPHP\Library\Org\Net/UTFWry.dat): failed to open stream: No such file or directory D:\freehost\ngxz92\web\ThinkPHP\Library\Org\Net\IpLocation.class.php Á¨¨ 54 Ë°å.
INFO: [ view_parse ] --START--
INFO: [ template_filter ] --START--
INFO: Run Behavior\ContentReplaceBehavior [ RunTime:0.000000s ]
INFO: [ template_filter ] --END-- [ RunTime:0.001000s ]
INFO: Run Behavior\ParseTemplateBehavior [ RunTime:0.004000s ]
INFO: [ view_parse ] --END-- [ RunTime:0.004000s ]
INFO: [ view_filter ] --START--
INFO: Run Behavior\WriteHtmlCacheBehavior [ RunTime:0.000000s ]
INFO: [ view_filter ] --END-- [ RunTime:0.000000s ]

[ 2017-08-03T19:50:57+08:00 ] 125.84.87.189 /index.php/Admin/User/login
INFO: [ app_init ] --START--
INFO: Run Behavior\BuildLiteBehavior [ RunTime:0.000000s ]
INFO: [ app_init ] --END-- [ RunTime:0.000000s ]
INFO: [ app_begin ] --START--
INFO: Run Behavior\ReadHtmlCacheBehavior [ RunTime:0.001000s ]
INFO: [ app_begin ] --END-- [ RunTime:0.001000s ]
NOTIC: [2] fopen(D:\freehost\ngxz92\web\ThinkPHP\Library\Org\Net/UTFWry.dat): failed to open stream: No such file or directory D:\freehost\ngxz92\web\ThinkPHP\Library\Org\Net\IpLocation.class.php Á¨¨ 54 Ë°å.
SQL: SHOW COLUMNS FROM `yb_admin` [ RunTime:0.0270s ]
SQL: SELECT * FROM `yb_admin` WHERE ( uid = '1001' )  [ RunTime:0.0000s ]
SQL: SHOW COLUMNS FROM `yb_admin_menus` [ RunTime:0.0020s ]
SQL: SELECT * FROM `yb_admin_menus`  [ RunTime:0.0000s ]
INFO: [ view_parse ] --START--
INFO: [ template_filter ] --START--
INFO: Run Behavior\ContentReplaceBehavior [ RunTime:0.000000s ]
INFO: [ template_filter ] --END-- [ RunTime:0.000000s ]
INFO: Run Behavior\ParseTemplateBehavior [ RunTime:0.006001s ]
INFO: [ view_parse ] --END-- [ RunTime:0.007001s ]
INFO: [ view_filter ] --START--
INFO: Run Behavior\WriteHtmlCacheBehavior [ RunTime:0.000000s ]
INFO: [ view_filter ] --END-- [ RunTime:0.000000s ]
INFO: [ app_end ] --START--
INFO: Run Behavior\ShowPageTraceBehavior [ RunTime:0.000000s ]
INFO: [ app_end ] --END-- [ RunTime:0.000000s ]

[ 2017-08-03T19:51:09+08:00 ] 125.84.87.189 /index.php/Admin/Admin/searchArticle/channel_id/1/≤ÀƒÒ
INFO: [ app_init ] --START--
INFO: Run Behavior\BuildLiteBehavior [ RunTime:0.000000s ]
INFO: [ app_init ] --END-- [ RunTime:0.000000s ]
INFO: [ app_begin ] --START--
INFO: Run Behavior\ReadHtmlCacheBehavior [ RunTime:0.000000s ]
INFO: [ app_begin ] --END-- [ RunTime:0.000000s ]
SQL: SHOW COLUMNS FROM `yb_article` [ RunTime:0.0010s ]
SQL: SELECT COUNT(*) AS tp_count FROM `yb_article` WHERE ( channel_id = '1' ) LIMIT 1   [ RunTime:0.0000s ]
SQL: SHOW COLUMNS FROM `yb_article` [ RunTime:0.0010s ]
SQL: SELECT * FROM `yb_article` WHERE ( channel_id = '1' ) ORDER BY time desc LIMIT 0,10   [ RunTime:0.0010s ]
NOTIC: [8] Use of undefined constant newsManage - assumed 'newsManage' D:\freehost\ngxz92\web\Application\Admin\Controller\AdminController.class.php Á¨¨ 27 Ë°å.
INFO: [ view_parse ] --START--
INFO: [ template_filter ] --START--
INFO: Run Behavior\ContentReplaceBehavior [ RunTime:0.000000s ]
INFO: [ template_filter ] --END-- [ RunTime:0.000000s ]
INFO: Run Behavior\ParseTemplateBehavior [ RunTime:0.007000s ]
INFO: [ view_parse ] --END-- [ RunTime:0.007000s ]
INFO: [ view_filter ] --START--
INFO: Run Behavior\WriteHtmlCacheBehavior [ RunTime:0.000000s ]
INFO: [ view_filter ] --END-- [ RunTime:0.001000s ]
INFO: [ app_end ] --START--
INFO: Run Behavior\ShowPageTraceBehavior [ RunTime:0.000000s ]
INFO: [ app_end ] --END-- [ RunTime:0.000000s ]

[ 2017-08-03T19:51:29+08:00 ] 125.84.87.189 /index.php/Admin/Admin/searchArticle/channel_id/2/≤ÀƒÒ
INFO: [ app_init ] --START--
INFO: Run Behavior\BuildLiteBehavior [ RunTime:0.000000s ]
INFO: [ app_init ] --END-- [ RunTime:0.001000s ]
INFO: [ app_begin ] --START--
INFO: Run Behavior\ReadHtmlCacheBehavior [ RunTime:0.001000s ]
INFO: [ app_begin ] --END-- [ RunTime:0.001000s ]
SQL: SHOW COLUMNS FROM `yb_article` [ RunTime:0.0010s ]
SQL: SELECT COUNT(*) AS tp_count FROM `yb_article` WHERE ( channel_id = '2' ) LIMIT 1   [ RunTime:0.0000s ]
SQL: SHOW COLUMNS FROM `yb_article` [ RunTime:0.0020s ]
SQL: SELECT * FROM `yb_article` WHERE ( channel_id = '2' ) ORDER BY time desc LIMIT 0,10   [ RunTime:0.0000s ]
NOTIC: [8] Use of undefined constant newsManage - assumed 'newsManage' D:\freehost\ngxz92\web\Application\Admin\Controller\AdminController.class.php Á¨¨ 27 Ë°å.
INFO: [ view_parse ] --START--
INFO: [ template_filter ] --START--
INFO: Run Behavior\ContentReplaceBehavior [ RunTime:0.000000s ]
INFO: [ template_filter ] --END-- [ RunTime:0.000000s ]
INFO: Run Behavior\ParseTemplateBehavior [ RunTime:0.007000s ]
INFO: [ view_parse ] --END-- [ RunTime:0.007000s ]
INFO: [ view_filter ] --START--
INFO: Run Behavior\WriteHtmlCacheBehavior [ RunTime:0.000000s ]
INFO: [ view_filter ] --END-- [ RunTime:0.001000s ]
INFO: [ app_end ] --START--
INFO: Run Behavior\ShowPageTraceBehavior [ RunTime:0.000000s ]
INFO: [ app_end ] --END-- [ RunTime:0.000000s ]

[ 2017-08-03T19:51:32+08:00 ] 125.84.87.189 /index.php/Admin/Admin/searchArticle/channel_id/5/≤ÀƒÒ
INFO: [ app_init ] --START--
INFO: Run Behavior\BuildLiteBehavior [ RunTime:0.000000s ]
INFO: [ app_init ] --END-- [ RunTime:0.000000s ]
INFO: [ app_begin ] --START--
INFO: Run Behavior\ReadHtmlCacheBehavior [ RunTime:0.001000s ]
INFO: [ app_begin ] --END-- [ RunTime:0.001000s ]
SQL: SHOW COLUMNS FROM `yb_article` [ RunTime:0.0010s ]
SQL: SELECT COUNT(*) AS tp_count FROM `yb_article` WHERE ( channel_id = '5' ) LIMIT 1   [ RunTime:0.0000s ]
SQL: SHOW COLUMNS FROM `yb_article` [ RunTime:0.0010s ]
SQL: SELECT * FROM `yb_article` WHERE ( channel_id = '5' ) ORDER BY time desc LIMIT 0,10   [ RunTime:0.0000s ]
NOTIC: [8] Use of undefined constant newsManage - assumed 'newsManage' D:\freehost\ngxz92\web\Application\Admin\Controller\AdminController.class.php Á¨¨ 27 Ë°å.
INFO: [ view_parse ] --START--
INFO: [ template_filter ] --START--
INFO: Run Behavior\ContentReplaceBehavior [ RunTime:0.000000s ]
INFO: [ template_filter ] --END-- [ RunTime:0.000000s ]
INFO: Run Behavior\ParseTemplateBehavior [ RunTime:0.007001s ]
INFO: [ view_parse ] --END-- [ RunTime:0.007001s ]
INFO: [ view_filter ] --START--
INFO: Run Behavior\WriteHtmlCacheBehavior [ RunTime:0.000000s ]
INFO: [ view_filter ] --END-- [ RunTime:0.000000s ]
INFO: [ app_end ] --START--
INFO: Run Behavior\ShowPageTraceBehavior [ RunTime:0.001000s ]
INFO: [ app_end ] --END-- [ RunTime:0.001000s ]

[ 2017-08-03T19:51:43+08:00 ] 125.84.87.189 /index.php/Admin/Admin/searchArticle/channel_id/1/≤ÀƒÒ
INFO: [ app_init ] --START--
INFO: Run Behavior\BuildLiteBehavior [ RunTime:0.000000s ]
INFO: [ app_init ] --END-- [ RunTime:0.001000s ]
INFO: [ app_begin ] --START--
INFO: Run Behavior\ReadHtmlCacheBehavior [ RunTime:0.000000s ]
INFO: [ app_begin ] --END-- [ RunTime:0.000000s ]
SQL: SHOW COLUMNS FROM `yb_article` [ RunTime:0.0010s ]
SQL: SELECT COUNT(*) AS tp_count FROM `yb_article` WHERE ( channel_id = '1' ) LIMIT 1   [ RunTime:0.0000s ]
SQL: SHOW COLUMNS FROM `yb_article` [ RunTime:0.0010s ]
SQL: SELECT * FROM `yb_article` WHERE ( channel_id = '1' ) ORDER BY time desc LIMIT 0,10   [ RunTime:0.0000s ]
NOTIC: [8] Use of undefined constant newsManage - assumed 'newsManage' D:\freehost\ngxz92\web\Application\Admin\Controller\AdminController.class.php Á¨¨ 27 Ë°å.
INFO: [ view_parse ] --START--
INFO: [ template_filter ] --START--
INFO: Run Behavior\ContentReplaceBehavior [ RunTime:0.001000s ]
INFO: [ template_filter ] --END-- [ RunTime:0.001000s ]
INFO: Run Behavior\ParseTemplateBehavior [ RunTime:0.007000s ]
INFO: [ view_parse ] --END-- [ RunTime:0.007000s ]
INFO: [ view_filter ] --START--
INFO: Run Behavior\WriteHtmlCacheBehavior [ RunTime:0.000000s ]
INFO: [ view_filter ] --END-- [ RunTime:0.000000s ]
INFO: [ app_end ] --START--
INFO: Run Behavior\ShowPageTraceBehavior [ RunTime:0.000000s ]
INFO: [ app_end ] --END-- [ RunTime:0.000000s ]

[ 2017-08-03T19:52:04+08:00 ] 125.84.87.189 /index.php/Admin/Admin/searchArticle
INFO: [ app_init ] --START--
INFO: Run Behavior\BuildLiteBehavior [ RunTime:0.000000s ]
INFO: [ app_init ] --END-- [ RunTime:0.000000s ]
INFO: [ app_begin ] --START--
INFO: Run Behavior\ReadHtmlCacheBehavior [ RunTime:0.000000s ]
INFO: [ app_begin ] --END-- [ RunTime:0.000000s ]
SQL: SHOW COLUMNS FROM `yb_article` [ RunTime:0.0010s ]
SQL: SELECT COUNT(*) AS tp_count FROM `yb_article` WHERE `title` LIKE '%12Êó•%' AND ( channel_id = '1' ) LIMIT 1   [ RunTime:0.0000s ]
SQL: SHOW COLUMNS FROM `yb_article` [ RunTime:0.0020s ]
SQL: SELECT * FROM `yb_article` WHERE ( channel_id = '1' ) AND `title` LIKE '%12Êó•%' ORDER BY time desc LIMIT 0,10   [ RunTime:0.0000s ]
NOTIC: [8] Use of undefined constant newsManage - assumed 'newsManage' D:\freehost\ngxz92\web\Application\Admin\Controller\AdminController.class.php Á¨¨ 27 Ë°å.
INFO: [ view_parse ] --START--
INFO: [ template_filter ] --START--
INFO: Run Behavior\ContentReplaceBehavior [ RunTime:0.000000s ]
INFO: [ template_filter ] --END-- [ RunTime:0.000000s ]
INFO: Run Behavior\ParseTemplateBehavior [ RunTime:0.014001s ]
INFO: [ view_parse ] --END-- [ RunTime:0.014001s ]
INFO: [ view_filter ] --START--
INFO: Run Behavior\WriteHtmlCacheBehavior [ RunTime:0.000000s ]
INFO: [ view_filter ] --END-- [ RunTime:0.000000s ]
INFO: [ app_end ] --START--
INFO: Run Behavior\ShowPageTraceBehavior [ RunTime:0.001000s ]
INFO: [ app_end ] --END-- [ RunTime:0.001000s ]

[ 2017-08-03T19:52:09+08:00 ] 125.84.87.189 /index.php/Admin/Admin/searchArticle
INFO: [ app_init ] --START--
INFO: Run Behavior\BuildLiteBehavior [ RunTime:0.000000s ]
INFO: [ app_init ] --END-- [ RunTime:0.000000s ]
INFO: [ app_begin ] --START--
INFO: Run Behavior\ReadHtmlCacheBehavior [ RunTime:0.001000s ]
INFO: [ app_begin ] --END-- [ RunTime:0.001000s ]
SQL: SHOW COLUMNS FROM `yb_article` [ RunTime:0.0010s ]
SQL: SELECT COUNT(*) AS tp_count FROM `yb_article` WHERE ( channel_id = '1' ) LIMIT 1   [ RunTime:0.0000s ]
SQL: SHOW COLUMNS FROM `yb_article` [ RunTime:0.0010s ]
SQL: SELECT * FROM `yb_article` WHERE ( channel_id = '1' ) ORDER BY time desc LIMIT 0,10   [ RunTime:0.0010s ]
NOTIC: [8] Use of undefined constant newsManage - assumed 'newsManage' D:\freehost\ngxz92\web\Application\Admin\Controller\AdminController.class.php Á¨¨ 27 Ë°å.
INFO: [ view_parse ] --START--
INFO: [ template_filter ] --START--
INFO: Run Behavior\ContentReplaceBehavior [ RunTime:0.000000s ]
INFO: [ template_filter ] --END-- [ RunTime:0.000000s ]
INFO: Run Behavior\ParseTemplateBehavior [ RunTime:0.007000s ]
INFO: [ view_parse ] --END-- [ RunTime:0.007000s ]
INFO: [ view_filter ] --START--
INFO: Run Behavior\WriteHtmlCacheBehavior [ RunTime:0.000000s ]
INFO: [ view_filter ] --END-- [ RunTime:0.000000s ]
INFO: [ app_end ] --START--
INFO: Run Behavior\ShowPageTraceBehavior [ RunTime:0.000000s ]
INFO: [ app_end ] --END-- [ RunTime:0.000000s ]

[ 2017-08-03T19:52:25+08:00 ] 125.84.87.189 /index.php/Admin/Admin/searchArticle
INFO: [ app_init ] --START--
INFO: Run Behavior\BuildLiteBehavior [ RunTime:0.000000s ]
INFO: [ app_init ] --END-- [ RunTime:0.001000s ]
INFO: [ app_begin ] --START--
INFO: Run Behavior\ReadHtmlCacheBehavior [ RunTime:0.000000s ]
INFO: [ app_begin ] --END-- [ RunTime:0.000000s ]
NOTIC: [8] Array to string conversion D:\freehost\ngxz92\web\Application\Admin\Controller\AdminController.class.php Á¨¨ 21 Ë°å.
SQL: SHOW COLUMNS FROM `yb_article` [ RunTime:0.0020s ]
SQL: SELECT COUNT(*) AS tp_count FROM `yb_article` WHERE `title` LIKE '%2017%' AND `time` LIKE '%Array%' AND ( channel_id = '1' ) LIMIT 1   [ RunTime:0.0000s ]
SQL: SHOW COLUMNS FROM `yb_article` [ RunTime:0.0030s ]
SQL: SELECT * FROM `yb_article` WHERE ( channel_id = '1' ) AND `title` LIKE '%2017%' AND `time` LIKE '%Array%' ORDER BY time desc LIMIT 0,10   [ RunTime:0.0000s ]
NOTIC: [8] Use of undefined constant newsManage - assumed 'newsManage' D:\freehost\ngxz92\web\Application\Admin\Controller\AdminController.class.php Á¨¨ 27 Ë°å.
INFO: [ view_parse ] --START--
INFO: [ template_filter ] --START--
INFO: Run Behavior\ContentReplaceBehavior [ RunTime:0.000000s ]
INFO: [ template_filter ] --END-- [ RunTime:0.000000s ]
INFO: Run Behavior\ParseTemplateBehavior [ RunTime:0.007000s ]
INFO: [ view_parse ] --END-- [ RunTime:0.007000s ]
INFO: [ view_filter ] --START--
INFO: Run Behavior\WriteHtmlCacheBehavior [ RunTime:0.001000s ]
INFO: [ view_filter ] --END-- [ RunTime:0.001000s ]
INFO: [ app_end ] --START--
INFO: Run Behavior\ShowPageTraceBehavior [ RunTime:0.000000s ]
INFO: [ app_end ] --END-- [ RunTime:0.000000s ]

[ 2017-08-03T19:52:27+08:00 ] 125.84.87.189 /index.php/Admin/Admin/searchArticle
INFO: [ app_init ] --START--
INFO: Run Behavior\BuildLiteBehavior [ RunTime:0.000000s ]
INFO: [ app_init ] --END-- [ RunTime:0.001000s ]
INFO: [ app_begin ] --START--
INFO: Run Behavior\ReadHtmlCacheBehavior [ RunTime:0.000000s ]
INFO: [ app_begin ] --END-- [ RunTime:0.000000s ]
NOTIC: [8] Array to string conversion D:\freehost\ngxz92\web\Application\Admin\Controller\AdminController.class.php Á¨¨ 21 Ë°å.
SQL: SHOW COLUMNS FROM `yb_article` [ RunTime:0.0010s ]
SQL: SELECT COUNT(*) AS tp_count FROM `yb_article` WHERE `title` LIKE '%2017%' AND `time` LIKE '%Array%' AND ( channel_id = '1' ) LIMIT 1   [ RunTime:0.0010s ]
SQL: SHOW COLUMNS FROM `yb_article` [ RunTime:0.0010s ]
SQL: SELECT * FROM `yb_article` WHERE ( channel_id = '1' ) AND `title` LIKE '%2017%' AND `time` LIKE '%Array%' ORDER BY time desc LIMIT 0,10   [ RunTime:0.0010s ]
NOTIC: [8] Use of undefined constant newsManage - assumed 'newsManage' D:\freehost\ngxz92\web\Application\Admin\Controller\AdminController.class.php Á¨¨ 27 Ë°å.
INFO: [ view_parse ] --START--
INFO: [ template_filter ] --START--
INFO: Run Behavior\ContentReplaceBehavior [ RunTime:0.000000s ]
INFO: [ template_filter ] --END-- [ RunTime:0.000000s ]
INFO: Run Behavior\ParseTemplateBehavior [ RunTime:0.007000s ]
INFO: [ view_parse ] --END-- [ RunTime:0.007000s ]
INFO: [ view_filter ] --START--
INFO: Run Behavior\WriteHtmlCacheBehavior [ RunTime:0.000000s ]
INFO: [ view_filter ] --END-- [ RunTime:0.000000s ]
INFO: [ app_end ] --START--
INFO: Run Behavior\ShowPageTraceBehavior [ RunTime:0.001000s ]
INFO: [ app_end ] --END-- [ RunTime:0.001000s ]

[ 2017-08-03T19:52:31+08:00 ] 125.84.87.189 /index.php/Admin/Admin/searchArticle
INFO: [ app_init ] --START--
INFO: Run Behavior\BuildLiteBehavior [ RunTime:0.000000s ]
INFO: [ app_init ] --END-- [ RunTime:0.000000s ]
INFO: [ app_begin ] --START--
INFO: Run Behavior\ReadHtmlCacheBehavior [ RunTime:0.000000s ]
INFO: [ app_begin ] --END-- [ RunTime:0.000000s ]
SQL: SHOW COLUMNS FROM `yb_article` [ RunTime:0.0020s ]
SQL: SELECT COUNT(*) AS tp_count FROM `yb_article` WHERE ( channel_id = '1' ) LIMIT 1   [ RunTime:0.0000s ]
SQL: SHOW COLUMNS FROM `yb_article` [ RunTime:0.0020s ]
SQL: SELECT * FROM `yb_article` WHERE ( channel_id = '1' ) ORDER BY time desc LIMIT 0,10   [ RunTime:0.0000s ]
NOTIC: [8] Use of undefined constant newsManage - assumed 'newsManage' D:\freehost\ngxz92\web\Application\Admin\Controller\AdminController.class.php Á¨¨ 27 Ë°å.
INFO: [ view_parse ] --START--
INFO: [ template_filter ] --START--
INFO: Run Behavior\ContentReplaceBehavior [ RunTime:0.000000s ]
INFO: [ template_filter ] --END-- [ RunTime:0.000000s ]
INFO: Run Behavior\ParseTemplateBehavior [ RunTime:0.007000s ]
INFO: [ view_parse ] --END-- [ RunTime:0.007000s ]
INFO: [ view_filter ] --START--
INFO: Run Behavior\WriteHtmlCacheBehavior [ RunTime:0.000000s ]
INFO: [ view_filter ] --END-- [ RunTime:0.000000s ]
INFO: [ app_end ] --START--
INFO: Run Behavior\ShowPageTraceBehavior [ RunTime:0.001000s ]
INFO: [ app_end ] --END-- [ RunTime:0.001000s ]

[ 2017-08-03T19:52:43+08:00 ] 125.84.87.189 /index.php/Admin/Admin/searchArticle
INFO: [ app_init ] --START--
INFO: Run Behavior\BuildLiteBehavior [ RunTime:0.000000s ]
INFO: [ app_init ] --END-- [ RunTime:0.000000s ]
INFO: [ app_begin ] --START--
INFO: Run Behavior\ReadHtmlCacheBehavior [ RunTime:0.000000s ]
INFO: [ app_begin ] --END-- [ RunTime:0.000000s ]
NOTIC: [8] Array to string conversion D:\freehost\ngxz92\web\Application\Admin\Controller\AdminController.class.php Á¨¨ 21 Ë°å.
SQL: SHOW COLUMNS FROM `yb_article` [ RunTime:0.0020s ]
SQL: SELECT COUNT(*) AS tp_count FROM `yb_article` WHERE `title` LIKE '%Êõ¥Êñ∞%' AND `time` LIKE '%Array%' AND ( channel_id = '1' ) LIMIT 1   [ RunTime:0.0010s ]
SQL: SHOW COLUMNS FROM `yb_article` [ RunTime:0.0010s ]
SQL: SELECT * FROM `yb_article` WHERE ( channel_id = '1' ) AND `title` LIKE '%Êõ¥Êñ∞%' AND `time` LIKE '%Array%' ORDER BY time desc LIMIT 0,10   [ RunTime:0.0000s ]
NOTIC: [8] Use of undefined constant newsManage - assumed 'newsManage' D:\freehost\ngxz92\web\Application\Admin\Controller\AdminController.class.php Á¨¨ 27 Ë°å.
INFO: [ view_parse ] --START--
INFO: [ template_filter ] --START--
INFO: Run Behavior\ContentReplaceBehavior [ RunTime:0.000000s ]
INFO: [ template_filter ] --END-- [ RunTime:0.000000s ]
INFO: Run Behavior\ParseTemplateBehavior [ RunTime:0.007000s ]
INFO: [ view_parse ] --END-- [ RunTime:0.007000s ]
INFO: [ view_filter ] --START--
INFO: Run Behavior\WriteHtmlCacheBehavior [ RunTime:0.000000s ]
INFO: [ view_filter ] --END-- [ RunTime:0.000000s ]
INFO: [ app_end ] --START--
INFO: Run Behavior\ShowPageTraceBehavior [ RunTime:0.000000s ]
INFO: [ app_end ] --END-- [ RunTime:0.000000s ]

[ 2017-08-03T19:52:45+08:00 ] 125.84.87.189 /index.php/Admin/Admin/searchArticle
INFO: [ app_init ] --START--
INFO: Run Behavior\BuildLiteBehavior [ RunTime:0.000000s ]
INFO: [ app_init ] --END-- [ RunTime:0.000000s ]
INFO: [ app_begin ] --START--
INFO: Run Behavior\ReadHtmlCacheBehavior [ RunTime:0.000000s ]
INFO: [ app_begin ] --END-- [ RunTime:0.000000s ]
NOTIC: [8] Array to string conversion D:\freehost\ngxz92\web\Application\Admin\Controller\AdminController.class.php Á¨¨ 21 Ë°å.
SQL: SHOW COLUMNS FROM `yb_article` [ RunTime:0.0020s ]
SQL: SELECT COUNT(*) AS tp_count FROM `yb_article` WHERE `title` LIKE '%Êõ¥Êñ∞%' AND `time` LIKE '%Array%' AND ( channel_id = '1' ) LIMIT 1   [ RunTime:0.0000s ]
SQL: SHOW COLUMNS FROM `yb_article` [ RunTime:0.0010s ]
SQL: SELECT * FROM `yb_article` WHERE ( channel_id = '1' ) AND `title` LIKE '%Êõ¥Êñ∞%' AND `time` LIKE '%Array%' ORDER BY time desc LIMIT 0,10   [ RunTime:0.0010s ]
NOTIC: [8] Use of undefined constant newsManage - assumed 'newsManage' D:\freehost\ngxz92\web\Application\Admin\Controller\AdminController.class.php Á¨¨ 27 Ë°å.
INFO: [ view_parse ] --START--
INFO: [ template_filter ] --START--
INFO: Run Behavior\ContentReplaceBehavior [ RunTime:0.000000s ]
INFO: [ template_filter ] --END-- [ RunTime:0.000000s ]
INFO: Run Behavior\ParseTemplateBehavior [ RunTime:0.007001s ]
INFO: [ view_parse ] --END-- [ RunTime:0.007001s ]
INFO: [ view_filter ] --START--
INFO: Run Behavior\WriteHtmlCacheBehavior [ RunTime:0.000000s ]
INFO: [ view_filter ] --END-- [ RunTime:0.000000s ]
INFO: [ app_end ] --START--
INFO: Run Behavior\ShowPageTraceBehavior [ RunTime:0.000000s ]
INFO: [ app_end ] --END-- [ RunTime:0.000000s ]

[ 2017-08-03T19:52:47+08:00 ] 125.84.87.189 /index.php/Admin/Admin/searchArticle
INFO: [ app_init ] --START--
INFO: Run Behavior\BuildLiteBehavior [ RunTime:0.000000s ]
INFO: [ app_init ] --END-- [ RunTime:0.000000s ]
INFO: [ app_begin ] --START--
INFO: Run Behavior\ReadHtmlCacheBehavior [ RunTime:0.000000s ]
INFO: [ app_begin ] --END-- [ RunTime:0.000000s ]
SQL: SHOW COLUMNS FROM `yb_article` [ RunTime:0.0010s ]
SQL: SELECT COUNT(*) AS tp_count FROM `yb_article` WHERE ( channel_id = '1' ) LIMIT 1   [ RunTime:0.0010s ]
SQL: SHOW COLUMNS FROM `yb_article` [ RunTime:0.0010s ]
SQL: SELECT * FROM `yb_article` WHERE ( channel_id = '1' ) ORDER BY time desc LIMIT 0,10   [ RunTime:0.0000s ]
NOTIC: [8] Use of undefined constant newsManage - assumed 'newsManage' D:\freehost\ngxz92\web\Application\Admin\Controller\AdminController.class.php Á¨¨ 27 Ë°å.
INFO: [ view_parse ] --START--
INFO: [ template_filter ] --START--
INFO: Run Behavior\ContentReplaceBehavior [ RunTime:0.000000s ]
INFO: [ template_filter ] --END-- [ RunTime:0.001000s ]
INFO: Run Behavior\ParseTemplateBehavior [ RunTime:0.006000s ]
INFO: [ view_parse ] --END-- [ RunTime:0.007000s ]
INFO: [ view_filter ] --START--
INFO: Run Behavior\WriteHtmlCacheBehavior [ RunTime:0.000000s ]
INFO: [ view_filter ] --END-- [ RunTime:0.000000s ]
INFO: [ app_end ] --START--
INFO: Run Behavior\ShowPageTraceBehavior [ RunTime:0.000000s ]
INFO: [ app_end ] --END-- [ RunTime:0.000000s ]

[ 2017-08-03T19:52:55+08:00 ] 125.84.87.189 /index.php/Admin/Admin/searchArticleOne
INFO: [ app_init ] --START--
INFO: Run Behavior\BuildLiteBehavior [ RunTime:0.000000s ]
INFO: [ app_init ] --END-- [ RunTime:0.001000s ]
INFO: [ app_begin ] --START--
INFO: Run Behavior\ReadHtmlCacheBehavior [ RunTime:0.000000s ]
INFO: [ app_begin ] --END-- [ RunTime:0.000000s ]
SQL: SHOW COLUMNS FROM `yb_article` [ RunTime:0.0020s ]
SQL: SELECT * FROM `yb_article` WHERE ( id = '42' )  [ RunTime:0.0000s ]

[ 2017-08-03T19:52:59+08:00 ] 125.84.87.189 /index.php/Admin/Admin/searchArticle/channel_id/2/≤ÀƒÒ
INFO: [ app_init ] --START--
INFO: Run Behavior\BuildLiteBehavior [ RunTime:0.000000s ]
INFO: [ app_init ] --END-- [ RunTime:0.000000s ]
INFO: [ app_begin ] --START--
INFO: Run Behavior\ReadHtmlCacheBehavior [ RunTime:0.000000s ]
INFO: [ app_begin ] --END-- [ RunTime:0.000000s ]
SQL: SHOW COLUMNS FROM `yb_article` [ RunTime:0.0020s ]
SQL: SELECT COUNT(*) AS tp_count FROM `yb_article` WHERE ( channel_id = '2' ) LIMIT 1   [ RunTime:0.0000s ]
SQL: SHOW COLUMNS FROM `yb_article` [ RunTime:0.0010s ]
SQL: SELECT * FROM `yb_article` WHERE ( channel_id = '2' ) ORDER BY time desc LIMIT 0,10   [ RunTime:0.0000s ]
NOTIC: [8] Use of undefined constant newsManage - assumed 'newsManage' D:\freehost\ngxz92\web\Application\Admin\Controller\AdminController.class.php Á¨¨ 27 Ë°å.
INFO: [ view_parse ] --START--
INFO: [ template_filter ] --START--
INFO: Run Behavior\ContentReplaceBehavior [ RunTime:0.000000s ]
INFO: [ template_filter ] --END-- [ RunTime:0.000000s ]
INFO: Run Behavior\ParseTemplateBehavior [ RunTime:0.007000s ]
INFO: [ view_parse ] --END-- [ RunTime:0.007000s ]
INFO: [ view_filter ] --START--
INFO: Run Behavior\WriteHtmlCacheBehavior [ RunTime:0.000000s ]
INFO: [ view_filter ] --END-- [ RunTime:0.000000s ]
INFO: [ app_end ] --START--
INFO: Run Behavior\ShowPageTraceBehavior [ RunTime:0.000000s ]
INFO: [ app_end ] --END-- [ RunTime:0.000000s ]

[ 2017-08-03T19:53:01+08:00 ] 125.84.87.189 /index.php/Admin/Admin/searchArticleOne
INFO: [ app_init ] --START--
INFO: Run Behavior\BuildLiteBehavior [ RunTime:0.000000s ]
INFO: [ app_init ] --END-- [ RunTime:0.000000s ]
INFO: [ app_begin ] --START--
INFO: Run Behavior\ReadHtmlCacheBehavior [ RunTime:0.000000s ]
INFO: [ app_begin ] --END-- [ RunTime:0.000000s ]
SQL: SHOW COLUMNS FROM `yb_article` [ RunTime:0.0020s ]
SQL: SELECT * FROM `yb_article` WHERE ( id = '9' )  [ RunTime:0.0000s ]

[ 2017-08-03T19:53:04+08:00 ] 125.84.87.189 /index.php/Admin/Admin/searchArticle/channel_id/1/≤ÀƒÒ
INFO: [ app_init ] --START--
INFO: Run Behavior\BuildLiteBehavior [ RunTime:0.000000s ]
INFO: [ app_init ] --END-- [ RunTime:0.000000s ]
INFO: [ app_begin ] --START--
INFO: Run Behavior\ReadHtmlCacheBehavior [ RunTime:0.000000s ]
INFO: [ app_begin ] --END-- [ RunTime:0.000000s ]
SQL: SHOW COLUMNS FROM `yb_article` [ RunTime:0.0010s ]
SQL: SELECT COUNT(*) AS tp_count FROM `yb_article` WHERE ( channel_id = '1' ) LIMIT 1   [ RunTime:0.0000s ]
SQL: SHOW COLUMNS FROM `yb_article` [ RunTime:0.0020s ]
SQL: SELECT * FROM `yb_article` WHERE ( channel_id = '1' ) ORDER BY time desc LIMIT 0,10   [ RunTime:0.0000s ]
NOTIC: [8] Use of undefined constant newsManage - assumed 'newsManage' D:\freehost\ngxz92\web\Application\Admin\Controller\AdminController.class.php Á¨¨ 27 Ë°å.
INFO: [ view_parse ] --START--
INFO: [ template_filter ] --START--
INFO: Run Behavior\ContentReplaceBehavior [ RunTime:0.000000s ]
INFO: [ template_filter ] --END-- [ RunTime:0.000000s ]
INFO: Run Behavior\ParseTemplateBehavior [ RunTime:0.007001s ]
INFO: [ view_parse ] --END-- [ RunTime:0.007001s ]
INFO: [ view_filter ] --START--
INFO: Run Behavior\WriteHtmlCacheBehavior [ RunTime:0.001000s ]
INFO: [ view_filter ] --END-- [ RunTime:0.001000s ]
INFO: [ app_end ] --START--
INFO: Run Behavior\ShowPageTraceBehavior [ RunTime:0.000000s ]
INFO: [ app_end ] --END-- [ RunTime:0.000000s ]

[ 2017-08-03T20:05:28+08:00 ] 125.84.87.189 /Admin/Admin/addArticle
INFO: [ app_init ] --START--
INFO: Run Behavior\BuildLiteBehavior [ RunTime:0.000000s ]
INFO: [ app_init ] --END-- [ RunTime:0.000000s ]
INFO: [ app_begin ] --START--
INFO: Run Behavior\ReadHtmlCacheBehavior [ RunTime:0.000000s ]
INFO: [ app_begin ] --END-- [ RunTime:0.000000s ]
NOTIC: [2] finfo_file(): Empty filename or path D:\freehost\ngxz92\web\ThinkPHP\Library\Think\Upload.class.php Á¨¨ 152 Ë°å.
SQL: SHOW COLUMNS FROM `yb_article` [ RunTime:0.0010s ]
SQL: INSERT INTO `yb_article` (`channel_id`,`content`,`title`,`author`,`summary`,`img_url`,`time`) VALUES ('1','<p>
	<span style=\"font-size:18px;line-height:24px;\">Êñ∞Â¢ûÂäüËÉΩÔºö</span>
</p>
<p>
	<span style=\"font-size:16px;\">1.È¶ñÈ°µÂõæÁâáÂ±ïÁ§∫ÁªÜÂæÆË∞ÉÊï¥Ôºõ</span>
</p>
<p>
	<span style=\"font-size:16px;\">2.Êï∞ÊçÆÂ∫ìÊñ∞Â¢ûÈÉ®ÂàÜË°®Ôºõ</span>
</p>
<p>
	<span style=\"font-size:16px;\">3.Êèê‰æõÁî®Êà∑Ê≥®ÂÜåÔºåÁî®Êà∑‰∏™‰∫∫‰∏≠ÂøÉÔºåÊîØÊåÅÁî®Êà∑‰∏ä‰º†Â§¥ÂÉèÔºå‰øÆÊîπÁî®Êà∑ËµÑÊñôÔºõ</span>
</p>
<p>
	<span style=\"font-size:16px;\">4.Êèê‰æõÁôªÂΩïÁî®Êà∑ÂèëË°®ÊñáÁ´†ÂäüËÉΩÔºõ</span>
</p>
<p>
	<span style=\"font-size:16px;\">5.ÂèëÂ∏ÉÊñáÁ´†Ë°®ÂçïÁöÑbug‰øÆÂ§ç‰∫ÜÂá†‰∏™Ôºõ</span>
</p>
<p>
	<span style=\"font-size:18px;\">Â∑≤Áü•ËæÉÂ§ßÁöÑÈóÆÈ¢òÔºö</span>
</p>
<p>
	<span style=\"font-size:16px;\">1.SESSIONÊ≤°ÊúâÂ§ÑÁêÜÂ•ΩÔºàÁî®Êà∑ÁôªÂΩïÂêé‰ºö‰øùÂ≠ò‰∏ÄÊÆµÊó∂Èó¥ÔºåÂ∞ΩÂø´‰øÆÂ§çÔºâ</span>
</p>
<p>
	<span style=\"font-size:16px;\">2.ÂèëÂ∏ÉÊñáÁ´†Âêé‰øÆÊîπÊñáÁ´†Êó∂ÔºåÊñáÁ´†ÂÜÖÂÆπ‰∏çËÉΩÊ≠£Â∏∏ÂõûÂ°´Ôºõ</span>
</p>','2017Âπ¥8Êúà3Êó•Êõ¥Êñ∞ÂÜÖÂÆπ','ÂçóÂπøËΩ©‰∏ª','2017Âπ¥8Êúà3Êó•Êõ¥Êñ∞ÁöÑ‰∏ªË¶ÅÊòØÂêéÂè∞ÂäüËÉΩÔºåÂÜÖÂÆπÊØîËæÉÂ§ö','Ê≤°Êúâ‰∏ä‰º†ÂõæÁâáÂì¶ÔºÅ','2017-08-03 19:08:29') [ RunTime:0.0160s ]
SQL: SHOW COLUMNS FROM `yb_article` [ RunTime:0.0010s ]
SQL: SELECT COUNT(*) AS tp_count FROM `yb_article` WHERE ( channel_id = '1' ) LIMIT 1   [ RunTime:0.0010s ]
SQL: SHOW COLUMNS FROM `yb_article` [ RunTime:0.0010s ]
SQL: SELECT * FROM `yb_article` WHERE ( channel_id = '1' ) ORDER BY time desc LIMIT 0,10   [ RunTime:0.0010s ]
NOTIC: [8] Use of undefined constant newsManage - assumed 'newsManage' D:\freehost\ngxz92\web\Application\Admin\Controller\AdminController.class.php Á¨¨ 27 Ë°å.
INFO: [ view_parse ] --START--
INFO: [ template_filter ] --START--
INFO: Run Behavior\ContentReplaceBehavior [ RunTime:0.000000s ]
INFO: [ template_filter ] --END-- [ RunTime:0.000000s ]
INFO: Run Behavior\ParseTemplateBehavior [ RunTime:0.014000s ]
INFO: [ view_parse ] --END-- [ RunTime:0.014000s ]
INFO: [ view_filter ] --START--
INFO: Run Behavior\WriteHtmlCacheBehavior [ RunTime:0.001000s ]
INFO: [ view_filter ] --END-- [ RunTime:0.001000s ]
INFO: [ app_end ] --START--
INFO: Run Behavior\ShowPageTraceBehavior [ RunTime:0.001000s ]
INFO: [ app_end ] --END-- [ RunTime:0.001000s ]

[ 2017-08-03T20:05:41+08:00 ] 125.84.87.189 /index.php/Admin/Admin/searchArticleOne
INFO: [ app_init ] --START--
INFO: Run Behavior\BuildLiteBehavior [ RunTime:0.000000s ]
INFO: [ app_init ] --END-- [ RunTime:0.000000s ]
INFO: [ app_begin ] --START--
INFO: Run Behavior\ReadHtmlCacheBehavior [ RunTime:0.000000s ]
INFO: [ app_begin ] --END-- [ RunTime:0.000000s ]
SQL: SHOW COLUMNS FROM `yb_article` [ RunTime:0.0010s ]
SQL: SELECT * FROM `yb_article` WHERE ( id = '43' )  [ RunTime:0.0000s ]

[ 2017-08-03T20:06:33+08:00 ] 125.84.87.189 /Admin/User/login
INFO: [ app_init ] --START--
INFO: Run Behavior\BuildLiteBehavior [ RunTime:0.000000s ]
INFO: [ app_init ] --END-- [ RunTime:0.000000s ]
INFO: [ app_begin ] --START--
INFO: Run Behavior\ReadHtmlCacheBehavior [ RunTime:0.000000s ]
INFO: [ app_begin ] --END-- [ RunTime:0.000000s ]
NOTIC: [2] fopen(D:\freehost\ngxz92\web\ThinkPHP\Library\Org\Net/UTFWry.dat): failed to open stream: No such file or directory D:\freehost\ngxz92\web\ThinkPHP\Library\Org\Net\IpLocation.class.php Á¨¨ 54 Ë°å.
INFO: [ view_parse ] --START--
INFO: [ template_filter ] --START--
INFO: Run Behavior\ContentReplaceBehavior [ RunTime:0.000000s ]
INFO: [ template_filter ] --END-- [ RunTime:0.000000s ]
INFO: Run Behavior\ParseTemplateBehavior [ RunTime:0.004000s ]
INFO: [ view_parse ] --END-- [ RunTime:0.004000s ]
INFO: [ view_filter ] --START--
INFO: Run Behavior\WriteHtmlCacheBehavior [ RunTime:0.000000s ]
INFO: [ view_filter ] --END-- [ RunTime:0.000000s ]

[ 2017-08-03T20:06:56+08:00 ] 125.84.87.189 /Admin/User/login
INFO: [ app_init ] --START--
INFO: Run Behavior\BuildLiteBehavior [ RunTime:0.000000s ]
INFO: [ app_init ] --END-- [ RunTime:0.000000s ]
INFO: [ app_begin ] --START--
INFO: Run Behavior\ReadHtmlCacheBehavior [ RunTime:0.000000s ]
INFO: [ app_begin ] --END-- [ RunTime:0.000000s ]
NOTIC: [2] fopen(D:\freehost\ngxz92\web\ThinkPHP\Library\Org\Net/UTFWry.dat): failed to open stream: No such file or directory D:\freehost\ngxz92\web\ThinkPHP\Library\Org\Net\IpLocation.class.php Á¨¨ 54 Ë°å.
INFO: [ view_parse ] --START--
INFO: [ template_filter ] --START--
INFO: Run Behavior\ContentReplaceBehavior [ RunTime:0.000000s ]
INFO: [ template_filter ] --END-- [ RunTime:0.000000s ]
INFO: Run Behavior\ParseTemplateBehavior [ RunTime:0.004000s ]
INFO: [ view_parse ] --END-- [ RunTime:0.004000s ]
INFO: [ view_filter ] --START--
INFO: Run Behavior\WriteHtmlCacheBehavior [ RunTime:0.000000s ]
INFO: [ view_filter ] --END-- [ RunTime:0.000000s ]

[ 2017-08-03T20:26:34+08:00 ] 125.84.87.189 /Admin/User/login
INFO: [ app_init ] --START--
INFO: Run Behavior\BuildLiteBehavior [ RunTime:0.000000s ]
INFO: [ app_init ] --END-- [ RunTime:0.000000s ]
INFO: [ app_begin ] --START--
INFO: Run Behavior\ReadHtmlCacheBehavior [ RunTime:0.000000s ]
INFO: [ app_begin ] --END-- [ RunTime:0.000000s ]
NOTIC: [2] fopen(D:\freehost\ngxz92\web\ThinkPHP\Library\Org\Net/UTFWry.dat): failed to open stream: No such file or directory D:\freehost\ngxz92\web\ThinkPHP\Library\Org\Net\IpLocation.class.php Á¨¨ 54 Ë°å.
INFO: [ view_parse ] --START--
INFO: [ template_filter ] --START--
INFO: Run Behavior\ContentReplaceBehavior [ RunTime:0.000000s ]
INFO: [ template_filter ] --END-- [ RunTime:0.000000s ]
INFO: Run Behavior\ParseTemplateBehavior [ RunTime:0.003000s ]
INFO: [ view_parse ] --END-- [ RunTime:0.004000s ]
INFO: [ view_filter ] --START--
INFO: Run Behavior\WriteHtmlCacheBehavior [ RunTime:0.000000s ]
INFO: [ view_filter ] --END-- [ RunTime:0.000000s ]

[ 2017-08-03T20:26:40+08:00 ] 125.84.87.189 /Admin/User/login
INFO: [ app_init ] --START--
INFO: Run Behavior\BuildLiteBehavior [ RunTime:0.000000s ]
INFO: [ app_init ] --END-- [ RunTime:0.000000s ]
INFO: [ app_begin ] --START--
INFO: Run Behavior\ReadHtmlCacheBehavior [ RunTime:0.001000s ]
INFO: [ app_begin ] --END-- [ RunTime:0.001000s ]
NOTIC: [2] fopen(D:\freehost\ngxz92\web\ThinkPHP\Library\Org\Net/UTFWry.dat): failed to open stream: No such file or directory D:\freehost\ngxz92\web\ThinkPHP\Library\Org\Net\IpLocation.class.php Á¨¨ 54 Ë°å.
INFO: [ view_parse ] --START--
INFO: [ template_filter ] --START--
INFO: Run Behavior\ContentReplaceBehavior [ RunTime:0.001000s ]
INFO: [ template_filter ] --END-- [ RunTime:0.001000s ]
INFO: Run Behavior\ParseTemplateBehavior [ RunTime:0.004000s ]
INFO: [ view_parse ] --END-- [ RunTime:0.004000s ]
INFO: [ view_filter ] --START--
INFO: Run Behavior\WriteHtmlCacheBehavior [ RunTime:0.000000s ]
INFO: [ view_filter ] --END-- [ RunTime:0.000000s ]

[ 2017-08-03T20:27:03+08:00 ] 125.84.87.189 /Admin/User/login/uid/1001/pwd/123
INFO: [ app_init ] --START--
INFO: Run Behavior\BuildLiteBehavior [ RunTime:0.000000s ]
INFO: [ app_init ] --END-- [ RunTime:0.000000s ]
INFO: [ app_begin ] --START--
INFO: Run Behavior\ReadHtmlCacheBehavior [ RunTime:0.001000s ]
INFO: [ app_begin ] --END-- [ RunTime:0.001000s ]
NOTIC: [2] fopen(D:\freehost\ngxz92\web\ThinkPHP\Library\Org\Net/UTFWry.dat): failed to open stream: No such file or directory D:\freehost\ngxz92\web\ThinkPHP\Library\Org\Net\IpLocation.class.php Á¨¨ 54 Ë°å.
SQL: SHOW COLUMNS FROM `yb_admin` [ RunTime:0.0020s ]
SQL: SELECT * FROM `yb_admin` WHERE ( uid = '1001' )  [ RunTime:0.0000s ]
SQL: SHOW COLUMNS FROM `yb_admin_menus` [ RunTime:0.0010s ]
SQL: SELECT * FROM `yb_admin_menus`  [ RunTime:0.0010s ]
INFO: [ view_parse ] --START--
INFO: [ template_filter ] --START--
INFO: Run Behavior\ContentReplaceBehavior [ RunTime:0.000000s ]
INFO: [ template_filter ] --END-- [ RunTime:0.000000s ]
INFO: Run Behavior\ParseTemplateBehavior [ RunTime:0.006001s ]
INFO: [ view_parse ] --END-- [ RunTime:0.006001s ]
INFO: [ view_filter ] --START--
INFO: Run Behavior\WriteHtmlCacheBehavior [ RunTime:0.000000s ]
INFO: [ view_filter ] --END-- [ RunTime:0.000000s ]
INFO: [ app_end ] --START--
INFO: Run Behavior\ShowPageTraceBehavior [ RunTime:0.001000s ]
INFO: [ app_end ] --END-- [ RunTime:0.001000s ]

[ 2017-08-03T20:27:10+08:00 ] 125.84.87.189 /index.php/Admin/Admin/searchArticle/channel_id/1/≤ÀƒÒ
INFO: [ app_init ] --START--
INFO: Run Behavior\BuildLiteBehavior [ RunTime:0.000000s ]
INFO: [ app_init ] --END-- [ RunTime:0.000000s ]
INFO: [ app_begin ] --START--
INFO: Run Behavior\ReadHtmlCacheBehavior [ RunTime:0.000000s ]
INFO: [ app_begin ] --END-- [ RunTime:0.000000s ]
SQL: SHOW COLUMNS FROM `yb_article` [ RunTime:0.0010s ]
SQL: SELECT COUNT(*) AS tp_count FROM `yb_article` WHERE ( channel_id = '1' ) LIMIT 1   [ RunTime:0.0000s ]
SQL: SHOW COLUMNS FROM `yb_article` [ RunTime:0.0010s ]
SQL: SELECT * FROM `yb_article` WHERE ( channel_id = '1' ) ORDER BY time desc LIMIT 0,10   [ RunTime:0.0000s ]
NOTIC: [8] Use of undefined constant newsManage - assumed 'newsManage' D:\freehost\ngxz92\web\Application\Admin\Controller\AdminController.class.php Á¨¨ 27 Ë°å.
INFO: [ view_parse ] --START--
INFO: [ template_filter ] --START--
INFO: Run Behavior\ContentReplaceBehavior [ RunTime:0.000000s ]
INFO: [ template_filter ] --END-- [ RunTime:0.000000s ]
INFO: Run Behavior\ParseTemplateBehavior [ RunTime:0.007001s ]
INFO: [ view_parse ] --END-- [ RunTime:0.007001s ]
INFO: [ view_filter ] --START--
INFO: Run Behavior\WriteHtmlCacheBehavior [ RunTime:0.000000s ]
INFO: [ view_filter ] --END-- [ RunTime:0.000000s ]
INFO: [ app_end ] --START--
INFO: Run Behavior\ShowPageTraceBehavior [ RunTime:0.001000s ]
INFO: [ app_end ] --END-- [ RunTime:0.001000s ]

