[ 2017-07-02T21:05:03+08:00 ] 125.84.85.203 /index.php/Admin/Admin/login
INFO: [ app_init ] --START--
INFO: Run Behavior\BuildLiteBehavior [ RunTime:0.000000s ]
INFO: [ app_init ] --END-- [ RunTime:0.000000s ]
INFO: [ app_begin ] --START--
INFO: Run Behavior\ReadHtmlCacheBehavior [ RunTime:0.000000s ]
INFO: [ app_begin ] --END-- [ RunTime:0.000000s ]
SQL: SHOW COLUMNS FROM `yb_admin` [ RunTime:0.0010s ]
SQL: SELECT * FROM `yb_admin` WHERE ( uid = '1001' )  [ RunTime:0.0000s ]
SQL: SHOW COLUMNS FROM `yb_admin_menus` [ RunTime:0.0100s ]
SQL: SELECT * FROM `yb_admin_menus`  [ RunTime:0.0000s ]
NOTIC: [8] Use of undefined constant welcome - assumed 'welcome' D:\freehost\ngxz92\web\Application\Admin\Controller\AdminController.class.php ç¬¬ 26 è¡Œ.
INFO: [ view_parse ] --START--
INFO: [ template_filter ] --START--
INFO: Run Behavior\ContentReplaceBehavior [ RunTime:0.000000s ]
INFO: [ template_filter ] --END-- [ RunTime:0.000000s ]
INFO: Run Behavior\ParseTemplateBehavior [ RunTime:0.012000s ]
INFO: [ view_parse ] --END-- [ RunTime:0.012000s ]
INFO: [ view_filter ] --START--
INFO: Run Behavior\WriteHtmlCacheBehavior [ RunTime:0.001000s ]
INFO: [ view_filter ] --END-- [ RunTime:0.001000s ]
INFO: [ app_end ] --START--
INFO: Run Behavior\ShowPageTraceBehavior [ RunTime:0.000000s ]
INFO: [ app_end ] --END-- [ RunTime:0.000000s ]

[ 2017-07-02T21:05:08+08:00 ] 125.84.85.203 /index.php/Admin/Admin/searchArticle/channel_id/1/²ËÄñ
INFO: [ app_init ] --START--
INFO: Run Behavior\BuildLiteBehavior [ RunTime:0.000000s ]
INFO: [ app_init ] --END-- [ RunTime:0.000000s ]
INFO: [ app_begin ] --START--
INFO: Run Behavior\ReadHtmlCacheBehavior [ RunTime:0.000000s ]
INFO: [ app_begin ] --END-- [ RunTime:0.000000s ]
SQL: SHOW COLUMNS FROM `yb_article` [ RunTime:0.0010s ]
SQL: SELECT COUNT(*) AS tp_count FROM `yb_article` WHERE ( channel_id = '1' ) LIMIT 1   [ RunTime:0.0000s ]
SQL: SHOW COLUMNS FROM `yb_article` [ RunTime:0.0010s ]
SQL: SELECT * FROM `yb_article` WHERE ( channel_id = '1' ) ORDER BY time desc LIMIT 0,10   [ RunTime:0.0000s ]
NOTIC: [8] Use of undefined constant newsManage - assumed 'newsManage' D:\freehost\ngxz92\web\Application\Admin\Controller\AdminController.class.php ç¬¬ 48 è¡Œ.
INFO: [ view_parse ] --START--
INFO: [ template_filter ] --START--
INFO: Run Behavior\ContentReplaceBehavior [ RunTime:0.000000s ]
INFO: [ template_filter ] --END-- [ RunTime:0.000000s ]
INFO: Run Behavior\ParseTemplateBehavior [ RunTime:0.012001s ]
INFO: [ view_parse ] --END-- [ RunTime:0.013001s ]
INFO: [ view_filter ] --START--
INFO: Run Behavior\WriteHtmlCacheBehavior [ RunTime:0.000000s ]
INFO: [ view_filter ] --END-- [ RunTime:0.000000s ]
INFO: [ app_end ] --START--
INFO: Run Behavior\ShowPageTraceBehavior [ RunTime:0.001000s ]
INFO: [ app_end ] --END-- [ RunTime:0.001000s ]

[ 2017-07-02T21:05:10+08:00 ] 125.84.85.203 /index.php/Admin/Admin/searchArticle/channel_id/2/²ËÄñ
INFO: [ app_init ] --START--
INFO: Run Behavior\BuildLiteBehavior [ RunTime:0.000000s ]
INFO: [ app_init ] --END-- [ RunTime:0.000000s ]
INFO: [ app_begin ] --START--
INFO: Run Behavior\ReadHtmlCacheBehavior [ RunTime:0.001000s ]
INFO: [ app_begin ] --END-- [ RunTime:0.001000s ]
SQL: SHOW COLUMNS FROM `yb_article` [ RunTime:0.0030s ]
SQL: SELECT COUNT(*) AS tp_count FROM `yb_article` WHERE ( channel_id = '2' ) LIMIT 1   [ RunTime:0.0000s ]
SQL: SHOW COLUMNS FROM `yb_article` [ RunTime:0.0030s ]
SQL: SELECT * FROM `yb_article` WHERE ( channel_id = '2' ) ORDER BY time desc LIMIT 0,10   [ RunTime:0.0000s ]
NOTIC: [8] Use of undefined constant newsManage - assumed 'newsManage' D:\freehost\ngxz92\web\Application\Admin\Controller\AdminController.class.php ç¬¬ 48 è¡Œ.
INFO: [ view_parse ] --START--
INFO: [ template_filter ] --START--
INFO: Run Behavior\ContentReplaceBehavior [ RunTime:0.000000s ]
INFO: [ template_filter ] --END-- [ RunTime:0.000000s ]
INFO: Run Behavior\ParseTemplateBehavior [ RunTime:0.007000s ]
INFO: [ view_parse ] --END-- [ RunTime:0.007000s ]
INFO: [ view_filter ] --START--
INFO: Run Behavior\WriteHtmlCacheBehavior [ RunTime:0.000000s ]
INFO: [ view_filter ] --END-- [ RunTime:0.000000s ]
INFO: [ app_end ] --START--
INFO: Run Behavior\ShowPageTraceBehavior [ RunTime:0.000000s ]
INFO: [ app_end ] --END-- [ RunTime:0.000000s ]

[ 2017-07-02T21:25:18+08:00 ] 125.84.85.203 /index.php/Admin/Admin/searchArticle/channel_id/2/²ËÄñ
INFO: [ app_init ] --START--
INFO: Run Behavior\BuildLiteBehavior [ RunTime:0.000000s ]
INFO: [ app_init ] --END-- [ RunTime:0.000000s ]
INFO: [ app_begin ] --START--
INFO: Run Behavior\ReadHtmlCacheBehavior [ RunTime:0.001000s ]
INFO: [ app_begin ] --END-- [ RunTime:0.001000s ]
SQL: SHOW COLUMNS FROM `yb_article` [ RunTime:0.0020s ]
SQL: SELECT COUNT(*) AS tp_count FROM `yb_article` WHERE ( channel_id = '2' ) LIMIT 1   [ RunTime:0.0000s ]
SQL: SHOW COLUMNS FROM `yb_article` [ RunTime:0.0020s ]
SQL: SELECT * FROM `yb_article` WHERE ( channel_id = '2' ) ORDER BY time desc LIMIT 0,10   [ RunTime:0.0000s ]
NOTIC: [8] Use of undefined constant newsManage - assumed 'newsManage' D:\freehost\ngxz92\web\Application\Admin\Controller\AdminController.class.php ç¬¬ 48 è¡Œ.
INFO: [ view_parse ] --START--
INFO: [ template_filter ] --START--
INFO: Run Behavior\ContentReplaceBehavior [ RunTime:0.000000s ]
INFO: [ template_filter ] --END-- [ RunTime:0.000000s ]
INFO: Run Behavior\ParseTemplateBehavior [ RunTime:0.015001s ]
INFO: [ view_parse ] --END-- [ RunTime:0.015001s ]
INFO: [ view_filter ] --START--
INFO: Run Behavior\WriteHtmlCacheBehavior [ RunTime:0.000000s ]
INFO: [ view_filter ] --END-- [ RunTime:0.000000s ]
INFO: [ app_end ] --START--
INFO: Run Behavior\ShowPageTraceBehavior [ RunTime:0.000000s ]
INFO: [ app_end ] --END-- [ RunTime:0.000000s ]

[ 2017-07-02T21:27:51+08:00 ] 125.84.85.203 /index.php/Admin/Admin/addArticle
INFO: [ app_init ] --START--
INFO: Run Behavior\BuildLiteBehavior [ RunTime:0.000000s ]
INFO: [ app_init ] --END-- [ RunTime:0.000000s ]
INFO: [ app_begin ] --START--
INFO: Run Behavior\ReadHtmlCacheBehavior [ RunTime:0.000000s ]
INFO: [ app_begin ] --END-- [ RunTime:0.000000s ]
SQL: SHOW COLUMNS FROM `yb_article` [ RunTime:0.0010s ]
ERR: 1292:Incorrect datetime value: '' for column 'time' at row 1
 [ SQLè¯­å¥ ] : INSERT INTO `yb_article` (`channel_id`,`content`,`title`,`summary`,`img_url`,`time`) VALUES ('-1','1ã€å…ƒå­—ç¬¦   [æ‹¥æœ‰ç‰¹æ®Šå«ä¹‰çš„å…ƒå­—ç¬¦]  \\d -> åŒ¹é…ä¸€ä¸ª0-9çš„æ•°å­—,ç›¸å½“äº[0-9],å’Œå®ƒç›¸åçš„æ˜¯\\D ->åŒ¹é…ä¸€ä¸ªé™¤äº†0-9çš„ä»»æ„å­—ç¬¦   \\w -> åŒ¹é…ä¸€ä¸ª0-9ã€a-zã€A-Zã€_çš„æ•°å­—æˆ–å­—ç¬¦,ç›¸å½“äº[0-9a-zA-Z_]  \\s -> åŒ¹é…ä¸€ä¸ªç©ºç™½å­—ç¬¦(ç©ºæ ¼ã€åˆ¶è¡¨ç¬¦...)   \\b -> åŒ¹é…ä¸€ä¸ªå•è¯çš„è¾¹ç•Œ   \\t -> åŒ¹é…ä¸€ä¸ªåˆ¶è¡¨ç¬¦   \\n -> åŒ¹é…ä¸€ä¸ªæ¢è¡Œ   . -> åŒ¹é…ä¸€ä¸ªé™¤äº†\\nä»¥å¤–çš„ä»»æ„å­—ç¬¦   ^ -> ä»¥æŸä¸€ä¸ªå…ƒå­—ç¬¦å¼€å¤´   $ -> ä»¥æŸä¸€ä¸ªå…ƒå­—ç¬¦ç»“å°¾   \\ -> è½¬ç§»å­—ç¬¦   x|y -> xæˆ–è€…yçš„ä¸€ä¸ª   [xyz] -> xã€yã€zä¸­çš„ä»»æ„ä¸€ä¸ª   [^xyz] -> é™¤äº†xyzä¸­çš„ä»»æ„ä¸€ä¸ªå­—ç¬¦   [a-z] -> åŒ¹é…a-zä¸­çš„ä»»æ„ä¸€ä¸ªå­—ç¬¦   [^a-z] -> åŒ¹é…é™¤äº†a-zä¸­çš„ä»»æ„ä¸€ä¸ªå­—ç¬¦   () -> æ­£åˆ™ä¸­çš„åˆ†ç»„    æ³¨æ„:   1)å…³äº[]    aã€[+] ->ä¸­æ‹¬å·ä¸­å‡ºç°çš„æ‰€æœ‰å­—ç¬¦éƒ½ä»£è¡¨çš„æ˜¯æœ¬èº«çš„æ„æ€     bã€[12-65] ->è¿™ä¸ªä¸æ˜¯12-65è€Œæ˜¯1/2-6/5ä¸‰è€…ä¸­çš„ä¸€ä¸ª    2)å…³äº()     aã€åˆ†ç»„çš„ä½œç”¨æ˜¯æ”¹å˜é»˜è®¤çš„ä¼˜å…ˆçº§,ä¾‹å¦‚:/^18|19$/,181ã€189ã€119ã€819ã€1819...éƒ½ç¬¦åˆ,è€Œä¸æ˜¯æˆ‘ä»¬è®¤ä¸ºçš„18æˆ–19,ä½†æ˜¯æ”¹æˆ/^(18|19)$/å°±æ˜¯å•çº¯çš„18æˆ–19äº†     bã€å¯ä»¥åœ¨æ•è·å¤§æ­£åˆ™åŒ¹é…çš„å†…å®¹åŒæ—¶,æŠŠåˆ†ç»„åŒ¹é…çš„å†…å®¹ä¹Ÿè¿›è¡Œæ•è·->åˆ†ç»„æ•è·     cã€åˆ†ç»„å¼•ç”¨,ä¾‹å¦‚:/^(\\d)(\\w)\\2\\1$/,è¿™é‡Œçš„\\2æ˜¯å’Œç¬¬äºŒä¸ªåˆ†ç»„å‡ºç°ä¸€æ¨¡æ ·çš„å†…å®¹,\\1æ˜¯å’Œç¬¬ä¸€ä¸ªåˆ†ç»„å‡ºç°ä¸€æ¨¡ä¸€æ ·çš„å†…å®¹,ä¾‹å¦‚:\"0aa0\"å°±ç¬¦åˆäº†     [ä»£è¡¨æ•°é‡çš„é‡è¯å…ƒå­—ç¬¦]  * -> 0åˆ°å¤šä¸ª   + -> 1åˆ°å¤šä¸ª   ? -> 0åˆ°1ä¸ª   {n} -> å‡ºç°næ¬¡   {n,} -> å‡ºç°nåˆ°å¤šæ¬¡   {n,m} -> å‡ºç°nåˆ°mæ¬¡    æ³¨æ„:   1)å…³äº?çš„å‡ ç§æƒ…å†µ     aã€æ”¾åœ¨éé‡è¯å…ƒå­—ç¬¦åé¢,ä»£è¡¨å‡ºç°0-1æ¬¡     bã€æ”¾åœ¨é‡è¯å…ƒå­—ç¬¦åé¢,ä»£è¡¨å–æ¶ˆæ•è·æ—¶å€™çš„è´ªå©ªæ€§,ä¾‹å¦‚:reg=/\\d+/; reg.exec(\"2015\") -> \"2015\" ä½†æ˜¯å¦‚æœæ­£åˆ™è¿™æ ·å†™ reg=/\\d+?/; reg.exec(\"2015\") -> \"2\"     cã€åœ¨åˆ†ç»„å¼€å¤´åŠ ?:,ä»£è¡¨å½“å‰çš„åˆ†ç»„åªæ˜¯åŒ¹é…ä¸è¿›è¡Œæ•è·,ä¾‹å¦‚:/^(?:\\d+)$/     dã€åœ¨åˆ†ç»„å¼€å¤´åŠ ?=,æ­£å‘é¢„æŸ¥,ä¾‹å¦‚:/^abcdef(?=1|2)$/ åªæœ‰\"abcdef1\"å’Œ\"abcdef2\"æ‰ç¬¦åˆ     eã€åœ¨åˆ†ç»„å¼€å¤´åŠ ?!,è´Ÿå‘é¢„æŸ¥,ä¾‹å¦‚:/^abcdef(?!1|2)$/ é™¤äº†\"abcdef1\"å’Œ\"abcdef2\"ä¸ç¬¦åˆ,å…¶ä»–çš„åªè¦æ˜¯\"abcdef(ä»»ä½•çš„ä¸œè¥¿)\"éƒ½ç¬¦åˆ    [ä»£è¡¨æœ¬èº«æ„æ€çš„å…ƒå­—ç¬¦]  é™¤äº†ä»¥ä¸Šçš„,åœ¨å­—é¢é‡æ–¹å¼ä¸­,æˆ‘ä»¬å‡ºç°çš„å…¶ä»–ä»»æ„å­—ç¬¦ä»£è¡¨çš„éƒ½æ˜¯è‡ªå·±æœ¬èº«çš„æ„æ€   var num=12;   var reg=/^\\w\"+num+\"$/; ->è¿™é‡Œ\"+num+\"ä¸æ˜¯æŠŠå˜é‡çš„å€¼æ‹¼æ¥,è€Œè¿™é‡Œçš„ä¸ç®¡æ˜¯\"è¿˜æ˜¯+éƒ½æ˜¯å…ƒå­—ç¬¦   ->å¯¹äºéœ€è¦æ‹¼æ¥å­—ç¬¦ä¸²å’Œå˜é‡çš„æ–¹å¼æˆ‘ä»¬åªèƒ½ä½¿ç”¨å®ä¾‹æ–¹å¼åˆ›å»ºæ­£åˆ™  2ã€ä¿®é¥°ç¬¦   i -> ignoreCase å¿½ç•¥å­—æ¯çš„å¤§å°å†™   g -> global å…¨å±€åŒ¹é… (åŠ ä¸Šgå¯ä»¥è§£å†³æ­£åˆ™æ•è·æ—¶å€™çš„æ‡’æƒ°æ€§)   m -> multiline å¤šè¡ŒåŒ¹é…  3ã€é¡¹ç›®ä¸­å¸¸ç”¨çš„æ­£åˆ™   1)æœ‰æ•ˆæ•°å­—çš„   var reg=/^[+-]?(\\d|([1-9]\\d+))(\\.\\d+)?$/;    2)é‚®ç®±çš„   var reg = /^\\w+((-\\w+)|(\\.\\w+))*@[A-Za-z0-9]+((\\.|-)[A-Za-z0-9]+)*\\.[A-Za-z0-9]+$/;    3)ç”µè¯çš„   var reg = /^1\\d{10}$/;    4)å¹´é¾„åœ¨18-65ä¹‹é—´çš„   var reg = /^((18|19)|([2-5]\\d)|(6[0-5]))$/;    5)ä¸­æ–‡å§“å   var reg = /^[\\u4e00-\\u9fa5]{2,4}$/;    6)èº«ä»½è¯   var reg = /^(\\d{6})(\\d{4})(\\d{2})(\\d{2})(?:\\d{2})(\\d)(?:\\d|X)$/;   //-> 12828(çœå¸‚å¿) 1990(å¹´) 12(æœˆ) 04(æ—¥) 06 1(å¥‡æ•°æ˜¯ç”·å¶æ•°æ˜¯å¥³) 7(æ•°å­—æˆ–è€…X)  4ã€æ­£åˆ™çš„åŒ¹é…   reg.test([string]) ->trueå°±æ˜¯åŒ¹é…æˆåŠŸ  false->åŒ¹é…ä¸æˆåŠŸ','test','test','','')
ERR: 1292:Incorrect datetime value: '' for column 'time' at row 1
 [ SQLè¯­å¥ ] : INSERT INTO `yb_article` (`channel_id`,`content`,`title`,`summary`,`img_url`,`time`) VALUES ('-1','1ã€å…ƒå­—ç¬¦   [æ‹¥æœ‰ç‰¹æ®Šå«ä¹‰çš„å…ƒå­—ç¬¦]  \\d -> åŒ¹é…ä¸€ä¸ª0-9çš„æ•°å­—,ç›¸å½“äº[0-9],å’Œå®ƒç›¸åçš„æ˜¯\\D ->åŒ¹é…ä¸€ä¸ªé™¤äº†0-9çš„ä»»æ„å­—ç¬¦   \\w -> åŒ¹é…ä¸€ä¸ª0-9ã€a-zã€A-Zã€_çš„æ•°å­—æˆ–å­—ç¬¦,ç›¸å½“äº[0-9a-zA-Z_]  \\s -> åŒ¹é…ä¸€ä¸ªç©ºç™½å­—ç¬¦(ç©ºæ ¼ã€åˆ¶è¡¨ç¬¦...)   \\b -> åŒ¹é…ä¸€ä¸ªå•è¯çš„è¾¹ç•Œ   \\t -> åŒ¹é…ä¸€ä¸ªåˆ¶è¡¨ç¬¦   \\n -> åŒ¹é…ä¸€ä¸ªæ¢è¡Œ   . -> åŒ¹é…ä¸€ä¸ªé™¤äº†\\nä»¥å¤–çš„ä»»æ„å­—ç¬¦   ^ -> ä»¥æŸä¸€ä¸ªå…ƒå­—ç¬¦å¼€å¤´   $ -> ä»¥æŸä¸€ä¸ªå…ƒå­—ç¬¦ç»“å°¾   \\ -> è½¬ç§»å­—ç¬¦   x|y -> xæˆ–è€…yçš„ä¸€ä¸ª   [xyz] -> xã€yã€zä¸­çš„ä»»æ„ä¸€ä¸ª   [^xyz] -> é™¤äº†xyzä¸­çš„ä»»æ„ä¸€ä¸ªå­—ç¬¦   [a-z] -> åŒ¹é…a-zä¸­çš„ä»»æ„ä¸€ä¸ªå­—ç¬¦   [^a-z] -> åŒ¹é…é™¤äº†a-zä¸­çš„ä»»æ„ä¸€ä¸ªå­—ç¬¦   () -> æ­£åˆ™ä¸­çš„åˆ†ç»„    æ³¨æ„:   1)å…³äº[]    aã€[+] ->ä¸­æ‹¬å·ä¸­å‡ºç°çš„æ‰€æœ‰å­—ç¬¦éƒ½ä»£è¡¨çš„æ˜¯æœ¬èº«çš„æ„æ€     bã€[12-65] ->è¿™ä¸ªä¸æ˜¯12-65è€Œæ˜¯1/2-6/5ä¸‰è€…ä¸­çš„ä¸€ä¸ª    2)å…³äº()     aã€åˆ†ç»„çš„ä½œç”¨æ˜¯æ”¹å˜é»˜è®¤çš„ä¼˜å…ˆçº§,ä¾‹å¦‚:/^18|19$/,181ã€189ã€119ã€819ã€1819...éƒ½ç¬¦åˆ,è€Œä¸æ˜¯æˆ‘ä»¬è®¤ä¸ºçš„18æˆ–19,ä½†æ˜¯æ”¹æˆ/^(18|19)$/å°±æ˜¯å•çº¯çš„18æˆ–19äº†     bã€å¯ä»¥åœ¨æ•è·å¤§æ­£åˆ™åŒ¹é…çš„å†…å®¹åŒæ—¶,æŠŠåˆ†ç»„åŒ¹é…çš„å†…å®¹ä¹Ÿè¿›è¡Œæ•è·->åˆ†ç»„æ•è·     cã€åˆ†ç»„å¼•ç”¨,ä¾‹å¦‚:/^(\\d)(\\w)\\2\\1$/,è¿™é‡Œçš„\\2æ˜¯å’Œç¬¬äºŒä¸ªåˆ†ç»„å‡ºç°ä¸€æ¨¡æ ·çš„å†…å®¹,\\1æ˜¯å’Œç¬¬ä¸€ä¸ªåˆ†ç»„å‡ºç°ä¸€æ¨¡ä¸€æ ·çš„å†…å®¹,ä¾‹å¦‚:\"0aa0\"å°±ç¬¦åˆäº†     [ä»£è¡¨æ•°é‡çš„é‡è¯å…ƒå­—ç¬¦]  * -> 0åˆ°å¤šä¸ª   + -> 1åˆ°å¤šä¸ª   ? -> 0åˆ°1ä¸ª   {n} -> å‡ºç°næ¬¡   {n,} -> å‡ºç°nåˆ°å¤šæ¬¡   {n,m} -> å‡ºç°nåˆ°mæ¬¡    æ³¨æ„:   1)å…³äº?çš„å‡ ç§æƒ…å†µ     aã€æ”¾åœ¨éé‡è¯å…ƒå­—ç¬¦åé¢,ä»£è¡¨å‡ºç°0-1æ¬¡     bã€æ”¾åœ¨é‡è¯å…ƒå­—ç¬¦åé¢,ä»£è¡¨å–æ¶ˆæ•è·æ—¶å€™çš„è´ªå©ªæ€§,ä¾‹å¦‚:reg=/\\d+/; reg.exec(\"2015\") -> \"2015\" ä½†æ˜¯å¦‚æœæ­£åˆ™è¿™æ ·å†™ reg=/\\d+?/; reg.exec(\"2015\") -> \"2\"     cã€åœ¨åˆ†ç»„å¼€å¤´åŠ ?:,ä»£è¡¨å½“å‰çš„åˆ†ç»„åªæ˜¯åŒ¹é…ä¸è¿›è¡Œæ•è·,ä¾‹å¦‚:/^(?:\\d+)$/     dã€åœ¨åˆ†ç»„å¼€å¤´åŠ ?=,æ­£å‘é¢„æŸ¥,ä¾‹å¦‚:/^abcdef(?=1|2)$/ åªæœ‰\"abcdef1\"å’Œ\"abcdef2\"æ‰ç¬¦åˆ     eã€åœ¨åˆ†ç»„å¼€å¤´åŠ ?!,è´Ÿå‘é¢„æŸ¥,ä¾‹å¦‚:/^abcdef(?!1|2)$/ é™¤äº†\"abcdef1\"å’Œ\"abcdef2\"ä¸ç¬¦åˆ,å…¶ä»–çš„åªè¦æ˜¯\"abcdef(ä»»ä½•çš„ä¸œè¥¿)\"éƒ½ç¬¦åˆ    [ä»£è¡¨æœ¬èº«æ„æ€çš„å…ƒå­—ç¬¦]  é™¤äº†ä»¥ä¸Šçš„,åœ¨å­—é¢é‡æ–¹å¼ä¸­,æˆ‘ä»¬å‡ºç°çš„å…¶ä»–ä»»æ„å­—ç¬¦ä»£è¡¨çš„éƒ½æ˜¯è‡ªå·±æœ¬èº«çš„æ„æ€   var num=12;   var reg=/^\\w\"+num+\"$/; ->è¿™é‡Œ\"+num+\"ä¸æ˜¯æŠŠå˜é‡çš„å€¼æ‹¼æ¥,è€Œè¿™é‡Œçš„ä¸ç®¡æ˜¯\"è¿˜æ˜¯+éƒ½æ˜¯å…ƒå­—ç¬¦   ->å¯¹äºéœ€è¦æ‹¼æ¥å­—ç¬¦ä¸²å’Œå˜é‡çš„æ–¹å¼æˆ‘ä»¬åªèƒ½ä½¿ç”¨å®ä¾‹æ–¹å¼åˆ›å»ºæ­£åˆ™  2ã€ä¿®é¥°ç¬¦   i -> ignoreCase å¿½ç•¥å­—æ¯çš„å¤§å°å†™   g -> global å…¨å±€åŒ¹é… (åŠ ä¸Šgå¯ä»¥è§£å†³æ­£åˆ™æ•è·æ—¶å€™çš„æ‡’æƒ°æ€§)   m -> multiline å¤šè¡ŒåŒ¹é…  3ã€é¡¹ç›®ä¸­å¸¸ç”¨çš„æ­£åˆ™   1)æœ‰æ•ˆæ•°å­—çš„   var reg=/^[+-]?(\\d|([1-9]\\d+))(\\.\\d+)?$/;    2)é‚®ç®±çš„   var reg = /^\\w+((-\\w+)|(\\.\\w+))*@[A-Za-z0-9]+((\\.|-)[A-Za-z0-9]+)*\\.[A-Za-z0-9]+$/;    3)ç”µè¯çš„   var reg = /^1\\d{10}$/;    4)å¹´é¾„åœ¨18-65ä¹‹é—´çš„   var reg = /^((18|19)|([2-5]\\d)|(6[0-5]))$/;    5)ä¸­æ–‡å§“å   var reg = /^[\\u4e00-\\u9fa5]{2,4}$/;    6)èº«ä»½è¯   var reg = /^(\\d{6})(\\d{4})(\\d{2})(\\d{2})(?:\\d{2})(\\d)(?:\\d|X)$/;   //-> 12828(çœå¸‚å¿) 1990(å¹´) 12(æœˆ) 04(æ—¥) 06 1(å¥‡æ•°æ˜¯ç”·å¶æ•°æ˜¯å¥³) 7(æ•°å­—æˆ–è€…X)  4ã€æ­£åˆ™çš„åŒ¹é…   reg.test([string]) ->trueå°±æ˜¯åŒ¹é…æˆåŠŸ  false->åŒ¹é…ä¸æˆåŠŸ','test','test','','')

[ 2017-07-02T21:28:30+08:00 ] 125.84.85.203 /index.php/Admin/Admin/addArticle
INFO: [ app_init ] --START--
INFO: Run Behavior\BuildLiteBehavior [ RunTime:0.000000s ]
INFO: [ app_init ] --END-- [ RunTime:0.000000s ]
INFO: [ app_begin ] --START--
INFO: Run Behavior\ReadHtmlCacheBehavior [ RunTime:0.001000s ]
INFO: [ app_begin ] --END-- [ RunTime:0.001000s ]
SQL: SHOW COLUMNS FROM `yb_article` [ RunTime:0.0010s ]
SQL: INSERT INTO `yb_article` (`channel_id`,`content`,`title`,`summary`,`img_url`,`time`) VALUES ('2','1ã€å…ƒå­—ç¬¦   [æ‹¥æœ‰ç‰¹æ®Šå«ä¹‰çš„å…ƒå­—ç¬¦]  \\d -> åŒ¹é…ä¸€ä¸ª0-9çš„æ•°å­—,ç›¸å½“äº[0-9],å’Œå®ƒç›¸åçš„æ˜¯\\D ->åŒ¹é…ä¸€ä¸ªé™¤äº†0-9çš„ä»»æ„å­—ç¬¦   \\w -> åŒ¹é…ä¸€ä¸ª0-9ã€a-zã€A-Zã€_çš„æ•°å­—æˆ–å­—ç¬¦,ç›¸å½“äº[0-9a-zA-Z_]  \\s -> åŒ¹é…ä¸€ä¸ªç©ºç™½å­—ç¬¦(ç©ºæ ¼ã€åˆ¶è¡¨ç¬¦...)   \\b -> åŒ¹é…ä¸€ä¸ªå•è¯çš„è¾¹ç•Œ   \\t -> åŒ¹é…ä¸€ä¸ªåˆ¶è¡¨ç¬¦   \\n -> åŒ¹é…ä¸€ä¸ªæ¢è¡Œ   . -> åŒ¹é…ä¸€ä¸ªé™¤äº†\\nä»¥å¤–çš„ä»»æ„å­—ç¬¦   ^ -> ä»¥æŸä¸€ä¸ªå…ƒå­—ç¬¦å¼€å¤´   $ -> ä»¥æŸä¸€ä¸ªå…ƒå­—ç¬¦ç»“å°¾   \\ -> è½¬ç§»å­—ç¬¦   x|y -> xæˆ–è€…yçš„ä¸€ä¸ª   [xyz] -> xã€yã€zä¸­çš„ä»»æ„ä¸€ä¸ª   [^xyz] -> é™¤äº†xyzä¸­çš„ä»»æ„ä¸€ä¸ªå­—ç¬¦   [a-z] -> åŒ¹é…a-zä¸­çš„ä»»æ„ä¸€ä¸ªå­—ç¬¦   [^a-z] -> åŒ¹é…é™¤äº†a-zä¸­çš„ä»»æ„ä¸€ä¸ªå­—ç¬¦   () -> æ­£åˆ™ä¸­çš„åˆ†ç»„    æ³¨æ„:   1)å…³äº[]    aã€[+] ->ä¸­æ‹¬å·ä¸­å‡ºç°çš„æ‰€æœ‰å­—ç¬¦éƒ½ä»£è¡¨çš„æ˜¯æœ¬èº«çš„æ„æ€     bã€[12-65] ->è¿™ä¸ªä¸æ˜¯12-65è€Œæ˜¯1/2-6/5ä¸‰è€…ä¸­çš„ä¸€ä¸ª    2)å…³äº()     aã€åˆ†ç»„çš„ä½œç”¨æ˜¯æ”¹å˜é»˜è®¤çš„ä¼˜å…ˆçº§,ä¾‹å¦‚:/^18|19$/,181ã€189ã€119ã€819ã€1819...éƒ½ç¬¦åˆ,è€Œä¸æ˜¯æˆ‘ä»¬è®¤ä¸ºçš„18æˆ–19,ä½†æ˜¯æ”¹æˆ/^(18|19)$/å°±æ˜¯å•çº¯çš„18æˆ–19äº†     bã€å¯ä»¥åœ¨æ•è·å¤§æ­£åˆ™åŒ¹é…çš„å†…å®¹åŒæ—¶,æŠŠåˆ†ç»„åŒ¹é…çš„å†…å®¹ä¹Ÿè¿›è¡Œæ•è·->åˆ†ç»„æ•è·     cã€åˆ†ç»„å¼•ç”¨,ä¾‹å¦‚:/^(\\d)(\\w)\\2\\1$/,è¿™é‡Œçš„\\2æ˜¯å’Œç¬¬äºŒä¸ªåˆ†ç»„å‡ºç°ä¸€æ¨¡æ ·çš„å†…å®¹,\\1æ˜¯å’Œç¬¬ä¸€ä¸ªåˆ†ç»„å‡ºç°ä¸€æ¨¡ä¸€æ ·çš„å†…å®¹,ä¾‹å¦‚:\"0aa0\"å°±ç¬¦åˆäº†     [ä»£è¡¨æ•°é‡çš„é‡è¯å…ƒå­—ç¬¦]  * -> 0åˆ°å¤šä¸ª   + -> 1åˆ°å¤šä¸ª   ? -> 0åˆ°1ä¸ª   {n} -> å‡ºç°næ¬¡   {n,} -> å‡ºç°nåˆ°å¤šæ¬¡   {n,m} -> å‡ºç°nåˆ°mæ¬¡    æ³¨æ„:   1)å…³äº?çš„å‡ ç§æƒ…å†µ     aã€æ”¾åœ¨éé‡è¯å…ƒå­—ç¬¦åé¢,ä»£è¡¨å‡ºç°0-1æ¬¡     bã€æ”¾åœ¨é‡è¯å…ƒå­—ç¬¦åé¢,ä»£è¡¨å–æ¶ˆæ•è·æ—¶å€™çš„è´ªå©ªæ€§,ä¾‹å¦‚:reg=/\\d+/; reg.exec(\"2015\") -> \"2015\" ä½†æ˜¯å¦‚æœæ­£åˆ™è¿™æ ·å†™ reg=/\\d+?/; reg.exec(\"2015\") -> \"2\"     cã€åœ¨åˆ†ç»„å¼€å¤´åŠ ?:,ä»£è¡¨å½“å‰çš„åˆ†ç»„åªæ˜¯åŒ¹é…ä¸è¿›è¡Œæ•è·,ä¾‹å¦‚:/^(?:\\d+)$/     dã€åœ¨åˆ†ç»„å¼€å¤´åŠ ?=,æ­£å‘é¢„æŸ¥,ä¾‹å¦‚:/^abcdef(?=1|2)$/ åªæœ‰\"abcdef1\"å’Œ\"abcdef2\"æ‰ç¬¦åˆ     eã€åœ¨åˆ†ç»„å¼€å¤´åŠ ?!,è´Ÿå‘é¢„æŸ¥,ä¾‹å¦‚:/^abcdef(?!1|2)$/ é™¤äº†\"abcdef1\"å’Œ\"abcdef2\"ä¸ç¬¦åˆ,å…¶ä»–çš„åªè¦æ˜¯\"abcdef(ä»»ä½•çš„ä¸œè¥¿)\"éƒ½ç¬¦åˆ    [ä»£è¡¨æœ¬èº«æ„æ€çš„å…ƒå­—ç¬¦]  é™¤äº†ä»¥ä¸Šçš„,åœ¨å­—é¢é‡æ–¹å¼ä¸­,æˆ‘ä»¬å‡ºç°çš„å…¶ä»–ä»»æ„å­—ç¬¦ä»£è¡¨çš„éƒ½æ˜¯è‡ªå·±æœ¬èº«çš„æ„æ€   var num=12;   var reg=/^\\w\"+num+\"$/; ->è¿™é‡Œ\"+num+\"ä¸æ˜¯æŠŠå˜é‡çš„å€¼æ‹¼æ¥,è€Œè¿™é‡Œçš„ä¸ç®¡æ˜¯\"è¿˜æ˜¯+éƒ½æ˜¯å…ƒå­—ç¬¦   ->å¯¹äºéœ€è¦æ‹¼æ¥å­—ç¬¦ä¸²å’Œå˜é‡çš„æ–¹å¼æˆ‘ä»¬åªèƒ½ä½¿ç”¨å®ä¾‹æ–¹å¼åˆ›å»ºæ­£åˆ™  2ã€ä¿®é¥°ç¬¦   i -> ignoreCase å¿½ç•¥å­—æ¯çš„å¤§å°å†™   g -> global å…¨å±€åŒ¹é… (åŠ ä¸Šgå¯ä»¥è§£å†³æ­£åˆ™æ•è·æ—¶å€™çš„æ‡’æƒ°æ€§)   m -> multiline å¤šè¡ŒåŒ¹é…  3ã€é¡¹ç›®ä¸­å¸¸ç”¨çš„æ­£åˆ™   1)æœ‰æ•ˆæ•°å­—çš„   var reg=/^[+-]?(\\d|([1-9]\\d+))(\\.\\d+)?$/;    2)é‚®ç®±çš„   var reg = /^\\w+((-\\w+)|(\\.\\w+))*@[A-Za-z0-9]+((\\.|-)[A-Za-z0-9]+)*\\.[A-Za-z0-9]+$/;    3)ç”µè¯çš„   var reg = /^1\\d{10}$/;    4)å¹´é¾„åœ¨18-65ä¹‹é—´çš„   var reg = /^((18|19)|([2-5]\\d)|(6[0-5]))$/;    5)ä¸­æ–‡å§“å   var reg = /^[\\u4e00-\\u9fa5]{2,4}$/;    6)èº«ä»½è¯   var reg = /^(\\d{6})(\\d{4})(\\d{2})(\\d{2})(?:\\d{2})(\\d)(?:\\d|X)$/;   //-> 12828(çœå¸‚å¿) 1990(å¹´) 12(æœˆ) 04(æ—¥) 06 1(å¥‡æ•°æ˜¯ç”·å¶æ•°æ˜¯å¥³) 7(æ•°å­—æˆ–è€…X)  4ã€æ­£åˆ™çš„åŒ¹é…   reg.test([string]) ->trueå°±æ˜¯åŒ¹é…æˆåŠŸ  false->åŒ¹é…ä¸æˆåŠŸ','test','test','#','2017-07-02') [ RunTime:0.0190s ]
SQL: SHOW COLUMNS FROM `yb_article` [ RunTime:0.0010s ]
SQL: SELECT COUNT(*) AS tp_count FROM `yb_article` WHERE ( channel_id = '2' ) LIMIT 1   [ RunTime:0.0000s ]
SQL: SHOW COLUMNS FROM `yb_article` [ RunTime:0.0010s ]
SQL: SELECT * FROM `yb_article` WHERE ( channel_id = '2' ) ORDER BY time desc LIMIT 0,10   [ RunTime:0.0010s ]
NOTIC: [8] Use of undefined constant newsManage - assumed 'newsManage' D:\freehost\ngxz92\web\Application\Admin\Controller\AdminController.class.php ç¬¬ 48 è¡Œ.
INFO: [ view_parse ] --START--
INFO: [ template_filter ] --START--
INFO: Run Behavior\ContentReplaceBehavior [ RunTime:0.000000s ]
INFO: [ template_filter ] --END-- [ RunTime:0.000000s ]
INFO: Run Behavior\ParseTemplateBehavior [ RunTime:0.007000s ]
INFO: [ view_parse ] --END-- [ RunTime:0.007000s ]
INFO: [ view_filter ] --START--
INFO: Run Behavior\WriteHtmlCacheBehavior [ RunTime:0.000000s ]
INFO: [ view_filter ] --END-- [ RunTime:0.000000s ]
INFO: [ app_end ] --START--
INFO: Run Behavior\ShowPageTraceBehavior [ RunTime:0.001000s ]
INFO: [ app_end ] --END-- [ RunTime:0.001000s ]

[ 2017-07-02T21:29:43+08:00 ] 125.84.85.203 /index.php/Admin/Admin/deleteArticle
INFO: [ app_init ] --START--
INFO: Run Behavior\BuildLiteBehavior [ RunTime:0.000000s ]
INFO: [ app_init ] --END-- [ RunTime:0.001000s ]
INFO: [ app_begin ] --START--
INFO: Run Behavior\ReadHtmlCacheBehavior [ RunTime:0.000000s ]
INFO: [ app_begin ] --END-- [ RunTime:0.000000s ]
SQL: SHOW COLUMNS FROM `yb_article` [ RunTime:0.0010s ]
SQL: DELETE FROM `yb_article` WHERE ( id = '12' ) [ RunTime:0.0270s ]
INFO: [ app_end ] --START--
INFO: Run Behavior\ShowPageTraceBehavior [ RunTime:0.001000s ]
INFO: [ app_end ] --END-- [ RunTime:0.001000s ]

[ 2017-07-02T21:29:49+08:00 ] 125.84.85.203 /index.php/Admin/Admin/searchArticle/channel_id/2/²ËÄñ
INFO: [ app_init ] --START--
INFO: Run Behavior\BuildLiteBehavior [ RunTime:0.000000s ]
INFO: [ app_init ] --END-- [ RunTime:0.001000s ]
INFO: [ app_begin ] --START--
INFO: Run Behavior\ReadHtmlCacheBehavior [ RunTime:0.000000s ]
INFO: [ app_begin ] --END-- [ RunTime:0.000000s ]
SQL: SHOW COLUMNS FROM `yb_article` [ RunTime:0.0010s ]
SQL: SELECT COUNT(*) AS tp_count FROM `yb_article` WHERE ( channel_id = '2' ) LIMIT 1   [ RunTime:0.0000s ]
SQL: SHOW COLUMNS FROM `yb_article` [ RunTime:0.0010s ]
SQL: SELECT * FROM `yb_article` WHERE ( channel_id = '2' ) ORDER BY time desc LIMIT 0,10   [ RunTime:0.0010s ]
NOTIC: [8] Use of undefined constant newsManage - assumed 'newsManage' D:\freehost\ngxz92\web\Application\Admin\Controller\AdminController.class.php ç¬¬ 48 è¡Œ.
INFO: [ view_parse ] --START--
INFO: [ template_filter ] --START--
INFO: Run Behavior\ContentReplaceBehavior [ RunTime:0.000000s ]
INFO: [ template_filter ] --END-- [ RunTime:0.000000s ]
INFO: Run Behavior\ParseTemplateBehavior [ RunTime:0.007000s ]
INFO: [ view_parse ] --END-- [ RunTime:0.007000s ]
INFO: [ view_filter ] --START--
INFO: Run Behavior\WriteHtmlCacheBehavior [ RunTime:0.000000s ]
INFO: [ view_filter ] --END-- [ RunTime:0.000000s ]
INFO: [ app_end ] --START--
INFO: Run Behavior\ShowPageTraceBehavior [ RunTime:0.001000s ]
INFO: [ app_end ] --END-- [ RunTime:0.001000s ]

[ 2017-07-02T21:30:48+08:00 ] 125.84.85.203 /index.php/Admin/Admin/searchArticle/channel_id/1/²ËÄñ
INFO: [ app_init ] --START--
INFO: Run Behavior\BuildLiteBehavior [ RunTime:0.000000s ]
INFO: [ app_init ] --END-- [ RunTime:0.001000s ]
INFO: [ app_begin ] --START--
INFO: Run Behavior\ReadHtmlCacheBehavior [ RunTime:0.000000s ]
INFO: [ app_begin ] --END-- [ RunTime:0.000000s ]
SQL: SHOW COLUMNS FROM `yb_article` [ RunTime:0.0020s ]
SQL: SELECT COUNT(*) AS tp_count FROM `yb_article` WHERE ( channel_id = '1' ) LIMIT 1   [ RunTime:0.0010s ]
SQL: SHOW COLUMNS FROM `yb_article` [ RunTime:0.0010s ]
SQL: SELECT * FROM `yb_article` WHERE ( channel_id = '1' ) ORDER BY time desc LIMIT 0,10   [ RunTime:0.0010s ]
NOTIC: [8] Use of undefined constant newsManage - assumed 'newsManage' D:\freehost\ngxz92\web\Application\Admin\Controller\AdminController.class.php ç¬¬ 48 è¡Œ.
INFO: [ view_parse ] --START--
INFO: [ template_filter ] --START--
INFO: Run Behavior\ContentReplaceBehavior [ RunTime:0.000000s ]
INFO: [ template_filter ] --END-- [ RunTime:0.000000s ]
INFO: Run Behavior\ParseTemplateBehavior [ RunTime:0.007001s ]
INFO: [ view_parse ] --END-- [ RunTime:0.007001s ]
INFO: [ view_filter ] --START--
INFO: Run Behavior\WriteHtmlCacheBehavior [ RunTime:0.000000s ]
INFO: [ view_filter ] --END-- [ RunTime:0.000000s ]
INFO: [ app_end ] --START--
INFO: Run Behavior\ShowPageTraceBehavior [ RunTime:0.000000s ]
INFO: [ app_end ] --END-- [ RunTime:0.000000s ]

[ 2017-07-02T21:34:03+08:00 ] 125.84.85.203 /index.php/Admin/Admin/addArticle
INFO: [ app_init ] --START--
INFO: Run Behavior\BuildLiteBehavior [ RunTime:0.000000s ]
INFO: [ app_init ] --END-- [ RunTime:0.000000s ]
INFO: [ app_begin ] --START--
INFO: Run Behavior\ReadHtmlCacheBehavior [ RunTime:0.000000s ]
INFO: [ app_begin ] --END-- [ RunTime:0.000000s ]
SQL: SHOW COLUMNS FROM `yb_article` [ RunTime:0.0010s ]
SQL: INSERT INTO `yb_article` (`channel_id`,`content`,`title`,`summary`,`img_url`,`time`) VALUES ('1','ç«™ä¸»å‘¨ä¸€åˆ°å‘¨äº”æ˜¯ä¸Šç­æ—¶é—´ï¼Œæ™šä¸Šå›å®¶ä¹‹åå®Œæˆæ™šé¥­å·²ç»ä¸æ—©äº†ï¼Œå¹³æ—¶ä¹Ÿä¼šç©ä¸€ä¼šçš„æ¸¸æˆï¼Œæ‰€ä»¥ç½‘ç«™å»ºè®¾ä¸»è¦æ˜¯åœ¨å‘¨æœ«ã€‚','å…³äºç½‘ç«™å†…å®¹çš„æ›´æ–°é—®é¢˜','å¤§æ¦‚è®²ä¸€ä¸‹æ›´æ–°çš„é€Ÿåº¦ã€å†…å®¹ç­‰','#','2017-07-02') [ RunTime:0.0200s ]
SQL: SHOW COLUMNS FROM `yb_article` [ RunTime:0.0020s ]
SQL: SELECT COUNT(*) AS tp_count FROM `yb_article` WHERE ( channel_id = '1' ) LIMIT 1   [ RunTime:0.0000s ]
SQL: SHOW COLUMNS FROM `yb_article` [ RunTime:0.0010s ]
SQL: SELECT * FROM `yb_article` WHERE ( channel_id = '1' ) ORDER BY time desc LIMIT 0,10   [ RunTime:0.0000s ]
NOTIC: [8] Use of undefined constant newsManage - assumed 'newsManage' D:\freehost\ngxz92\web\Application\Admin\Controller\AdminController.class.php ç¬¬ 48 è¡Œ.
INFO: [ view_parse ] --START--
INFO: [ template_filter ] --START--
INFO: Run Behavior\ContentReplaceBehavior [ RunTime:0.000000s ]
INFO: [ template_filter ] --END-- [ RunTime:0.000000s ]
INFO: Run Behavior\ParseTemplateBehavior [ RunTime:0.007001s ]
INFO: [ view_parse ] --END-- [ RunTime:0.007001s ]
INFO: [ view_filter ] --START--
INFO: Run Behavior\WriteHtmlCacheBehavior [ RunTime:0.000000s ]
INFO: [ view_filter ] --END-- [ RunTime:0.000000s ]
INFO: [ app_end ] --START--
INFO: Run Behavior\ShowPageTraceBehavior [ RunTime:0.001000s ]
INFO: [ app_end ] --END-- [ RunTime:0.001000s ]

[ 2017-07-02T21:34:08+08:00 ] 125.84.85.203 /index.php/Admin/Admin/searchArticleOne
INFO: [ app_init ] --START--
INFO: Run Behavior\BuildLiteBehavior [ RunTime:0.000000s ]
INFO: [ app_init ] --END-- [ RunTime:0.000000s ]
INFO: [ app_begin ] --START--
INFO: Run Behavior\ReadHtmlCacheBehavior [ RunTime:0.000000s ]
INFO: [ app_begin ] --END-- [ RunTime:0.000000s ]
SQL: SHOW COLUMNS FROM `yb_article` [ RunTime:0.0010s ]
SQL: SELECT * FROM `yb_article` WHERE ( id = '13' )  [ RunTime:0.0010s ]

[ 2017-07-02T21:36:38+08:00 ] 125.84.85.203 /index.php/Admin/Admin/addArticle
INFO: [ app_init ] --START--
INFO: Run Behavior\BuildLiteBehavior [ RunTime:0.000000s ]
INFO: [ app_init ] --END-- [ RunTime:0.000000s ]
INFO: [ app_begin ] --START--
INFO: Run Behavior\ReadHtmlCacheBehavior [ RunTime:0.000000s ]
INFO: [ app_begin ] --END-- [ RunTime:0.000000s ]
SQL: SHOW COLUMNS FROM `yb_article` [ RunTime:0.0020s ]
SQL: UPDATE `yb_article` SET `channel_id`='-1',`content`='ç«™ä¸»å‘¨ä¸€åˆ°å‘¨äº”æ˜¯ä¸Šç­æ—¶é—´ï¼Œæ™šä¸Šå›å®¶ä¹‹åå®Œæˆæ™šé¥­å·²ç»ä¸æ—©äº†ï¼Œå¹³æ—¶ä¹Ÿä¼šç©ä¸€ä¼šçš„æ¸¸æˆï¼Œæ‰€ä»¥ç½‘ç«™å»ºè®¾ä¸»è¦æ˜¯åœ¨å‘¨æœ«ã€‚è€Œæ•´ä½“çš„UIæœ‰å¾ˆå¤šæ•Œæ–¹éœ€è¦ä¿®æ”¹ï¼ˆè°èƒ½èµæˆ‘ä¸€ä½è®¾è®¡å¸ˆï¼‰ï¼Œä½†å¤§çš„é£æ ¼ï¼Œæ¡†æ¶ä¸ä¼šæ”¹å˜ã€‚æ‰€ä»¥æœ€è¿‘æ—¶é—´éƒ½ä¸»è¦æ˜¯ç•Œé¢å’Œç»“æ„çš„ä¿®æ”¹ï¼Œæ–‡ç« æ›´æ–°ä¸ä¼šæœ‰å¾ˆå¤šï¼',`title`='å…³äºç½‘ç«™å†…å®¹çš„æ›´æ–°é—®é¢˜',`summary`='å¤§æ¦‚è®²ä¸€ä¸‹æ›´æ–°çš„é€Ÿåº¦ã€å†…å®¹ç­‰',`img_url`='#',`time`='2017-07-02 00:00:00' WHERE ( id='13' ) [ RunTime:0.0200s ]
SQL: SHOW COLUMNS FROM `yb_article` [ RunTime:0.0020s ]
SQL: SELECT COUNT(*) AS tp_count FROM `yb_article` WHERE ( channel_id = '-1' ) LIMIT 1   [ RunTime:0.0000s ]
SQL: SHOW COLUMNS FROM `yb_article` [ RunTime:0.0020s ]
SQL: SELECT * FROM `yb_article` WHERE ( channel_id = '-1' ) ORDER BY time desc LIMIT 0,10   [ RunTime:0.0000s ]
NOTIC: [8] Use of undefined constant newsManage - assumed 'newsManage' D:\freehost\ngxz92\web\Application\Admin\Controller\AdminController.class.php ç¬¬ 48 è¡Œ.
INFO: [ view_parse ] --START--
INFO: [ template_filter ] --START--
INFO: Run Behavior\ContentReplaceBehavior [ RunTime:0.000000s ]
INFO: [ template_filter ] --END-- [ RunTime:0.000000s ]
INFO: Run Behavior\ParseTemplateBehavior [ RunTime:0.007000s ]
INFO: [ view_parse ] --END-- [ RunTime:0.008000s ]
INFO: [ view_filter ] --START--
INFO: Run Behavior\WriteHtmlCacheBehavior [ RunTime:0.000000s ]
INFO: [ view_filter ] --END-- [ RunTime:0.000000s ]
INFO: [ app_end ] --START--
INFO: Run Behavior\ShowPageTraceBehavior [ RunTime:0.000000s ]
INFO: [ app_end ] --END-- [ RunTime:0.000000s ]

[ 2017-07-02T21:36:46+08:00 ] 125.84.85.203 /index.php/Admin/Admin/searchArticleOne
INFO: [ app_init ] --START--
INFO: Run Behavior\BuildLiteBehavior [ RunTime:0.000000s ]
INFO: [ app_init ] --END-- [ RunTime:0.000000s ]
INFO: [ app_begin ] --START--
INFO: Run Behavior\ReadHtmlCacheBehavior [ RunTime:0.000000s ]
INFO: [ app_begin ] --END-- [ RunTime:0.000000s ]
SQL: SHOW COLUMNS FROM `yb_article` [ RunTime:0.0010s ]
SQL: SELECT * FROM `yb_article` WHERE ( id = '13' )  [ RunTime:0.0000s ]

[ 2017-07-02T21:36:50+08:00 ] 125.84.85.203 /index.php/Admin/Admin/addArticle
INFO: [ app_init ] --START--
INFO: Run Behavior\BuildLiteBehavior [ RunTime:0.000000s ]
INFO: [ app_init ] --END-- [ RunTime:0.000000s ]
INFO: [ app_begin ] --START--
INFO: Run Behavior\ReadHtmlCacheBehavior [ RunTime:0.000000s ]
INFO: [ app_begin ] --END-- [ RunTime:0.000000s ]
SQL: SHOW COLUMNS FROM `yb_article` [ RunTime:0.0020s ]
SQL: UPDATE `yb_article` SET `channel_id`='1',`content`='ç«™ä¸»å‘¨ä¸€åˆ°å‘¨äº”æ˜¯ä¸Šç­æ—¶é—´ï¼Œæ™šä¸Šå›å®¶ä¹‹åå®Œæˆæ™šé¥­å·²ç»ä¸æ—©äº†ï¼Œå¹³æ—¶ä¹Ÿä¼šç©ä¸€ä¼šçš„æ¸¸æˆï¼Œæ‰€ä»¥ç½‘ç«™å»ºè®¾ä¸»è¦æ˜¯åœ¨å‘¨æœ«ã€‚è€Œæ•´ä½“çš„UIæœ‰å¾ˆå¤šæ•Œæ–¹éœ€è¦ä¿®æ”¹ï¼ˆè°èƒ½èµæˆ‘ä¸€ä½è®¾è®¡å¸ˆï¼‰ï¼Œä½†å¤§çš„é£æ ¼ï¼Œæ¡†æ¶ä¸ä¼šæ”¹å˜ã€‚æ‰€ä»¥æœ€è¿‘æ—¶é—´éƒ½ä¸»è¦æ˜¯ç•Œé¢å’Œç»“æ„çš„ä¿®æ”¹ï¼Œæ–‡ç« æ›´æ–°ä¸ä¼šæœ‰å¾ˆå¤šï¼',`title`='å…³äºç½‘ç«™å†…å®¹çš„æ›´æ–°é—®é¢˜',`summary`='å¤§æ¦‚è®²ä¸€ä¸‹æ›´æ–°çš„é€Ÿåº¦ã€å†…å®¹ç­‰',`img_url`='#',`time`='2017-07-02 00:00:00' WHERE ( id='13' ) [ RunTime:0.0180s ]
SQL: SHOW COLUMNS FROM `yb_article` [ RunTime:0.0010s ]
SQL: SELECT COUNT(*) AS tp_count FROM `yb_article` WHERE ( channel_id = '1' ) LIMIT 1   [ RunTime:0.0000s ]
SQL: SHOW COLUMNS FROM `yb_article` [ RunTime:0.0010s ]
SQL: SELECT * FROM `yb_article` WHERE ( channel_id = '1' ) ORDER BY time desc LIMIT 0,10   [ RunTime:0.0010s ]
NOTIC: [8] Use of undefined constant newsManage - assumed 'newsManage' D:\freehost\ngxz92\web\Application\Admin\Controller\AdminController.class.php ç¬¬ 48 è¡Œ.
INFO: [ view_parse ] --START--
INFO: [ template_filter ] --START--
INFO: Run Behavior\ContentReplaceBehavior [ RunTime:0.000000s ]
INFO: [ template_filter ] --END-- [ RunTime:0.000000s ]
INFO: Run Behavior\ParseTemplateBehavior [ RunTime:0.007000s ]
INFO: [ view_parse ] --END-- [ RunTime:0.007000s ]
INFO: [ view_filter ] --START--
INFO: Run Behavior\WriteHtmlCacheBehavior [ RunTime:0.001000s ]
INFO: [ view_filter ] --END-- [ RunTime:0.001000s ]
INFO: [ app_end ] --START--
INFO: Run Behavior\ShowPageTraceBehavior [ RunTime:0.000000s ]
INFO: [ app_end ] --END-- [ RunTime:0.000000s ]

[ 2017-07-02T21:41:56+08:00 ] 125.84.85.203 /index.php/Admin/Admin/addArticle
INFO: [ app_init ] --START--
INFO: Run Behavior\BuildLiteBehavior [ RunTime:0.000000s ]
INFO: [ app_init ] --END-- [ RunTime:0.000000s ]
INFO: [ app_begin ] --START--
INFO: Run Behavior\ReadHtmlCacheBehavior [ RunTime:0.000000s ]
INFO: [ app_begin ] --END-- [ RunTime:0.000000s ]
SQL: SHOW COLUMNS FROM `yb_article` [ RunTime:0.0020s ]
SQL: INSERT INTO `yb_article` (`channel_id`,`content`,`title`,`summary`,`img_url`,`time`) VALUES ('1','æœ€å¼€å§‹æƒ³çš„ä¸€å¥—UIå·²ç»æ…¢æ…¢çš„è¢«å®Œå…¨å–ç¼”ï¼Œå¾ˆå¤šåœ°æ–¹è¿˜ä¼šæœ‰æ‰€å°æ”¹ï¼›è€Œåå°ç®¡ç†ï¼Œæœ€å¼€å§‹æ‰“ç®—ä½¿ç”¨ç°æˆçš„CMSï¼Œåæ¥è¿˜æ˜¯å†³å®šè‡ªå·±æ…¢æ…¢çš„æ¥åšï¼Œå…·ä½“åŠŸèƒ½å‚ç…§å½“å‰æµè¡Œçš„CMSåŠŸèƒ½ï¼ˆè¿™æ˜¯ä¸€ä¸ªå¾ˆå¤§çš„å·¥ä½œé‡ï¼‰ï¼›ç«™ä¸»ç›®å‰æŠ€æœ¯èƒ½åŠ›æœ‰é™ï¼ˆè´ªç©ï¼‰ï¼Œå¹³æ—¶å°†ä¼šè®°å½•æƒ³åˆ°çš„é—®é¢˜ï¼Œä¾æ¬¡çš„å®ç°ï¼','å…³äºç½‘ç«™å»ºè®¾çš„è¿›åº¦','ä¸»è¦è®²ä¸€ä¸‹å½“å‰å»ºè®¾çš„è¿›åº¦å’Œå³å°†ä¿®æ”¹çš„åŠŸèƒ½','#','2017-07-02') [ RunTime:0.0170s ]
SQL: SHOW COLUMNS FROM `yb_article` [ RunTime:0.0020s ]
SQL: SELECT COUNT(*) AS tp_count FROM `yb_article` WHERE ( channel_id = '1' ) LIMIT 1   [ RunTime:0.0000s ]
SQL: SHOW COLUMNS FROM `yb_article` [ RunTime:0.0020s ]
SQL: SELECT * FROM `yb_article` WHERE ( channel_id = '1' ) ORDER BY time desc LIMIT 0,10   [ RunTime:0.0000s ]
NOTIC: [8] Use of undefined constant newsManage - assumed 'newsManage' D:\freehost\ngxz92\web\Application\Admin\Controller\AdminController.class.php ç¬¬ 48 è¡Œ.
INFO: [ view_parse ] --START--
INFO: [ template_filter ] --START--
INFO: Run Behavior\ContentReplaceBehavior [ RunTime:0.000000s ]
INFO: [ template_filter ] --END-- [ RunTime:0.000000s ]
INFO: Run Behavior\ParseTemplateBehavior [ RunTime:0.014000s ]
INFO: [ view_parse ] --END-- [ RunTime:0.014000s ]
INFO: [ view_filter ] --START--
INFO: Run Behavior\WriteHtmlCacheBehavior [ RunTime:0.001001s ]
INFO: [ view_filter ] --END-- [ RunTime:0.001001s ]
INFO: [ app_end ] --START--
INFO: Run Behavior\ShowPageTraceBehavior [ RunTime:0.000000s ]
INFO: [ app_end ] --END-- [ RunTime:0.000000s ]

