[ 2017-07-26T08:03:45+08:00 ] 113.250.224.187 /index.php/Admin/Admin/login
INFO: [ app_init ] --START--
INFO: Run Behavior\BuildLiteBehavior [ RunTime:0.001000s ]
INFO: [ app_init ] --END-- [ RunTime:0.001000s ]
INFO: [ app_begin ] --START--
INFO: Run Behavior\ReadHtmlCacheBehavior [ RunTime:0.000000s ]
INFO: [ app_begin ] --END-- [ RunTime:0.001000s ]
NOTIC: [2] fopen(D:\freehost\ngxz92\web\ThinkPHP\Library\Org\Net/UTFWry.dat): failed to open stream: No such file or directory D:\freehost\ngxz92\web\ThinkPHP\Library\Org\Net\IpLocation.class.php ç¬¬ 54 è¡Œ.
SQL: SHOW COLUMNS FROM `yb_admin` [ RunTime:0.0540s ]
SQL: SELECT * FROM `yb_admin` WHERE ( uid = '1001' )  [ RunTime:0.0000s ]
SQL: SHOW COLUMNS FROM `yb_admin_menus` [ RunTime:0.0510s ]
SQL: SELECT * FROM `yb_admin_menus`  [ RunTime:0.0000s ]
NOTIC: [8] Use of undefined constant welcome - assumed 'welcome' D:\freehost\ngxz92\web\Application\Admin\Controller\AdminController.class.php ç¬¬ 34 è¡Œ.
INFO: [ view_parse ] --START--
INFO: [ template_filter ] --START--
INFO: Run Behavior\ContentReplaceBehavior [ RunTime:0.000000s ]
INFO: [ template_filter ] --END-- [ RunTime:0.000000s ]
INFO: Run Behavior\ParseTemplateBehavior [ RunTime:0.009001s ]
INFO: [ view_parse ] --END-- [ RunTime:0.009001s ]
INFO: [ view_filter ] --START--
INFO: Run Behavior\WriteHtmlCacheBehavior [ RunTime:0.000000s ]
INFO: [ view_filter ] --END-- [ RunTime:0.000000s ]
INFO: [ app_end ] --START--
INFO: Run Behavior\ShowPageTraceBehavior [ RunTime:0.001000s ]
INFO: [ app_end ] --END-- [ RunTime:0.001000s ]

[ 2017-07-26T08:03:48+08:00 ] 113.250.224.187 /index.php/Admin/Admin/searchArticle/channel_id/1/²ËÄñ
INFO: [ app_init ] --START--
INFO: Run Behavior\BuildLiteBehavior [ RunTime:0.001000s ]
INFO: [ app_init ] --END-- [ RunTime:0.001000s ]
INFO: [ app_begin ] --START--
INFO: Run Behavior\ReadHtmlCacheBehavior [ RunTime:0.001000s ]
INFO: [ app_begin ] --END-- [ RunTime:0.001000s ]
SQL: SHOW COLUMNS FROM `yb_article` [ RunTime:0.0020s ]
SQL: SELECT COUNT(*) AS tp_count FROM `yb_article` WHERE ( channel_id = '1' ) LIMIT 1   [ RunTime:0.0000s ]
SQL: SHOW COLUMNS FROM `yb_article` [ RunTime:0.0020s ]
SQL: SELECT * FROM `yb_article` WHERE ( channel_id = '1' ) ORDER BY time desc LIMIT 0,10   [ RunTime:0.0000s ]
NOTIC: [8] Use of undefined constant newsManage - assumed 'newsManage' D:\freehost\ngxz92\web\Application\Admin\Controller\AdminController.class.php ç¬¬ 56 è¡Œ.
INFO: [ view_parse ] --START--
INFO: [ template_filter ] --START--
INFO: Run Behavior\ContentReplaceBehavior [ RunTime:0.000000s ]
INFO: [ template_filter ] --END-- [ RunTime:0.000000s ]
INFO: Run Behavior\ParseTemplateBehavior [ RunTime:0.017001s ]
INFO: [ view_parse ] --END-- [ RunTime:0.017001s ]
INFO: [ view_filter ] --START--
INFO: Run Behavior\WriteHtmlCacheBehavior [ RunTime:0.000000s ]
INFO: [ view_filter ] --END-- [ RunTime:0.000000s ]
INFO: [ app_end ] --START--
INFO: Run Behavior\ShowPageTraceBehavior [ RunTime:0.001000s ]
INFO: [ app_end ] --END-- [ RunTime:0.001000s ]

[ 2017-07-26T08:20:10+08:00 ] 113.250.224.187 /index.php/Admin/Admin/addArticle
INFO: [ app_init ] --START--
INFO: Run Behavior\BuildLiteBehavior [ RunTime:0.000000s ]
INFO: [ app_init ] --END-- [ RunTime:0.000000s ]
INFO: [ app_begin ] --START--
INFO: Run Behavior\ReadHtmlCacheBehavior [ RunTime:0.001000s ]
INFO: [ app_begin ] --END-- [ RunTime:0.001000s ]
NOTIC: [2] call_user_func() expects parameter 1 to be a valid callback, no array or string given D:\freehost\ngxz92\web\ThinkPHP\Library\Think\Upload.class.php ç¬¬ 170 è¡Œ.
INFO: [ view_parse ] --START--
INFO: [ template_filter ] --START--
INFO: Run Behavior\ContentReplaceBehavior [ RunTime:0.000000s ]
INFO: [ template_filter ] --END-- [ RunTime:0.000000s ]
INFO: Run Behavior\ParseTemplateBehavior [ RunTime:0.022001s ]
INFO: [ view_parse ] --END-- [ RunTime:0.022001s ]
INFO: [ view_filter ] --START--
INFO: Run Behavior\WriteHtmlCacheBehavior [ RunTime:0.000000s ]
INFO: [ view_filter ] --END-- [ RunTime:0.000000s ]
SQL: SHOW COLUMNS FROM `yb_article` [ RunTime:0.0020s ]
SQL: INSERT INTO `yb_article` (`channel_id`,`content`,`title`,`author`,`summary`,`img_url`,`time`) VALUES ('1','<p>
	ä»Šå¤©åœ¨åœ°é“æŠ¥çº¸ä¸Šçœ‹åˆ°æµ·è´¼ç‹è¿è½½äºŒåå‘¨å¹´çš„ä¸“ç‰ˆï¼Œåœ°é“ä¸Šå‡ ä¸ªå¹´é¾„ç›¸ä»¿çš„åŒå­¦éƒ½åœ¨é˜…è¯»è¿™ç¯‡æ–‡ç« ï¼Œä¸ä»…æ„Ÿæ¦‚ã€‚
</p>
<p>
	è¿™æ˜¯ä¸€éƒ¨æˆ‘åªçœ‹äº†ä¸¤é›†å°±æ— æ³•æ”¾ä¸‹çš„ä½œå“ï¼Œåˆšä¸Šé«˜ä¸­é‚£ä¼šå„¿ï¼Œå‘¨æœ«å»ç½‘å§ä¸ç©æ¸¸æˆï¼Œä¸åšå…¶ä»–çš„ï¼Œå°±å–œæ¬¢ä¸‹è½½æµ·è´¼åˆ°æ‰‹æœºè§‚çœ‹ï¼›è€Œåå¤§å­¦ç»ˆäºè¡¥ä¸Šäº†ä¸¤å¹´åçš„å‰§æƒ…ï¼Œæœ€éš¾å¿˜çš„æ˜¯ä¸ƒæ°´ä¹‹éƒ½å’Œé¡¶ä¸Šæˆ˜äº‰...
</p>
<p>
	æ—¶å…‰èè‹’ï¼Œå¦‚ä»Šå·²ä¸å¤å½“å¹´çš„çƒ­æƒ…ï¼ŒTVç‰ˆä¹Ÿæ˜¯è¿½åˆ°æ˜å“¥ç¯‡åæ²¡å†ç»§ç»­ï¼Œä½†æ˜¯åœ¨æˆ‘å¿ƒä¸­çš„åŠ¨æ¼«æµ·è´¼æ’ç¬¬äºŒé‚£å°±æ²¡æœ‰ç¬¬ä¸€ï¼Œé™ªæˆ‘åº¦è¿‡å¤šå¹´éš¾å¿˜æ—¶å…‰ï¼Œä»–è®©æˆ‘ä¸å†æ‡¦å¼±ï¼Œè®©æˆ‘æ— ç”±ä¿¡å¿ƒï¼Œè®©æˆ‘è®¤è¯†å‹è°Šï¼Œè®¤æ¸…æ¢¦æƒ³...
</p>
<p>
	ç›´åˆ°ç°åœ¨ï¼Œæˆ‘è¿˜è®°å¾—ç´¢éš†æ„Ÿå—åˆ°é¹°çœ¼ç»å¯¹æ€§çš„å¼ºå¤§ä¹‹å<span>ï¼ˆå’¬ç‰™ï¼‰</span>ï¼š<strong>å¦‚æœæˆ‘ç°åœ¨æ”¾å¼ƒçš„è¯ï¼Œé‚£äº›èª“è¨€ï¼Œçº¦å®šï¼Œè¿˜æœ‰æ¢¦æƒ³éƒ½ä¼šæ¶ˆå¤±ä¸è§ï¼Œè€Œæˆ‘ï¼Œå†ä¹Ÿä¸èƒ½å›åˆ°è¿™é‡Œ..</strong>.
</p>','æ›¾ç»çš„æµ·è´¼ç‹','å—å¹¿è½©ä¸»','ä»¤äººæ— æ³•å¿˜æ€€çš„çƒ­æƒ…','/Uploads/2017-07-26/1501028410_1532935075.jpg','2017-07-26 08:07:42') [ RunTime:0.0150s ]
SQL: SHOW COLUMNS FROM `yb_article` [ RunTime:0.0010s ]
SQL: SELECT COUNT(*) AS tp_count FROM `yb_article` WHERE ( channel_id = '1' ) LIMIT 1   [ RunTime:0.0010s ]
SQL: SHOW COLUMNS FROM `yb_article` [ RunTime:0.0010s ]
SQL: SELECT * FROM `yb_article` WHERE ( channel_id = '1' ) ORDER BY time desc LIMIT 0,10   [ RunTime:0.0010s ]
NOTIC: [8] Use of undefined constant newsManage - assumed 'newsManage' D:\freehost\ngxz92\web\Application\Admin\Controller\AdminController.class.php ç¬¬ 56 è¡Œ.
INFO: [ view_parse ] --START--
INFO: [ template_filter ] --START--
INFO: Run Behavior\ContentReplaceBehavior [ RunTime:0.000000s ]
INFO: [ template_filter ] --END-- [ RunTime:-0.028001s ]
INFO: Run Behavior\ParseTemplateBehavior [ RunTime:0.005000s ]
INFO: [ view_parse ] --END-- [ RunTime:-0.023001s ]
INFO: [ view_filter ] --START--
INFO: Run Behavior\WriteHtmlCacheBehavior [ RunTime:0.000000s ]
INFO: [ view_filter ] --END-- [ RunTime:-0.028001s ]
INFO: [ app_end ] --START--
INFO: Run Behavior\ShowPageTraceBehavior [ RunTime:0.001000s ]
INFO: [ app_end ] --END-- [ RunTime:0.001000s ]

[ 2017-07-26T08:20:12+08:00 ] 113.250.224.187 /index.php/Admin/Admin/searchArticle/channel_id/1/²ËÄñ
INFO: [ app_init ] --START--
INFO: Run Behavior\BuildLiteBehavior [ RunTime:0.000000s ]
INFO: [ app_init ] --END-- [ RunTime:0.001000s ]
INFO: [ app_begin ] --START--
INFO: Run Behavior\ReadHtmlCacheBehavior [ RunTime:0.001000s ]
INFO: [ app_begin ] --END-- [ RunTime:0.001000s ]
SQL: SHOW COLUMNS FROM `yb_article` [ RunTime:0.0010s ]
SQL: SELECT COUNT(*) AS tp_count FROM `yb_article` WHERE ( channel_id = '1' ) LIMIT 1   [ RunTime:0.0010s ]
SQL: SHOW COLUMNS FROM `yb_article` [ RunTime:0.0010s ]
SQL: SELECT * FROM `yb_article` WHERE ( channel_id = '1' ) ORDER BY time desc LIMIT 0,10   [ RunTime:0.0000s ]
NOTIC: [8] Use of undefined constant newsManage - assumed 'newsManage' D:\freehost\ngxz92\web\Application\Admin\Controller\AdminController.class.php ç¬¬ 56 è¡Œ.
INFO: [ view_parse ] --START--
INFO: [ template_filter ] --START--
INFO: Run Behavior\ContentReplaceBehavior [ RunTime:0.000000s ]
INFO: [ template_filter ] --END-- [ RunTime:0.000000s ]
INFO: Run Behavior\ParseTemplateBehavior [ RunTime:0.009000s ]
INFO: [ view_parse ] --END-- [ RunTime:0.009000s ]
INFO: [ view_filter ] --START--
INFO: Run Behavior\WriteHtmlCacheBehavior [ RunTime:0.000000s ]
INFO: [ view_filter ] --END-- [ RunTime:0.000000s ]
INFO: [ app_end ] --START--
INFO: Run Behavior\ShowPageTraceBehavior [ RunTime:0.001001s ]
INFO: [ app_end ] --END-- [ RunTime:0.001001s ]

